# mahimahi mm-link (Downlink) [traces/1mbps.trace] > /home/vamsi/pantheon/results/high-latency-low-bandwidth/cubic_mm_acklink_run1.log
# command line: 'mm-link' 'traces/1mbps.trace' 'traces/1mbps.trace' '--uplink-log=/home/vamsi/pantheon/results/high-latency-low-bandwidth/cubic_mm_datalink_run1.log' '--downlink-log=/home/vamsi/pantheon/results/high-latency-low-bandwidth/cubic_mm_acklink_run1.log' '--uplink-queue=droptail' '--downlink-queue=droptail' '--uplink-queue-args=packets=500' '--downlink-queue-args=packets=500' 'python' '/home/vamsi/pantheon/src/experiments/tunnel_manager.py'
# queue: droptail [packets=500]
# init timestamp: 1744914570002
# base timestamp: 38
# mahimahi config: [delay 5 ms] 
39 + 80
39 + 52
39 + 80
175 + 80
878 + 80
1538 # 1504
1538 - 80 1499
1538 - 52 1499
1538 - 80 1499
1538 - 80 1363
1538 - 80 660
1538 # 1504
1538 # 1504
1538 # 1504
1538 # 1504
1538 # 1504
1538 # 1504
1538 # 1504
1538 # 1504
1538 # 1504
1538 # 1504
1538 # 1504
1538 # 1504
1538 # 1504
1538 # 1504
1538 # 1504
1538 # 1504
1538 # 1504
1538 # 1504
1538 # 1504
1538 # 1504
1538 # 1504
1538 # 1504
1538 # 1504
1538 # 1504
1538 # 1504
1538 # 1504
1538 # 1504
1538 # 1504
1538 # 1504
1538 # 1504
1538 # 1504
1538 # 1504
1538 # 1504
1538 # 1504
1538 # 1504
1538 # 1504
1538 # 1504
1538 # 1504
1538 # 1504
1538 # 1504
1538 # 1504
1538 # 1504
1538 # 1504
1538 # 1504
1538 # 1504
1538 # 1504
1538 # 1504
1538 # 1504
1538 # 1504
1538 # 1504
1538 # 1504
1538 # 1504
1538 # 1504
1538 # 1504
1538 # 1504
1538 # 1504
1538 # 1504
1538 # 1504
1538 # 1504
1538 # 1504
1538 # 1504
1538 # 1504
1538 # 1504
1538 # 1504
1538 # 1504
1538 # 1504
1538 # 1504
1538 # 1504
1538 # 1504
1538 # 1504
1538 # 1504
1538 # 1504
1538 # 1504
1538 # 1504
1538 # 1504
1538 # 1504
1538 # 1504
1538 # 1504
1538 # 1504
1538 # 1504
1538 # 1504
1538 # 1504
1556 + 40
1558 + 40
3038 # 1504
3038 - 40 1482
3038 - 40 1480
3038 # 1504
3038 # 1504
3038 # 1504
3038 # 1504
3038 # 1504
3038 # 1504
3038 # 1504
3038 # 1504
3038 # 1504
3038 # 1504
3038 # 1504
3038 # 1504
3038 # 1504
3038 # 1504
3038 # 1504
3038 # 1504
3038 # 1504
3038 # 1504
3038 # 1504
3038 # 1504
3038 # 1504
3038 # 1504
3038 # 1504
3038 # 1504
3038 # 1504
3038 # 1504
3038 # 1504
3038 # 1504
3038 # 1504
3038 # 1504
3038 # 1504
3038 # 1504
3038 # 1504
3038 # 1504
3038 # 1504
3038 # 1504
3038 # 1504
3038 # 1504
3038 # 1504
3038 # 1504
3038 # 1504
3038 # 1504
3038 # 1504
3038 # 1504
3038 # 1504
3038 # 1504
3038 # 1504
3038 # 1504
3038 # 1504
3038 # 1504
3038 # 1504
3038 # 1504
3038 # 1504
3038 # 1504
3038 # 1504
3038 # 1504
3038 # 1504
3038 # 1504
3038 # 1504
3038 # 1504
3038 # 1504
3038 # 1504
3038 # 1504
3038 # 1504
3038 # 1504
3038 # 1504
3038 # 1504
3038 # 1504
3038 # 1504
3038 # 1504
3038 # 1504
3038 # 1504
3038 # 1504
3038 # 1504
3038 # 1504
3038 # 1504
3038 # 1504
3038 # 1504
3038 # 1504
3038 # 1504
3038 # 1504
3038 # 1504
3052 + 40
3824 + 52
4538 # 1504
4538 - 40 1486
4538 - 52 714
4538 # 1504
4538 # 1504
4538 # 1504
4538 # 1504
4538 # 1504
4538 # 1504
4538 # 1504
4538 # 1504
4538 # 1504
4538 # 1504
4538 # 1504
4538 # 1504
4538 # 1504
4538 # 1504
4538 # 1504
4538 # 1504
4538 # 1504
4538 # 1504
4538 # 1504
4538 # 1504
4538 # 1504
4538 # 1504
4538 # 1504
4538 # 1504
4538 # 1504
4538 # 1504
4538 # 1504
4538 # 1504
4538 # 1504
4538 # 1504
4538 # 1504
4538 # 1504
4538 # 1504
4538 # 1504
4538 # 1504
4538 # 1504
4538 # 1504
4538 # 1504
4538 # 1504
4538 # 1504
4538 # 1504
4538 # 1504
4538 # 1504
4538 # 1504
4538 # 1504
4538 # 1504
4538 # 1504
4538 # 1504
4538 # 1504
4538 # 1504
4538 # 1504
4538 # 1504
4538 # 1504
4538 # 1504
4538 # 1504
4538 # 1504
4538 # 1504
4538 # 1504
4538 # 1504
4538 # 1504
4538 # 1504
4538 # 1504
4538 # 1504
4538 # 1504
4538 # 1504
4538 # 1504
4538 # 1504
4538 # 1504
4538 # 1504
4538 # 1504
4538 # 1504
4538 # 1504
4538 # 1504
4538 # 1504
4538 # 1504
4538 # 1504
4538 # 1504
4538 # 1504
4538 # 1504
4538 # 1504
4538 # 1504
4538 # 1504
6038 # 1504
6038 # 1504
6038 # 1504
6038 # 1504
6038 # 1504
6038 # 1504
6038 # 1504
6038 # 1504
6038 # 1504
6038 # 1504
6038 # 1504
6038 # 1504
6038 # 1504
6038 # 1504
6038 # 1504
6038 # 1504
6038 # 1504
6038 # 1504
6038 # 1504
6038 # 1504
6038 # 1504
6038 # 1504
6038 # 1504
6038 # 1504
6038 # 1504
6038 # 1504
6038 # 1504
6038 # 1504
6038 # 1504
6038 # 1504
6038 # 1504
6038 # 1504
6038 # 1504
6038 # 1504
6038 # 1504
6038 # 1504
6038 # 1504
6038 # 1504
6038 # 1504
6038 # 1504
6038 # 1504
6038 # 1504
6038 # 1504
6038 # 1504
6038 # 1504
6038 # 1504
6038 # 1504
6038 # 1504
6038 # 1504
6038 # 1504
6038 # 1504
6038 # 1504
6038 # 1504
6038 # 1504
6038 # 1504
6038 # 1504
6038 # 1504
6038 # 1504
6038 # 1504
6038 # 1504
6038 # 1504
6038 # 1504
6038 # 1504
6038 # 1504
6038 # 1504
6038 # 1504
6038 # 1504
6038 # 1504
6038 # 1504
6038 # 1504
6038 # 1504
6038 # 1504
6038 # 1504
6038 # 1504
6038 # 1504
6038 # 1504
6038 # 1504
6038 # 1504
6038 # 1504
6038 # 1504
6038 # 1504
6038 # 1504
6038 # 1504
7538 # 1504
7538 # 1504
7538 # 1504
7538 # 1504
7538 # 1504
7538 # 1504
7538 # 1504
7538 # 1504
7538 # 1504
7538 # 1504
7538 # 1504
7538 # 1504
7538 # 1504
7538 # 1504
7538 # 1504
7538 # 1504
7538 # 1504
7538 # 1504
7538 # 1504
7538 # 1504
7538 # 1504
7538 # 1504
7538 # 1504
7538 # 1504
7538 # 1504
7538 # 1504
7538 # 1504
7538 # 1504
7538 # 1504
7538 # 1504
7538 # 1504
7538 # 1504
7538 # 1504
7538 # 1504
7538 # 1504
7538 # 1504
7538 # 1504
7538 # 1504
7538 # 1504
7538 # 1504
7538 # 1504
7538 # 1504
7538 # 1504
7538 # 1504
7538 # 1504
7538 # 1504
7538 # 1504
7538 # 1504
7538 # 1504
7538 # 1504
7538 # 1504
7538 # 1504
7538 # 1504
7538 # 1504
7538 # 1504
7538 # 1504
7538 # 1504
7538 # 1504
7538 # 1504
7538 # 1504
7538 # 1504
7538 # 1504
7538 # 1504
7538 # 1504
7538 # 1504
7538 # 1504
7538 # 1504
7538 # 1504
7538 # 1504
7538 # 1504
7538 # 1504
7538 # 1504
7538 # 1504
7538 # 1504
7538 # 1504
7538 # 1504
7538 # 1504
7538 # 1504
7538 # 1504
7538 # 1504
7538 # 1504
7538 # 1504
7538 # 1504
7553 + 100
7553 + 100
8563 + 100
9038 # 1504
9038 - 100 1485
9038 - 100 1485
9038 - 100 475
9038 # 1504
9038 # 1504
9038 # 1504
9038 # 1504
9038 # 1504
9038 # 1504
9038 # 1504
9038 # 1504
9038 # 1504
9038 # 1504
9038 # 1504
9038 # 1504
9038 # 1504
9038 # 1504
9038 # 1504
9038 # 1504
9038 # 1504
9038 # 1504
9038 # 1504
9038 # 1504
9038 # 1504
9038 # 1504
9038 # 1504
9038 # 1504
9038 # 1504
9038 # 1504
9038 # 1504
9038 # 1504
9038 # 1504
9038 # 1504
9038 # 1504
9038 # 1504
9038 # 1504
9038 # 1504
9038 # 1504
9038 # 1504
9038 # 1504
9038 # 1504
9038 # 1504
9038 # 1504
9038 # 1504
9038 # 1504
9038 # 1504
9038 # 1504
9038 # 1504
9038 # 1504
9038 # 1504
9038 # 1504
9038 # 1504
9038 # 1504
9038 # 1504
9038 # 1504
9038 # 1504
9038 # 1504
9038 # 1504
9038 # 1504
9038 # 1504
9038 # 1504
9038 # 1504
9038 # 1504
9038 # 1504
9038 # 1504
9038 # 1504
9038 # 1504
9038 # 1504
9038 # 1504
9038 # 1504
9038 # 1504
9038 # 1504
9038 # 1504
9038 # 1504
9038 # 1504
9038 # 1504
9038 # 1504
9038 # 1504
9038 # 1504
9038 # 1504
9038 # 1504
9038 # 1504
9038 # 1504
9038 # 1504
9038 # 1504
9052 + 100
10538 # 1504
10538 - 100 1486
10538 # 1504
10538 # 1504
10538 # 1504
10538 # 1504
10538 # 1504
10538 # 1504
10538 # 1504
10538 # 1504
10538 # 1504
10538 # 1504
10538 # 1504
10538 # 1504
10538 # 1504
10538 # 1504
10538 # 1504
10538 # 1504
10538 # 1504
10538 # 1504
10538 # 1504
10538 # 1504
10538 # 1504
10538 # 1504
10538 # 1504
10538 # 1504
10538 # 1504
10538 # 1504
10538 # 1504
10538 # 1504
10538 # 1504
10538 # 1504
10538 # 1504
10538 # 1504
10538 # 1504
10538 # 1504
10538 # 1504
10538 # 1504
10538 # 1504
10538 # 1504
10538 # 1504
10538 # 1504
10538 # 1504
10538 # 1504
10538 # 1504
10538 # 1504
10538 # 1504
10538 # 1504
10538 # 1504
10538 # 1504
10538 # 1504
10538 # 1504
10538 # 1504
10538 # 1504
10538 # 1504
10538 # 1504
10538 # 1504
10538 # 1504
10538 # 1504
10538 # 1504
10538 # 1504
10538 # 1504
10538 # 1504
10538 # 1504
10538 # 1504
10538 # 1504
10538 # 1504
10538 # 1504
10538 # 1504
10538 # 1504
10538 # 1504
10538 # 1504
10538 # 1504
10538 # 1504
10538 # 1504
10538 # 1504
10538 # 1504
10538 # 1504
10538 # 1504
10538 # 1504
10538 # 1504
10538 # 1504
10538 # 1504
10538 # 1504
10553 + 92
10553 + 92
10553 + 92
10553 + 92
10553 + 92
10553 + 92
10553 + 92
10553 + 92
10553 + 120
10554 + 92
11696 + 52
12038 # 1504
12038 - 92 1485
12038 - 92 1485
12038 - 92 1485
12038 - 92 1485
12038 - 92 1485
12038 - 92 1485
12038 - 92 1485
12038 - 92 1485
12038 - 120 1485
12038 - 92 1484
12038 - 52 342
12038 # 1504
12038 # 1504
12038 # 1504
12038 # 1504
12038 # 1504
12038 # 1504
12038 # 1504
12038 # 1504
12038 # 1504
12038 # 1504
12038 # 1504
12038 # 1504
12038 # 1504
12038 # 1504
12038 # 1504
12038 # 1504
12038 # 1504
12038 # 1504
12038 # 1504
12038 # 1504
12038 # 1504
12038 # 1504
12038 # 1504
12038 # 1504
12038 # 1504
12038 # 1504
12038 # 1504
12038 # 1504
12038 # 1504
12038 # 1504
12038 # 1504
12038 # 1504
12038 # 1504
12038 # 1504
12038 # 1504
12038 # 1504
12038 # 1504
12038 # 1504
12038 # 1504
12038 # 1504
12038 # 1504
12038 # 1504
12038 # 1504
12038 # 1504
12038 # 1504
12038 # 1504
12038 # 1504
12038 # 1504
12038 # 1504
12038 # 1504
12038 # 1504
12038 # 1504
12038 # 1504
12038 # 1504
12038 # 1504
12038 # 1504
12038 # 1504
12038 # 1504
12038 # 1504
12038 # 1504
12038 # 1504
12038 # 1504
12038 # 1504
12038 # 1504
12038 # 1504
12038 # 1504
12038 # 1504
12038 # 1504
12038 # 1504
12038 # 1504
12038 # 1504
12038 # 1504
12038 # 1504
12038 # 1504
12038 # 1504
12038 # 1504
12038 # 1504
12038 # 1504
12038 # 1504
12038 # 1504
12038 # 1504
12038 # 1504
13538 # 1504
13538 # 1504
13538 # 1504
13538 # 1504
13538 # 1504
13538 # 1504
13538 # 1504
13538 # 1504
13538 # 1504
13538 # 1504
13538 # 1504
13538 # 1504
13538 # 1504
13538 # 1504
13538 # 1504
13538 # 1504
13538 # 1504
13538 # 1504
13538 # 1504
13538 # 1504
13538 # 1504
13538 # 1504
13538 # 1504
13538 # 1504
13538 # 1504
13538 # 1504
13538 # 1504
13538 # 1504
13538 # 1504
13538 # 1504
13538 # 1504
13538 # 1504
13538 # 1504
13538 # 1504
13538 # 1504
13538 # 1504
13538 # 1504
13538 # 1504
13538 # 1504
13538 # 1504
13538 # 1504
13538 # 1504
13538 # 1504
13538 # 1504
13538 # 1504
13538 # 1504
13538 # 1504
13538 # 1504
13538 # 1504
13538 # 1504
13538 # 1504
13538 # 1504
13538 # 1504
13538 # 1504
13538 # 1504
13538 # 1504
13538 # 1504
13538 # 1504
13538 # 1504
13538 # 1504
13538 # 1504
13538 # 1504
13538 # 1504
13538 # 1504
13538 # 1504
13538 # 1504
13538 # 1504
13538 # 1504
13538 # 1504
13538 # 1504
13538 # 1504
13538 # 1504
13538 # 1504
13538 # 1504
13538 # 1504
13538 # 1504
13538 # 1504
13538 # 1504
13538 # 1504
13538 # 1504
13538 # 1504
13538 # 1504
13538 # 1504
13552 + 92
13552 + 92
13552 + 92
13552 + 92
13552 + 92
13552 + 92
13552 + 92
15038 # 1504
15038 - 92 1486
15038 - 92 1486
15038 - 92 1486
15038 - 92 1486
15038 - 92 1486
15038 - 92 1486
15038 - 92 1486
15038 # 1504
15038 # 1504
15038 # 1504
15038 # 1504
15038 # 1504
15038 # 1504
15038 # 1504
15038 # 1504
15038 # 1504
15038 # 1504
15038 # 1504
15038 # 1504
15038 # 1504
15038 # 1504
15038 # 1504
15038 # 1504
15038 # 1504
15038 # 1504
15038 # 1504
15038 # 1504
15038 # 1504
15038 # 1504
15038 # 1504
15038 # 1504
15038 # 1504
15038 # 1504
15038 # 1504
15038 # 1504
15038 # 1504
15038 # 1504
15038 # 1504
15038 # 1504
15038 # 1504
15038 # 1504
15038 # 1504
15038 # 1504
15038 # 1504
15038 # 1504
15038 # 1504
15038 # 1504
15038 # 1504
15038 # 1504
15038 # 1504
15038 # 1504
15038 # 1504
15038 # 1504
15038 # 1504
15038 # 1504
15038 # 1504
15038 # 1504
15038 # 1504
15038 # 1504
15038 # 1504
15038 # 1504
15038 # 1504
15038 # 1504
15038 # 1504
15038 # 1504
15038 # 1504
15038 # 1504
15038 # 1504
15038 # 1504
15038 # 1504
15038 # 1504
15038 # 1504
15038 # 1504
15038 # 1504
15038 # 1504
15038 # 1504
15038 # 1504
15038 # 1504
15038 # 1504
15038 # 1504
15038 # 1504
15038 # 1504
15038 # 1504
15038 # 1504
15038 # 1504
15038 # 1504
15038 # 1504
15038 # 1504
15038 # 1504
15055 + 92
16538 # 1504
16538 - 92 1483
16538 # 1504
16538 # 1504
16538 # 1504
16538 # 1504
16538 # 1504
16538 # 1504
16538 # 1504
16538 # 1504
16538 # 1504
16538 # 1504
16538 # 1504
16538 # 1504
16538 # 1504
16538 # 1504
16538 # 1504
16538 # 1504
16538 # 1504
16538 # 1504
16538 # 1504
16538 # 1504
16538 # 1504
16538 # 1504
16538 # 1504
16538 # 1504
16538 # 1504
16538 # 1504
16538 # 1504
16538 # 1504
16538 # 1504
16538 # 1504
16538 # 1504
16538 # 1504
16538 # 1504
16538 # 1504
16538 # 1504
16538 # 1504
16538 # 1504
16538 # 1504
16538 # 1504
16538 # 1504
16538 # 1504
16538 # 1504
16538 # 1504
16538 # 1504
16538 # 1504
16538 # 1504
16538 # 1504
16538 # 1504
16538 # 1504
16538 # 1504
16538 # 1504
16538 # 1504
16538 # 1504
16538 # 1504
16538 # 1504
16538 # 1504
16538 # 1504
16538 # 1504
16538 # 1504
16538 # 1504
16538 # 1504
16538 # 1504
16538 # 1504
16538 # 1504
16538 # 1504
16538 # 1504
16538 # 1504
16538 # 1504
16538 # 1504
16538 # 1504
16538 # 1504
16538 # 1504
16538 # 1504
16538 # 1504
16538 # 1504
16538 # 1504
16538 # 1504
16538 # 1504
16538 # 1504
16538 # 1504
16538 # 1504
16538 # 1504
16552 + 92
16552 + 92
16552 + 92
16552 + 92
16552 + 92
16552 + 92
16552 + 92
16552 + 92
16552 + 92
16552 + 92
16552 + 92
16552 + 92
16552 + 92
16552 + 92
16552 + 92
16552 + 92
16597 + 92
18038 # 1504
18038 - 92 1486
18038 - 92 1486
18038 - 92 1486
18038 - 92 1486
18038 - 92 1486
18038 - 92 1486
18038 - 92 1486
18038 - 92 1486
18038 - 92 1486
18038 - 92 1486
18038 - 92 1486
18038 - 92 1486
18038 - 92 1486
18038 - 92 1486
18038 - 92 1486
18038 - 92 1486
18038 # 1504
18038 - 92 1441
18038 # 1504
18038 # 1504
18038 # 1504
18038 # 1504
18038 # 1504
18038 # 1504
18038 # 1504
18038 # 1504
18038 # 1504
18038 # 1504
18038 # 1504
18038 # 1504
18038 # 1504
18038 # 1504
18038 # 1504
18038 # 1504
18038 # 1504
18038 # 1504
18038 # 1504
18038 # 1504
18038 # 1504
18038 # 1504
18038 # 1504
18038 # 1504
18038 # 1504
18038 # 1504
18038 # 1504
18038 # 1504
18038 # 1504
18038 # 1504
18038 # 1504
18038 # 1504
18038 # 1504
18038 # 1504
18038 # 1504
18038 # 1504
18038 # 1504
18038 # 1504
18038 # 1504
18038 # 1504
18038 # 1504
18038 # 1504
18038 # 1504
18038 # 1504
18038 # 1504
18038 # 1504
18038 # 1504
18038 # 1504
18038 # 1504
18038 # 1504
18038 # 1504
18038 # 1504
18038 # 1504
18038 # 1504
18038 # 1504
18038 # 1504
18038 # 1504
18038 # 1504
18038 # 1504
18038 # 1504
18038 # 1504
18038 # 1504
18038 # 1504
18038 # 1504
18038 # 1504
18038 # 1504
18038 # 1504
18038 # 1504
18038 # 1504
18038 # 1504
18038 # 1504
18038 # 1504
18038 # 1504
18038 # 1504
18038 # 1504
18038 # 1504
18038 # 1504
18038 # 1504
18038 # 1504
18038 # 1504
18038 # 1504
18053 + 92
18053 + 92
18053 + 92
18053 + 92
19538 # 1504
19538 - 92 1485
19538 - 92 1485
19538 - 92 1485
19538 - 92 1485
19538 # 1504
19538 # 1504
19538 # 1504
19538 # 1504
19538 # 1504
19538 # 1504
19538 # 1504
19538 # 1504
19538 # 1504
19538 # 1504
19538 # 1504
19538 # 1504
19538 # 1504
19538 # 1504
19538 # 1504
19538 # 1504
19538 # 1504
19538 # 1504
19538 # 1504
19538 # 1504
19538 # 1504
19538 # 1504
19538 # 1504
19538 # 1504
19538 # 1504
19538 # 1504
19538 # 1504
19538 # 1504
19538 # 1504
19538 # 1504
19538 # 1504
19538 # 1504
19538 # 1504
19538 # 1504
19538 # 1504
19538 # 1504
19538 # 1504
19538 # 1504
19538 # 1504
19538 # 1504
19538 # 1504
19538 # 1504
19538 # 1504
19538 # 1504
19538 # 1504
19538 # 1504
19538 # 1504
19538 # 1504
19538 # 1504
19538 # 1504
19538 # 1504
19538 # 1504
19538 # 1504
19538 # 1504
19538 # 1504
19538 # 1504
19538 # 1504
19538 # 1504
19538 # 1504
19538 # 1504
19538 # 1504
19538 # 1504
19538 # 1504
19538 # 1504
19538 # 1504
19538 # 1504
19538 # 1504
19538 # 1504
19538 # 1504
19538 # 1504
19538 # 1504
19538 # 1504
19538 # 1504
19538 # 1504
19538 # 1504
19538 # 1504
19538 # 1504
19538 # 1504
19538 # 1504
19538 # 1504
19538 # 1504
19538 # 1504
19552 + 92
19552 + 92
19552 + 92
19552 + 92
19552 + 92
19552 + 92
19552 + 92
19552 + 92
19552 + 92
19552 + 92
19552 + 92
19552 + 92
19552 + 92
19553 + 92
19553 + 92
19553 + 92
19553 + 92
19553 + 92
19553 + 92
19553 + 92
19553 + 92
19553 + 92
19553 + 92
19553 + 92
19553 + 92
19553 + 92
19553 + 92
19554 + 92
19554 + 92
19554 + 92
19554 + 92
19554 + 92
19554 + 92
19554 + 92
19554 + 92
19554 + 92
19554 + 92
19555 + 92
19555 + 92
19555 + 92
19555 + 92
19555 + 92
19555 + 92
19555 + 92
19555 + 92
19555 + 92
19555 + 92
19557 + 92
19557 + 92
19557 + 92
19557 + 92
19557 + 92
19557 + 92
19557 + 92
21038 # 1504
21038 - 92 1486
21038 - 92 1486
21038 - 92 1486
21038 - 92 1486
21038 - 92 1486
21038 - 92 1486
21038 - 92 1486
21038 - 92 1486
21038 - 92 1486
21038 - 92 1486
21038 - 92 1486
21038 - 92 1486
21038 - 92 1486
21038 - 92 1485
21038 - 92 1485
21038 - 92 1485
21038 # 1504
21038 - 92 1485
21038 - 92 1485
21038 - 92 1485
21038 - 92 1485
21038 - 92 1485
21038 - 92 1485
21038 - 92 1485
21038 - 92 1485
21038 - 92 1485
21038 - 92 1485
21038 - 92 1485
21038 - 92 1484
21038 - 92 1484
21038 - 92 1484
21038 - 92 1484
21038 - 92 1484
21038 # 1504
21038 - 92 1484
21038 - 92 1484
21038 - 92 1484
21038 - 92 1484
21038 - 92 1484
21038 - 92 1483
21038 - 92 1483
21038 - 92 1483
21038 - 92 1483
21038 - 92 1483
21038 - 92 1483
21038 - 92 1483
21038 - 92 1483
21038 - 92 1483
21038 - 92 1483
21038 - 92 1481
21038 - 92 1481
21038 # 1504
21038 - 92 1481
21038 - 92 1481
21038 - 92 1481
21038 - 92 1481
21038 - 92 1481
21038 # 1504
21038 # 1504
21038 # 1504
21038 # 1504
21038 # 1504
21038 # 1504
21038 # 1504
21038 # 1504
21038 # 1504
21038 # 1504
21038 # 1504
21038 # 1504
21038 # 1504
21038 # 1504
21038 # 1504
21038 # 1504
21038 # 1504
21038 # 1504
21038 # 1504
21038 # 1504
21038 # 1504
21038 # 1504
21038 # 1504
21038 # 1504
21038 # 1504
21038 # 1504
21038 # 1504
21038 # 1504
21038 # 1504
21038 # 1504
21038 # 1504
21038 # 1504
21038 # 1504
21038 # 1504
21038 # 1504
21038 # 1504
21038 # 1504
21038 # 1504
21038 # 1504
21038 # 1504
21038 # 1504
21038 # 1504
21038 # 1504
21038 # 1504
21038 # 1504
21038 # 1504
21038 # 1504
21038 # 1504
21038 # 1504
21038 # 1504
21038 # 1504
21038 # 1504
21038 # 1504
21038 # 1504
21038 # 1504
21038 # 1504
21038 # 1504
21038 # 1504
21038 # 1504
21038 # 1504
21038 # 1504
21038 # 1504
21038 # 1504
21038 # 1504
21038 # 1504
21038 # 1504
21038 # 1504
21038 # 1504
21038 # 1504
21038 # 1504
21038 # 1504
21038 # 1504
21038 # 1504
21038 # 1504
21038 # 1504
21038 # 1504
21038 # 1504
21038 # 1504
21038 # 1504
21053 + 92
21053 + 92
21053 + 92
21053 + 92
21053 + 92
21053 + 92
21053 + 92
21053 + 92
22538 # 1504
22538 - 92 1485
22538 - 92 1485
22538 - 92 1485
22538 - 92 1485
22538 - 92 1485
22538 - 92 1485
22538 - 92 1485
22538 - 92 1485
22538 # 1504
22538 # 1504
22538 # 1504
22538 # 1504
22538 # 1504
22538 # 1504
22538 # 1504
22538 # 1504
22538 # 1504
22538 # 1504
22538 # 1504
22538 # 1504
22538 # 1504
22538 # 1504
22538 # 1504
22538 # 1504
22538 # 1504
22538 # 1504
22538 # 1504
22538 # 1504
22538 # 1504
22538 # 1504
22538 # 1504
22538 # 1504
22538 # 1504
22538 # 1504
22538 # 1504
22538 # 1504
22538 # 1504
22538 # 1504
22538 # 1504
22538 # 1504
22538 # 1504
22538 # 1504
22538 # 1504
22538 # 1504
22538 # 1504
22538 # 1504
22538 # 1504
22538 # 1504
22538 # 1504
22538 # 1504
22538 # 1504
22538 # 1504
22538 # 1504
22538 # 1504
22538 # 1504
22538 # 1504
22538 # 1504
22538 # 1504
22538 # 1504
22538 # 1504
22538 # 1504
22538 # 1504
22538 # 1504
22538 # 1504
22538 # 1504
22538 # 1504
22538 # 1504
22538 # 1504
22538 # 1504
22538 # 1504
22538 # 1504
22538 # 1504
22538 # 1504
22538 # 1504
22538 # 1504
22538 # 1504
22538 # 1504
22538 # 1504
22538 # 1504
22538 # 1504
22538 # 1504
22538 # 1504
22538 # 1504
22538 # 1504
22538 # 1504
22538 # 1504
22538 # 1504
22538 # 1504
22538 # 1504
22538 # 1504
22551 + 92
22551 + 92
22552 + 92
22552 + 92
22552 + 92
22552 + 92
22552 + 92
22552 + 92
22552 + 92
22552 + 92
22552 + 92
22552 + 92
22552 + 92
22554 + 92
22554 + 92
22554 + 92
22554 + 92
22554 + 92
22554 + 92
22554 + 92
22554 + 92
22554 + 92
22554 + 92
22554 + 92
22554 + 92
22554 + 92
22554 + 92
22554 + 92
22554 + 92
22554 + 92
22554 + 92
22554 + 92
22554 + 92
22554 + 92
22554 + 92
22554 + 92
22554 + 92
22554 + 92
22554 + 92
24038 # 1504
24038 - 92 1487
24038 - 92 1487
24038 - 92 1486
24038 - 92 1486
24038 - 92 1486
24038 - 92 1486
24038 - 92 1486
24038 - 92 1486
24038 - 92 1486
24038 - 92 1486
24038 - 92 1486
24038 - 92 1486
24038 - 92 1486
24038 - 92 1484
24038 - 92 1484
24038 - 92 1484
24038 # 1504
24038 - 92 1484
24038 - 92 1484
24038 - 92 1484
24038 - 92 1484
24038 - 92 1484
24038 - 92 1484
24038 - 92 1484
24038 - 92 1484
24038 - 92 1484
24038 - 92 1484
24038 - 92 1484
24038 - 92 1484
24038 - 92 1484
24038 - 92 1484
24038 - 92 1484
24038 - 92 1484
24038 # 1504
24038 - 92 1484
24038 - 92 1484
24038 - 92 1484
24038 - 92 1484
24038 - 92 1484
24038 - 92 1484
24038 - 92 1484
24038 # 1504
24038 # 1504
24038 # 1504
24038 # 1504
24038 # 1504
24038 # 1504
24038 # 1504
24038 # 1504
24038 # 1504
24038 # 1504
24038 # 1504
24038 # 1504
24038 # 1504
24038 # 1504
24038 # 1504
24038 # 1504
24038 # 1504
24038 # 1504
24038 # 1504
24038 # 1504
24038 # 1504
24038 # 1504
24038 # 1504
24038 # 1504
24038 # 1504
24038 # 1504
24038 # 1504
24038 # 1504
24038 # 1504
24038 # 1504
24038 # 1504
24038 # 1504
24038 # 1504
24038 # 1504
24038 # 1504
24038 # 1504
24038 # 1504
24038 # 1504
24038 # 1504
24038 # 1504
24038 # 1504
24038 # 1504
24038 # 1504
24038 # 1504
24038 # 1504
24038 # 1504
24038 # 1504
24038 # 1504
24038 # 1504
24038 # 1504
24038 # 1504
24038 # 1504
24038 # 1504
24038 # 1504
24038 # 1504
24038 # 1504
24038 # 1504
24038 # 1504
24038 # 1504
24038 # 1504
24038 # 1504
24038 # 1504
24038 # 1504
24038 # 1504
24038 # 1504
24038 # 1504
24038 # 1504
24038 # 1504
24038 # 1504
24038 # 1504
24038 # 1504
24038 # 1504
24038 # 1504
24038 # 1504
24038 # 1504
24038 # 1504
24038 # 1504
24038 # 1504
24038 # 1504
24038 # 1504
24053 + 92
24053 + 92
25538 # 1504
25538 - 92 1485
25538 - 92 1485
25538 # 1504
25538 # 1504
25538 # 1504
25538 # 1504
25538 # 1504
25538 # 1504
25538 # 1504
25538 # 1504
25538 # 1504
25538 # 1504
25538 # 1504
25538 # 1504
25538 # 1504
25538 # 1504
25538 # 1504
25538 # 1504
25538 # 1504
25538 # 1504
25538 # 1504
25538 # 1504
25538 # 1504
25538 # 1504
25538 # 1504
25538 # 1504
25538 # 1504
25538 # 1504
25538 # 1504
25538 # 1504
25538 # 1504
25538 # 1504
25538 # 1504
25538 # 1504
25538 # 1504
25538 # 1504
25538 # 1504
25538 # 1504
25538 # 1504
25538 # 1504
25538 # 1504
25538 # 1504
25538 # 1504
25538 # 1504
25538 # 1504
25538 # 1504
25538 # 1504
25538 # 1504
25538 # 1504
25538 # 1504
25538 # 1504
25538 # 1504
25538 # 1504
25538 # 1504
25538 # 1504
25538 # 1504
25538 # 1504
25538 # 1504
25538 # 1504
25538 # 1504
25538 # 1504
25538 # 1504
25538 # 1504
25538 # 1504
25538 # 1504
25538 # 1504
25538 # 1504
25538 # 1504
25538 # 1504
25538 # 1504
25538 # 1504
25538 # 1504
25538 # 1504
25538 # 1504
25538 # 1504
25538 # 1504
25538 # 1504
25538 # 1504
25538 # 1504
25538 # 1504
25538 # 1504
25538 # 1504
25538 # 1504
25538 # 1504
25556 + 92
25556 + 92
25556 + 92
25556 + 92
25556 + 92
25556 + 92
25556 + 92
25556 + 92
25556 + 92
25556 + 92
25556 + 92
25556 + 92
25556 + 92
25556 + 92
25556 + 92
25556 + 92
25556 + 92
25556 + 92
25557 + 92
25557 + 92
25557 + 92
25557 + 92
25557 + 92
25557 + 92
25557 + 92
25557 + 92
25557 + 92
25557 + 92
25557 + 92
25557 + 92
25557 + 92
25557 + 92
25557 + 92
25557 + 92
25557 + 92
25557 + 92
25557 + 92
25557 + 92
25557 + 92
25557 + 92
25557 + 92
25558 + 92
25558 + 92
25558 + 92
25558 + 92
25558 + 92
25558 + 92
25558 + 92
25558 + 92
25558 + 92
25558 + 92
25558 + 92
25558 + 92
25558 + 92
25558 + 92
27038 # 1504
27038 - 92 1482
27038 - 92 1482
27038 - 92 1482
27038 - 92 1482
27038 - 92 1482
27038 - 92 1482
27038 - 92 1482
27038 - 92 1482
27038 - 92 1482
27038 - 92 1482
27038 - 92 1482
27038 - 92 1482
27038 - 92 1482
27038 - 92 1482
27038 - 92 1482
27038 - 92 1482
27038 # 1504
27038 - 92 1482
27038 - 92 1482
27038 - 92 1481
27038 - 92 1481
27038 - 92 1481
27038 - 92 1481
27038 - 92 1481
27038 - 92 1481
27038 - 92 1481
27038 - 92 1481
27038 - 92 1481
27038 - 92 1481
27038 - 92 1481
27038 - 92 1481
27038 - 92 1481
27038 - 92 1481
27038 # 1504
27038 - 92 1481
27038 - 92 1481
27038 - 92 1481
27038 - 92 1481
27038 - 92 1481
27038 - 92 1481
27038 - 92 1481
27038 - 92 1481
27038 - 92 1481
27038 - 92 1480
27038 - 92 1480
27038 - 92 1480
27038 - 92 1480
27038 - 92 1480
27038 - 92 1480
27038 - 92 1480
27038 - 92 1480
27038 # 1504
27038 - 92 1480
27038 - 92 1480
27038 - 92 1480
27038 - 92 1480
27038 - 92 1480
27038 - 92 1480
27038 # 1504
27038 # 1504
27038 # 1504
27038 # 1504
27038 # 1504
27038 # 1504
27038 # 1504
27038 # 1504
27038 # 1504
27038 # 1504
27038 # 1504
27038 # 1504
27038 # 1504
27038 # 1504
27038 # 1504
27038 # 1504
27038 # 1504
27038 # 1504
27038 # 1504
27038 # 1504
27038 # 1504
27038 # 1504
27038 # 1504
27038 # 1504
27038 # 1504
27038 # 1504
27038 # 1504
27038 # 1504
27038 # 1504
27038 # 1504
27038 # 1504
27038 # 1504
27038 # 1504
27038 # 1504
27038 # 1504
27038 # 1504
27038 # 1504
27038 # 1504
27038 # 1504
27038 # 1504
27038 # 1504
27038 # 1504
27038 # 1504
27038 # 1504
27038 # 1504
27038 # 1504
27038 # 1504
27038 # 1504
27038 # 1504
27038 # 1504
27038 # 1504
27038 # 1504
27038 # 1504
27038 # 1504
27038 # 1504
27038 # 1504
27038 # 1504
27038 # 1504
27038 # 1504
27038 # 1504
27038 # 1504
27038 # 1504
27038 # 1504
27038 # 1504
27038 # 1504
27038 # 1504
27038 # 1504
27038 # 1504
27038 # 1504
27038 # 1504
27038 # 1504
27038 # 1504
27038 # 1504
27038 # 1504
27038 # 1504
27038 # 1504
27038 # 1504
27038 # 1504
27038 # 1504
27052 + 92
27053 + 92
27053 + 92
27053 + 92
27053 + 92
27053 + 92
27053 + 92
27053 + 92
27053 + 92
27054 + 92
27054 + 92
27054 + 92
27054 + 92
27564 + 52
28538 # 1504
28538 - 92 1486
28538 - 92 1485
28538 - 92 1485
28538 - 92 1485
28538 - 92 1485
28538 - 92 1485
28538 - 92 1485
28538 - 92 1485
28538 - 92 1485
28538 - 92 1484
28538 - 92 1484
28538 - 92 1484
28538 - 92 1484
28538 - 52 974
28538 # 1504
28538 # 1504
28538 # 1504
28538 # 1504
28538 # 1504
28538 # 1504
28538 # 1504
28538 # 1504
28538 # 1504
28538 # 1504
28538 # 1504
28538 # 1504
28538 # 1504
28538 # 1504
28538 # 1504
28538 # 1504
28538 # 1504
28538 # 1504
28538 # 1504
28538 # 1504
28538 # 1504
28538 # 1504
28538 # 1504
28538 # 1504
28538 # 1504
28538 # 1504
28538 # 1504
28538 # 1504
28538 # 1504
28538 # 1504
28538 # 1504
28538 # 1504
28538 # 1504
28538 # 1504
28538 # 1504
28538 # 1504
28538 # 1504
28538 # 1504
28538 # 1504
28538 # 1504
28538 # 1504
28538 # 1504
28538 # 1504
28538 # 1504
28538 # 1504
28538 # 1504
28538 # 1504
28538 # 1504
28538 # 1504
28538 # 1504
28538 # 1504
28538 # 1504
28538 # 1504
28538 # 1504
28538 # 1504
28538 # 1504
28538 # 1504
28538 # 1504
28538 # 1504
28538 # 1504
28538 # 1504
28538 # 1504
28538 # 1504
28538 # 1504
28538 # 1504
28538 # 1504
28538 # 1504
28538 # 1504
28538 # 1504
28538 # 1504
28538 # 1504
28538 # 1504
28538 # 1504
28538 # 1504
28538 # 1504
28538 # 1504
28538 # 1504
28538 # 1504
28538 # 1504
28538 # 1504
28538 # 1504
28538 # 1504
28551 + 92
28551 + 92
28551 + 92
28552 + 92
28552 + 92
28552 + 92
28552 + 92
28552 + 92
28552 + 92
28553 + 92
28553 + 92
28553 + 92
28553 + 92
28553 + 92
28553 + 92
28553 + 92
28553 + 92
28553 + 92
28553 + 92
28553 + 92
28553 + 92
28553 + 92
28553 + 92
28553 + 92
28553 + 92
28553 + 92
28553 + 92
28553 + 92
28553 + 92
28553 + 92
28553 + 92
28553 + 92
28553 + 92
28553 + 92
28553 + 92
28553 + 92
28553 + 92
28553 + 92
28553 + 92
28553 + 92
28553 + 92
28553 + 92
28553 + 92
28553 + 92
28553 + 92
28553 + 92
28554 + 92
28554 + 92
28554 + 92
28554 + 92
30038 # 1504
30038 - 92 1487
30038 - 92 1487
30038 - 92 1487
30038 - 92 1486
30038 - 92 1486
30038 - 92 1486
30038 - 92 1486
30038 - 92 1486
30038 - 92 1486
30038 - 92 1485
30038 - 92 1485
30038 - 92 1485
30038 - 92 1485
30038 - 92 1485
30038 - 92 1485
30038 - 92 1485
30038 # 1504
30038 - 92 1485
30038 - 92 1485
30038 - 92 1485
30038 - 92 1485
30038 - 92 1485
30038 - 92 1485
30038 - 92 1485
30038 - 92 1485
30038 - 92 1485
30038 - 92 1485
30038 - 92 1485
30038 - 92 1485
30038 - 92 1485
30038 - 92 1485
30038 - 92 1485
30038 - 92 1485
30038 # 1504
30038 - 92 1485
30038 - 92 1485
30038 - 92 1485
30038 - 92 1485
30038 - 92 1485
30038 - 92 1485
30038 - 92 1485
30038 - 92 1485
30038 - 92 1485
30038 - 92 1485
30038 - 92 1485
30038 - 92 1485
30038 - 92 1485
30038 - 92 1485
30038 - 92 1484
30038 - 92 1484
30038 - 92 1484
30038 # 1504
30038 - 92 1484
30038 # 1504
30038 # 1504
30038 # 1504
30038 # 1504
30038 # 1504
30038 # 1504
30038 # 1504
30038 # 1504
30038 # 1504
30038 # 1504
30038 # 1504
30038 # 1504
30038 # 1504
30038 # 1504
30038 # 1504
30038 # 1504
30038 # 1504
30038 # 1504
30038 # 1504
30038 # 1504
30038 # 1504
30038 # 1504
30038 # 1504
30038 # 1504
30038 # 1504
30038 # 1504
30038 # 1504
30038 # 1504
30038 # 1504
30038 # 1504
30038 # 1504
30038 # 1504
30038 # 1504
30038 # 1504
30038 # 1504
30038 # 1504
30038 # 1504
30038 # 1504
30038 # 1504
30038 # 1504
30038 # 1504
30038 # 1504
30038 # 1504
30038 # 1504
30038 # 1504
30038 # 1504
30038 # 1504
30038 # 1504
30038 # 1504
30038 # 1504
30038 # 1504
30038 # 1504
30038 # 1504
30038 # 1504
30038 # 1504
30038 # 1504
30038 # 1504
30038 # 1504
30038 # 1504
30038 # 1504
30038 # 1504
30038 # 1504
30038 # 1504
30038 # 1504
30038 # 1504
30038 # 1504
30038 # 1504
30038 # 1504
30038 # 1504
30038 # 1504
30038 # 1504
30038 # 1504
30038 # 1504
30038 # 1504
30038 # 1504
30038 # 1504
30038 # 1504
30038 # 1504
30038 # 1504
30052 + 92
30052 + 92
30052 + 92
30052 + 92
30052 + 92
30052 + 92
30052 + 92
30052 + 92
30052 + 92
30052 + 92
30052 + 92
30052 + 92
30052 + 92
30052 + 92
30052 + 92
30052 + 92
30052 + 92
30052 + 92
30052 + 92
30052 + 92
30052 + 92
30052 + 92
30052 + 92
30052 + 92
30052 + 92
30052 + 92
30052 + 92
30052 + 92
30052 + 92
30052 + 92
30052 + 92
30052 + 92
30052 + 92
30052 + 92
30052 + 92
30052 + 92
30052 + 92
30052 + 92
30052 + 92
30052 + 92
30052 + 92
30052 + 92
30052 + 92
30052 + 92
30052 + 92
30052 + 92
30052 + 92
30052 + 92
30052 + 92
30052 + 92
30052 + 92
30052 + 92
30052 + 92
30052 + 92
30052 + 92
30052 + 92
30052 + 92
30052 + 92
30052 + 92
30052 + 92
30052 + 92
30052 + 92
30052 + 92
30052 + 92
30052 + 92
30052 + 92
30052 + 92
30052 + 92
30052 + 92
30052 + 92
30052 + 92
30052 + 92
30052 + 92
30052 + 92
30052 + 92
30052 + 92
30052 + 92
30052 + 92
30052 + 92
30052 + 92
30052 + 92
30052 + 92
30052 + 92
31538 # 1504
31538 - 92 1486
31538 - 92 1486
31538 - 92 1486
31538 - 92 1486
31538 - 92 1486
31538 - 92 1486
31538 - 92 1486
31538 - 92 1486
31538 - 92 1486
31538 - 92 1486
31538 - 92 1486
31538 - 92 1486
31538 - 92 1486
31538 - 92 1486
31538 - 92 1486
31538 - 92 1486
31538 # 1504
31538 - 92 1486
31538 - 92 1486
31538 - 92 1486
31538 - 92 1486
31538 - 92 1486
31538 - 92 1486
31538 - 92 1486
31538 - 92 1486
31538 - 92 1486
31538 - 92 1486
31538 - 92 1486
31538 - 92 1486
31538 - 92 1486
31538 - 92 1486
31538 - 92 1486
31538 - 92 1486
31538 # 1504
31538 - 92 1486
31538 - 92 1486
31538 - 92 1486
31538 - 92 1486
31538 - 92 1486
31538 - 92 1486
31538 - 92 1486
31538 - 92 1486
31538 - 92 1486
31538 - 92 1486
31538 - 92 1486
31538 - 92 1486
31538 - 92 1486
31538 - 92 1486
31538 - 92 1486
31538 - 92 1486
31538 - 92 1486
31538 # 1504
31538 - 92 1486
31538 - 92 1486
31538 - 92 1486
31538 - 92 1486
31538 - 92 1486
31538 - 92 1486
31538 - 92 1486
31538 - 92 1486
31538 - 92 1486
31538 - 92 1486
31538 - 92 1486
31538 - 92 1486
31538 - 92 1486
31538 - 92 1486
31538 - 92 1486
31538 - 92 1486
31538 # 1504
31538 - 92 1486
31538 - 92 1486
31538 - 92 1486
31538 - 92 1486
31538 - 92 1486
31538 - 92 1486
31538 - 92 1486
31538 - 92 1486
31538 - 92 1486
31538 - 92 1486
31538 - 92 1486
31538 - 92 1486
31538 - 92 1486
31538 - 92 1486
31538 - 92 1486
31538 - 92 1486
31538 # 1504
31538 - 92 1486
31538 - 92 1486
31538 # 1504
31538 # 1504
31538 # 1504
31538 # 1504
31538 # 1504
31538 # 1504
31538 # 1504
31538 # 1504
31538 # 1504
31538 # 1504
31538 # 1504
31538 # 1504
31538 # 1504
31538 # 1504
31538 # 1504
31538 # 1504
31538 # 1504
31538 # 1504
31538 # 1504
31538 # 1504
31538 # 1504
31538 # 1504
31538 # 1504
31538 # 1504
31538 # 1504
31538 # 1504
31538 # 1504
31538 # 1504
31538 # 1504
31538 # 1504
31538 # 1504
31538 # 1504
31538 # 1504
31538 # 1504
31538 # 1504
31538 # 1504
31538 # 1504
31538 # 1504
31538 # 1504
31538 # 1504
31538 # 1504
31538 # 1504
31538 # 1504
31538 # 1504
31538 # 1504
31538 # 1504
31538 # 1504
31538 # 1504
31538 # 1504
31538 # 1504
31538 # 1504
31538 # 1504
31538 # 1504
31538 # 1504
31538 # 1504
31538 # 1504
31538 # 1504
31538 # 1504
31538 # 1504
31538 # 1504
31538 # 1504
31538 # 1504
31538 # 1504
31538 # 1504
31538 # 1504
31538 # 1504
31538 # 1504
31538 # 1504
31538 # 1504
31538 # 1504
31538 # 1504
31538 # 1504
31538 # 1504
31538 # 1504
31538 # 1504
31538 # 1504
31538 # 1504
31554 + 92
31554 + 92
31554 + 92
31554 + 92
31554 + 92
31554 + 92
31554 + 92
31554 + 92
31554 + 92
31555 + 92
31555 + 92
31555 + 92
31555 + 92
31555 + 92
31555 + 92
31555 + 92
31555 + 92
31555 + 92
31555 + 92
31555 + 92
31555 + 92
31555 + 92
31555 + 92
31556 + 92
31556 + 92
31556 + 92
31556 + 92
31556 + 92
31556 + 92
31556 + 92
31557 + 92
31557 + 92
31557 + 92
31557 + 92
31557 + 92
31557 + 92
31557 + 92
31558 + 92
31558 + 92
31558 + 92
31558 + 92
31558 + 92
31558 + 92
31558 + 92
31558 + 92
31558 + 92
31558 + 92
31558 + 92
31558 + 92
31558 + 92
31558 + 92
31558 + 92
31558 + 92
31558 + 92
31558 + 92
31558 + 92
31558 + 92
31558 + 92
31558 + 92
31558 + 92
31558 + 92
31558 + 92
31558 + 92
31558 + 92
31558 + 92
31558 + 92
31558 + 92
31558 + 92
31558 + 92
31558 + 92
31558 + 92
31558 + 92
31558 + 92
31558 + 92
31558 + 92
31558 + 92
31558 + 92
31558 + 92
31558 + 92
31558 + 92
31558 + 92
31558 + 92
31558 + 92
33038 # 1504
33038 - 92 1484
33038 - 92 1484
33038 - 92 1484
33038 - 92 1484
33038 - 92 1484
33038 - 92 1484
33038 - 92 1484
33038 - 92 1484
33038 - 92 1484
33038 - 92 1483
33038 - 92 1483
33038 - 92 1483
33038 - 92 1483
33038 - 92 1483
33038 - 92 1483
33038 - 92 1483
33038 # 1504
33038 - 92 1483
33038 - 92 1483
33038 - 92 1483
33038 - 92 1483
33038 - 92 1483
33038 - 92 1483
33038 - 92 1483
33038 - 92 1482
33038 - 92 1482
33038 - 92 1482
33038 - 92 1482
33038 - 92 1482
33038 - 92 1482
33038 - 92 1482
33038 - 92 1481
33038 - 92 1481
33038 # 1504
33038 - 92 1481
33038 - 92 1481
33038 - 92 1481
33038 - 92 1481
33038 - 92 1481
33038 - 92 1480
33038 - 92 1480
33038 - 92 1480
33038 - 92 1480
33038 - 92 1480
33038 - 92 1480
33038 - 92 1480
33038 - 92 1480
33038 - 92 1480
33038 - 92 1480
33038 - 92 1480
33038 - 92 1480
33038 # 1504
33038 - 92 1480
33038 - 92 1480
33038 - 92 1480
33038 - 92 1480
33038 - 92 1480
33038 - 92 1480
33038 - 92 1480
33038 - 92 1480
33038 - 92 1480
33038 - 92 1480
33038 - 92 1480
33038 - 92 1480
33038 - 92 1480
33038 - 92 1480
33038 - 92 1480
33038 - 92 1480
33038 # 1504
33038 - 92 1480
33038 - 92 1480
33038 - 92 1480
33038 - 92 1480
33038 - 92 1480
33038 - 92 1480
33038 - 92 1480
33038 - 92 1480
33038 - 92 1480
33038 - 92 1480
33038 - 92 1480
33038 - 92 1480
33038 - 92 1480
33038 - 92 1480
33038 - 92 1480
33038 - 92 1480
33038 # 1504
33038 - 92 1480
33038 - 92 1480
33038 # 1504
33038 # 1504
33038 # 1504
33038 # 1504
33038 # 1504
33038 # 1504
33038 # 1504
33038 # 1504
33038 # 1504
33038 # 1504
33038 # 1504
33038 # 1504
33038 # 1504
33038 # 1504
33038 # 1504
33038 # 1504
33038 # 1504
33038 # 1504
33038 # 1504
33038 # 1504
33038 # 1504
33038 # 1504
33038 # 1504
33038 # 1504
33038 # 1504
33038 # 1504
33038 # 1504
33038 # 1504
33038 # 1504
33038 # 1504
33038 # 1504
33038 # 1504
33038 # 1504
33038 # 1504
33038 # 1504
33038 # 1504
33038 # 1504
33038 # 1504
33038 # 1504
33038 # 1504
33038 # 1504
33038 # 1504
33038 # 1504
33038 # 1504
33038 # 1504
33038 # 1504
33038 # 1504
33038 # 1504
33038 # 1504
33038 # 1504
33038 # 1504
33038 # 1504
33038 # 1504
33038 # 1504
33038 # 1504
33038 # 1504
33038 # 1504
33038 # 1504
33038 # 1504
33038 # 1504
33038 # 1504
33038 # 1504
33038 # 1504
33038 # 1504
33038 # 1504
33038 # 1504
33038 # 1504
33038 # 1504
33038 # 1504
33038 # 1504
33038 # 1504
33038 # 1504
33038 # 1504
33038 # 1504
33038 # 1504
33038 # 1504
33038 # 1504
33050 + 92
33050 + 92
33051 + 92
33051 + 92
33051 + 92
33051 + 92
33051 + 92
33051 + 92
33051 + 92
33051 + 92
33051 + 92
33051 + 92
33051 + 92
33051 + 92
33051 + 92
33051 + 92
33051 + 92
33051 + 92
33051 + 92
33051 + 92
33051 + 92
33051 + 92
33051 + 92
33051 + 92
33051 + 92
33051 + 92
33051 + 92
33051 + 92
33051 + 92
33051 + 92
33051 + 92
33052 + 92
33052 + 92
33052 + 92
33052 + 92
33052 + 92
33052 + 92
33052 + 92
33052 + 92
33052 + 92
33052 + 92
33052 + 92
33052 + 92
33052 + 92
33052 + 92
33052 + 92
33052 + 92
33052 + 92
33052 + 92
33052 + 92
33052 + 92
33052 + 92
33052 + 92
33052 + 92
33052 + 92
33052 + 92
33052 + 92
33052 + 92
33053 + 92
33053 + 92
33053 + 92
33053 + 92
33053 + 92
33053 + 92
33053 + 92
33053 + 92
33053 + 92
33053 + 92
33053 + 92
33053 + 92
33053 + 92
33053 + 92
33053 + 92
33053 + 92
33053 + 92
33053 + 92
33053 + 92
33053 + 92
33053 + 92
33053 + 92
33054 + 92
33054 + 92
34538 # 1504
34538 - 92 1488
34538 - 92 1488
34538 - 92 1487
34538 - 92 1487
34538 - 92 1487
34538 - 92 1487
34538 - 92 1487
34538 - 92 1487
34538 - 92 1487
34538 - 92 1487
34538 - 92 1487
34538 - 92 1487
34538 - 92 1487
34538 - 92 1487
34538 - 92 1487
34538 - 92 1487
34538 # 1504
34538 - 92 1487
34538 - 92 1487
34538 - 92 1487
34538 - 92 1487
34538 - 92 1487
34538 - 92 1487
34538 - 92 1487
34538 - 92 1487
34538 - 92 1487
34538 - 92 1487
34538 - 92 1487
34538 - 92 1487
34538 - 92 1487
34538 - 92 1487
34538 - 92 1487
34538 - 92 1486
34538 # 1504
34538 - 92 1486
34538 - 92 1486
34538 - 92 1486
34538 - 92 1486
34538 - 92 1486
34538 - 92 1486
34538 - 92 1486
34538 - 92 1486
34538 - 92 1486
34538 - 92 1486
34538 - 92 1486
34538 - 92 1486
34538 - 92 1486
34538 - 92 1486
34538 - 92 1486
34538 - 92 1486
34538 - 92 1486
34538 # 1504
34538 - 92 1486
34538 - 92 1486
34538 - 92 1486
34538 - 92 1486
34538 - 92 1486
34538 - 92 1486
34538 - 92 1486
34538 - 92 1486
34538 - 92 1486
34538 - 92 1485
34538 - 92 1485
34538 - 92 1485
34538 - 92 1485
34538 - 92 1485
34538 - 92 1485
34538 - 92 1485
34538 # 1504
34538 - 92 1485
34538 - 92 1485
34538 - 92 1485
34538 - 92 1485
34538 - 92 1485
34538 - 92 1485
34538 - 92 1485
34538 - 92 1485
34538 - 92 1485
34538 - 92 1485
34538 - 92 1485
34538 - 92 1485
34538 - 92 1485
34538 - 92 1485
34538 - 92 1485
34538 - 92 1484
34538 # 1504
34538 - 92 1484
34538 # 1504
34538 # 1504
34538 # 1504
34538 # 1504
34538 # 1504
34538 # 1504
34538 # 1504
34538 # 1504
34538 # 1504
34538 # 1504
34538 # 1504
34538 # 1504
34538 # 1504
34538 # 1504
34538 # 1504
34538 # 1504
34538 # 1504
34538 # 1504
34538 # 1504
34538 # 1504
34538 # 1504
34538 # 1504
34538 # 1504
34538 # 1504
34538 # 1504
34538 # 1504
34538 # 1504
34538 # 1504
34538 # 1504
34538 # 1504
34538 # 1504
34538 # 1504
34538 # 1504
34538 # 1504
34538 # 1504
34538 # 1504
34538 # 1504
34538 # 1504
34538 # 1504
34538 # 1504
34538 # 1504
34538 # 1504
34538 # 1504
34538 # 1504
34538 # 1504
34538 # 1504
34538 # 1504
34538 # 1504
34538 # 1504
34538 # 1504
34538 # 1504
34538 # 1504
34538 # 1504
34538 # 1504
34538 # 1504
34538 # 1504
34538 # 1504
34538 # 1504
34538 # 1504
34538 # 1504
34538 # 1504
34538 # 1504
34538 # 1504
34538 # 1504
34538 # 1504
34538 # 1504
34538 # 1504
34538 # 1504
34538 # 1504
34538 # 1504
34538 # 1504
34538 # 1504
34538 # 1504
34538 # 1504
34538 # 1504
34538 # 1504
34538 # 1504
34553 + 92
34553 + 92
34553 + 92
34553 + 92
34553 + 92
34553 + 92
34553 + 92
34553 + 92
34553 + 92
34555 + 92
34555 + 92
34555 + 92
34555 + 92
34555 + 92
34555 + 92
34555 + 92
34555 + 92
34555 + 92
34555 + 92
34555 + 92
34555 + 92
34555 + 92
34555 + 92
34555 + 92
34555 + 92
34555 + 92
34555 + 92
34555 + 92
34555 + 92
34555 + 92
34555 + 92
34555 + 92
34555 + 92
34555 + 92
34555 + 92
34555 + 92
34555 + 92
34555 + 92
34555 + 92
34556 + 92
34556 + 92
36038 # 1504
36038 - 92 1485
36038 - 92 1485
36038 - 92 1485
36038 - 92 1485
36038 - 92 1485
36038 - 92 1485
36038 - 92 1485
36038 - 92 1485
36038 - 92 1485
36038 - 92 1483
36038 - 92 1483
36038 - 92 1483
36038 - 92 1483
36038 - 92 1483
36038 - 92 1483
36038 - 92 1483
36038 # 1504
36038 - 92 1483
36038 - 92 1483
36038 - 92 1483
36038 - 92 1483
36038 - 92 1483
36038 - 92 1483
36038 - 92 1483
36038 - 92 1483
36038 - 92 1483
36038 - 92 1483
36038 - 92 1483
36038 - 92 1483
36038 - 92 1483
36038 - 92 1483
36038 - 92 1483
36038 - 92 1483
36038 # 1504
36038 - 92 1483
36038 - 92 1483
36038 - 92 1483
36038 - 92 1483
36038 - 92 1483
36038 - 92 1483
36038 - 92 1483
36038 - 92 1482
36038 - 92 1482
36038 # 1504
36038 # 1504
36038 # 1504
36038 # 1504
36038 # 1504
36038 # 1504
36038 # 1504
36038 # 1504
36038 # 1504
36038 # 1504
36038 # 1504
36038 # 1504
36038 # 1504
36038 # 1504
36038 # 1504
36038 # 1504
36038 # 1504
36038 # 1504
36038 # 1504
36038 # 1504
36038 # 1504
36038 # 1504
36038 # 1504
36038 # 1504
36038 # 1504
36038 # 1504
36038 # 1504
36038 # 1504
36038 # 1504
36038 # 1504
36038 # 1504
36038 # 1504
36038 # 1504
36038 # 1504
36038 # 1504
36038 # 1504
36038 # 1504
36038 # 1504
36038 # 1504
36038 # 1504
36038 # 1504
36038 # 1504
36038 # 1504
36038 # 1504
36038 # 1504
36038 # 1504
36038 # 1504
36038 # 1504
36038 # 1504
36038 # 1504
36038 # 1504
36038 # 1504
36038 # 1504
36038 # 1504
36038 # 1504
36038 # 1504
36038 # 1504
36038 # 1504
36038 # 1504
36038 # 1504
36038 # 1504
36038 # 1504
36038 # 1504
36038 # 1504
36038 # 1504
36038 # 1504
36038 # 1504
36038 # 1504
36038 # 1504
36038 # 1504
36038 # 1504
36038 # 1504
36038 # 1504
36038 # 1504
36038 # 1504
36038 # 1504
36038 # 1504
36038 # 1504
36038 # 1504
36038 # 1504
36052 + 92
36052 + 92
36052 + 92
36052 + 92
36052 + 92
36052 + 92
36052 + 92
36052 + 92
36052 + 92
36052 + 92
36052 + 92
36052 + 92
36052 + 92
36052 + 92
36052 + 92
36053 + 92
36053 + 92
36053 + 92
36053 + 92
36053 + 92
36053 + 92
36053 + 92
36053 + 92
36053 + 92
36054 + 92
36054 + 92
36054 + 92
36054 + 92
36054 + 92
36054 + 92
37538 # 1504
37538 - 92 1486
37538 - 92 1486
37538 - 92 1486
37538 - 92 1486
37538 - 92 1486
37538 - 92 1486
37538 - 92 1486
37538 - 92 1486
37538 - 92 1486
37538 - 92 1486
37538 - 92 1486
37538 - 92 1486
37538 - 92 1486
37538 - 92 1486
37538 - 92 1486
37538 - 92 1485
37538 # 1504
37538 - 92 1485
37538 - 92 1485
37538 - 92 1485
37538 - 92 1485
37538 - 92 1485
37538 - 92 1485
37538 - 92 1485
37538 - 92 1485
37538 - 92 1484
37538 - 92 1484
37538 - 92 1484
37538 - 92 1484
37538 - 92 1484
37538 - 92 1484
37538 # 1504
37538 # 1504
37538 # 1504
37538 # 1504
37538 # 1504
37538 # 1504
37538 # 1504
37538 # 1504
37538 # 1504
37538 # 1504
37538 # 1504
37538 # 1504
37538 # 1504
37538 # 1504
37538 # 1504
37538 # 1504
37538 # 1504
37538 # 1504
37538 # 1504
37538 # 1504
37538 # 1504
37538 # 1504
37538 # 1504
37538 # 1504
37538 # 1504
37538 # 1504
37538 # 1504
37538 # 1504
37538 # 1504
37538 # 1504
37538 # 1504
37538 # 1504
37538 # 1504
37538 # 1504
37538 # 1504
37538 # 1504
37538 # 1504
37538 # 1504
37538 # 1504
37538 # 1504
37538 # 1504
37538 # 1504
37538 # 1504
37538 # 1504
37538 # 1504
37538 # 1504
37538 # 1504
37538 # 1504
37538 # 1504
37538 # 1504
37538 # 1504
37538 # 1504
37538 # 1504
37538 # 1504
37538 # 1504
37538 # 1504
37538 # 1504
37538 # 1504
37538 # 1504
37538 # 1504
37538 # 1504
37538 # 1504
37538 # 1504
37538 # 1504
37538 # 1504
37538 # 1504
37538 # 1504
37538 # 1504
37538 # 1504
37538 # 1504
37538 # 1504
37538 # 1504
37538 # 1504
37538 # 1504
37538 # 1504
37538 # 1504
37538 # 1504
37538 # 1504
37538 # 1504
37538 # 1504
37538 # 1504
37554 + 92
37554 + 92
37554 + 92
37554 + 92
37554 + 92
37554 + 92
37554 + 92
37554 + 92
37554 + 92
37554 + 92
37554 + 92
37554 + 92
37554 + 92
37554 + 92
37555 + 92
37555 + 92
37555 + 92
37555 + 92
37601 + 92
39038 # 1504
39038 - 92 1484
39038 - 92 1484
39038 - 92 1484
39038 - 92 1484
39038 - 92 1484
39038 - 92 1484
39038 - 92 1484
39038 - 92 1484
39038 - 92 1484
39038 - 92 1484
39038 - 92 1484
39038 - 92 1484
39038 - 92 1484
39038 - 92 1484
39038 - 92 1483
39038 - 92 1483
39038 # 1504
39038 - 92 1483
39038 - 92 1483
39038 - 92 1437
39038 # 1504
39038 # 1504
39038 # 1504
39038 # 1504
39038 # 1504
39038 # 1504
39038 # 1504
39038 # 1504
39038 # 1504
39038 # 1504
39038 # 1504
39038 # 1504
39038 # 1504
39038 # 1504
39038 # 1504
39038 # 1504
39038 # 1504
39038 # 1504
39038 # 1504
39038 # 1504
39038 # 1504
39038 # 1504
39038 # 1504
39038 # 1504
39038 # 1504
39038 # 1504
39038 # 1504
39038 # 1504
39038 # 1504
39038 # 1504
39038 # 1504
39038 # 1504
39038 # 1504
39038 # 1504
39038 # 1504
39038 # 1504
39038 # 1504
39038 # 1504
39038 # 1504
39038 # 1504
39038 # 1504
39038 # 1504
39038 # 1504
39038 # 1504
39038 # 1504
39038 # 1504
39038 # 1504
39038 # 1504
39038 # 1504
39038 # 1504
39038 # 1504
39038 # 1504
39038 # 1504
39038 # 1504
39038 # 1504
39038 # 1504
39038 # 1504
39038 # 1504
39038 # 1504
39038 # 1504
39038 # 1504
39038 # 1504
39038 # 1504
39038 # 1504
39038 # 1504
39038 # 1504
39038 # 1504
39038 # 1504
39038 # 1504
39038 # 1504
39038 # 1504
39038 # 1504
39038 # 1504
39038 # 1504
39038 # 1504
39038 # 1504
39038 # 1504
39038 # 1504
39038 # 1504
39038 # 1504
39038 # 1504
39055 + 92
39055 + 92
39055 + 92
39055 + 92
39055 + 92
39055 + 92
39055 + 92
39055 + 92
39055 + 92
39056 + 92
39056 + 92
39056 + 92
39056 + 92
39056 + 92
39056 + 92
39056 + 92
39056 + 92
39056 + 92
39056 + 92
40538 # 1504
40538 - 92 1483
40538 - 92 1483
40538 - 92 1483
40538 - 92 1483
40538 - 92 1483
40538 - 92 1483
40538 - 92 1483
40538 - 92 1483
40538 - 92 1483
40538 - 92 1482
40538 - 92 1482
40538 - 92 1482
40538 - 92 1482
40538 - 92 1482
40538 - 92 1482
40538 - 92 1482
40538 # 1504
40538 - 92 1482
40538 - 92 1482
40538 - 92 1482
40538 # 1504
40538 # 1504
40538 # 1504
40538 # 1504
40538 # 1504
40538 # 1504
40538 # 1504
40538 # 1504
40538 # 1504
40538 # 1504
40538 # 1504
40538 # 1504
40538 # 1504
40538 # 1504
40538 # 1504
40538 # 1504
40538 # 1504
40538 # 1504
40538 # 1504
40538 # 1504
40538 # 1504
40538 # 1504
40538 # 1504
40538 # 1504
40538 # 1504
40538 # 1504
40538 # 1504
40538 # 1504
40538 # 1504
40538 # 1504
40538 # 1504
40538 # 1504
40538 # 1504
40538 # 1504
40538 # 1504
40538 # 1504
40538 # 1504
40538 # 1504
40538 # 1504
40538 # 1504
40538 # 1504
40538 # 1504
40538 # 1504
40538 # 1504
40538 # 1504
40538 # 1504
40538 # 1504
40538 # 1504
40538 # 1504
40538 # 1504
40538 # 1504
40538 # 1504
40538 # 1504
40538 # 1504
40538 # 1504
40538 # 1504
40538 # 1504
40538 # 1504
40538 # 1504
40538 # 1504
40538 # 1504
40538 # 1504
40538 # 1504
40538 # 1504
40538 # 1504
40538 # 1504
40538 # 1504
40538 # 1504
40538 # 1504
40538 # 1504
40538 # 1504
40538 # 1504
40538 # 1504
40538 # 1504
40538 # 1504
40538 # 1504
40538 # 1504
40538 # 1504
40538 # 1504
40538 # 1504
40538 # 1504
40553 + 92
40553 + 92
40553 + 92
40553 + 92
40553 + 92
40553 + 92
40553 + 92
40553 + 92
40553 + 92
40553 + 92
40553 + 92
40553 + 92
40554 + 92
40554 + 92
40554 + 92
40554 + 92
40554 + 92
40554 + 92
40554 + 92
40554 + 92
40554 + 92
40554 + 92
40554 + 92
42038 # 1504
42038 - 92 1485
42038 - 92 1485
42038 - 92 1485
42038 - 92 1485
42038 - 92 1485
42038 - 92 1485
42038 - 92 1485
42038 - 92 1485
42038 - 92 1485
42038 - 92 1485
42038 - 92 1485
42038 - 92 1485
42038 - 92 1484
42038 - 92 1484
42038 - 92 1484
42038 - 92 1484
42038 # 1504
42038 - 92 1484
42038 - 92 1484
42038 - 92 1484
42038 - 92 1484
42038 - 92 1484
42038 - 92 1484
42038 - 92 1484
42038 # 1504
42038 # 1504
42038 # 1504
42038 # 1504
42038 # 1504
42038 # 1504
42038 # 1504
42038 # 1504
42038 # 1504
42038 # 1504
42038 # 1504
42038 # 1504
42038 # 1504
42038 # 1504
42038 # 1504
42038 # 1504
42038 # 1504
42038 # 1504
42038 # 1504
42038 # 1504
42038 # 1504
42038 # 1504
42038 # 1504
42038 # 1504
42038 # 1504
42038 # 1504
42038 # 1504
42038 # 1504
42038 # 1504
42038 # 1504
42038 # 1504
42038 # 1504
42038 # 1504
42038 # 1504
42038 # 1504
42038 # 1504
42038 # 1504
42038 # 1504
42038 # 1504
42038 # 1504
42038 # 1504
42038 # 1504
42038 # 1504
42038 # 1504
42038 # 1504
42038 # 1504
42038 # 1504
42038 # 1504
42038 # 1504
42038 # 1504
42038 # 1504
42038 # 1504
42038 # 1504
42038 # 1504
42038 # 1504
42038 # 1504
42038 # 1504
42038 # 1504
42038 # 1504
42038 # 1504
42038 # 1504
42038 # 1504
42038 # 1504
42038 # 1504
42038 # 1504
42038 # 1504
42038 # 1504
42038 # 1504
42038 # 1504
42038 # 1504
42038 # 1504
42038 # 1504
42038 # 1504
42038 # 1504
42038 # 1504
42038 # 1504
42038 # 1504
42038 # 1504
42038 # 1504
42038 # 1504
42038 # 1504
42052 + 92
42052 + 92
42053 + 92
42053 + 92
42053 + 92
42053 + 92
42053 + 92
42053 + 92
42053 + 92
42053 + 92
42053 + 92
42053 + 92
42053 + 92
42053 + 92
42053 + 92
42053 + 92
42053 + 92
42053 + 92
42053 + 92
42053 + 92
42053 + 92
42053 + 92
42054 + 92
42054 + 92
42054 + 92
42054 + 92
42054 + 92
42054 + 92
43538 # 1504
43538 - 92 1486
43538 - 92 1486
43538 - 92 1485
43538 - 92 1485
43538 - 92 1485
43538 - 92 1485
43538 - 92 1485
43538 - 92 1485
43538 - 92 1485
43538 - 92 1485
43538 - 92 1485
43538 - 92 1485
43538 - 92 1485
43538 - 92 1485
43538 - 92 1485
43538 - 92 1485
43538 # 1504
43538 - 92 1485
43538 - 92 1485
43538 - 92 1485
43538 - 92 1485
43538 - 92 1485
43538 - 92 1485
43538 - 92 1484
43538 - 92 1484
43538 - 92 1484
43538 - 92 1484
43538 - 92 1484
43538 - 92 1484
43538 # 1504
43538 # 1504
43538 # 1504
43538 # 1504
43538 # 1504
43538 # 1504
43538 # 1504
43538 # 1504
43538 # 1504
43538 # 1504
43538 # 1504
43538 # 1504
43538 # 1504
43538 # 1504
43538 # 1504
43538 # 1504
43538 # 1504
43538 # 1504
43538 # 1504
43538 # 1504
43538 # 1504
43538 # 1504
43538 # 1504
43538 # 1504
43538 # 1504
43538 # 1504
43538 # 1504
43538 # 1504
43538 # 1504
43538 # 1504
43538 # 1504
43538 # 1504
43538 # 1504
43538 # 1504
43538 # 1504
43538 # 1504
43538 # 1504
43538 # 1504
43538 # 1504
43538 # 1504
43538 # 1504
43538 # 1504
43538 # 1504
43538 # 1504
43538 # 1504
43538 # 1504
43538 # 1504
43538 # 1504
43538 # 1504
43538 # 1504
43538 # 1504
43538 # 1504
43538 # 1504
43538 # 1504
43538 # 1504
43538 # 1504
43538 # 1504
43538 # 1504
43538 # 1504
43538 # 1504
43538 # 1504
43538 # 1504
43538 # 1504
43538 # 1504
43538 # 1504
43538 # 1504
43538 # 1504
43538 # 1504
43538 # 1504
43538 # 1504
43538 # 1504
43538 # 1504
43538 # 1504
43538 # 1504
43538 # 1504
43538 # 1504
43538 # 1504
43538 # 1504
43538 # 1504
43538 # 1504
43538 # 1504
43553 + 92
43553 + 92
43553 + 92
43553 + 92
43553 + 92
43553 + 92
43553 + 92
43553 + 92
43553 + 92
43553 + 92
43553 + 92
43553 + 92
43553 + 92
43554 + 92
43554 + 92
43554 + 92
43554 + 92
43554 + 92
45038 # 1504
45038 - 92 1485
45038 - 92 1485
45038 - 92 1485
45038 - 92 1485
45038 - 92 1485
45038 - 92 1485
45038 - 92 1485
45038 - 92 1485
45038 - 92 1485
45038 - 92 1485
45038 - 92 1485
45038 - 92 1485
45038 - 92 1485
45038 - 92 1484
45038 - 92 1484
45038 - 92 1484
45038 # 1504
45038 - 92 1484
45038 - 92 1484
45038 # 1504
45038 # 1504
45038 # 1504
45038 # 1504
45038 # 1504
45038 # 1504
45038 # 1504
45038 # 1504
45038 # 1504
45038 # 1504
45038 # 1504
45038 # 1504
45038 # 1504
45038 # 1504
45038 # 1504
45038 # 1504
45038 # 1504
45038 # 1504
45038 # 1504
45038 # 1504
45038 # 1504
45038 # 1504
45038 # 1504
45038 # 1504
45038 # 1504
45038 # 1504
45038 # 1504
45038 # 1504
45038 # 1504
45038 # 1504
45038 # 1504
45038 # 1504
45038 # 1504
45038 # 1504
45038 # 1504
45038 # 1504
45038 # 1504
45038 # 1504
45038 # 1504
45038 # 1504
45038 # 1504
45038 # 1504
45038 # 1504
45038 # 1504
45038 # 1504
45038 # 1504
45038 # 1504
45038 # 1504
45038 # 1504
45038 # 1504
45038 # 1504
45038 # 1504
45038 # 1504
45038 # 1504
45038 # 1504
45038 # 1504
45038 # 1504
45038 # 1504
45038 # 1504
45038 # 1504
45038 # 1504
45038 # 1504
45038 # 1504
45038 # 1504
45038 # 1504
45038 # 1504
45038 # 1504
45038 # 1504
45038 # 1504
45038 # 1504
45038 # 1504
45038 # 1504
45038 # 1504
45038 # 1504
45038 # 1504
45038 # 1504
45038 # 1504
45038 # 1504
45038 # 1504
45038 # 1504
45038 # 1504
45053 + 92
45053 + 92
45053 + 92
45053 + 92
45053 + 92
45053 + 92
45053 + 92
45053 + 92
45053 + 92
45053 + 92
45053 + 92
45053 + 92
45053 + 92
45054 + 92
45054 + 92
45054 + 92
45054 + 92
45054 + 92
45054 + 92
45054 + 92
45054 + 92
45054 + 92
45054 + 92
45054 + 92
46538 # 1504
46538 - 92 1485
46538 - 92 1485
46538 - 92 1485
46538 - 92 1485
46538 - 92 1485
46538 - 92 1485
46538 - 92 1485
46538 - 92 1485
46538 - 92 1485
46538 - 92 1485
46538 - 92 1485
46538 - 92 1485
46538 - 92 1485
46538 - 92 1484
46538 - 92 1484
46538 - 92 1484
46538 # 1504
46538 - 92 1484
46538 - 92 1484
46538 - 92 1484
46538 - 92 1484
46538 - 92 1484
46538 - 92 1484
46538 - 92 1484
46538 - 92 1484
46538 # 1504
46538 # 1504
46538 # 1504
46538 # 1504
46538 # 1504
46538 # 1504
46538 # 1504
46538 # 1504
46538 # 1504
46538 # 1504
46538 # 1504
46538 # 1504
46538 # 1504
46538 # 1504
46538 # 1504
46538 # 1504
46538 # 1504
46538 # 1504
46538 # 1504
46538 # 1504
46538 # 1504
46538 # 1504
46538 # 1504
46538 # 1504
46538 # 1504
46538 # 1504
46538 # 1504
46538 # 1504
46538 # 1504
46538 # 1504
46538 # 1504
46538 # 1504
46538 # 1504
46538 # 1504
46538 # 1504
46538 # 1504
46538 # 1504
46538 # 1504
46538 # 1504
46538 # 1504
46538 # 1504
46538 # 1504
46538 # 1504
46538 # 1504
46538 # 1504
46538 # 1504
46538 # 1504
46538 # 1504
46538 # 1504
46538 # 1504
46538 # 1504
46538 # 1504
46538 # 1504
46538 # 1504
46538 # 1504
46538 # 1504
46538 # 1504
46538 # 1504
46538 # 1504
46538 # 1504
46538 # 1504
46538 # 1504
46538 # 1504
46538 # 1504
46538 # 1504
46538 # 1504
46538 # 1504
46538 # 1504
46538 # 1504
46538 # 1504
46538 # 1504
46538 # 1504
46538 # 1504
46538 # 1504
46538 # 1504
46538 # 1504
46538 # 1504
46538 # 1504
46538 # 1504
46538 # 1504
46538 # 1504
46554 + 92
46554 + 92
46554 + 92
46554 + 92
46554 + 92
46554 + 92
46554 + 92
46554 + 92
46555 + 92
46555 + 92
46555 + 92
46555 + 92
46555 + 92
46555 + 92
46555 + 92
46555 + 92
46555 + 92
46555 + 92
46556 + 92
46556 + 92
46556 + 92
46556 + 92
46556 + 92
46556 + 92
46556 + 92
46556 + 92
46556 + 92
46556 + 92
46556 + 92
46556 + 92
46556 + 92
46556 + 92
46556 + 92
46556 + 92
46556 + 92
46558 + 92
46558 + 92
46558 + 92
46558 + 92
46558 + 92
46558 + 92
46558 + 92
46558 + 92
46558 + 92
46558 + 92
46558 + 92
46558 + 92
46558 + 92
46558 + 92
46558 + 92
46558 + 92
46558 + 92
46558 + 92
46558 + 92
46558 + 92
46558 + 92
46558 + 92
46559 + 92
46559 + 92
46559 + 92
46559 + 92
46559 + 92
46559 + 92
46559 + 92
46559 + 92
46559 + 92
46559 + 92
46559 + 92
46603 + 92
48038 # 1504
48038 - 92 1484
48038 - 92 1484
48038 - 92 1484
48038 - 92 1484
48038 - 92 1484
48038 - 92 1484
48038 - 92 1484
48038 - 92 1484
48038 - 92 1483
48038 - 92 1483
48038 - 92 1483
48038 - 92 1483
48038 - 92 1483
48038 - 92 1483
48038 - 92 1483
48038 - 92 1483
48038 # 1504
48038 - 92 1483
48038 - 92 1483
48038 - 92 1482
48038 - 92 1482
48038 - 92 1482
48038 - 92 1482
48038 - 92 1482
48038 - 92 1482
48038 - 92 1482
48038 - 92 1482
48038 - 92 1482
48038 - 92 1482
48038 - 92 1482
48038 - 92 1482
48038 - 92 1482
48038 - 92 1482
48038 # 1504
48038 - 92 1482
48038 - 92 1482
48038 - 92 1482
48038 - 92 1480
48038 - 92 1480
48038 - 92 1480
48038 - 92 1480
48038 - 92 1480
48038 - 92 1480
48038 - 92 1480
48038 - 92 1480
48038 - 92 1480
48038 - 92 1480
48038 - 92 1480
48038 - 92 1480
48038 - 92 1480
48038 - 92 1480
48038 # 1504
48038 - 92 1480
48038 - 92 1480
48038 - 92 1480
48038 - 92 1480
48038 - 92 1480
48038 - 92 1480
48038 - 92 1480
48038 - 92 1480
48038 - 92 1479
48038 - 92 1479
48038 - 92 1479
48038 - 92 1479
48038 - 92 1479
48038 - 92 1479
48038 - 92 1479
48038 - 92 1479
48038 # 1504
48038 - 92 1479
48038 - 92 1479
48038 - 92 1479
48038 - 92 1435
48038 # 1504
48038 # 1504
48038 # 1504
48038 # 1504
48038 # 1504
48038 # 1504
48038 # 1504
48038 # 1504
48038 # 1504
48038 # 1504
48038 # 1504
48038 # 1504
48038 # 1504
48038 # 1504
48038 # 1504
48038 # 1504
48038 # 1504
48038 # 1504
48038 # 1504
48038 # 1504
48038 # 1504
48038 # 1504
48038 # 1504
48038 # 1504
48038 # 1504
48038 # 1504
48038 # 1504
48038 # 1504
48038 # 1504
48038 # 1504
48038 # 1504
48038 # 1504
48038 # 1504
48038 # 1504
48038 # 1504
48038 # 1504
48038 # 1504
48038 # 1504
48038 # 1504
48038 # 1504
48038 # 1504
48038 # 1504
48038 # 1504
48038 # 1504
48038 # 1504
48038 # 1504
48038 # 1504
48038 # 1504
48038 # 1504
48038 # 1504
48038 # 1504
48038 # 1504
48038 # 1504
48038 # 1504
48038 # 1504
48038 # 1504
48038 # 1504
48038 # 1504
48038 # 1504
48038 # 1504
48038 # 1504
48038 # 1504
48038 # 1504
48038 # 1504
48038 # 1504
48038 # 1504
48038 # 1504
48038 # 1504
48038 # 1504
48038 # 1504
48038 # 1504
48038 # 1504
48038 # 1504
48038 # 1504
48038 # 1504
48038 # 1504
48038 # 1504
48038 # 1504
48054 + 92
48054 + 92
48054 + 92
48054 + 92
48054 + 92
48054 + 92
48054 + 92
48054 + 92
48054 + 92
48054 + 92
48054 + 92
48054 + 92
48054 + 92
48054 + 92
48054 + 92
48054 + 92
48054 + 92
48054 + 92
48054 + 92
48054 + 92
48055 + 92
48055 + 92
48055 + 92
48055 + 92
49538 # 1504
49538 - 92 1484
49538 - 92 1484
49538 - 92 1484
49538 - 92 1484
49538 - 92 1484
49538 - 92 1484
49538 - 92 1484
49538 - 92 1484
49538 - 92 1484
49538 - 92 1484
49538 - 92 1484
49538 - 92 1484
49538 - 92 1484
49538 - 92 1484
49538 - 92 1484
49538 - 92 1484
49538 # 1504
49538 - 92 1484
49538 - 92 1484
49538 - 92 1484
49538 - 92 1484
49538 - 92 1483
49538 - 92 1483
49538 - 92 1483
49538 - 92 1483
49538 # 1504
49538 # 1504
49538 # 1504
49538 # 1504
49538 # 1504
49538 # 1504
49538 # 1504
49538 # 1504
49538 # 1504
49538 # 1504
49538 # 1504
49538 # 1504
49538 # 1504
49538 # 1504
49538 # 1504
49538 # 1504
49538 # 1504
49538 # 1504
49538 # 1504
49538 # 1504
49538 # 1504
49538 # 1504
49538 # 1504
49538 # 1504
49538 # 1504
49538 # 1504
49538 # 1504
49538 # 1504
49538 # 1504
49538 # 1504
49538 # 1504
49538 # 1504
49538 # 1504
49538 # 1504
49538 # 1504
49538 # 1504
49538 # 1504
49538 # 1504
49538 # 1504
49538 # 1504
49538 # 1504
49538 # 1504
49538 # 1504
49538 # 1504
49538 # 1504
49538 # 1504
49538 # 1504
49538 # 1504
49538 # 1504
49538 # 1504
49538 # 1504
49538 # 1504
49538 # 1504
49538 # 1504
49538 # 1504
49538 # 1504
49538 # 1504
49538 # 1504
49538 # 1504
49538 # 1504
49538 # 1504
49538 # 1504
49538 # 1504
49538 # 1504
49538 # 1504
49538 # 1504
49538 # 1504
49538 # 1504
49538 # 1504
49538 # 1504
49538 # 1504
49538 # 1504
49538 # 1504
49538 # 1504
49538 # 1504
49538 # 1504
49538 # 1504
49538 # 1504
49538 # 1504
49538 # 1504
49538 # 1504
49552 + 92
49554 + 92
49554 + 92
49554 + 92
49554 + 92
49554 + 92
49554 + 92
49554 + 92
49554 + 92
49554 + 92
49554 + 92
49554 + 92
49554 + 92
51038 # 1504
51038 - 92 1486
51038 - 92 1484
51038 - 92 1484
51038 - 92 1484
51038 - 92 1484
51038 - 92 1484
51038 - 92 1484
51038 - 92 1484
51038 - 92 1484
51038 - 92 1484
51038 - 92 1484
51038 - 92 1484
51038 - 92 1484
51038 # 1504
51038 # 1504
51038 # 1504
51038 # 1504
51038 # 1504
51038 # 1504
51038 # 1504
51038 # 1504
51038 # 1504
51038 # 1504
51038 # 1504
51038 # 1504
51038 # 1504
51038 # 1504
51038 # 1504
51038 # 1504
51038 # 1504
51038 # 1504
51038 # 1504
51038 # 1504
51038 # 1504
51038 # 1504
51038 # 1504
51038 # 1504
51038 # 1504
51038 # 1504
51038 # 1504
51038 # 1504
51038 # 1504
51038 # 1504
51038 # 1504
51038 # 1504
51038 # 1504
51038 # 1504
51038 # 1504
51038 # 1504
51038 # 1504
51038 # 1504
51038 # 1504
51038 # 1504
51038 # 1504
51038 # 1504
51038 # 1504
51038 # 1504
51038 # 1504
51038 # 1504
51038 # 1504
51038 # 1504
51038 # 1504
51038 # 1504
51038 # 1504
51038 # 1504
51038 # 1504
51038 # 1504
51038 # 1504
51038 # 1504
51038 # 1504
51038 # 1504
51038 # 1504
51038 # 1504
51038 # 1504
51038 # 1504
51038 # 1504
51038 # 1504
51038 # 1504
51038 # 1504
51038 # 1504
51038 # 1504
51038 # 1504
51038 # 1504
51038 # 1504
51038 # 1504
51038 # 1504
51038 # 1504
51038 # 1504
51038 # 1504
51038 # 1504
51038 # 1504
51038 # 1504
51038 # 1504
51038 # 1504
51038 # 1504
51053 + 92
51053 + 92
51053 + 92
51053 + 92
51053 + 92
51054 + 92
51054 + 92
51054 + 92
51054 + 92
51054 + 92
51054 + 92
51054 + 92
51054 + 92
51054 + 92
51054 + 92
51054 + 92
51054 + 92
51054 + 92
51054 + 92
51054 + 92
51054 + 92
51054 + 92
51054 + 92
51054 + 92
51054 + 92
51054 + 92
51055 + 92
51055 + 92
51055 + 92
51055 + 92
51055 + 92
51055 + 92
51055 + 92
51055 + 92
52538 # 1504
52538 - 92 1485
52538 - 92 1485
52538 - 92 1485
52538 - 92 1485
52538 - 92 1485
52538 - 92 1484
52538 - 92 1484
52538 - 92 1484
52538 - 92 1484
52538 - 92 1484
52538 - 92 1484
52538 - 92 1484
52538 - 92 1484
52538 - 92 1484
52538 - 92 1484
52538 - 92 1484
52538 # 1504
52538 - 92 1484
52538 - 92 1484
52538 - 92 1484
52538 - 92 1484
52538 - 92 1484
52538 - 92 1484
52538 - 92 1484
52538 - 92 1484
52538 - 92 1484
52538 - 92 1484
52538 - 92 1483
52538 - 92 1483
52538 - 92 1483
52538 - 92 1483
52538 - 92 1483
52538 - 92 1483
52538 # 1504
52538 - 92 1483
52538 - 92 1483
52538 # 1504
52538 # 1504
52538 # 1504
52538 # 1504
52538 # 1504
52538 # 1504
52538 # 1504
52538 # 1504
52538 # 1504
52538 # 1504
52538 # 1504
52538 # 1504
52538 # 1504
52538 # 1504
52538 # 1504
52538 # 1504
52538 # 1504
52538 # 1504
52538 # 1504
52538 # 1504
52538 # 1504
52538 # 1504
52538 # 1504
52538 # 1504
52538 # 1504
52538 # 1504
52538 # 1504
52538 # 1504
52538 # 1504
52538 # 1504
52538 # 1504
52538 # 1504
52538 # 1504
52538 # 1504
52538 # 1504
52538 # 1504
52538 # 1504
52538 # 1504
52538 # 1504
52538 # 1504
52538 # 1504
52538 # 1504
52538 # 1504
52538 # 1504
52538 # 1504
52538 # 1504
52538 # 1504
52538 # 1504
52538 # 1504
52538 # 1504
52538 # 1504
52538 # 1504
52538 # 1504
52538 # 1504
52538 # 1504
52538 # 1504
52538 # 1504
52538 # 1504
52538 # 1504
52538 # 1504
52538 # 1504
52538 # 1504
52538 # 1504
52538 # 1504
52538 # 1504
52538 # 1504
52538 # 1504
52538 # 1504
52538 # 1504
52538 # 1504
52538 # 1504
52538 # 1504
52538 # 1504
52538 # 1504
52538 # 1504
52538 # 1504
52538 # 1504
52538 # 1504
52538 # 1504
52538 # 1504
52549 + 92
52549 + 92
52549 + 92
52550 + 92
52550 + 92
52550 + 92
52550 + 92
52550 + 92
52550 + 92
52550 + 92
52550 + 92
52550 + 92
52550 + 92
52551 + 92
52552 + 92
52552 + 92
52552 + 92
52552 + 92
52552 + 92
52552 + 92
52552 + 92
52552 + 92
52552 + 92
52552 + 92
52594 + 92
54038 # 1504
54038 - 92 1489
54038 - 92 1489
54038 - 92 1489
54038 - 92 1488
54038 - 92 1488
54038 - 92 1488
54038 - 92 1488
54038 - 92 1488
54038 - 92 1488
54038 - 92 1488
54038 - 92 1488
54038 - 92 1488
54038 - 92 1488
54038 - 92 1487
54038 - 92 1486
54038 - 92 1486
54038 # 1504
54038 - 92 1486
54038 - 92 1486
54038 - 92 1486
54038 - 92 1486
54038 - 92 1486
54038 - 92 1486
54038 - 92 1486
54038 - 92 1486
54038 - 92 1444
54038 # 1504
54038 # 1504
54038 # 1504
54038 # 1504
54038 # 1504
54038 # 1504
54038 # 1504
54038 # 1504
54038 # 1504
54038 # 1504
54038 # 1504
54038 # 1504
54038 # 1504
54038 # 1504
54038 # 1504
54038 # 1504
54038 # 1504
54038 # 1504
54038 # 1504
54038 # 1504
54038 # 1504
54038 # 1504
54038 # 1504
54038 # 1504
54038 # 1504
54038 # 1504
54038 # 1504
54038 # 1504
54038 # 1504
54038 # 1504
54038 # 1504
54038 # 1504
54038 # 1504
54038 # 1504
54038 # 1504
54038 # 1504
54038 # 1504
54038 # 1504
54038 # 1504
54038 # 1504
54038 # 1504
54038 # 1504
54038 # 1504
54038 # 1504
54038 # 1504
54038 # 1504
54038 # 1504
54038 # 1504
54038 # 1504
54038 # 1504
54038 # 1504
54038 # 1504
54038 # 1504
54038 # 1504
54038 # 1504
54038 # 1504
54038 # 1504
54038 # 1504
54038 # 1504
54038 # 1504
54038 # 1504
54038 # 1504
54038 # 1504
54038 # 1504
54038 # 1504
54038 # 1504
54038 # 1504
54038 # 1504
54038 # 1504
54038 # 1504
54038 # 1504
54038 # 1504
54038 # 1504
54038 # 1504
54038 # 1504
54038 # 1504
54038 # 1504
54038 # 1504
54038 # 1504
54038 # 1504
54038 # 1504
54053 + 104
54053 + 104
54053 + 104
54053 + 104
54055 + 104
55538 # 1504
55538 - 104 1485
55538 - 104 1485
55538 - 104 1485
55538 - 104 1485
55538 - 104 1483
55538 # 1504
55538 # 1504
55538 # 1504
55538 # 1504
55538 # 1504
55538 # 1504
55538 # 1504
55538 # 1504
55538 # 1504
55538 # 1504
55538 # 1504
55538 # 1504
55538 # 1504
55538 # 1504
55538 # 1504
55538 # 1504
55538 # 1504
55538 # 1504
55538 # 1504
55538 # 1504
55538 # 1504
55538 # 1504
55538 # 1504
55538 # 1504
55538 # 1504
55538 # 1504
55538 # 1504
55538 # 1504
55538 # 1504
55538 # 1504
55538 # 1504
55538 # 1504
55538 # 1504
55538 # 1504
55538 # 1504
55538 # 1504
55538 # 1504
55538 # 1504
55538 # 1504
55538 # 1504
55538 # 1504
55538 # 1504
55538 # 1504
55538 # 1504
55538 # 1504
55538 # 1504
55538 # 1504
55538 # 1504
55538 # 1504
55538 # 1504
55538 # 1504
55538 # 1504
55538 # 1504
55538 # 1504
55538 # 1504
55538 # 1504
55538 # 1504
55538 # 1504
55538 # 1504
55538 # 1504
55538 # 1504
55538 # 1504
55538 # 1504
55538 # 1504
55538 # 1504
55538 # 1504
55538 # 1504
55538 # 1504
55538 # 1504
55538 # 1504
55538 # 1504
55538 # 1504
55538 # 1504
55538 # 1504
55538 # 1504
55538 # 1504
55538 # 1504
55538 # 1504
55538 # 1504
55538 # 1504
55538 # 1504
55538 # 1504
55555 + 112
55555 + 112
57038 # 1504
57038 - 112 1483
57038 - 112 1483
57038 # 1504
57038 # 1504
57038 # 1504
57038 # 1504
57038 # 1504
57038 # 1504
57038 # 1504
57038 # 1504
57038 # 1504
57038 # 1504
57038 # 1504
57038 # 1504
57038 # 1504
57038 # 1504
57038 # 1504
57038 # 1504
57038 # 1504
57038 # 1504
57038 # 1504
57038 # 1504
57038 # 1504
57038 # 1504
57038 # 1504
57038 # 1504
57038 # 1504
57038 # 1504
57038 # 1504
57038 # 1504
57038 # 1504
57038 # 1504
57038 # 1504
57038 # 1504
57038 # 1504
57038 # 1504
57038 # 1504
57038 # 1504
57038 # 1504
57038 # 1504
57038 # 1504
57038 # 1504
57038 # 1504
57038 # 1504
57038 # 1504
57038 # 1504
57038 # 1504
57038 # 1504
57038 # 1504
57038 # 1504
57038 # 1504
57038 # 1504
57038 # 1504
57038 # 1504
57038 # 1504
57038 # 1504
57038 # 1504
57038 # 1504
57038 # 1504
57038 # 1504
57038 # 1504
57038 # 1504
57038 # 1504
57038 # 1504
57038 # 1504
57038 # 1504
57038 # 1504
57038 # 1504
57038 # 1504
57038 # 1504
57038 # 1504
57038 # 1504
57038 # 1504
57038 # 1504
57038 # 1504
57038 # 1504
57038 # 1504
57038 # 1504
57038 # 1504
57038 # 1504
57038 # 1504
57038 # 1504
57038 # 1504
57038 # 1504
57051 + 112
57051 + 120
57054 + 120
58538 # 1504
58538 - 112 1487
58538 - 120 1487
58538 - 120 1484
58538 # 1504
58538 # 1504
58538 # 1504
58538 # 1504
58538 # 1504
58538 # 1504
58538 # 1504
58538 # 1504
58538 # 1504
58538 # 1504
58538 # 1504
58538 # 1504
58538 # 1504
58538 # 1504
58538 # 1504
58538 # 1504
58538 # 1504
58538 # 1504
58538 # 1504
58538 # 1504
58538 # 1504
58538 # 1504
58538 # 1504
58538 # 1504
58538 # 1504
58538 # 1504
58538 # 1504
58538 # 1504
58538 # 1504
58538 # 1504
58538 # 1504
58538 # 1504
58538 # 1504
58538 # 1504
58538 # 1504
58538 # 1504
58538 # 1504
58538 # 1504
58538 # 1504
58538 # 1504
58538 # 1504
58538 # 1504
58538 # 1504
58538 # 1504
58538 # 1504
58538 # 1504
58538 # 1504
58538 # 1504
58538 # 1504
58538 # 1504
58538 # 1504
58538 # 1504
58538 # 1504
58538 # 1504
58538 # 1504
58538 # 1504
58538 # 1504
58538 # 1504
58538 # 1504
58538 # 1504
58538 # 1504
58538 # 1504
58538 # 1504
58538 # 1504
58538 # 1504
58538 # 1504
58538 # 1504
58538 # 1504
58538 # 1504
58538 # 1504
58538 # 1504
58538 # 1504
58538 # 1504
58538 # 1504
58538 # 1504
58538 # 1504
58538 # 1504
58538 # 1504
58538 # 1504
58538 # 1504
58538 # 1504
58538 # 1504
58553 + 120
58553 + 120
58554 + 120
58797 + 52
60038 # 1504
60038 - 120 1485
60038 - 120 1485
60038 - 120 1484
60038 - 52 1241
60038 # 1504
60038 # 1504
60038 # 1504
60038 # 1504
60038 # 1504
60038 # 1504
60038 # 1504
60038 # 1504
60038 # 1504
60038 # 1504
60038 # 1504
60038 # 1504
60038 # 1504
60038 # 1504
60038 # 1504
60038 # 1504
60038 # 1504
60038 # 1504
60038 # 1504
60038 # 1504
60038 # 1504
60038 # 1504
60038 # 1504
60038 # 1504
60038 # 1504
60038 # 1504
60038 # 1504
60038 # 1504
60038 # 1504
60038 # 1504
60038 # 1504
60038 # 1504
60038 # 1504
60038 # 1504
60038 # 1504
60038 # 1504
60038 # 1504
60038 # 1504
60038 # 1504
60038 # 1504
60038 # 1504
60038 # 1504
60038 # 1504
60038 # 1504
60038 # 1504
60038 # 1504
60038 # 1504
60038 # 1504
60038 # 1504
60038 # 1504
60038 # 1504
60038 # 1504
60038 # 1504
60038 # 1504
60038 # 1504
60038 # 1504
60038 # 1504
60038 # 1504
60038 # 1504
60038 # 1504
60038 # 1504
60038 # 1504
60038 # 1504
60038 # 1504
60038 # 1504
60038 # 1504
60038 # 1504
60038 # 1504
60038 # 1504
60038 # 1504
60038 # 1504
60038 # 1504
60038 # 1504
60038 # 1504
60038 # 1504
60038 # 1504
60038 # 1504
60038 # 1504
60038 # 1504
60038 # 1504
60038 # 1504
60038 # 1504
60056 + 120
60056 + 120
60056 + 120
61538 # 1504
61538 - 120 1482
61538 - 120 1482
61538 - 120 1482
61538 # 1504
61538 # 1504
61538 # 1504
61538 # 1504
61538 # 1504
61538 # 1504
61538 # 1504
61538 # 1504
61538 # 1504
61538 # 1504
61538 # 1504
61538 # 1504
61538 # 1504
61538 # 1504
61538 # 1504
61538 # 1504
61538 # 1504
61538 # 1504
61538 # 1504
61538 # 1504
61538 # 1504
61538 # 1504
61538 # 1504
61538 # 1504
61538 # 1504
61538 # 1504
61538 # 1504
61538 # 1504
61538 # 1504
61538 # 1504
61538 # 1504
61538 # 1504
61538 # 1504
61538 # 1504
61538 # 1504
61538 # 1504
61538 # 1504
61538 # 1504
61538 # 1504
61538 # 1504
61538 # 1504
61538 # 1504
61538 # 1504
61538 # 1504
61538 # 1504
61538 # 1504
61538 # 1504
61538 # 1504
61538 # 1504
61538 # 1504
61538 # 1504
61538 # 1504
61538 # 1504
61538 # 1504
61538 # 1504
61538 # 1504
61538 # 1504
61538 # 1504
61538 # 1504
61538 # 1504
61538 # 1504
61538 # 1504
61538 # 1504
61538 # 1504
61538 # 1504
61538 # 1504
61538 # 1504
61538 # 1504
61538 # 1504
61538 # 1504
61538 # 1504
61538 # 1504
61538 # 1504
61538 # 1504
61538 # 1504
61538 # 1504
61538 # 1504
61538 # 1504
61538 # 1504
61538 # 1504
61538 # 1504
61538 # 1504
61555 + 120
61555 + 120
61556 + 120
63038 # 1504
63038 - 120 1483
63038 - 120 1483
63038 - 120 1482
63038 # 1504
63038 # 1504
63038 # 1504
63038 # 1504
63038 # 1504
63038 # 1504
63038 # 1504
63038 # 1504
63038 # 1504
63038 # 1504
63038 # 1504
63038 # 1504
63038 # 1504
63038 # 1504
63038 # 1504
63038 # 1504
63038 # 1504
63038 # 1504
63038 # 1504
63038 # 1504
63038 # 1504
63038 # 1504
63038 # 1504
63038 # 1504
63038 # 1504
63038 # 1504
63038 # 1504
63038 # 1504
63038 # 1504
63038 # 1504
63038 # 1504
63038 # 1504
63038 # 1504
63038 # 1504
63038 # 1504
63038 # 1504
63038 # 1504
63038 # 1504
63038 # 1504
63038 # 1504
63038 # 1504
63038 # 1504
63038 # 1504
63038 # 1504
63038 # 1504
63038 # 1504
63038 # 1504
63038 # 1504
63038 # 1504
63038 # 1504
63038 # 1504
63038 # 1504
63038 # 1504
63038 # 1504
63038 # 1504
63038 # 1504
63038 # 1504
63038 # 1504
63038 # 1504
63038 # 1504
63038 # 1504
63038 # 1504
63038 # 1504
63038 # 1504
63038 # 1504
63038 # 1504
63038 # 1504
63038 # 1504
63038 # 1504
63038 # 1504
63038 # 1504
63038 # 1504
63038 # 1504
63038 # 1504
63038 # 1504
63038 # 1504
63038 # 1504
63038 # 1504
63038 # 1504
63038 # 1504
63038 # 1504
63038 # 1504
63052 + 120
63053 + 120
63054 + 120
64538 # 1504
64538 - 120 1486
64538 - 120 1485
64538 - 120 1484
64538 # 1504
64538 # 1504
64538 # 1504
64538 # 1504
64538 # 1504
64538 # 1504
64538 # 1504
64538 # 1504
64538 # 1504
64538 # 1504
64538 # 1504
64538 # 1504
64538 # 1504
64538 # 1504
64538 # 1504
64538 # 1504
64538 # 1504
64538 # 1504
64538 # 1504
64538 # 1504
64538 # 1504
64538 # 1504
64538 # 1504
64538 # 1504
64538 # 1504
64538 # 1504
64538 # 1504
64538 # 1504
64538 # 1504
64538 # 1504
64538 # 1504
64538 # 1504
64538 # 1504
64538 # 1504
64538 # 1504
64538 # 1504
64538 # 1504
64538 # 1504
64538 # 1504
64538 # 1504
64538 # 1504
64538 # 1504
64538 # 1504
64538 # 1504
64538 # 1504
64538 # 1504
64538 # 1504
64538 # 1504
64538 # 1504
64538 # 1504
64538 # 1504
64538 # 1504
64538 # 1504
64538 # 1504
64538 # 1504
64538 # 1504
64538 # 1504
64538 # 1504
64538 # 1504
64538 # 1504
64538 # 1504
64538 # 1504
64538 # 1504
64538 # 1504
64538 # 1504
64538 # 1504
64538 # 1504
64538 # 1504
64538 # 1504
64538 # 1504
64538 # 1504
64538 # 1504
64538 # 1504
64538 # 1504
64538 # 1504
64538 # 1504
64538 # 1504
64538 # 1504
64538 # 1504
64538 # 1504
64538 # 1504
64538 # 1504
64553 + 120
64553 + 120
64554 + 120
64554 + 120
64554 + 120
64554 + 120
64554 + 120
64554 + 120
64554 + 120
64554 + 120
64554 + 120
64555 + 120
64555 + 120
64555 + 120
64555 + 120
64555 + 120
64555 + 120
64555 + 120
64555 + 120
64555 + 120
64555 + 120
64555 + 120
64555 + 120
64555 + 120
64555 + 120
64555 + 120
64555 + 120
64556 + 120
64556 + 120
64556 + 120
64556 + 120
64556 + 120
64556 + 120
64556 + 120
64556 + 120
64556 + 120
64556 + 120
64556 + 120
64556 + 120
64556 + 120
64556 + 120
64556 + 120
64556 + 120
64556 + 120
64556 + 120
64556 + 120
64556 + 120
64556 + 120
64556 + 120
64556 + 120
64556 + 120
64556 + 120
64556 + 120
64556 + 120
64556 + 120
64556 + 120
64556 + 120
64556 + 120
66038 # 1504
66038 - 120 1485
66038 - 120 1485
66038 - 120 1484
66038 - 120 1484
66038 - 120 1484
66038 - 120 1484
66038 - 120 1484
66038 - 120 1484
66038 - 120 1484
66038 - 120 1484
66038 - 120 1484
66038 - 120 1483
66038 # 1504
66038 - 120 1483
66038 - 120 1483
66038 - 120 1483
66038 - 120 1483
66038 - 120 1483
66038 - 120 1483
66038 - 120 1483
66038 - 120 1483
66038 - 120 1483
66038 - 120 1483
66038 - 120 1483
66038 - 120 1483
66038 - 120 1483
66038 # 1504
66038 - 120 1483
66038 - 120 1483
66038 - 120 1482
66038 - 120 1482
66038 - 120 1482
66038 - 120 1482
66038 - 120 1482
66038 - 120 1482
66038 - 120 1482
66038 - 120 1482
66038 - 120 1482
66038 - 120 1482
66038 # 1504
66038 - 120 1482
66038 - 120 1482
66038 - 120 1482
66038 - 120 1482
66038 - 120 1482
66038 - 120 1482
66038 - 120 1482
66038 - 120 1482
66038 - 120 1482
66038 - 120 1482
66038 - 120 1482
66038 - 120 1482
66038 - 120 1482
66038 # 1504
66038 - 120 1482
66038 - 120 1482
66038 - 120 1482
66038 - 120 1482
66038 - 120 1482
66038 - 120 1482
66038 - 120 1482
66038 - 120 1482
66038 # 1504
66038 # 1504
66038 # 1504
66038 # 1504
66038 # 1504
66038 # 1504
66038 # 1504
66038 # 1504
66038 # 1504
66038 # 1504
66038 # 1504
66038 # 1504
66038 # 1504
66038 # 1504
66038 # 1504
66038 # 1504
66038 # 1504
66038 # 1504
66038 # 1504
66038 # 1504
66038 # 1504
66038 # 1504
66038 # 1504
66038 # 1504
66038 # 1504
66038 # 1504
66038 # 1504
66038 # 1504
66038 # 1504
66038 # 1504
66038 # 1504
66038 # 1504
66038 # 1504
66038 # 1504
66038 # 1504
66038 # 1504
66038 # 1504
66038 # 1504
66038 # 1504
66038 # 1504
66038 # 1504
66038 # 1504
66038 # 1504
66038 # 1504
66038 # 1504
66038 # 1504
66038 # 1504
66038 # 1504
66038 # 1504
66038 # 1504
66038 # 1504
66038 # 1504
66038 # 1504
66038 # 1504
66038 # 1504
66038 # 1504
66038 # 1504
66038 # 1504
66038 # 1504
66038 # 1504
66038 # 1504
66038 # 1504
66038 # 1504
66038 # 1504
66038 # 1504
66038 # 1504
66038 # 1504
66038 # 1504
66038 # 1504
66038 # 1504
66038 # 1504
66038 # 1504
66038 # 1504
66038 # 1504
66038 # 1504
66038 # 1504
66038 # 1504
66038 # 1504
66054 + 120
66055 + 120
66055 + 120
66055 + 120
66055 + 120
66055 + 120
66055 + 120
66055 + 120
66055 + 120
66055 + 120
66055 + 120
66056 + 120
66056 + 120
66056 + 120
66056 + 120
66056 + 120
66056 + 120
66056 + 120
66056 + 120
66056 + 120
66056 + 120
66058 + 120
66058 + 120
66058 + 120
66058 + 120
66058 + 120
66058 + 120
66058 + 120
66058 + 120
66058 + 120
66058 + 120
66058 + 120
66058 + 120
66058 + 120
66058 + 120
66058 + 120
66058 + 120
66058 + 120
66058 + 120
66058 + 120
66058 + 120
66058 + 120
66058 + 120
66058 + 120
66058 + 120
66058 + 120
66058 + 120
66058 + 120
66058 + 120
66058 + 120
66058 + 120
66058 + 120
66058 + 120
66058 + 120
66058 + 120
66058 + 120
66058 + 120
66058 + 120
66058 + 120
66058 + 120
66058 + 120
66058 + 120
66058 + 120
66058 + 120
66058 + 120
66058 + 120
