# mahimahi mm-link (Downlink) [traces/1mbps.trace] > /home/vamsi/pantheon/results/high-latency-low-bandwidth/scream_mm_acklink_run1.log
# command line: 'mm-link' 'traces/1mbps.trace' 'traces/1mbps.trace' '--uplink-log=/home/vamsi/pantheon/results/high-latency-low-bandwidth/scream_mm_datalink_run1.log' '--downlink-log=/home/vamsi/pantheon/results/high-latency-low-bandwidth/scream_mm_acklink_run1.log' '--uplink-queue=droptail' '--downlink-queue=droptail' '--uplink-queue-args=packets=500' '--downlink-queue-args=packets=500' 'python' '/home/vamsi/pantheon/src/experiments/tunnel_manager.py'
# queue: droptail [packets=500]
# init timestamp: 1744917667069
# base timestamp: 35
# mahimahi config: [delay 100 ms] 
36 + 80
36 + 52
36 + 80
36 + 80
36 + 80
1535 # 1504
1535 - 80 1499
1535 - 52 1499
1535 - 80 1499
1535 - 80 1499
1535 - 80 1499
1535 # 1504
1535 # 1504
1535 # 1504
1535 # 1504
1535 # 1504
1535 # 1504
1535 # 1504
1535 # 1504
1535 # 1504
1535 # 1504
1535 # 1504
1535 # 1504
1535 # 1504
1535 # 1504
1535 # 1504
1535 # 1504
1535 # 1504
1535 # 1504
1535 # 1504
1535 # 1504
1535 # 1504
1535 # 1504
1535 # 1504
1535 # 1504
1535 # 1504
1535 # 1504
1535 # 1504
1535 # 1504
1535 # 1504
1535 # 1504
1535 # 1504
1535 # 1504
1535 # 1504
1535 # 1504
1535 # 1504
1535 # 1504
1535 # 1504
1535 # 1504
1535 # 1504
1535 # 1504
1535 # 1504
1535 # 1504
1535 # 1504
1535 # 1504
1535 # 1504
1535 # 1504
1535 # 1504
1535 # 1504
1535 # 1504
1535 # 1504
1535 # 1504
1535 # 1504
1535 # 1504
1535 # 1504
1535 # 1504
1535 # 1504
1535 # 1504
1535 # 1504
1535 # 1504
1535 # 1504
1535 # 1504
1535 # 1504
1535 # 1504
1535 # 1504
1535 # 1504
1535 # 1504
1535 # 1504
1535 # 1504
1535 # 1504
1535 # 1504
1535 # 1504
1535 # 1504
1535 # 1504
1535 # 1504
1535 # 1504
1535 # 1504
1535 # 1504
1535 # 1504
1535 # 1504
1535 # 1504
1535 # 1504
1535 # 1504
1746 + 40
1747 + 40
3035 # 1504
3035 - 40 1289
3035 - 40 1288
3035 # 1504
3035 # 1504
3035 # 1504
3035 # 1504
3035 # 1504
3035 # 1504
3035 # 1504
3035 # 1504
3035 # 1504
3035 # 1504
3035 # 1504
3035 # 1504
3035 # 1504
3035 # 1504
3035 # 1504
3035 # 1504
3035 # 1504
3035 # 1504
3035 # 1504
3035 # 1504
3035 # 1504
3035 # 1504
3035 # 1504
3035 # 1504
3035 # 1504
3035 # 1504
3035 # 1504
3035 # 1504
3035 # 1504
3035 # 1504
3035 # 1504
3035 # 1504
3035 # 1504
3035 # 1504
3035 # 1504
3035 # 1504
3035 # 1504
3035 # 1504
3035 # 1504
3035 # 1504
3035 # 1504
3035 # 1504
3035 # 1504
3035 # 1504
3035 # 1504
3035 # 1504
3035 # 1504
3035 # 1504
3035 # 1504
3035 # 1504
3035 # 1504
3035 # 1504
3035 # 1504
3035 # 1504
3035 # 1504
3035 # 1504
3035 # 1504
3035 # 1504
3035 # 1504
3035 # 1504
3035 # 1504
3035 # 1504
3035 # 1504
3035 # 1504
3035 # 1504
3035 # 1504
3035 # 1504
3035 # 1504
3035 # 1504
3035 # 1504
3035 # 1504
3035 # 1504
3035 # 1504
3035 # 1504
3035 # 1504
3035 # 1504
3035 # 1504
3035 # 1504
3035 # 1504
3035 # 1504
3035 # 1504
3035 # 1504
3247 + 40
3650 + 52
4535 # 1504
4535 - 40 1288
4535 - 52 885
4535 # 1504
4535 # 1504
4535 # 1504
4535 # 1504
4535 # 1504
4535 # 1504
4535 # 1504
4535 # 1504
4535 # 1504
4535 # 1504
4535 # 1504
4535 # 1504
4535 # 1504
4535 # 1504
4535 # 1504
4535 # 1504
4535 # 1504
4535 # 1504
4535 # 1504
4535 # 1504
4535 # 1504
4535 # 1504
4535 # 1504
4535 # 1504
4535 # 1504
4535 # 1504
4535 # 1504
4535 # 1504
4535 # 1504
4535 # 1504
4535 # 1504
4535 # 1504
4535 # 1504
4535 # 1504
4535 # 1504
4535 # 1504
4535 # 1504
4535 # 1504
4535 # 1504
4535 # 1504
4535 # 1504
4535 # 1504
4535 # 1504
4535 # 1504
4535 # 1504
4535 # 1504
4535 # 1504
4535 # 1504
4535 # 1504
4535 # 1504
4535 # 1504
4535 # 1504
4535 # 1504
4535 # 1504
4535 # 1504
4535 # 1504
4535 # 1504
4535 # 1504
4535 # 1504
4535 # 1504
4535 # 1504
4535 # 1504
4535 # 1504
4535 # 1504
4535 # 1504
4535 # 1504
4535 # 1504
4535 # 1504
4535 # 1504
4535 # 1504
4535 # 1504
4535 # 1504
4535 # 1504
4535 # 1504
4535 # 1504
4535 # 1504
4535 # 1504
4535 # 1504
4535 # 1504
4535 # 1504
4535 # 1504
4535 # 1504
6035 # 1504
6035 # 1504
6035 # 1504
6035 # 1504
6035 # 1504
6035 # 1504
6035 # 1504
6035 # 1504
6035 # 1504
6035 # 1504
6035 # 1504
6035 # 1504
6035 # 1504
6035 # 1504
6035 # 1504
6035 # 1504
6035 # 1504
6035 # 1504
6035 # 1504
6035 # 1504
6035 # 1504
6035 # 1504
6035 # 1504
6035 # 1504
6035 # 1504
6035 # 1504
6035 # 1504
6035 # 1504
6035 # 1504
6035 # 1504
6035 # 1504
6035 # 1504
6035 # 1504
6035 # 1504
6035 # 1504
6035 # 1504
6035 # 1504
6035 # 1504
6035 # 1504
6035 # 1504
6035 # 1504
6035 # 1504
6035 # 1504
6035 # 1504
6035 # 1504
6035 # 1504
6035 # 1504
6035 # 1504
6035 # 1504
6035 # 1504
6035 # 1504
6035 # 1504
6035 # 1504
6035 # 1504
6035 # 1504
6035 # 1504
6035 # 1504
6035 # 1504
6035 # 1504
6035 # 1504
6035 # 1504
6035 # 1504
6035 # 1504
6035 # 1504
6035 # 1504
6035 # 1504
6035 # 1504
6035 # 1504
6035 # 1504
6035 # 1504
6035 # 1504
6035 # 1504
6035 # 1504
6035 # 1504
6035 # 1504
6035 # 1504
6035 # 1504
6035 # 1504
6035 # 1504
6035 # 1504
6035 # 1504
6035 # 1504
6035 # 1504
7535 # 1504
7535 # 1504
7535 # 1504
7535 # 1504
7535 # 1504
7535 # 1504
7535 # 1504
7535 # 1504
7535 # 1504
7535 # 1504
7535 # 1504
7535 # 1504
7535 # 1504
7535 # 1504
7535 # 1504
7535 # 1504
7535 # 1504
7535 # 1504
7535 # 1504
7535 # 1504
7535 # 1504
7535 # 1504
7535 # 1504
7535 # 1504
7535 # 1504
7535 # 1504
7535 # 1504
7535 # 1504
7535 # 1504
7535 # 1504
7535 # 1504
7535 # 1504
7535 # 1504
7535 # 1504
7535 # 1504
7535 # 1504
7535 # 1504
7535 # 1504
7535 # 1504
7535 # 1504
7535 # 1504
7535 # 1504
7535 # 1504
7535 # 1504
7535 # 1504
7535 # 1504
7535 # 1504
7535 # 1504
7535 # 1504
7535 # 1504
7535 # 1504
7535 # 1504
7535 # 1504
7535 # 1504
7535 # 1504
7535 # 1504
7535 # 1504
7535 # 1504
7535 # 1504
7535 # 1504
7535 # 1504
7535 # 1504
7535 # 1504
7535 # 1504
7535 # 1504
7535 # 1504
7535 # 1504
7535 # 1504
7535 # 1504
7535 # 1504
7535 # 1504
7535 # 1504
7535 # 1504
7535 # 1504
7535 # 1504
7535 # 1504
7535 # 1504
7535 # 1504
7535 # 1504
7535 # 1504
7535 # 1504
7535 # 1504
7535 # 1504
7741 + 86
7749 + 86
9035 # 1504
9035 - 86 1294
9035 - 86 1286
9035 # 1504
9035 # 1504
9035 # 1504
9035 # 1504
9035 # 1504
9035 # 1504
9035 # 1504
9035 # 1504
9035 # 1504
9035 # 1504
9035 # 1504
9035 # 1504
9035 # 1504
9035 # 1504
9035 # 1504
9035 # 1504
9035 # 1504
9035 # 1504
9035 # 1504
9035 # 1504
9035 # 1504
9035 # 1504
9035 # 1504
9035 # 1504
9035 # 1504
9035 # 1504
9035 # 1504
9035 # 1504
9035 # 1504
9035 # 1504
9035 # 1504
9035 # 1504
9035 # 1504
9035 # 1504
9035 # 1504
9035 # 1504
9035 # 1504
9035 # 1504
9035 # 1504
9035 # 1504
9035 # 1504
9035 # 1504
9035 # 1504
9035 # 1504
9035 # 1504
9035 # 1504
9035 # 1504
9035 # 1504
9035 # 1504
9035 # 1504
9035 # 1504
9035 # 1504
9035 # 1504
9035 # 1504
9035 # 1504
9035 # 1504
9035 # 1504
9035 # 1504
9035 # 1504
9035 # 1504
9035 # 1504
9035 # 1504
9035 # 1504
9035 # 1504
9035 # 1504
9035 # 1504
9035 # 1504
9035 # 1504
9035 # 1504
9035 # 1504
9035 # 1504
9035 # 1504
9035 # 1504
9035 # 1504
9035 # 1504
9035 # 1504
9035 # 1504
9035 # 1504
9035 # 1504
9035 # 1504
9035 # 1504
9035 # 1504
9243 + 86
9245 + 86
10535 # 1504
10535 - 86 1292
10535 - 86 1290
10535 # 1504
10535 # 1504
10535 # 1504
10535 # 1504
10535 # 1504
10535 # 1504
10535 # 1504
10535 # 1504
10535 # 1504
10535 # 1504
10535 # 1504
10535 # 1504
10535 # 1504
10535 # 1504
10535 # 1504
10535 # 1504
10535 # 1504
10535 # 1504
10535 # 1504
10535 # 1504
10535 # 1504
10535 # 1504
10535 # 1504
10535 # 1504
10535 # 1504
10535 # 1504
10535 # 1504
10535 # 1504
10535 # 1504
10535 # 1504
10535 # 1504
10535 # 1504
10535 # 1504
10535 # 1504
10535 # 1504
10535 # 1504
10535 # 1504
10535 # 1504
10535 # 1504
10535 # 1504
10535 # 1504
10535 # 1504
10535 # 1504
10535 # 1504
10535 # 1504
10535 # 1504
10535 # 1504
10535 # 1504
10535 # 1504
10535 # 1504
10535 # 1504
10535 # 1504
10535 # 1504
10535 # 1504
10535 # 1504
10535 # 1504
10535 # 1504
10535 # 1504
10535 # 1504
10535 # 1504
10535 # 1504
10535 # 1504
10535 # 1504
10535 # 1504
10535 # 1504
10535 # 1504
10535 # 1504
10535 # 1504
10535 # 1504
10535 # 1504
10535 # 1504
10535 # 1504
10535 # 1504
10535 # 1504
10535 # 1504
10535 # 1504
10535 # 1504
10535 # 1504
10535 # 1504
10535 # 1504
10535 # 1504
10535 # 1504
10745 + 86
10747 + 86
11202 + 52
12035 # 1504
12035 - 86 1290
12035 - 86 1288
12035 - 52 833
12035 # 1504
12035 # 1504
12035 # 1504
12035 # 1504
12035 # 1504
12035 # 1504
12035 # 1504
12035 # 1504
12035 # 1504
12035 # 1504
12035 # 1504
12035 # 1504
12035 # 1504
12035 # 1504
12035 # 1504
12035 # 1504
12035 # 1504
12035 # 1504
12035 # 1504
12035 # 1504
12035 # 1504
12035 # 1504
12035 # 1504
12035 # 1504
12035 # 1504
12035 # 1504
12035 # 1504
12035 # 1504
12035 # 1504
12035 # 1504
12035 # 1504
12035 # 1504
12035 # 1504
12035 # 1504
12035 # 1504
12035 # 1504
12035 # 1504
12035 # 1504
12035 # 1504
12035 # 1504
12035 # 1504
12035 # 1504
12035 # 1504
12035 # 1504
12035 # 1504
12035 # 1504
12035 # 1504
12035 # 1504
12035 # 1504
12035 # 1504
12035 # 1504
12035 # 1504
12035 # 1504
12035 # 1504
12035 # 1504
12035 # 1504
12035 # 1504
12035 # 1504
12035 # 1504
12035 # 1504
12035 # 1504
12035 # 1504
12035 # 1504
12035 # 1504
12035 # 1504
12035 # 1504
12035 # 1504
12035 # 1504
12035 # 1504
12035 # 1504
12035 # 1504
12035 # 1504
12035 # 1504
12035 # 1504
12035 # 1504
12035 # 1504
12035 # 1504
12035 # 1504
12035 # 1504
12035 # 1504
12035 # 1504
12035 # 1504
12247 + 86
12250 + 86
13535 # 1504
13535 - 86 1288
13535 - 86 1285
13535 # 1504
13535 # 1504
13535 # 1504
13535 # 1504
13535 # 1504
13535 # 1504
13535 # 1504
13535 # 1504
13535 # 1504
13535 # 1504
13535 # 1504
13535 # 1504
13535 # 1504
13535 # 1504
13535 # 1504
13535 # 1504
13535 # 1504
13535 # 1504
13535 # 1504
13535 # 1504
13535 # 1504
13535 # 1504
13535 # 1504
13535 # 1504
13535 # 1504
13535 # 1504
13535 # 1504
13535 # 1504
13535 # 1504
13535 # 1504
13535 # 1504
13535 # 1504
13535 # 1504
13535 # 1504
13535 # 1504
13535 # 1504
13535 # 1504
13535 # 1504
13535 # 1504
13535 # 1504
13535 # 1504
13535 # 1504
13535 # 1504
13535 # 1504
13535 # 1504
13535 # 1504
13535 # 1504
13535 # 1504
13535 # 1504
13535 # 1504
13535 # 1504
13535 # 1504
13535 # 1504
13535 # 1504
13535 # 1504
13535 # 1504
13535 # 1504
13535 # 1504
13535 # 1504
13535 # 1504
13535 # 1504
13535 # 1504
13535 # 1504
13535 # 1504
13535 # 1504
13535 # 1504
13535 # 1504
13535 # 1504
13535 # 1504
13535 # 1504
13535 # 1504
13535 # 1504
13535 # 1504
13535 # 1504
13535 # 1504
13535 # 1504
13535 # 1504
13535 # 1504
13535 # 1504
13535 # 1504
13535 # 1504
13535 # 1504
13743 + 86
13747 + 86
15035 # 1504
15035 - 86 1292
15035 - 86 1288
15035 # 1504
15035 # 1504
15035 # 1504
15035 # 1504
15035 # 1504
15035 # 1504
15035 # 1504
15035 # 1504
15035 # 1504
15035 # 1504
15035 # 1504
15035 # 1504
15035 # 1504
15035 # 1504
15035 # 1504
15035 # 1504
15035 # 1504
15035 # 1504
15035 # 1504
15035 # 1504
15035 # 1504
15035 # 1504
15035 # 1504
15035 # 1504
15035 # 1504
15035 # 1504
15035 # 1504
15035 # 1504
15035 # 1504
15035 # 1504
15035 # 1504
15035 # 1504
15035 # 1504
15035 # 1504
15035 # 1504
15035 # 1504
15035 # 1504
15035 # 1504
15035 # 1504
15035 # 1504
15035 # 1504
15035 # 1504
15035 # 1504
15035 # 1504
15035 # 1504
15035 # 1504
15035 # 1504
15035 # 1504
15035 # 1504
15035 # 1504
15035 # 1504
15035 # 1504
15035 # 1504
15035 # 1504
15035 # 1504
15035 # 1504
15035 # 1504
15035 # 1504
15035 # 1504
15035 # 1504
15035 # 1504
15035 # 1504
15035 # 1504
15035 # 1504
15035 # 1504
15035 # 1504
15035 # 1504
15035 # 1504
15035 # 1504
15035 # 1504
15035 # 1504
15035 # 1504
15035 # 1504
15035 # 1504
15035 # 1504
15035 # 1504
15035 # 1504
15035 # 1504
15035 # 1504
15035 # 1504
15035 # 1504
15035 # 1504
15239 + 86
15247 + 86
16535 # 1504
16535 - 86 1296
16535 - 86 1288
16535 # 1504
16535 # 1504
16535 # 1504
16535 # 1504
16535 # 1504
16535 # 1504
16535 # 1504
16535 # 1504
16535 # 1504
16535 # 1504
16535 # 1504
16535 # 1504
16535 # 1504
16535 # 1504
16535 # 1504
16535 # 1504
16535 # 1504
16535 # 1504
16535 # 1504
16535 # 1504
16535 # 1504
16535 # 1504
16535 # 1504
16535 # 1504
16535 # 1504
16535 # 1504
16535 # 1504
16535 # 1504
16535 # 1504
16535 # 1504
16535 # 1504
16535 # 1504
16535 # 1504
16535 # 1504
16535 # 1504
16535 # 1504
16535 # 1504
16535 # 1504
16535 # 1504
16535 # 1504
16535 # 1504
16535 # 1504
16535 # 1504
16535 # 1504
16535 # 1504
16535 # 1504
16535 # 1504
16535 # 1504
16535 # 1504
16535 # 1504
16535 # 1504
16535 # 1504
16535 # 1504
16535 # 1504
16535 # 1504
16535 # 1504
16535 # 1504
16535 # 1504
16535 # 1504
16535 # 1504
16535 # 1504
16535 # 1504
16535 # 1504
16535 # 1504
16535 # 1504
16535 # 1504
16535 # 1504
16535 # 1504
16535 # 1504
16535 # 1504
16535 # 1504
16535 # 1504
16535 # 1504
16535 # 1504
16535 # 1504
16535 # 1504
16535 # 1504
16535 # 1504
16535 # 1504
16535 # 1504
16535 # 1504
16535 # 1504
16746 + 86
16749 + 86
18035 # 1504
18035 - 86 1289
18035 - 86 1286
18035 # 1504
18035 # 1504
18035 # 1504
18035 # 1504
18035 # 1504
18035 # 1504
18035 # 1504
18035 # 1504
18035 # 1504
18035 # 1504
18035 # 1504
18035 # 1504
18035 # 1504
18035 # 1504
18035 # 1504
18035 # 1504
18035 # 1504
18035 # 1504
18035 # 1504
18035 # 1504
18035 # 1504
18035 # 1504
18035 # 1504
18035 # 1504
18035 # 1504
18035 # 1504
18035 # 1504
18035 # 1504
18035 # 1504
18035 # 1504
18035 # 1504
18035 # 1504
18035 # 1504
18035 # 1504
18035 # 1504
18035 # 1504
18035 # 1504
18035 # 1504
18035 # 1504
18035 # 1504
18035 # 1504
18035 # 1504
18035 # 1504
18035 # 1504
18035 # 1504
18035 # 1504
18035 # 1504
18035 # 1504
18035 # 1504
18035 # 1504
18035 # 1504
18035 # 1504
18035 # 1504
18035 # 1504
18035 # 1504
18035 # 1504
18035 # 1504
18035 # 1504
18035 # 1504
18035 # 1504
18035 # 1504
18035 # 1504
18035 # 1504
18035 # 1504
18035 # 1504
18035 # 1504
18035 # 1504
18035 # 1504
18035 # 1504
18035 # 1504
18035 # 1504
18035 # 1504
18035 # 1504
18035 # 1504
18035 # 1504
18035 # 1504
18035 # 1504
18035 # 1504
18035 # 1504
18035 # 1504
18035 # 1504
18035 # 1504
18244 + 86
18246 + 86
19535 # 1504
19535 - 86 1291
19535 - 86 1289
19535 # 1504
19535 # 1504
19535 # 1504
19535 # 1504
19535 # 1504
19535 # 1504
19535 # 1504
19535 # 1504
19535 # 1504
19535 # 1504
19535 # 1504
19535 # 1504
19535 # 1504
19535 # 1504
19535 # 1504
19535 # 1504
19535 # 1504
19535 # 1504
19535 # 1504
19535 # 1504
19535 # 1504
19535 # 1504
19535 # 1504
19535 # 1504
19535 # 1504
19535 # 1504
19535 # 1504
19535 # 1504
19535 # 1504
19535 # 1504
19535 # 1504
19535 # 1504
19535 # 1504
19535 # 1504
19535 # 1504
19535 # 1504
19535 # 1504
19535 # 1504
19535 # 1504
19535 # 1504
19535 # 1504
19535 # 1504
19535 # 1504
19535 # 1504
19535 # 1504
19535 # 1504
19535 # 1504
19535 # 1504
19535 # 1504
19535 # 1504
19535 # 1504
19535 # 1504
19535 # 1504
19535 # 1504
19535 # 1504
19535 # 1504
19535 # 1504
19535 # 1504
19535 # 1504
19535 # 1504
19535 # 1504
19535 # 1504
19535 # 1504
19535 # 1504
19535 # 1504
19535 # 1504
19535 # 1504
19535 # 1504
19535 # 1504
19535 # 1504
19535 # 1504
19535 # 1504
19535 # 1504
19535 # 1504
19535 # 1504
19535 # 1504
19535 # 1504
19535 # 1504
19535 # 1504
19535 # 1504
19535 # 1504
19535 # 1504
19741 + 86
19746 + 86
21035 # 1504
21035 - 86 1294
21035 - 86 1289
21035 # 1504
21035 # 1504
21035 # 1504
21035 # 1504
21035 # 1504
21035 # 1504
21035 # 1504
21035 # 1504
21035 # 1504
21035 # 1504
21035 # 1504
21035 # 1504
21035 # 1504
21035 # 1504
21035 # 1504
21035 # 1504
21035 # 1504
21035 # 1504
21035 # 1504
21035 # 1504
21035 # 1504
21035 # 1504
21035 # 1504
21035 # 1504
21035 # 1504
21035 # 1504
21035 # 1504
21035 # 1504
21035 # 1504
21035 # 1504
21035 # 1504
21035 # 1504
21035 # 1504
21035 # 1504
21035 # 1504
21035 # 1504
21035 # 1504
21035 # 1504
21035 # 1504
21035 # 1504
21035 # 1504
21035 # 1504
21035 # 1504
21035 # 1504
21035 # 1504
21035 # 1504
21035 # 1504
21035 # 1504
21035 # 1504
21035 # 1504
21035 # 1504
21035 # 1504
21035 # 1504
21035 # 1504
21035 # 1504
21035 # 1504
21035 # 1504
21035 # 1504
21035 # 1504
21035 # 1504
21035 # 1504
21035 # 1504
21035 # 1504
21035 # 1504
21035 # 1504
21035 # 1504
21035 # 1504
21035 # 1504
21035 # 1504
21035 # 1504
21035 # 1504
21035 # 1504
21035 # 1504
21035 # 1504
21035 # 1504
21035 # 1504
21035 # 1504
21035 # 1504
21035 # 1504
21035 # 1504
21035 # 1504
21035 # 1504
21245 + 86
21246 + 86
22535 # 1504
22535 - 86 1290
22535 - 86 1289
22535 # 1504
22535 # 1504
22535 # 1504
22535 # 1504
22535 # 1504
22535 # 1504
22535 # 1504
22535 # 1504
22535 # 1504
22535 # 1504
22535 # 1504
22535 # 1504
22535 # 1504
22535 # 1504
22535 # 1504
22535 # 1504
22535 # 1504
22535 # 1504
22535 # 1504
22535 # 1504
22535 # 1504
22535 # 1504
22535 # 1504
22535 # 1504
22535 # 1504
22535 # 1504
22535 # 1504
22535 # 1504
22535 # 1504
22535 # 1504
22535 # 1504
22535 # 1504
22535 # 1504
22535 # 1504
22535 # 1504
22535 # 1504
22535 # 1504
22535 # 1504
22535 # 1504
22535 # 1504
22535 # 1504
22535 # 1504
22535 # 1504
22535 # 1504
22535 # 1504
22535 # 1504
22535 # 1504
22535 # 1504
22535 # 1504
22535 # 1504
22535 # 1504
22535 # 1504
22535 # 1504
22535 # 1504
22535 # 1504
22535 # 1504
22535 # 1504
22535 # 1504
22535 # 1504
22535 # 1504
22535 # 1504
22535 # 1504
22535 # 1504
22535 # 1504
22535 # 1504
22535 # 1504
22535 # 1504
22535 # 1504
22535 # 1504
22535 # 1504
22535 # 1504
22535 # 1504
22535 # 1504
22535 # 1504
22535 # 1504
22535 # 1504
22535 # 1504
22535 # 1504
22535 # 1504
22535 # 1504
22535 # 1504
22535 # 1504
22742 + 86
22745 + 86
24035 # 1504
24035 - 86 1293
24035 - 86 1290
24035 # 1504
24035 # 1504
24035 # 1504
24035 # 1504
24035 # 1504
24035 # 1504
24035 # 1504
24035 # 1504
24035 # 1504
24035 # 1504
24035 # 1504
24035 # 1504
24035 # 1504
24035 # 1504
24035 # 1504
24035 # 1504
24035 # 1504
24035 # 1504
24035 # 1504
24035 # 1504
24035 # 1504
24035 # 1504
24035 # 1504
24035 # 1504
24035 # 1504
24035 # 1504
24035 # 1504
24035 # 1504
24035 # 1504
24035 # 1504
24035 # 1504
24035 # 1504
24035 # 1504
24035 # 1504
24035 # 1504
24035 # 1504
24035 # 1504
24035 # 1504
24035 # 1504
24035 # 1504
24035 # 1504
24035 # 1504
24035 # 1504
24035 # 1504
24035 # 1504
24035 # 1504
24035 # 1504
24035 # 1504
24035 # 1504
24035 # 1504
24035 # 1504
24035 # 1504
24035 # 1504
24035 # 1504
24035 # 1504
24035 # 1504
24035 # 1504
24035 # 1504
24035 # 1504
24035 # 1504
24035 # 1504
24035 # 1504
24035 # 1504
24035 # 1504
24035 # 1504
24035 # 1504
24035 # 1504
24035 # 1504
24035 # 1504
24035 # 1504
24035 # 1504
24035 # 1504
24035 # 1504
24035 # 1504
24035 # 1504
24035 # 1504
24035 # 1504
24035 # 1504
24035 # 1504
24035 # 1504
24035 # 1504
24035 # 1504
24245 + 86
24246 + 86
25535 # 1504
25535 - 86 1290
25535 - 86 1289
25535 # 1504
25535 # 1504
25535 # 1504
25535 # 1504
25535 # 1504
25535 # 1504
25535 # 1504
25535 # 1504
25535 # 1504
25535 # 1504
25535 # 1504
25535 # 1504
25535 # 1504
25535 # 1504
25535 # 1504
25535 # 1504
25535 # 1504
25535 # 1504
25535 # 1504
25535 # 1504
25535 # 1504
25535 # 1504
25535 # 1504
25535 # 1504
25535 # 1504
25535 # 1504
25535 # 1504
25535 # 1504
25535 # 1504
25535 # 1504
25535 # 1504
25535 # 1504
25535 # 1504
25535 # 1504
25535 # 1504
25535 # 1504
25535 # 1504
25535 # 1504
25535 # 1504
25535 # 1504
25535 # 1504
25535 # 1504
25535 # 1504
25535 # 1504
25535 # 1504
25535 # 1504
25535 # 1504
25535 # 1504
25535 # 1504
25535 # 1504
25535 # 1504
25535 # 1504
25535 # 1504
25535 # 1504
25535 # 1504
25535 # 1504
25535 # 1504
25535 # 1504
25535 # 1504
25535 # 1504
25535 # 1504
25535 # 1504
25535 # 1504
25535 # 1504
25535 # 1504
25535 # 1504
25535 # 1504
25535 # 1504
25535 # 1504
25535 # 1504
25535 # 1504
25535 # 1504
25535 # 1504
25535 # 1504
25535 # 1504
25535 # 1504
25535 # 1504
25535 # 1504
25535 # 1504
25535 # 1504
25535 # 1504
25535 # 1504
25537 + 52
25740 + 86
25745 + 86
27035 # 1504
27035 - 52 1498
27035 - 86 1295
27035 - 86 1290
27035 # 1504
27035 # 1504
27035 # 1504
27035 # 1504
27035 # 1504
27035 # 1504
27035 # 1504
27035 # 1504
27035 # 1504
27035 # 1504
27035 # 1504
27035 # 1504
27035 # 1504
27035 # 1504
27035 # 1504
27035 # 1504
27035 # 1504
27035 # 1504
27035 # 1504
27035 # 1504
27035 # 1504
27035 # 1504
27035 # 1504
27035 # 1504
27035 # 1504
27035 # 1504
27035 # 1504
27035 # 1504
27035 # 1504
27035 # 1504
27035 # 1504
27035 # 1504
27035 # 1504
27035 # 1504
27035 # 1504
27035 # 1504
27035 # 1504
27035 # 1504
27035 # 1504
27035 # 1504
27035 # 1504
27035 # 1504
27035 # 1504
27035 # 1504
27035 # 1504
27035 # 1504
27035 # 1504
27035 # 1504
27035 # 1504
27035 # 1504
27035 # 1504
27035 # 1504
27035 # 1504
27035 # 1504
27035 # 1504
27035 # 1504
27035 # 1504
27035 # 1504
27035 # 1504
27035 # 1504
27035 # 1504
27035 # 1504
27035 # 1504
27035 # 1504
27035 # 1504
27035 # 1504
27035 # 1504
27035 # 1504
27035 # 1504
27035 # 1504
27035 # 1504
27035 # 1504
27035 # 1504
27035 # 1504
27035 # 1504
27035 # 1504
27035 # 1504
27035 # 1504
27035 # 1504
27035 # 1504
27035 # 1504
27035 # 1504
27241 + 86
27247 + 86
28535 # 1504
28535 - 86 1294
28535 - 86 1288
28535 # 1504
28535 # 1504
28535 # 1504
28535 # 1504
28535 # 1504
28535 # 1504
28535 # 1504
28535 # 1504
28535 # 1504
28535 # 1504
28535 # 1504
28535 # 1504
28535 # 1504
28535 # 1504
28535 # 1504
28535 # 1504
28535 # 1504
28535 # 1504
28535 # 1504
28535 # 1504
28535 # 1504
28535 # 1504
28535 # 1504
28535 # 1504
28535 # 1504
28535 # 1504
28535 # 1504
28535 # 1504
28535 # 1504
28535 # 1504
28535 # 1504
28535 # 1504
28535 # 1504
28535 # 1504
28535 # 1504
28535 # 1504
28535 # 1504
28535 # 1504
28535 # 1504
28535 # 1504
28535 # 1504
28535 # 1504
28535 # 1504
28535 # 1504
28535 # 1504
28535 # 1504
28535 # 1504
28535 # 1504
28535 # 1504
28535 # 1504
28535 # 1504
28535 # 1504
28535 # 1504
28535 # 1504
28535 # 1504
28535 # 1504
28535 # 1504
28535 # 1504
28535 # 1504
28535 # 1504
28535 # 1504
28535 # 1504
28535 # 1504
28535 # 1504
28535 # 1504
28535 # 1504
28535 # 1504
28535 # 1504
28535 # 1504
28535 # 1504
28535 # 1504
28535 # 1504
28535 # 1504
28535 # 1504
28535 # 1504
28535 # 1504
28535 # 1504
28535 # 1504
28535 # 1504
28535 # 1504
28535 # 1504
28535 # 1504
28742 + 86
28749 + 86
30035 # 1504
30035 - 86 1293
30035 - 86 1286
30035 # 1504
30035 # 1504
30035 # 1504
30035 # 1504
30035 # 1504
30035 # 1504
30035 # 1504
30035 # 1504
30035 # 1504
30035 # 1504
30035 # 1504
30035 # 1504
30035 # 1504
30035 # 1504
30035 # 1504
30035 # 1504
30035 # 1504
30035 # 1504
30035 # 1504
30035 # 1504
30035 # 1504
30035 # 1504
30035 # 1504
30035 # 1504
30035 # 1504
30035 # 1504
30035 # 1504
30035 # 1504
30035 # 1504
30035 # 1504
30035 # 1504
30035 # 1504
30035 # 1504
30035 # 1504
30035 # 1504
30035 # 1504
30035 # 1504
30035 # 1504
30035 # 1504
30035 # 1504
30035 # 1504
30035 # 1504
30035 # 1504
30035 # 1504
30035 # 1504
30035 # 1504
30035 # 1504
30035 # 1504
30035 # 1504
30035 # 1504
30035 # 1504
30035 # 1504
30035 # 1504
30035 # 1504
30035 # 1504
30035 # 1504
30035 # 1504
30035 # 1504
30035 # 1504
30035 # 1504
30035 # 1504
30035 # 1504
30035 # 1504
30035 # 1504
30035 # 1504
30035 # 1504
30035 # 1504
30035 # 1504
30035 # 1504
30035 # 1504
30035 # 1504
30035 # 1504
30035 # 1504
30035 # 1504
30035 # 1504
30035 # 1504
30035 # 1504
30035 # 1504
30035 # 1504
30035 # 1504
30035 # 1504
30035 # 1504
30241 + 86
30248 + 86
31535 # 1504
31535 - 86 1294
31535 - 86 1287
31535 # 1504
31535 # 1504
31535 # 1504
31535 # 1504
31535 # 1504
31535 # 1504
31535 # 1504
31535 # 1504
31535 # 1504
31535 # 1504
31535 # 1504
31535 # 1504
31535 # 1504
31535 # 1504
31535 # 1504
31535 # 1504
31535 # 1504
31535 # 1504
31535 # 1504
31535 # 1504
31535 # 1504
31535 # 1504
31535 # 1504
31535 # 1504
31535 # 1504
31535 # 1504
31535 # 1504
31535 # 1504
31535 # 1504
31535 # 1504
31535 # 1504
31535 # 1504
31535 # 1504
31535 # 1504
31535 # 1504
31535 # 1504
31535 # 1504
31535 # 1504
31535 # 1504
31535 # 1504
31535 # 1504
31535 # 1504
31535 # 1504
31535 # 1504
31535 # 1504
31535 # 1504
31535 # 1504
31535 # 1504
31535 # 1504
31535 # 1504
31535 # 1504
31535 # 1504
31535 # 1504
31535 # 1504
31535 # 1504
31535 # 1504
31535 # 1504
31535 # 1504
31535 # 1504
31535 # 1504
31535 # 1504
31535 # 1504
31535 # 1504
31535 # 1504
31535 # 1504
31535 # 1504
31535 # 1504
31535 # 1504
31535 # 1504
31535 # 1504
31535 # 1504
31535 # 1504
31535 # 1504
31535 # 1504
31535 # 1504
31535 # 1504
31535 # 1504
31535 # 1504
31535 # 1504
31535 # 1504
31535 # 1504
31535 # 1504
31740 + 86
31744 + 86
33035 # 1504
33035 - 86 1295
33035 - 86 1291
33035 # 1504
33035 # 1504
33035 # 1504
33035 # 1504
33035 # 1504
33035 # 1504
33035 # 1504
33035 # 1504
33035 # 1504
33035 # 1504
33035 # 1504
33035 # 1504
33035 # 1504
33035 # 1504
33035 # 1504
33035 # 1504
33035 # 1504
33035 # 1504
33035 # 1504
33035 # 1504
33035 # 1504
33035 # 1504
33035 # 1504
33035 # 1504
33035 # 1504
33035 # 1504
33035 # 1504
33035 # 1504
33035 # 1504
33035 # 1504
33035 # 1504
33035 # 1504
33035 # 1504
33035 # 1504
33035 # 1504
33035 # 1504
33035 # 1504
33035 # 1504
33035 # 1504
33035 # 1504
33035 # 1504
33035 # 1504
33035 # 1504
33035 # 1504
33035 # 1504
33035 # 1504
33035 # 1504
33035 # 1504
33035 # 1504
33035 # 1504
33035 # 1504
33035 # 1504
33035 # 1504
33035 # 1504
33035 # 1504
33035 # 1504
33035 # 1504
33035 # 1504
33035 # 1504
33035 # 1504
33035 # 1504
33035 # 1504
33035 # 1504
33035 # 1504
33035 # 1504
33035 # 1504
33035 # 1504
33035 # 1504
33035 # 1504
33035 # 1504
33035 # 1504
33035 # 1504
33035 # 1504
33035 # 1504
33035 # 1504
33035 # 1504
33035 # 1504
33035 # 1504
33035 # 1504
33035 # 1504
33035 # 1504
33035 # 1504
33243 + 86
33243 + 86
34535 # 1504
34535 - 86 1292
34535 - 86 1292
34535 # 1504
34535 # 1504
34535 # 1504
34535 # 1504
34535 # 1504
34535 # 1504
34535 # 1504
34535 # 1504
34535 # 1504
34535 # 1504
34535 # 1504
34535 # 1504
34535 # 1504
34535 # 1504
34535 # 1504
34535 # 1504
34535 # 1504
34535 # 1504
34535 # 1504
34535 # 1504
34535 # 1504
34535 # 1504
34535 # 1504
34535 # 1504
34535 # 1504
34535 # 1504
34535 # 1504
34535 # 1504
34535 # 1504
34535 # 1504
34535 # 1504
34535 # 1504
34535 # 1504
34535 # 1504
34535 # 1504
34535 # 1504
34535 # 1504
34535 # 1504
34535 # 1504
34535 # 1504
34535 # 1504
34535 # 1504
34535 # 1504
34535 # 1504
34535 # 1504
34535 # 1504
34535 # 1504
34535 # 1504
34535 # 1504
34535 # 1504
34535 # 1504
34535 # 1504
34535 # 1504
34535 # 1504
34535 # 1504
34535 # 1504
34535 # 1504
34535 # 1504
34535 # 1504
34535 # 1504
34535 # 1504
34535 # 1504
34535 # 1504
34535 # 1504
34535 # 1504
34535 # 1504
34535 # 1504
34535 # 1504
34535 # 1504
34535 # 1504
34535 # 1504
34535 # 1504
34535 # 1504
34535 # 1504
34535 # 1504
34535 # 1504
34535 # 1504
34535 # 1504
34535 # 1504
34535 # 1504
34535 # 1504
34535 # 1504
34742 + 86
34746 + 86
36035 # 1504
36035 - 86 1293
36035 - 86 1289
36035 # 1504
36035 # 1504
36035 # 1504
36035 # 1504
36035 # 1504
36035 # 1504
36035 # 1504
36035 # 1504
36035 # 1504
36035 # 1504
36035 # 1504
36035 # 1504
36035 # 1504
36035 # 1504
36035 # 1504
36035 # 1504
36035 # 1504
36035 # 1504
36035 # 1504
36035 # 1504
36035 # 1504
36035 # 1504
36035 # 1504
36035 # 1504
36035 # 1504
36035 # 1504
36035 # 1504
36035 # 1504
36035 # 1504
36035 # 1504
36035 # 1504
36035 # 1504
36035 # 1504
36035 # 1504
36035 # 1504
36035 # 1504
36035 # 1504
36035 # 1504
36035 # 1504
36035 # 1504
36035 # 1504
36035 # 1504
36035 # 1504
36035 # 1504
36035 # 1504
36035 # 1504
36035 # 1504
36035 # 1504
36035 # 1504
36035 # 1504
36035 # 1504
36035 # 1504
36035 # 1504
36035 # 1504
36035 # 1504
36035 # 1504
36035 # 1504
36035 # 1504
36035 # 1504
36035 # 1504
36035 # 1504
36035 # 1504
36035 # 1504
36035 # 1504
36035 # 1504
36035 # 1504
36035 # 1504
36035 # 1504
36035 # 1504
36035 # 1504
36035 # 1504
36035 # 1504
36035 # 1504
36035 # 1504
36035 # 1504
36035 # 1504
36035 # 1504
36035 # 1504
36035 # 1504
36035 # 1504
36035 # 1504
36035 # 1504
36240 + 86
36245 + 86
37535 # 1504
37535 - 86 1295
37535 - 86 1290
37535 # 1504
37535 # 1504
37535 # 1504
37535 # 1504
37535 # 1504
37535 # 1504
37535 # 1504
37535 # 1504
37535 # 1504
37535 # 1504
37535 # 1504
37535 # 1504
37535 # 1504
37535 # 1504
37535 # 1504
37535 # 1504
37535 # 1504
37535 # 1504
37535 # 1504
37535 # 1504
37535 # 1504
37535 # 1504
37535 # 1504
37535 # 1504
37535 # 1504
37535 # 1504
37535 # 1504
37535 # 1504
37535 # 1504
37535 # 1504
37535 # 1504
37535 # 1504
37535 # 1504
37535 # 1504
37535 # 1504
37535 # 1504
37535 # 1504
37535 # 1504
37535 # 1504
37535 # 1504
37535 # 1504
37535 # 1504
37535 # 1504
37535 # 1504
37535 # 1504
37535 # 1504
37535 # 1504
37535 # 1504
37535 # 1504
37535 # 1504
37535 # 1504
37535 # 1504
37535 # 1504
37535 # 1504
37535 # 1504
37535 # 1504
37535 # 1504
37535 # 1504
37535 # 1504
37535 # 1504
37535 # 1504
37535 # 1504
37535 # 1504
37535 # 1504
37535 # 1504
37535 # 1504
37535 # 1504
37535 # 1504
37535 # 1504
37535 # 1504
37535 # 1504
37535 # 1504
37535 # 1504
37535 # 1504
37535 # 1504
37535 # 1504
37535 # 1504
37535 # 1504
37535 # 1504
37535 # 1504
37535 # 1504
37535 # 1504
37745 + 86
37750 + 86
39035 # 1504
39035 - 86 1290
39035 - 86 1285
39035 # 1504
39035 # 1504
39035 # 1504
39035 # 1504
39035 # 1504
39035 # 1504
39035 # 1504
39035 # 1504
39035 # 1504
39035 # 1504
39035 # 1504
39035 # 1504
39035 # 1504
39035 # 1504
39035 # 1504
39035 # 1504
39035 # 1504
39035 # 1504
39035 # 1504
39035 # 1504
39035 # 1504
39035 # 1504
39035 # 1504
39035 # 1504
39035 # 1504
39035 # 1504
39035 # 1504
39035 # 1504
39035 # 1504
39035 # 1504
39035 # 1504
39035 # 1504
39035 # 1504
39035 # 1504
39035 # 1504
39035 # 1504
39035 # 1504
39035 # 1504
39035 # 1504
39035 # 1504
39035 # 1504
39035 # 1504
39035 # 1504
39035 # 1504
39035 # 1504
39035 # 1504
39035 # 1504
39035 # 1504
39035 # 1504
39035 # 1504
39035 # 1504
39035 # 1504
39035 # 1504
39035 # 1504
39035 # 1504
39035 # 1504
39035 # 1504
39035 # 1504
39035 # 1504
39035 # 1504
39035 # 1504
39035 # 1504
39035 # 1504
39035 # 1504
39035 # 1504
39035 # 1504
39035 # 1504
39035 # 1504
39035 # 1504
39035 # 1504
39035 # 1504
39035 # 1504
39035 # 1504
39035 # 1504
39035 # 1504
39035 # 1504
39035 # 1504
39035 # 1504
39035 # 1504
39035 # 1504
39035 # 1504
39035 # 1504
39245 + 86
39249 + 86
40535 # 1504
40535 - 86 1290
40535 - 86 1286
40535 # 1504
40535 # 1504
40535 # 1504
40535 # 1504
40535 # 1504
40535 # 1504
40535 # 1504
40535 # 1504
40535 # 1504
40535 # 1504
40535 # 1504
40535 # 1504
40535 # 1504
40535 # 1504
40535 # 1504
40535 # 1504
40535 # 1504
40535 # 1504
40535 # 1504
40535 # 1504
40535 # 1504
40535 # 1504
40535 # 1504
40535 # 1504
40535 # 1504
40535 # 1504
40535 # 1504
40535 # 1504
40535 # 1504
40535 # 1504
40535 # 1504
40535 # 1504
40535 # 1504
40535 # 1504
40535 # 1504
40535 # 1504
40535 # 1504
40535 # 1504
40535 # 1504
40535 # 1504
40535 # 1504
40535 # 1504
40535 # 1504
40535 # 1504
40535 # 1504
40535 # 1504
40535 # 1504
40535 # 1504
40535 # 1504
40535 # 1504
40535 # 1504
40535 # 1504
40535 # 1504
40535 # 1504
40535 # 1504
40535 # 1504
40535 # 1504
40535 # 1504
40535 # 1504
40535 # 1504
40535 # 1504
40535 # 1504
40535 # 1504
40535 # 1504
40535 # 1504
40535 # 1504
40535 # 1504
40535 # 1504
40535 # 1504
40535 # 1504
40535 # 1504
40535 # 1504
40535 # 1504
40535 # 1504
40535 # 1504
40535 # 1504
40535 # 1504
40535 # 1504
40535 # 1504
40535 # 1504
40535 # 1504
40535 # 1504
40745 + 86
40749 + 86
42035 # 1504
42035 - 86 1290
42035 - 86 1286
42035 # 1504
42035 # 1504
42035 # 1504
42035 # 1504
42035 # 1504
42035 # 1504
42035 # 1504
42035 # 1504
42035 # 1504
42035 # 1504
42035 # 1504
42035 # 1504
42035 # 1504
42035 # 1504
42035 # 1504
42035 # 1504
42035 # 1504
42035 # 1504
42035 # 1504
42035 # 1504
42035 # 1504
42035 # 1504
42035 # 1504
42035 # 1504
42035 # 1504
42035 # 1504
42035 # 1504
42035 # 1504
42035 # 1504
42035 # 1504
42035 # 1504
42035 # 1504
42035 # 1504
42035 # 1504
42035 # 1504
42035 # 1504
42035 # 1504
42035 # 1504
42035 # 1504
42035 # 1504
42035 # 1504
42035 # 1504
42035 # 1504
42035 # 1504
42035 # 1504
42035 # 1504
42035 # 1504
42035 # 1504
42035 # 1504
42035 # 1504
42035 # 1504
42035 # 1504
42035 # 1504
42035 # 1504
42035 # 1504
42035 # 1504
42035 # 1504
42035 # 1504
42035 # 1504
42035 # 1504
42035 # 1504
42035 # 1504
42035 # 1504
42035 # 1504
42035 # 1504
42035 # 1504
42035 # 1504
42035 # 1504
42035 # 1504
42035 # 1504
42035 # 1504
42035 # 1504
42035 # 1504
42035 # 1504
42035 # 1504
42035 # 1504
42035 # 1504
42035 # 1504
42035 # 1504
42035 # 1504
42035 # 1504
42035 # 1504
42245 + 86
42246 + 86
43535 # 1504
43535 - 86 1290
43535 - 86 1289
43535 # 1504
43535 # 1504
43535 # 1504
43535 # 1504
43535 # 1504
43535 # 1504
43535 # 1504
43535 # 1504
43535 # 1504
43535 # 1504
43535 # 1504
43535 # 1504
43535 # 1504
43535 # 1504
43535 # 1504
43535 # 1504
43535 # 1504
43535 # 1504
43535 # 1504
43535 # 1504
43535 # 1504
43535 # 1504
43535 # 1504
43535 # 1504
43535 # 1504
43535 # 1504
43535 # 1504
43535 # 1504
43535 # 1504
43535 # 1504
43535 # 1504
43535 # 1504
43535 # 1504
43535 # 1504
43535 # 1504
43535 # 1504
43535 # 1504
43535 # 1504
43535 # 1504
43535 # 1504
43535 # 1504
43535 # 1504
43535 # 1504
43535 # 1504
43535 # 1504
43535 # 1504
43535 # 1504
43535 # 1504
43535 # 1504
43535 # 1504
43535 # 1504
43535 # 1504
43535 # 1504
43535 # 1504
43535 # 1504
43535 # 1504
43535 # 1504
43535 # 1504
43535 # 1504
43535 # 1504
43535 # 1504
43535 # 1504
43535 # 1504
43535 # 1504
43535 # 1504
43535 # 1504
43535 # 1504
43535 # 1504
43535 # 1504
43535 # 1504
43535 # 1504
43535 # 1504
43535 # 1504
43535 # 1504
43535 # 1504
43535 # 1504
43535 # 1504
43535 # 1504
43535 # 1504
43535 # 1504
43535 # 1504
43535 # 1504
43746 + 86
43749 + 86
45035 # 1504
45035 - 86 1289
45035 - 86 1286
45035 # 1504
45035 # 1504
45035 # 1504
45035 # 1504
45035 # 1504
45035 # 1504
45035 # 1504
45035 # 1504
45035 # 1504
45035 # 1504
45035 # 1504
45035 # 1504
45035 # 1504
45035 # 1504
45035 # 1504
45035 # 1504
45035 # 1504
45035 # 1504
45035 # 1504
45035 # 1504
45035 # 1504
45035 # 1504
45035 # 1504
45035 # 1504
45035 # 1504
45035 # 1504
45035 # 1504
45035 # 1504
45035 # 1504
45035 # 1504
45035 # 1504
45035 # 1504
45035 # 1504
45035 # 1504
45035 # 1504
45035 # 1504
45035 # 1504
45035 # 1504
45035 # 1504
45035 # 1504
45035 # 1504
45035 # 1504
45035 # 1504
45035 # 1504
45035 # 1504
45035 # 1504
45035 # 1504
45035 # 1504
45035 # 1504
45035 # 1504
45035 # 1504
45035 # 1504
45035 # 1504
45035 # 1504
45035 # 1504
45035 # 1504
45035 # 1504
45035 # 1504
45035 # 1504
45035 # 1504
45035 # 1504
45035 # 1504
45035 # 1504
45035 # 1504
45035 # 1504
45035 # 1504
45035 # 1504
45035 # 1504
45035 # 1504
45035 # 1504
45035 # 1504
45035 # 1504
45035 # 1504
45035 # 1504
45035 # 1504
45035 # 1504
45035 # 1504
45035 # 1504
45035 # 1504
45035 # 1504
45035 # 1504
45035 # 1504
45247 + 86
45250 + 86
46535 # 1504
46535 - 86 1288
46535 - 86 1285
46535 # 1504
46535 # 1504
46535 # 1504
46535 # 1504
46535 # 1504
46535 # 1504
46535 # 1504
46535 # 1504
46535 # 1504
46535 # 1504
46535 # 1504
46535 # 1504
46535 # 1504
46535 # 1504
46535 # 1504
46535 # 1504
46535 # 1504
46535 # 1504
46535 # 1504
46535 # 1504
46535 # 1504
46535 # 1504
46535 # 1504
46535 # 1504
46535 # 1504
46535 # 1504
46535 # 1504
46535 # 1504
46535 # 1504
46535 # 1504
46535 # 1504
46535 # 1504
46535 # 1504
46535 # 1504
46535 # 1504
46535 # 1504
46535 # 1504
46535 # 1504
46535 # 1504
46535 # 1504
46535 # 1504
46535 # 1504
46535 # 1504
46535 # 1504
46535 # 1504
46535 # 1504
46535 # 1504
46535 # 1504
46535 # 1504
46535 # 1504
46535 # 1504
46535 # 1504
46535 # 1504
46535 # 1504
46535 # 1504
46535 # 1504
46535 # 1504
46535 # 1504
46535 # 1504
46535 # 1504
46535 # 1504
46535 # 1504
46535 # 1504
46535 # 1504
46535 # 1504
46535 # 1504
46535 # 1504
46535 # 1504
46535 # 1504
46535 # 1504
46535 # 1504
46535 # 1504
46535 # 1504
46535 # 1504
46535 # 1504
46535 # 1504
46535 # 1504
46535 # 1504
46535 # 1504
46535 # 1504
46535 # 1504
46535 # 1504
46743 + 86
46747 + 86
48035 # 1504
48035 - 86 1292
48035 - 86 1288
48035 # 1504
48035 # 1504
48035 # 1504
48035 # 1504
48035 # 1504
48035 # 1504
48035 # 1504
48035 # 1504
48035 # 1504
48035 # 1504
48035 # 1504
48035 # 1504
48035 # 1504
48035 # 1504
48035 # 1504
48035 # 1504
48035 # 1504
48035 # 1504
48035 # 1504
48035 # 1504
48035 # 1504
48035 # 1504
48035 # 1504
48035 # 1504
48035 # 1504
48035 # 1504
48035 # 1504
48035 # 1504
48035 # 1504
48035 # 1504
48035 # 1504
48035 # 1504
48035 # 1504
48035 # 1504
48035 # 1504
48035 # 1504
48035 # 1504
48035 # 1504
48035 # 1504
48035 # 1504
48035 # 1504
48035 # 1504
48035 # 1504
48035 # 1504
48035 # 1504
48035 # 1504
48035 # 1504
48035 # 1504
48035 # 1504
48035 # 1504
48035 # 1504
48035 # 1504
48035 # 1504
48035 # 1504
48035 # 1504
48035 # 1504
48035 # 1504
48035 # 1504
48035 # 1504
48035 # 1504
48035 # 1504
48035 # 1504
48035 # 1504
48035 # 1504
48035 # 1504
48035 # 1504
48035 # 1504
48035 # 1504
48035 # 1504
48035 # 1504
48035 # 1504
48035 # 1504
48035 # 1504
48035 # 1504
48035 # 1504
48035 # 1504
48035 # 1504
48035 # 1504
48035 # 1504
48035 # 1504
48035 # 1504
48035 # 1504
48244 + 86
48246 + 86
49535 # 1504
49535 - 86 1291
49535 - 86 1289
49535 # 1504
49535 # 1504
49535 # 1504
49535 # 1504
49535 # 1504
49535 # 1504
49535 # 1504
49535 # 1504
49535 # 1504
49535 # 1504
49535 # 1504
49535 # 1504
49535 # 1504
49535 # 1504
49535 # 1504
49535 # 1504
49535 # 1504
49535 # 1504
49535 # 1504
49535 # 1504
49535 # 1504
49535 # 1504
49535 # 1504
49535 # 1504
49535 # 1504
49535 # 1504
49535 # 1504
49535 # 1504
49535 # 1504
49535 # 1504
49535 # 1504
49535 # 1504
49535 # 1504
49535 # 1504
49535 # 1504
49535 # 1504
49535 # 1504
49535 # 1504
49535 # 1504
49535 # 1504
49535 # 1504
49535 # 1504
49535 # 1504
49535 # 1504
49535 # 1504
49535 # 1504
49535 # 1504
49535 # 1504
49535 # 1504
49535 # 1504
49535 # 1504
49535 # 1504
49535 # 1504
49535 # 1504
49535 # 1504
49535 # 1504
49535 # 1504
49535 # 1504
49535 # 1504
49535 # 1504
49535 # 1504
49535 # 1504
49535 # 1504
49535 # 1504
49535 # 1504
49535 # 1504
49535 # 1504
49535 # 1504
49535 # 1504
49535 # 1504
49535 # 1504
49535 # 1504
49535 # 1504
49535 # 1504
49535 # 1504
49535 # 1504
49535 # 1504
49535 # 1504
49535 # 1504
49535 # 1504
49535 # 1504
49535 # 1504
49740 + 86
49744 + 86
51035 # 1504
51035 - 86 1295
51035 - 86 1291
51035 # 1504
51035 # 1504
51035 # 1504
51035 # 1504
51035 # 1504
51035 # 1504
51035 # 1504
51035 # 1504
51035 # 1504
51035 # 1504
51035 # 1504
51035 # 1504
51035 # 1504
51035 # 1504
51035 # 1504
51035 # 1504
51035 # 1504
51035 # 1504
51035 # 1504
51035 # 1504
51035 # 1504
51035 # 1504
51035 # 1504
51035 # 1504
51035 # 1504
51035 # 1504
51035 # 1504
51035 # 1504
51035 # 1504
51035 # 1504
51035 # 1504
51035 # 1504
51035 # 1504
51035 # 1504
51035 # 1504
51035 # 1504
51035 # 1504
51035 # 1504
51035 # 1504
51035 # 1504
51035 # 1504
51035 # 1504
51035 # 1504
51035 # 1504
51035 # 1504
51035 # 1504
51035 # 1504
51035 # 1504
51035 # 1504
51035 # 1504
51035 # 1504
51035 # 1504
51035 # 1504
51035 # 1504
51035 # 1504
51035 # 1504
51035 # 1504
51035 # 1504
51035 # 1504
51035 # 1504
51035 # 1504
51035 # 1504
51035 # 1504
51035 # 1504
51035 # 1504
51035 # 1504
51035 # 1504
51035 # 1504
51035 # 1504
51035 # 1504
51035 # 1504
51035 # 1504
51035 # 1504
51035 # 1504
51035 # 1504
51035 # 1504
51035 # 1504
51035 # 1504
51035 # 1504
51035 # 1504
51035 # 1504
51035 # 1504
51242 + 86
51247 + 86
52535 # 1504
52535 - 86 1293
52535 - 86 1288
52535 # 1504
52535 # 1504
52535 # 1504
52535 # 1504
52535 # 1504
52535 # 1504
52535 # 1504
52535 # 1504
52535 # 1504
52535 # 1504
52535 # 1504
52535 # 1504
52535 # 1504
52535 # 1504
52535 # 1504
52535 # 1504
52535 # 1504
52535 # 1504
52535 # 1504
52535 # 1504
52535 # 1504
52535 # 1504
52535 # 1504
52535 # 1504
52535 # 1504
52535 # 1504
52535 # 1504
52535 # 1504
52535 # 1504
52535 # 1504
52535 # 1504
52535 # 1504
52535 # 1504
52535 # 1504
52535 # 1504
52535 # 1504
52535 # 1504
52535 # 1504
52535 # 1504
52535 # 1504
52535 # 1504
52535 # 1504
52535 # 1504
52535 # 1504
52535 # 1504
52535 # 1504
52535 # 1504
52535 # 1504
52535 # 1504
52535 # 1504
52535 # 1504
52535 # 1504
52535 # 1504
52535 # 1504
52535 # 1504
52535 # 1504
52535 # 1504
52535 # 1504
52535 # 1504
52535 # 1504
52535 # 1504
52535 # 1504
52535 # 1504
52535 # 1504
52535 # 1504
52535 # 1504
52535 # 1504
52535 # 1504
52535 # 1504
52535 # 1504
52535 # 1504
52535 # 1504
52535 # 1504
52535 # 1504
52535 # 1504
52535 # 1504
52535 # 1504
52535 # 1504
52535 # 1504
52535 # 1504
52535 # 1504
52535 # 1504
52743 + 86
52749 + 86
54035 # 1504
54035 - 86 1292
54035 - 86 1286
54035 # 1504
54035 # 1504
54035 # 1504
54035 # 1504
54035 # 1504
54035 # 1504
54035 # 1504
54035 # 1504
54035 # 1504
54035 # 1504
54035 # 1504
54035 # 1504
54035 # 1504
54035 # 1504
54035 # 1504
54035 # 1504
54035 # 1504
54035 # 1504
54035 # 1504
54035 # 1504
54035 # 1504
54035 # 1504
54035 # 1504
54035 # 1504
54035 # 1504
54035 # 1504
54035 # 1504
54035 # 1504
54035 # 1504
54035 # 1504
54035 # 1504
54035 # 1504
54035 # 1504
54035 # 1504
54035 # 1504
54035 # 1504
54035 # 1504
54035 # 1504
54035 # 1504
54035 # 1504
54035 # 1504
54035 # 1504
54035 # 1504
54035 # 1504
54035 # 1504
54035 # 1504
54035 # 1504
54035 # 1504
54035 # 1504
54035 # 1504
54035 # 1504
54035 # 1504
54035 # 1504
54035 # 1504
54035 # 1504
54035 # 1504
54035 # 1504
54035 # 1504
54035 # 1504
54035 # 1504
54035 # 1504
54035 # 1504
54035 # 1504
54035 # 1504
54035 # 1504
54035 # 1504
54035 # 1504
54035 # 1504
54035 # 1504
54035 # 1504
54035 # 1504
54035 # 1504
54035 # 1504
54035 # 1504
54035 # 1504
54035 # 1504
54035 # 1504
54035 # 1504
54035 # 1504
54035 # 1504
54035 # 1504
54035 # 1504
54209 + 52
54243 + 86
54246 + 86
55535 # 1504
55535 - 52 1326
55535 - 86 1292
55535 - 86 1289
55535 # 1504
55535 # 1504
55535 # 1504
55535 # 1504
55535 # 1504
55535 # 1504
55535 # 1504
55535 # 1504
55535 # 1504
55535 # 1504
55535 # 1504
55535 # 1504
55535 # 1504
55535 # 1504
55535 # 1504
55535 # 1504
55535 # 1504
55535 # 1504
55535 # 1504
55535 # 1504
55535 # 1504
55535 # 1504
55535 # 1504
55535 # 1504
55535 # 1504
55535 # 1504
55535 # 1504
55535 # 1504
55535 # 1504
55535 # 1504
55535 # 1504
55535 # 1504
55535 # 1504
55535 # 1504
55535 # 1504
55535 # 1504
55535 # 1504
55535 # 1504
55535 # 1504
55535 # 1504
55535 # 1504
55535 # 1504
55535 # 1504
55535 # 1504
55535 # 1504
55535 # 1504
55535 # 1504
55535 # 1504
55535 # 1504
55535 # 1504
55535 # 1504
55535 # 1504
55535 # 1504
55535 # 1504
55535 # 1504
55535 # 1504
55535 # 1504
55535 # 1504
55535 # 1504
55535 # 1504
55535 # 1504
55535 # 1504
55535 # 1504
55535 # 1504
55535 # 1504
55535 # 1504
55535 # 1504
55535 # 1504
55535 # 1504
55535 # 1504
55535 # 1504
55535 # 1504
55535 # 1504
55535 # 1504
55535 # 1504
55535 # 1504
55535 # 1504
55535 # 1504
55535 # 1504
55535 # 1504
55535 # 1504
55535 # 1504
55746 + 86
55748 + 86
57035 # 1504
57035 - 86 1289
57035 - 86 1287
57035 # 1504
57035 # 1504
57035 # 1504
57035 # 1504
57035 # 1504
57035 # 1504
57035 # 1504
57035 # 1504
57035 # 1504
57035 # 1504
57035 # 1504
57035 # 1504
57035 # 1504
57035 # 1504
57035 # 1504
57035 # 1504
57035 # 1504
57035 # 1504
57035 # 1504
57035 # 1504
57035 # 1504
57035 # 1504
57035 # 1504
57035 # 1504
57035 # 1504
57035 # 1504
57035 # 1504
57035 # 1504
57035 # 1504
57035 # 1504
57035 # 1504
57035 # 1504
57035 # 1504
57035 # 1504
57035 # 1504
57035 # 1504
57035 # 1504
57035 # 1504
57035 # 1504
57035 # 1504
57035 # 1504
57035 # 1504
57035 # 1504
57035 # 1504
57035 # 1504
57035 # 1504
57035 # 1504
57035 # 1504
57035 # 1504
57035 # 1504
57035 # 1504
57035 # 1504
57035 # 1504
57035 # 1504
57035 # 1504
57035 # 1504
57035 # 1504
57035 # 1504
57035 # 1504
57035 # 1504
57035 # 1504
57035 # 1504
57035 # 1504
57035 # 1504
57035 # 1504
57035 # 1504
57035 # 1504
57035 # 1504
57035 # 1504
57035 # 1504
57035 # 1504
57035 # 1504
57035 # 1504
57035 # 1504
57035 # 1504
57035 # 1504
57035 # 1504
57035 # 1504
57035 # 1504
57035 # 1504
57035 # 1504
57035 # 1504
57244 + 86
57248 + 86
58535 # 1504
58535 - 86 1291
58535 - 86 1287
58535 # 1504
58535 # 1504
58535 # 1504
58535 # 1504
58535 # 1504
58535 # 1504
58535 # 1504
58535 # 1504
58535 # 1504
58535 # 1504
58535 # 1504
58535 # 1504
58535 # 1504
58535 # 1504
58535 # 1504
58535 # 1504
58535 # 1504
58535 # 1504
58535 # 1504
58535 # 1504
58535 # 1504
58535 # 1504
58535 # 1504
58535 # 1504
58535 # 1504
58535 # 1504
58535 # 1504
58535 # 1504
58535 # 1504
58535 # 1504
58535 # 1504
58535 # 1504
58535 # 1504
58535 # 1504
58535 # 1504
58535 # 1504
58535 # 1504
58535 # 1504
58535 # 1504
58535 # 1504
58535 # 1504
58535 # 1504
58535 # 1504
58535 # 1504
58535 # 1504
58535 # 1504
58535 # 1504
58535 # 1504
58535 # 1504
58535 # 1504
58535 # 1504
58535 # 1504
58535 # 1504
58535 # 1504
58535 # 1504
58535 # 1504
58535 # 1504
58535 # 1504
58535 # 1504
58535 # 1504
58535 # 1504
58535 # 1504
58535 # 1504
58535 # 1504
58535 # 1504
58535 # 1504
58535 # 1504
58535 # 1504
58535 # 1504
58535 # 1504
58535 # 1504
58535 # 1504
58535 # 1504
58535 # 1504
58535 # 1504
58535 # 1504
58535 # 1504
58535 # 1504
58535 # 1504
58535 # 1504
58535 # 1504
58535 # 1504
58741 + 86
58747 + 86
60035 # 1504
60035 - 86 1294
60035 - 86 1288
60035 # 1504
60035 # 1504
60035 # 1504
60035 # 1504
60035 # 1504
60035 # 1504
60035 # 1504
60035 # 1504
60035 # 1504
60035 # 1504
60035 # 1504
60035 # 1504
60035 # 1504
60035 # 1504
60035 # 1504
60035 # 1504
60035 # 1504
60035 # 1504
60035 # 1504
60035 # 1504
60035 # 1504
60035 # 1504
60035 # 1504
60035 # 1504
60035 # 1504
60035 # 1504
60035 # 1504
60035 # 1504
60035 # 1504
60035 # 1504
60035 # 1504
60035 # 1504
60035 # 1504
60035 # 1504
60035 # 1504
60035 # 1504
60035 # 1504
60035 # 1504
60035 # 1504
60035 # 1504
60035 # 1504
60035 # 1504
60035 # 1504
60035 # 1504
60035 # 1504
60035 # 1504
60035 # 1504
60035 # 1504
60035 # 1504
60035 # 1504
60035 # 1504
60035 # 1504
60035 # 1504
60035 # 1504
60035 # 1504
60035 # 1504
60035 # 1504
60035 # 1504
60035 # 1504
60035 # 1504
60035 # 1504
60035 # 1504
60035 # 1504
60035 # 1504
60035 # 1504
60035 # 1504
60035 # 1504
60035 # 1504
60035 # 1504
60035 # 1504
60035 # 1504
60035 # 1504
60035 # 1504
60035 # 1504
60035 # 1504
60035 # 1504
60035 # 1504
60035 # 1504
60035 # 1504
60035 # 1504
60035 # 1504
60035 # 1504
60242 + 86
60249 + 86
61535 # 1504
61535 - 86 1293
61535 - 86 1286
61535 # 1504
61535 # 1504
61535 # 1504
61535 # 1504
61535 # 1504
61535 # 1504
61535 # 1504
61535 # 1504
61535 # 1504
61535 # 1504
61535 # 1504
61535 # 1504
61535 # 1504
61535 # 1504
61535 # 1504
61535 # 1504
61535 # 1504
61535 # 1504
61535 # 1504
61535 # 1504
61535 # 1504
61535 # 1504
61535 # 1504
61535 # 1504
61535 # 1504
61535 # 1504
61535 # 1504
61535 # 1504
61535 # 1504
61535 # 1504
61535 # 1504
61535 # 1504
61535 # 1504
61535 # 1504
61535 # 1504
61535 # 1504
61535 # 1504
61535 # 1504
61535 # 1504
61535 # 1504
61535 # 1504
61535 # 1504
61535 # 1504
61535 # 1504
61535 # 1504
61535 # 1504
61535 # 1504
61535 # 1504
61535 # 1504
61535 # 1504
61535 # 1504
61535 # 1504
61535 # 1504
61535 # 1504
61535 # 1504
61535 # 1504
61535 # 1504
61535 # 1504
61535 # 1504
61535 # 1504
61535 # 1504
61535 # 1504
61535 # 1504
61535 # 1504
61535 # 1504
61535 # 1504
61535 # 1504
61535 # 1504
61535 # 1504
61535 # 1504
61535 # 1504
61535 # 1504
61535 # 1504
61535 # 1504
61535 # 1504
61535 # 1504
61535 # 1504
61535 # 1504
61535 # 1504
61535 # 1504
61535 # 1504
61535 # 1504
61744 + 86
61746 + 86
63035 # 1504
63035 - 86 1291
63035 - 86 1289
63035 # 1504
63035 # 1504
63035 # 1504
63035 # 1504
63035 # 1504
63035 # 1504
63035 # 1504
63035 # 1504
63035 # 1504
63035 # 1504
63035 # 1504
63035 # 1504
63035 # 1504
63035 # 1504
63035 # 1504
63035 # 1504
63035 # 1504
63035 # 1504
63035 # 1504
63035 # 1504
63035 # 1504
63035 # 1504
63035 # 1504
63035 # 1504
63035 # 1504
63035 # 1504
63035 # 1504
63035 # 1504
63035 # 1504
63035 # 1504
63035 # 1504
63035 # 1504
63035 # 1504
63035 # 1504
63035 # 1504
63035 # 1504
63035 # 1504
63035 # 1504
63035 # 1504
63035 # 1504
63035 # 1504
63035 # 1504
63035 # 1504
63035 # 1504
63035 # 1504
63035 # 1504
63035 # 1504
63035 # 1504
63035 # 1504
63035 # 1504
63035 # 1504
63035 # 1504
63035 # 1504
63035 # 1504
63035 # 1504
63035 # 1504
63035 # 1504
63035 # 1504
63035 # 1504
63035 # 1504
63035 # 1504
63035 # 1504
63035 # 1504
63035 # 1504
63035 # 1504
63035 # 1504
63035 # 1504
63035 # 1504
63035 # 1504
63035 # 1504
63035 # 1504
63035 # 1504
63035 # 1504
63035 # 1504
63035 # 1504
63035 # 1504
63035 # 1504
63035 # 1504
63035 # 1504
63035 # 1504
63035 # 1504
63035 # 1504
63243 + 86
63247 + 86
64535 # 1504
64535 - 86 1292
64535 - 86 1288
64535 # 1504
64535 # 1504
64535 # 1504
64535 # 1504
64535 # 1504
64535 # 1504
64535 # 1504
64535 # 1504
64535 # 1504
64535 # 1504
64535 # 1504
64535 # 1504
64535 # 1504
64535 # 1504
64535 # 1504
64535 # 1504
64535 # 1504
64535 # 1504
64535 # 1504
64535 # 1504
64535 # 1504
64535 # 1504
64535 # 1504
64535 # 1504
64535 # 1504
64535 # 1504
64535 # 1504
64535 # 1504
64535 # 1504
64535 # 1504
64535 # 1504
64535 # 1504
64535 # 1504
64535 # 1504
64535 # 1504
64535 # 1504
64535 # 1504
64535 # 1504
64535 # 1504
64535 # 1504
64535 # 1504
64535 # 1504
64535 # 1504
64535 # 1504
64535 # 1504
64535 # 1504
64535 # 1504
64535 # 1504
64535 # 1504
64535 # 1504
64535 # 1504
64535 # 1504
64535 # 1504
64535 # 1504
64535 # 1504
64535 # 1504
64535 # 1504
64535 # 1504
64535 # 1504
64535 # 1504
64535 # 1504
64535 # 1504
64535 # 1504
64535 # 1504
64535 # 1504
64535 # 1504
64535 # 1504
64535 # 1504
64535 # 1504
64535 # 1504
64535 # 1504
64535 # 1504
64535 # 1504
64535 # 1504
64535 # 1504
64535 # 1504
64535 # 1504
64535 # 1504
64535 # 1504
64535 # 1504
64535 # 1504
64535 # 1504
64748 + 86
64755 + 86
66035 # 1504
66035 - 86 1287
66035 - 86 1280
66035 # 1504
66035 # 1504
66035 # 1504
66035 # 1504
66035 # 1504
66035 # 1504
66035 # 1504
66035 # 1504
66035 # 1504
66035 # 1504
66035 # 1504
66035 # 1504
66035 # 1504
66035 # 1504
66035 # 1504
66035 # 1504
66035 # 1504
66035 # 1504
66035 # 1504
66035 # 1504
66035 # 1504
66035 # 1504
66035 # 1504
66035 # 1504
66035 # 1504
66035 # 1504
66035 # 1504
66035 # 1504
66035 # 1504
66035 # 1504
66035 # 1504
66035 # 1504
66035 # 1504
66035 # 1504
66035 # 1504
66035 # 1504
66035 # 1504
66035 # 1504
66035 # 1504
66035 # 1504
66035 # 1504
66035 # 1504
66035 # 1504
66035 # 1504
66035 # 1504
66035 # 1504
66035 # 1504
66035 # 1504
66035 # 1504
66035 # 1504
66035 # 1504
66035 # 1504
66035 # 1504
66035 # 1504
66035 # 1504
66035 # 1504
66035 # 1504
66035 # 1504
66035 # 1504
66035 # 1504
66035 # 1504
66035 # 1504
66035 # 1504
66035 # 1504
66035 # 1504
66035 # 1504
66035 # 1504
66035 # 1504
66035 # 1504
66035 # 1504
66035 # 1504
66035 # 1504
66035 # 1504
66035 # 1504
66035 # 1504
66035 # 1504
66035 # 1504
66035 # 1504
66035 # 1504
66035 # 1504
66035 # 1504
66035 # 1504
