# init timestamp: 1744914702720.000
1538.000 # 1500
1538.000 # 1500
1538.000 # 1500
1538.000 # 1500
1538.000 # 1500
1538.000 # 1500
1538.000 # 1500
1538.000 # 1500
1538.000 # 1500
1538.000 # 1500
1538.000 # 1500
1538.000 # 1500
1538.000 # 1500
1538.000 # 1500
1538.000 # 1500
1538.000 # 1500
1538.000 # 1500
1538.000 # 1500
1538.000 # 1500
1538.000 # 1500
1538.000 # 1500
1538.000 # 1500
1538.000 # 1500
1538.000 # 1500
1538.000 # 1500
1538.000 # 1500
1538.000 # 1500
1538.000 # 1500
1538.000 # 1500
1538.000 # 1500
1538.000 # 1500
1538.000 # 1500
1538.000 # 1500
1538.000 # 1500
1538.000 # 1500
1538.000 # 1500
1538.000 # 1500
1538.000 # 1500
1538.000 # 1500
1538.000 # 1500
1538.000 # 1500
1538.000 # 1500
1538.000 # 1500
1538.000 # 1500
1538.000 # 1500
1538.000 # 1500
1538.000 # 1500
1538.000 # 1500
1538.000 # 1500
1538.000 # 1500
1538.000 # 1500
1538.000 # 1500
1538.000 # 1500
1538.000 # 1500
1538.000 # 1500
1538.000 # 1500
1538.000 # 1500
1538.000 # 1500
1538.000 # 1500
1538.000 # 1500
1538.000 # 1500
1538.000 # 1500
1538.000 # 1500
1538.000 # 1500
1538.000 # 1500
1538.000 # 1500
1538.000 # 1500
1538.000 # 1500
1538.000 # 1500
1538.000 # 1500
1538.000 # 1500
1538.000 # 1500
1538.000 # 1500
1538.000 # 1500
1538.000 # 1500
1538.000 # 1500
1538.000 # 1500
1538.000 # 1500
1538.000 # 1500
1538.000 # 1500
1538.000 # 1500
1538.000 # 1500
1538.000 # 1500
3038.000 # 1500
3038.000 # 1500
3038.000 # 1500
3038.000 # 1500
3038.000 # 1500
3038.000 # 1500
3038.000 # 1500
3038.000 # 1500
3038.000 # 1500
3038.000 # 1500
3038.000 # 1500
3038.000 # 1500
3038.000 # 1500
3038.000 # 1500
3038.000 # 1500
3038.000 # 1500
3038.000 # 1500
3038.000 # 1500
3038.000 # 1500
3038.000 # 1500
3038.000 # 1500
3038.000 # 1500
3038.000 # 1500
3038.000 # 1500
3038.000 # 1500
3038.000 # 1500
3038.000 # 1500
3038.000 # 1500
3038.000 # 1500
3038.000 # 1500
3038.000 # 1500
3038.000 # 1500
3038.000 # 1500
3038.000 # 1500
3038.000 # 1500
3038.000 # 1500
3038.000 # 1500
3038.000 # 1500
3038.000 # 1500
3038.000 # 1500
3038.000 # 1500
3038.000 # 1500
3038.000 # 1500
3038.000 # 1500
3038.000 # 1500
3038.000 # 1500
3038.000 # 1500
3038.000 # 1500
3038.000 # 1500
3038.000 # 1500
3038.000 # 1500
3038.000 # 1500
3038.000 # 1500
3038.000 # 1500
3038.000 # 1500
3038.000 # 1500
3038.000 # 1500
3038.000 # 1500
3038.000 # 1500
3038.000 # 1500
3038.000 # 1500
3038.000 # 1500
3038.000 # 1500
3038.000 # 1500
3038.000 # 1500
3038.000 # 1500
3038.000 # 1500
3038.000 # 1500
3038.000 # 1500
3038.000 # 1500
3038.000 # 1500
3038.000 # 1500
3038.000 # 1500
3038.000 # 1500
3038.000 # 1500
3038.000 # 1500
3038.000 # 1500
3038.000 # 1500
3038.000 # 1500
3038.000 # 1500
3038.000 # 1500
3038.000 # 1500
3038.000 # 1500
4538.000 # 1500
4538.000 # 1500
4538.000 # 1500
4538.000 # 1500
4538.000 # 1500
4538.000 # 1500
4538.000 # 1500
4538.000 # 1500
4538.000 # 1500
4538.000 # 1500
4538.000 # 1500
4538.000 # 1500
4538.000 # 1500
4538.000 # 1500
4538.000 # 1500
4538.000 # 1500
4538.000 # 1500
4538.000 # 1500
4538.000 # 1500
4538.000 # 1500
4538.000 # 1500
4538.000 # 1500
4538.000 # 1500
4538.000 # 1500
4538.000 # 1500
4538.000 # 1500
4538.000 # 1500
4538.000 # 1500
4538.000 # 1500
4538.000 # 1500
4538.000 # 1500
4538.000 # 1500
4538.000 # 1500
4538.000 # 1500
4538.000 # 1500
4538.000 # 1500
4538.000 # 1500
4538.000 # 1500
4538.000 # 1500
4538.000 # 1500
4538.000 # 1500
4538.000 # 1500
4538.000 # 1500
4538.000 # 1500
4538.000 # 1500
4538.000 # 1500
4538.000 # 1500
4538.000 # 1500
4538.000 # 1500
4538.000 # 1500
4538.000 # 1500
4538.000 # 1500
4538.000 # 1500
4538.000 # 1500
4538.000 # 1500
4538.000 # 1500
4538.000 # 1500
4538.000 # 1500
4538.000 # 1500
4538.000 # 1500
4538.000 # 1500
4538.000 # 1500
4538.000 # 1500
4538.000 # 1500
4538.000 # 1500
4538.000 # 1500
4538.000 # 1500
4538.000 # 1500
4538.000 # 1500
4538.000 # 1500
4538.000 # 1500
4538.000 # 1500
4538.000 # 1500
4538.000 # 1500
4538.000 # 1500
4538.000 # 1500
4538.000 # 1500
4538.000 # 1500
4538.000 # 1500
4538.000 # 1500
4538.000 # 1500
4538.000 # 1500
4538.000 # 1500
6038.000 # 1500
6038.000 # 1500
6038.000 # 1500
6038.000 # 1500
6038.000 # 1500
6038.000 # 1500
6038.000 # 1500
6038.000 # 1500
6038.000 # 1500
6038.000 # 1500
6038.000 # 1500
6038.000 # 1500
6038.000 # 1500
6038.000 # 1500
6038.000 # 1500
6038.000 # 1500
6038.000 # 1500
6038.000 # 1500
6038.000 # 1500
6038.000 # 1500
6038.000 # 1500
6038.000 # 1500
6038.000 # 1500
6038.000 # 1500
6038.000 # 1500
6038.000 # 1500
6038.000 # 1500
6038.000 # 1500
6038.000 # 1500
6038.000 # 1500
6038.000 # 1500
6038.000 # 1500
6038.000 # 1500
6038.000 # 1500
6038.000 # 1500
6038.000 # 1500
6038.000 # 1500
6038.000 # 1500
6038.000 # 1500
6038.000 # 1500
6038.000 # 1500
6038.000 # 1500
6038.000 # 1500
6038.000 # 1500
6038.000 # 1500
6038.000 # 1500
6038.000 # 1500
6038.000 # 1500
6038.000 # 1500
6038.000 # 1500
6038.000 # 1500
6038.000 # 1500
6038.000 # 1500
6038.000 # 1500
6038.000 # 1500
6038.000 # 1500
6038.000 # 1500
6038.000 # 1500
6038.000 # 1500
6038.000 # 1500
6038.000 # 1500
6038.000 # 1500
6038.000 # 1500
6038.000 # 1500
6038.000 # 1500
6038.000 # 1500
6038.000 # 1500
6038.000 # 1500
6038.000 # 1500
6038.000 # 1500
6038.000 # 1500
6038.000 # 1500
6038.000 # 1500
6038.000 # 1500
6038.000 # 1500
6038.000 # 1500
6038.000 # 1500
6038.000 # 1500
6038.000 # 1500
6038.000 # 1500
6038.000 # 1500
6038.000 # 1500
6038.000 # 1500
7538.000 # 1500
7538.000 # 1500
7538.000 # 1500
7538.000 # 1500
7538.000 # 1500
7538.000 # 1500
7538.000 # 1500
7538.000 # 1500
7538.000 # 1500
7538.000 # 1500
7538.000 # 1500
7538.000 # 1500
7538.000 # 1500
7538.000 # 1500
7538.000 # 1500
7538.000 # 1500
7538.000 # 1500
7538.000 # 1500
7538.000 # 1500
7538.000 # 1500
7538.000 # 1500
7538.000 # 1500
7538.000 # 1500
7538.000 # 1500
7538.000 # 1500
7538.000 # 1500
7538.000 # 1500
7538.000 # 1500
7538.000 # 1500
7538.000 # 1500
7538.000 # 1500
7538.000 # 1500
7538.000 # 1500
7538.000 # 1500
7538.000 # 1500
7538.000 # 1500
7538.000 # 1500
7538.000 # 1500
7538.000 # 1500
7538.000 # 1500
7538.000 # 1500
7538.000 # 1500
7538.000 # 1500
7538.000 # 1500
7538.000 # 1500
7538.000 # 1500
7538.000 # 1500
7538.000 # 1500
7538.000 # 1500
7538.000 # 1500
7538.000 # 1500
7538.000 # 1500
7538.000 # 1500
7538.000 # 1500
7538.000 # 1500
7538.000 # 1500
7538.000 # 1500
7538.000 # 1500
7538.000 # 1500
7538.000 # 1500
7538.000 # 1500
7538.000 # 1500
7538.000 # 1500
7538.000 # 1500
7538.000 # 1500
7538.000 # 1500
7538.000 # 1500
7538.000 # 1500
7538.000 # 1500
7538.000 # 1500
7538.000 # 1500
7538.000 # 1500
7538.000 # 1500
7538.000 # 1500
7538.000 # 1500
7538.000 # 1500
7538.000 # 1500
7538.000 # 1500
7538.000 # 1500
7538.000 # 1500
7538.000 # 1500
7538.000 # 1500
7538.000 # 1500
7547.876 + 82 1
7554.080 + 82 1
9038.000 # 1500
9038.000 # 1500
9038.000 # 1500
9038.000 # 1500
9038.000 # 1500
9038.000 # 1500
9038.000 # 1500
9038.000 # 1500
9038.000 # 1500
9038.000 # 1500
9038.000 # 1500
9038.000 # 1500
9038.000 # 1500
9038.000 # 1500
9038.000 # 1500
9038.000 # 1500
9038.000 # 1500
9038.000 # 1500
9038.000 # 1500
9038.000 # 1500
9038.000 # 1500
9038.000 # 1500
9038.000 # 1500
9038.000 # 1500
9038.000 # 1500
9038.000 # 1500
9038.000 # 1500
9038.000 # 1500
9038.000 # 1500
9038.000 # 1500
9038.000 # 1500
9038.000 # 1500
9038.000 # 1500
9038.000 # 1500
9038.000 # 1500
9038.000 # 1500
9038.000 # 1500
9038.000 # 1500
9038.000 # 1500
9038.000 # 1500
9038.000 # 1500
9038.000 # 1500
9038.000 # 1500
9038.000 # 1500
9038.000 # 1500
9038.000 # 1500
9038.000 # 1500
9038.000 # 1500
9038.000 # 1500
9038.000 # 1500
9038.000 # 1500
9038.000 # 1500
9038.000 # 1500
9038.000 # 1500
9038.000 # 1500
9038.000 # 1500
9038.000 # 1500
9038.000 # 1500
9038.000 # 1500
9038.000 # 1500
9038.000 # 1500
9038.000 # 1500
9038.000 # 1500
9038.000 # 1500
9038.000 # 1500
9038.000 # 1500
9038.000 # 1500
9038.000 # 1500
9038.000 # 1500
9038.000 # 1500
9038.000 # 1500
9038.000 # 1500
9038.000 # 1500
9038.000 # 1500
9038.000 # 1500
9038.000 # 1500
9038.000 # 1500
9038.000 # 1500
9038.000 # 1500
9038.000 # 1500
9038.000 # 1500
9038.000 # 1500
9038.000 # 1500
9041.048 - 82 1493.172 1
9041.177 - 82 1487.097 1
9047.058 + 82 1
9053.382 + 82 1
10538.000 # 1500
10538.000 # 1500
10538.000 # 1500
10538.000 # 1500
10538.000 # 1500
10538.000 # 1500
10538.000 # 1500
10538.000 # 1500
10538.000 # 1500
10538.000 # 1500
10538.000 # 1500
10538.000 # 1500
10538.000 # 1500
10538.000 # 1500
10538.000 # 1500
10538.000 # 1500
10538.000 # 1500
10538.000 # 1500
10538.000 # 1500
10538.000 # 1500
10538.000 # 1500
10538.000 # 1500
10538.000 # 1500
10538.000 # 1500
10538.000 # 1500
10538.000 # 1500
10538.000 # 1500
10538.000 # 1500
10538.000 # 1500
10538.000 # 1500
10538.000 # 1500
10538.000 # 1500
10538.000 # 1500
10538.000 # 1500
10538.000 # 1500
10538.000 # 1500
10538.000 # 1500
10538.000 # 1500
10538.000 # 1500
10538.000 # 1500
10538.000 # 1500
10538.000 # 1500
10538.000 # 1500
10538.000 # 1500
10538.000 # 1500
10538.000 # 1500
10538.000 # 1500
10538.000 # 1500
10538.000 # 1500
10538.000 # 1500
10538.000 # 1500
10538.000 # 1500
10538.000 # 1500
10538.000 # 1500
10538.000 # 1500
10538.000 # 1500
10538.000 # 1500
10538.000 # 1500
10538.000 # 1500
10538.000 # 1500
10538.000 # 1500
10538.000 # 1500
10538.000 # 1500
10538.000 # 1500
10538.000 # 1500
10538.000 # 1500
10538.000 # 1500
10538.000 # 1500
10538.000 # 1500
10538.000 # 1500
10538.000 # 1500
10538.000 # 1500
10538.000 # 1500
10538.000 # 1500
10538.000 # 1500
10538.000 # 1500
10538.000 # 1500
10538.000 # 1500
10538.000 # 1500
10538.000 # 1500
10538.000 # 1500
10538.000 # 1500
10538.000 # 1500
10542.004 - 82 1494.946 1
10542.091 - 82 1488.709 1
10548.619 + 82 1
10554.246 + 82 1
12038.000 # 1500
12038.000 # 1500
12038.000 # 1500
12038.000 # 1500
12038.000 # 1500
12038.000 # 1500
12038.000 # 1500
12038.000 # 1500
12038.000 # 1500
12038.000 # 1500
12038.000 # 1500
12038.000 # 1500
12038.000 # 1500
12038.000 # 1500
12038.000 # 1500
12038.000 # 1500
12038.000 # 1500
12038.000 # 1500
12038.000 # 1500
12038.000 # 1500
12038.000 # 1500
12038.000 # 1500
12038.000 # 1500
12038.000 # 1500
12038.000 # 1500
12038.000 # 1500
12038.000 # 1500
12038.000 # 1500
12038.000 # 1500
12038.000 # 1500
12038.000 # 1500
12038.000 # 1500
12038.000 # 1500
12038.000 # 1500
12038.000 # 1500
12038.000 # 1500
12038.000 # 1500
12038.000 # 1500
12038.000 # 1500
12038.000 # 1500
12038.000 # 1500
12038.000 # 1500
12038.000 # 1500
12038.000 # 1500
12038.000 # 1500
12038.000 # 1500
12038.000 # 1500
12038.000 # 1500
12038.000 # 1500
12038.000 # 1500
12038.000 # 1500
12038.000 # 1500
12038.000 # 1500
12038.000 # 1500
12038.000 # 1500
12038.000 # 1500
12038.000 # 1500
12038.000 # 1500
12038.000 # 1500
12038.000 # 1500
12038.000 # 1500
12038.000 # 1500
12038.000 # 1500
12038.000 # 1500
12038.000 # 1500
12038.000 # 1500
12038.000 # 1500
12038.000 # 1500
12038.000 # 1500
12038.000 # 1500
12038.000 # 1500
12038.000 # 1500
12038.000 # 1500
12038.000 # 1500
12038.000 # 1500
12038.000 # 1500
12038.000 # 1500
12038.000 # 1500
12038.000 # 1500
12038.000 # 1500
12038.000 # 1500
12038.000 # 1500
12038.000 # 1500
12040.984 - 82 1492.365 1
12041.068 - 82 1486.822 1
12047.578 + 82 1
12053.966 + 82 1
13538.000 # 1500
13538.000 # 1500
13538.000 # 1500
13538.000 # 1500
13538.000 # 1500
13538.000 # 1500
13538.000 # 1500
13538.000 # 1500
13538.000 # 1500
13538.000 # 1500
13538.000 # 1500
13538.000 # 1500
13538.000 # 1500
13538.000 # 1500
13538.000 # 1500
13538.000 # 1500
13538.000 # 1500
13538.000 # 1500
13538.000 # 1500
13538.000 # 1500
13538.000 # 1500
13538.000 # 1500
13538.000 # 1500
13538.000 # 1500
13538.000 # 1500
13538.000 # 1500
13538.000 # 1500
13538.000 # 1500
13538.000 # 1500
13538.000 # 1500
13538.000 # 1500
13538.000 # 1500
13538.000 # 1500
13538.000 # 1500
13538.000 # 1500
13538.000 # 1500
13538.000 # 1500
13538.000 # 1500
13538.000 # 1500
13538.000 # 1500
13538.000 # 1500
13538.000 # 1500
13538.000 # 1500
13538.000 # 1500
13538.000 # 1500
13538.000 # 1500
13538.000 # 1500
13538.000 # 1500
13538.000 # 1500
13538.000 # 1500
13538.000 # 1500
13538.000 # 1500
13538.000 # 1500
13538.000 # 1500
13538.000 # 1500
13538.000 # 1500
13538.000 # 1500
13538.000 # 1500
13538.000 # 1500
13538.000 # 1500
13538.000 # 1500
13538.000 # 1500
13538.000 # 1500
13538.000 # 1500
13538.000 # 1500
13538.000 # 1500
13538.000 # 1500
13538.000 # 1500
13538.000 # 1500
13538.000 # 1500
13538.000 # 1500
13538.000 # 1500
13538.000 # 1500
13538.000 # 1500
13538.000 # 1500
13538.000 # 1500
13538.000 # 1500
13538.000 # 1500
13538.000 # 1500
13538.000 # 1500
13538.000 # 1500
13538.000 # 1500
13538.000 # 1500
13539.338 - 82 1491.760 1
13539.431 - 82 1485.465 1
13545.970 + 82 1
13551.183 + 82 1
15038.000 # 1500
15038.000 # 1500
15038.000 # 1500
15038.000 # 1500
15038.000 # 1500
15038.000 # 1500
15038.000 # 1500
15038.000 # 1500
15038.000 # 1500
15038.000 # 1500
15038.000 # 1500
15038.000 # 1500
15038.000 # 1500
15038.000 # 1500
15038.000 # 1500
15038.000 # 1500
15038.000 # 1500
15038.000 # 1500
15038.000 # 1500
15038.000 # 1500
15038.000 # 1500
15038.000 # 1500
15038.000 # 1500
15038.000 # 1500
15038.000 # 1500
15038.000 # 1500
15038.000 # 1500
15038.000 # 1500
15038.000 # 1500
15038.000 # 1500
15038.000 # 1500
15038.000 # 1500
15038.000 # 1500
15038.000 # 1500
15038.000 # 1500
15038.000 # 1500
15038.000 # 1500
15038.000 # 1500
15038.000 # 1500
15038.000 # 1500
15038.000 # 1500
15038.000 # 1500
15038.000 # 1500
15038.000 # 1500
15038.000 # 1500
15038.000 # 1500
15038.000 # 1500
15038.000 # 1500
15038.000 # 1500
15038.000 # 1500
15038.000 # 1500
15038.000 # 1500
15038.000 # 1500
15038.000 # 1500
15038.000 # 1500
15038.000 # 1500
15038.000 # 1500
15038.000 # 1500
15038.000 # 1500
15038.000 # 1500
15038.000 # 1500
15038.000 # 1500
15038.000 # 1500
15038.000 # 1500
15038.000 # 1500
15038.000 # 1500
15038.000 # 1500
15038.000 # 1500
15038.000 # 1500
15038.000 # 1500
15038.000 # 1500
15038.000 # 1500
15038.000 # 1500
15038.000 # 1500
15038.000 # 1500
15038.000 # 1500
15038.000 # 1500
15038.000 # 1500
15038.000 # 1500
15038.000 # 1500
15038.000 # 1500
15038.000 # 1500
15038.000 # 1500
15039.210 - 82 1493.240 1
15039.290 - 82 1488.107 1
15047.064 + 82 1
15053.319 + 82 1
16538.000 # 1500
16538.000 # 1500
16538.000 # 1500
16538.000 # 1500
16538.000 # 1500
16538.000 # 1500
16538.000 # 1500
16538.000 # 1500
16538.000 # 1500
16538.000 # 1500
16538.000 # 1500
16538.000 # 1500
16538.000 # 1500
16538.000 # 1500
16538.000 # 1500
16538.000 # 1500
16538.000 # 1500
16538.000 # 1500
16538.000 # 1500
16538.000 # 1500
16538.000 # 1500
16538.000 # 1500
16538.000 # 1500
16538.000 # 1500
16538.000 # 1500
16538.000 # 1500
16538.000 # 1500
16538.000 # 1500
16538.000 # 1500
16538.000 # 1500
16538.000 # 1500
16538.000 # 1500
16538.000 # 1500
16538.000 # 1500
16538.000 # 1500
16538.000 # 1500
16538.000 # 1500
16538.000 # 1500
16538.000 # 1500
16538.000 # 1500
16538.000 # 1500
16538.000 # 1500
16538.000 # 1500
16538.000 # 1500
16538.000 # 1500
16538.000 # 1500
16538.000 # 1500
16538.000 # 1500
16538.000 # 1500
16538.000 # 1500
16538.000 # 1500
16538.000 # 1500
16538.000 # 1500
16538.000 # 1500
16538.000 # 1500
16538.000 # 1500
16538.000 # 1500
16538.000 # 1500
16538.000 # 1500
16538.000 # 1500
16538.000 # 1500
16538.000 # 1500
16538.000 # 1500
16538.000 # 1500
16538.000 # 1500
16538.000 # 1500
16538.000 # 1500
16538.000 # 1500
16538.000 # 1500
16538.000 # 1500
16538.000 # 1500
16538.000 # 1500
16538.000 # 1500
16538.000 # 1500
16538.000 # 1500
16538.000 # 1500
16538.000 # 1500
16538.000 # 1500
16538.000 # 1500
16538.000 # 1500
16538.000 # 1500
16538.000 # 1500
16538.000 # 1500
16543.451 - 82 1496.387 1
16543.546 - 82 1490.227 1
16549.669 + 82 1
16556.162 + 82 1
18038.000 # 1500
18038.000 # 1500
18038.000 # 1500
18038.000 # 1500
18038.000 # 1500
18038.000 # 1500
18038.000 # 1500
18038.000 # 1500
18038.000 # 1500
18038.000 # 1500
18038.000 # 1500
18038.000 # 1500
18038.000 # 1500
18038.000 # 1500
18038.000 # 1500
18038.000 # 1500
18038.000 # 1500
18038.000 # 1500
18038.000 # 1500
18038.000 # 1500
18038.000 # 1500
18038.000 # 1500
18038.000 # 1500
18038.000 # 1500
18038.000 # 1500
18038.000 # 1500
18038.000 # 1500
18038.000 # 1500
18038.000 # 1500
18038.000 # 1500
18038.000 # 1500
18038.000 # 1500
18038.000 # 1500
18038.000 # 1500
18038.000 # 1500
18038.000 # 1500
18038.000 # 1500
18038.000 # 1500
18038.000 # 1500
18038.000 # 1500
18038.000 # 1500
18038.000 # 1500
18038.000 # 1500
18038.000 # 1500
18038.000 # 1500
18038.000 # 1500
18038.000 # 1500
18038.000 # 1500
18038.000 # 1500
18038.000 # 1500
18038.000 # 1500
18038.000 # 1500
18038.000 # 1500
18038.000 # 1500
18038.000 # 1500
18038.000 # 1500
18038.000 # 1500
18038.000 # 1500
18038.000 # 1500
18038.000 # 1500
18038.000 # 1500
18038.000 # 1500
18038.000 # 1500
18038.000 # 1500
18038.000 # 1500
18038.000 # 1500
18038.000 # 1500
18038.000 # 1500
18038.000 # 1500
18038.000 # 1500
18038.000 # 1500
18038.000 # 1500
18038.000 # 1500
18038.000 # 1500
18038.000 # 1500
18038.000 # 1500
18038.000 # 1500
18038.000 # 1500
18038.000 # 1500
18038.000 # 1500
18038.000 # 1500
18038.000 # 1500
18038.000 # 1500
18041.887 - 82 1492.218 1
18041.974 - 82 1485.812 1
18046.259 + 82 1
18052.491 + 82 1
19538.000 # 1500
19538.000 # 1500
19538.000 # 1500
19538.000 # 1500
19538.000 # 1500
19538.000 # 1500
19538.000 # 1500
19538.000 # 1500
19538.000 # 1500
19538.000 # 1500
19538.000 # 1500
19538.000 # 1500
19538.000 # 1500
19538.000 # 1500
19538.000 # 1500
19538.000 # 1500
19538.000 # 1500
19538.000 # 1500
19538.000 # 1500
19538.000 # 1500
19538.000 # 1500
19538.000 # 1500
19538.000 # 1500
19538.000 # 1500
19538.000 # 1500
19538.000 # 1500
19538.000 # 1500
19538.000 # 1500
19538.000 # 1500
19538.000 # 1500
19538.000 # 1500
19538.000 # 1500
19538.000 # 1500
19538.000 # 1500
19538.000 # 1500
19538.000 # 1500
19538.000 # 1500
19538.000 # 1500
19538.000 # 1500
19538.000 # 1500
19538.000 # 1500
19538.000 # 1500
19538.000 # 1500
19538.000 # 1500
19538.000 # 1500
19538.000 # 1500
19538.000 # 1500
19538.000 # 1500
19538.000 # 1500
19538.000 # 1500
19538.000 # 1500
19538.000 # 1500
19538.000 # 1500
19538.000 # 1500
19538.000 # 1500
19538.000 # 1500
19538.000 # 1500
19538.000 # 1500
19538.000 # 1500
19538.000 # 1500
19538.000 # 1500
19538.000 # 1500
19538.000 # 1500
19538.000 # 1500
19538.000 # 1500
19538.000 # 1500
19538.000 # 1500
19538.000 # 1500
19538.000 # 1500
19538.000 # 1500
19538.000 # 1500
19538.000 # 1500
19538.000 # 1500
19538.000 # 1500
19538.000 # 1500
19538.000 # 1500
19538.000 # 1500
19538.000 # 1500
19538.000 # 1500
19538.000 # 1500
19538.000 # 1500
19538.000 # 1500
19538.000 # 1500
19542.651 - 82 1496.392 1
19543.030 - 82 1490.539 1
19550.129 + 82 1
19555.122 + 82 1
21038.000 # 1500
21038.000 # 1500
21038.000 # 1500
21038.000 # 1500
21038.000 # 1500
21038.000 # 1500
21038.000 # 1500
21038.000 # 1500
21038.000 # 1500
21038.000 # 1500
21038.000 # 1500
21038.000 # 1500
21038.000 # 1500
21038.000 # 1500
21038.000 # 1500
21038.000 # 1500
21038.000 # 1500
21038.000 # 1500
21038.000 # 1500
21038.000 # 1500
21038.000 # 1500
21038.000 # 1500
21038.000 # 1500
21038.000 # 1500
21038.000 # 1500
21038.000 # 1500
21038.000 # 1500
21038.000 # 1500
21038.000 # 1500
21038.000 # 1500
21038.000 # 1500
21038.000 # 1500
21038.000 # 1500
21038.000 # 1500
21038.000 # 1500
21038.000 # 1500
21038.000 # 1500
21038.000 # 1500
21038.000 # 1500
21038.000 # 1500
21038.000 # 1500
21038.000 # 1500
21038.000 # 1500
21038.000 # 1500
21038.000 # 1500
21038.000 # 1500
21038.000 # 1500
21038.000 # 1500
21038.000 # 1500
21038.000 # 1500
21038.000 # 1500
21038.000 # 1500
21038.000 # 1500
21038.000 # 1500
21038.000 # 1500
21038.000 # 1500
21038.000 # 1500
21038.000 # 1500
21038.000 # 1500
21038.000 # 1500
21038.000 # 1500
21038.000 # 1500
21038.000 # 1500
21038.000 # 1500
21038.000 # 1500
21038.000 # 1500
21038.000 # 1500
21038.000 # 1500
21038.000 # 1500
21038.000 # 1500
21038.000 # 1500
21038.000 # 1500
21038.000 # 1500
21038.000 # 1500
21038.000 # 1500
21038.000 # 1500
21038.000 # 1500
21038.000 # 1500
21038.000 # 1500
21038.000 # 1500
21038.000 # 1500
21038.000 # 1500
21038.000 # 1500
21040.665 - 82 1490.536 1
21040.831 - 82 1485.709 1
21045.487 + 82 1
21051.701 + 82 1
22538.000 # 1500
22538.000 # 1500
22538.000 # 1500
22538.000 # 1500
22538.000 # 1500
22538.000 # 1500
22538.000 # 1500
22538.000 # 1500
22538.000 # 1500
22538.000 # 1500
22538.000 # 1500
22538.000 # 1500
22538.000 # 1500
22538.000 # 1500
22538.000 # 1500
22538.000 # 1500
22538.000 # 1500
22538.000 # 1500
22538.000 # 1500
22538.000 # 1500
22538.000 # 1500
22538.000 # 1500
22538.000 # 1500
22538.000 # 1500
22538.000 # 1500
22538.000 # 1500
22538.000 # 1500
22538.000 # 1500
22538.000 # 1500
22538.000 # 1500
22538.000 # 1500
22538.000 # 1500
22538.000 # 1500
22538.000 # 1500
22538.000 # 1500
22538.000 # 1500
22538.000 # 1500
22538.000 # 1500
22538.000 # 1500
22538.000 # 1500
22538.000 # 1500
22538.000 # 1500
22538.000 # 1500
22538.000 # 1500
22538.000 # 1500
22538.000 # 1500
22538.000 # 1500
22538.000 # 1500
22538.000 # 1500
22538.000 # 1500
22538.000 # 1500
22538.000 # 1500
22538.000 # 1500
22538.000 # 1500
22538.000 # 1500
22538.000 # 1500
22538.000 # 1500
22538.000 # 1500
22538.000 # 1500
22538.000 # 1500
22538.000 # 1500
22538.000 # 1500
22538.000 # 1500
22538.000 # 1500
22538.000 # 1500
22538.000 # 1500
22538.000 # 1500
22538.000 # 1500
22538.000 # 1500
22538.000 # 1500
22538.000 # 1500
22538.000 # 1500
22538.000 # 1500
22538.000 # 1500
22538.000 # 1500
22538.000 # 1500
22538.000 # 1500
22538.000 # 1500
22538.000 # 1500
22538.000 # 1500
22538.000 # 1500
22538.000 # 1500
22538.000 # 1500
22542.344 - 82 1496.857 1
22542.457 - 82 1490.756 1
22548.735 + 82 1
22555.167 + 82 1
24038.000 # 1500
24038.000 # 1500
24038.000 # 1500
24038.000 # 1500
24038.000 # 1500
24038.000 # 1500
24038.000 # 1500
24038.000 # 1500
24038.000 # 1500
24038.000 # 1500
24038.000 # 1500
24038.000 # 1500
24038.000 # 1500
24038.000 # 1500
24038.000 # 1500
24038.000 # 1500
24038.000 # 1500
24038.000 # 1500
24038.000 # 1500
24038.000 # 1500
24038.000 # 1500
24038.000 # 1500
24038.000 # 1500
24038.000 # 1500
24038.000 # 1500
24038.000 # 1500
24038.000 # 1500
24038.000 # 1500
24038.000 # 1500
24038.000 # 1500
24038.000 # 1500
24038.000 # 1500
24038.000 # 1500
24038.000 # 1500
24038.000 # 1500
24038.000 # 1500
24038.000 # 1500
24038.000 # 1500
24038.000 # 1500
24038.000 # 1500
24038.000 # 1500
24038.000 # 1500
24038.000 # 1500
24038.000 # 1500
24038.000 # 1500
24038.000 # 1500
24038.000 # 1500
24038.000 # 1500
24038.000 # 1500
24038.000 # 1500
24038.000 # 1500
24038.000 # 1500
24038.000 # 1500
24038.000 # 1500
24038.000 # 1500
24038.000 # 1500
24038.000 # 1500
24038.000 # 1500
24038.000 # 1500
24038.000 # 1500
24038.000 # 1500
24038.000 # 1500
24038.000 # 1500
24038.000 # 1500
24038.000 # 1500
24038.000 # 1500
24038.000 # 1500
24038.000 # 1500
24038.000 # 1500
24038.000 # 1500
24038.000 # 1500
24038.000 # 1500
24038.000 # 1500
24038.000 # 1500
24038.000 # 1500
24038.000 # 1500
24038.000 # 1500
24038.000 # 1500
24038.000 # 1500
24038.000 # 1500
24038.000 # 1500
24038.000 # 1500
24038.000 # 1500
24043.139 - 82 1494.404 1
24043.216 - 82 1488.049 1
24048.818 + 82 1
24054.996 + 82 1
25538.000 # 1500
25538.000 # 1500
25538.000 # 1500
25538.000 # 1500
25538.000 # 1500
25538.000 # 1500
25538.000 # 1500
25538.000 # 1500
25538.000 # 1500
25538.000 # 1500
25538.000 # 1500
25538.000 # 1500
25538.000 # 1500
25538.000 # 1500
25538.000 # 1500
25538.000 # 1500
25538.000 # 1500
25538.000 # 1500
25538.000 # 1500
25538.000 # 1500
25538.000 # 1500
25538.000 # 1500
25538.000 # 1500
25538.000 # 1500
25538.000 # 1500
25538.000 # 1500
25538.000 # 1500
25538.000 # 1500
25538.000 # 1500
25538.000 # 1500
25538.000 # 1500
25538.000 # 1500
25538.000 # 1500
25538.000 # 1500
25538.000 # 1500
25538.000 # 1500
25538.000 # 1500
25538.000 # 1500
25538.000 # 1500
25538.000 # 1500
25538.000 # 1500
25538.000 # 1500
25538.000 # 1500
25538.000 # 1500
25538.000 # 1500
25538.000 # 1500
25538.000 # 1500
25538.000 # 1500
25538.000 # 1500
25538.000 # 1500
25538.000 # 1500
25538.000 # 1500
25538.000 # 1500
25538.000 # 1500
25538.000 # 1500
25538.000 # 1500
25538.000 # 1500
25538.000 # 1500
25538.000 # 1500
25538.000 # 1500
25538.000 # 1500
25538.000 # 1500
25538.000 # 1500
25538.000 # 1500
25538.000 # 1500
25538.000 # 1500
25538.000 # 1500
25538.000 # 1500
25538.000 # 1500
25538.000 # 1500
25538.000 # 1500
25538.000 # 1500
25538.000 # 1500
25538.000 # 1500
25538.000 # 1500
25538.000 # 1500
25538.000 # 1500
25538.000 # 1500
25538.000 # 1500
25538.000 # 1500
25538.000 # 1500
25538.000 # 1500
25538.000 # 1500
25543.035 - 82 1494.217 1
25543.151 - 82 1488.155 1
25550.252 + 82 1
25556.733 + 82 1
27038.000 # 1500
27038.000 # 1500
27038.000 # 1500
27038.000 # 1500
27038.000 # 1500
27038.000 # 1500
27038.000 # 1500
27038.000 # 1500
27038.000 # 1500
27038.000 # 1500
27038.000 # 1500
27038.000 # 1500
27038.000 # 1500
27038.000 # 1500
27038.000 # 1500
27038.000 # 1500
27038.000 # 1500
27038.000 # 1500
27038.000 # 1500
27038.000 # 1500
27038.000 # 1500
27038.000 # 1500
27038.000 # 1500
27038.000 # 1500
27038.000 # 1500
27038.000 # 1500
27038.000 # 1500
27038.000 # 1500
27038.000 # 1500
27038.000 # 1500
27038.000 # 1500
27038.000 # 1500
27038.000 # 1500
27038.000 # 1500
27038.000 # 1500
27038.000 # 1500
27038.000 # 1500
27038.000 # 1500
27038.000 # 1500
27038.000 # 1500
27038.000 # 1500
27038.000 # 1500
27038.000 # 1500
27038.000 # 1500
27038.000 # 1500
27038.000 # 1500
27038.000 # 1500
27038.000 # 1500
27038.000 # 1500
27038.000 # 1500
27038.000 # 1500
27038.000 # 1500
27038.000 # 1500
27038.000 # 1500
27038.000 # 1500
27038.000 # 1500
27038.000 # 1500
27038.000 # 1500
27038.000 # 1500
27038.000 # 1500
27038.000 # 1500
27038.000 # 1500
27038.000 # 1500
27038.000 # 1500
27038.000 # 1500
27038.000 # 1500
27038.000 # 1500
27038.000 # 1500
27038.000 # 1500
27038.000 # 1500
27038.000 # 1500
27038.000 # 1500
27038.000 # 1500
27038.000 # 1500
27038.000 # 1500
27038.000 # 1500
27038.000 # 1500
27038.000 # 1500
27038.000 # 1500
27038.000 # 1500
27038.000 # 1500
27038.000 # 1500
27038.000 # 1500
27041.596 - 82 1491.344 1
27041.718 - 82 1484.985 1
27049.687 + 82 1
27055.112 + 82 1
28538.000 # 1500
28538.000 # 1500
28538.000 # 1500
28538.000 # 1500
28538.000 # 1500
28538.000 # 1500
28538.000 # 1500
28538.000 # 1500
28538.000 # 1500
28538.000 # 1500
28538.000 # 1500
28538.000 # 1500
28538.000 # 1500
28538.000 # 1500
28538.000 # 1500
28538.000 # 1500
28538.000 # 1500
28538.000 # 1500
28538.000 # 1500
28538.000 # 1500
28538.000 # 1500
28538.000 # 1500
28538.000 # 1500
28538.000 # 1500
28538.000 # 1500
28538.000 # 1500
28538.000 # 1500
28538.000 # 1500
28538.000 # 1500
28538.000 # 1500
28538.000 # 1500
28538.000 # 1500
28538.000 # 1500
28538.000 # 1500
28538.000 # 1500
28538.000 # 1500
28538.000 # 1500
28538.000 # 1500
28538.000 # 1500
28538.000 # 1500
28538.000 # 1500
28538.000 # 1500
28538.000 # 1500
28538.000 # 1500
28538.000 # 1500
28538.000 # 1500
28538.000 # 1500
28538.000 # 1500
28538.000 # 1500
28538.000 # 1500
28538.000 # 1500
28538.000 # 1500
28538.000 # 1500
28538.000 # 1500
28538.000 # 1500
28538.000 # 1500
28538.000 # 1500
28538.000 # 1500
28538.000 # 1500
28538.000 # 1500
28538.000 # 1500
28538.000 # 1500
28538.000 # 1500
28538.000 # 1500
28538.000 # 1500
28538.000 # 1500
28538.000 # 1500
28538.000 # 1500
28538.000 # 1500
28538.000 # 1500
28538.000 # 1500
28538.000 # 1500
28538.000 # 1500
28538.000 # 1500
28538.000 # 1500
28538.000 # 1500
28538.000 # 1500
28538.000 # 1500
28538.000 # 1500
28538.000 # 1500
28538.000 # 1500
28538.000 # 1500
28538.000 # 1500
28542.224 - 82 1492.537 1
28542.322 - 82 1487.210 1
28549.890 + 82 1
28556.040 + 82 1
30038.000 # 1500
30038.000 # 1500
30038.000 # 1500
30038.000 # 1500
30038.000 # 1500
30038.000 # 1500
30038.000 # 1500
30038.000 # 1500
30038.000 # 1500
30038.000 # 1500
30038.000 # 1500
30038.000 # 1500
30038.000 # 1500
30038.000 # 1500
30038.000 # 1500
30038.000 # 1500
30038.000 # 1500
30038.000 # 1500
30038.000 # 1500
30038.000 # 1500
30038.000 # 1500
30038.000 # 1500
30038.000 # 1500
30038.000 # 1500
30038.000 # 1500
30038.000 # 1500
30038.000 # 1500
30038.000 # 1500
30038.000 # 1500
30038.000 # 1500
30038.000 # 1500
30038.000 # 1500
30038.000 # 1500
30038.000 # 1500
30038.000 # 1500
30038.000 # 1500
30038.000 # 1500
30038.000 # 1500
30038.000 # 1500
30038.000 # 1500
30038.000 # 1500
30038.000 # 1500
30038.000 # 1500
30038.000 # 1500
30038.000 # 1500
30038.000 # 1500
30038.000 # 1500
30038.000 # 1500
30038.000 # 1500
30038.000 # 1500
30038.000 # 1500
30038.000 # 1500
30038.000 # 1500
30038.000 # 1500
30038.000 # 1500
30038.000 # 1500
30038.000 # 1500
30038.000 # 1500
30038.000 # 1500
30038.000 # 1500
30038.000 # 1500
30038.000 # 1500
30038.000 # 1500
30038.000 # 1500
30038.000 # 1500
30038.000 # 1500
30038.000 # 1500
30038.000 # 1500
30038.000 # 1500
30038.000 # 1500
30038.000 # 1500
30038.000 # 1500
30038.000 # 1500
30038.000 # 1500
30038.000 # 1500
30038.000 # 1500
30038.000 # 1500
30038.000 # 1500
30038.000 # 1500
30038.000 # 1500
30038.000 # 1500
30038.000 # 1500
30038.000 # 1500
30043.364 - 82 1493.474 1
30043.451 - 82 1487.411 1
30050.074 + 82 1
30056.475 + 82 1
31538.000 # 1500
31538.000 # 1500
31538.000 # 1500
31538.000 # 1500
31538.000 # 1500
31538.000 # 1500
31538.000 # 1500
31538.000 # 1500
31538.000 # 1500
31538.000 # 1500
31538.000 # 1500
31538.000 # 1500
31538.000 # 1500
31538.000 # 1500
31538.000 # 1500
31538.000 # 1500
31538.000 # 1500
31538.000 # 1500
31538.000 # 1500
31538.000 # 1500
31538.000 # 1500
31538.000 # 1500
31538.000 # 1500
31538.000 # 1500
31538.000 # 1500
31538.000 # 1500
31538.000 # 1500
31538.000 # 1500
31538.000 # 1500
31538.000 # 1500
31538.000 # 1500
31538.000 # 1500
31538.000 # 1500
31538.000 # 1500
31538.000 # 1500
31538.000 # 1500
31538.000 # 1500
31538.000 # 1500
31538.000 # 1500
31538.000 # 1500
31538.000 # 1500
31538.000 # 1500
31538.000 # 1500
31538.000 # 1500
31538.000 # 1500
31538.000 # 1500
31538.000 # 1500
31538.000 # 1500
31538.000 # 1500
31538.000 # 1500
31538.000 # 1500
31538.000 # 1500
31538.000 # 1500
31538.000 # 1500
31538.000 # 1500
31538.000 # 1500
31538.000 # 1500
31538.000 # 1500
31538.000 # 1500
31538.000 # 1500
31538.000 # 1500
31538.000 # 1500
31538.000 # 1500
31538.000 # 1500
31538.000 # 1500
31538.000 # 1500
31538.000 # 1500
31538.000 # 1500
31538.000 # 1500
31538.000 # 1500
31538.000 # 1500
31538.000 # 1500
31538.000 # 1500
31538.000 # 1500
31538.000 # 1500
31538.000 # 1500
31538.000 # 1500
31538.000 # 1500
31538.000 # 1500
31538.000 # 1500
31538.000 # 1500
31538.000 # 1500
31538.000 # 1500
31540.802 - 82 1490.728 1
31540.896 - 82 1484.421 1
31546.273 + 82 1
31552.416 + 82 1
33038.000 # 1500
33038.000 # 1500
33038.000 # 1500
33038.000 # 1500
33038.000 # 1500
33038.000 # 1500
33038.000 # 1500
33038.000 # 1500
33038.000 # 1500
33038.000 # 1500
33038.000 # 1500
33038.000 # 1500
33038.000 # 1500
33038.000 # 1500
33038.000 # 1500
33038.000 # 1500
33038.000 # 1500
33038.000 # 1500
33038.000 # 1500
33038.000 # 1500
33038.000 # 1500
33038.000 # 1500
33038.000 # 1500
33038.000 # 1500
33038.000 # 1500
33038.000 # 1500
33038.000 # 1500
33038.000 # 1500
33038.000 # 1500
33038.000 # 1500
33038.000 # 1500
33038.000 # 1500
33038.000 # 1500
33038.000 # 1500
33038.000 # 1500
33038.000 # 1500
33038.000 # 1500
33038.000 # 1500
33038.000 # 1500
33038.000 # 1500
33038.000 # 1500
33038.000 # 1500
33038.000 # 1500
33038.000 # 1500
33038.000 # 1500
33038.000 # 1500
33038.000 # 1500
33038.000 # 1500
33038.000 # 1500
33038.000 # 1500
33038.000 # 1500
33038.000 # 1500
33038.000 # 1500
33038.000 # 1500
33038.000 # 1500
33038.000 # 1500
33038.000 # 1500
33038.000 # 1500
33038.000 # 1500
33038.000 # 1500
33038.000 # 1500
33038.000 # 1500
33038.000 # 1500
33038.000 # 1500
33038.000 # 1500
33038.000 # 1500
33038.000 # 1500
33038.000 # 1500
33038.000 # 1500
33038.000 # 1500
33038.000 # 1500
33038.000 # 1500
33038.000 # 1500
33038.000 # 1500
33038.000 # 1500
33038.000 # 1500
33038.000 # 1500
33038.000 # 1500
33038.000 # 1500
33038.000 # 1500
33038.000 # 1500
33038.000 # 1500
33038.000 # 1500
33041.312 - 82 1495.039 1
33041.392 - 82 1488.976 1
33048.082 + 82 1
33053.109 + 82 1
34538.000 # 1500
34538.000 # 1500
34538.000 # 1500
34538.000 # 1500
34538.000 # 1500
34538.000 # 1500
34538.000 # 1500
34538.000 # 1500
34538.000 # 1500
34538.000 # 1500
34538.000 # 1500
34538.000 # 1500
34538.000 # 1500
34538.000 # 1500
34538.000 # 1500
34538.000 # 1500
34538.000 # 1500
34538.000 # 1500
34538.000 # 1500
34538.000 # 1500
34538.000 # 1500
34538.000 # 1500
34538.000 # 1500
34538.000 # 1500
34538.000 # 1500
34538.000 # 1500
34538.000 # 1500
34538.000 # 1500
34538.000 # 1500
34538.000 # 1500
34538.000 # 1500
34538.000 # 1500
34538.000 # 1500
34538.000 # 1500
34538.000 # 1500
34538.000 # 1500
34538.000 # 1500
34538.000 # 1500
34538.000 # 1500
34538.000 # 1500
34538.000 # 1500
34538.000 # 1500
34538.000 # 1500
34538.000 # 1500
34538.000 # 1500
34538.000 # 1500
34538.000 # 1500
34538.000 # 1500
34538.000 # 1500
34538.000 # 1500
34538.000 # 1500
34538.000 # 1500
34538.000 # 1500
34538.000 # 1500
34538.000 # 1500
34538.000 # 1500
34538.000 # 1500
34538.000 # 1500
34538.000 # 1500
34538.000 # 1500
34538.000 # 1500
34538.000 # 1500
34538.000 # 1500
34538.000 # 1500
34538.000 # 1500
34538.000 # 1500
34538.000 # 1500
34538.000 # 1500
34538.000 # 1500
34538.000 # 1500
34538.000 # 1500
34538.000 # 1500
34538.000 # 1500
34538.000 # 1500
34538.000 # 1500
34538.000 # 1500
34538.000 # 1500
34538.000 # 1500
34538.000 # 1500
34538.000 # 1500
34538.000 # 1500
34538.000 # 1500
34538.000 # 1500
34544.050 - 82 1495.968 1
34544.150 - 82 1491.041 1
34546.058 + 82 1
34552.371 + 82 1
36038.000 # 1500
36038.000 # 1500
36038.000 # 1500
36038.000 # 1500
36038.000 # 1500
36038.000 # 1500
36038.000 # 1500
36038.000 # 1500
36038.000 # 1500
36038.000 # 1500
36038.000 # 1500
36038.000 # 1500
36038.000 # 1500
36038.000 # 1500
36038.000 # 1500
36038.000 # 1500
36038.000 # 1500
36038.000 # 1500
36038.000 # 1500
36038.000 # 1500
36038.000 # 1500
36038.000 # 1500
36038.000 # 1500
36038.000 # 1500
36038.000 # 1500
36038.000 # 1500
36038.000 # 1500
36038.000 # 1500
36038.000 # 1500
36038.000 # 1500
36038.000 # 1500
36038.000 # 1500
36038.000 # 1500
36038.000 # 1500
36038.000 # 1500
36038.000 # 1500
36038.000 # 1500
36038.000 # 1500
36038.000 # 1500
36038.000 # 1500
36038.000 # 1500
36038.000 # 1500
36038.000 # 1500
36038.000 # 1500
36038.000 # 1500
36038.000 # 1500
36038.000 # 1500
36038.000 # 1500
36038.000 # 1500
36038.000 # 1500
36038.000 # 1500
36038.000 # 1500
36038.000 # 1500
36038.000 # 1500
36038.000 # 1500
36038.000 # 1500
36038.000 # 1500
36038.000 # 1500
36038.000 # 1500
36038.000 # 1500
36038.000 # 1500
36038.000 # 1500
36038.000 # 1500
36038.000 # 1500
36038.000 # 1500
36038.000 # 1500
36038.000 # 1500
36038.000 # 1500
36038.000 # 1500
36038.000 # 1500
36038.000 # 1500
36038.000 # 1500
36038.000 # 1500
36038.000 # 1500
36038.000 # 1500
36038.000 # 1500
36038.000 # 1500
36038.000 # 1500
36038.000 # 1500
36038.000 # 1500
36038.000 # 1500
36038.000 # 1500
36038.000 # 1500
36041.943 - 82 1495.885 1
36042.022 - 82 1489.651 1
36046.068 + 82 1
36051.095 + 82 1
37538.000 # 1500
37538.000 # 1500
37538.000 # 1500
37538.000 # 1500
37538.000 # 1500
37538.000 # 1500
37538.000 # 1500
37538.000 # 1500
37538.000 # 1500
37538.000 # 1500
37538.000 # 1500
37538.000 # 1500
37538.000 # 1500
37538.000 # 1500
37538.000 # 1500
37538.000 # 1500
37538.000 # 1500
37538.000 # 1500
37538.000 # 1500
37538.000 # 1500
37538.000 # 1500
37538.000 # 1500
37538.000 # 1500
37538.000 # 1500
37538.000 # 1500
37538.000 # 1500
37538.000 # 1500
37538.000 # 1500
37538.000 # 1500
37538.000 # 1500
37538.000 # 1500
37538.000 # 1500
37538.000 # 1500
37538.000 # 1500
37538.000 # 1500
37538.000 # 1500
37538.000 # 1500
37538.000 # 1500
37538.000 # 1500
37538.000 # 1500
37538.000 # 1500
37538.000 # 1500
37538.000 # 1500
37538.000 # 1500
37538.000 # 1500
37538.000 # 1500
37538.000 # 1500
37538.000 # 1500
37538.000 # 1500
37538.000 # 1500
37538.000 # 1500
37538.000 # 1500
37538.000 # 1500
37538.000 # 1500
37538.000 # 1500
37538.000 # 1500
37538.000 # 1500
37538.000 # 1500
37538.000 # 1500
37538.000 # 1500
37538.000 # 1500
37538.000 # 1500
37538.000 # 1500
37538.000 # 1500
37538.000 # 1500
37538.000 # 1500
37538.000 # 1500
37538.000 # 1500
37538.000 # 1500
37538.000 # 1500
37538.000 # 1500
37538.000 # 1500
37538.000 # 1500
37538.000 # 1500
37538.000 # 1500
37538.000 # 1500
37538.000 # 1500
37538.000 # 1500
37538.000 # 1500
37538.000 # 1500
37538.000 # 1500
37538.000 # 1500
37538.000 # 1500
37542.395 - 82 1496.327 1
37542.505 - 82 1491.410 1
37549.260 + 82 1
37555.703 + 82 1
39038.000 # 1500
39038.000 # 1500
39038.000 # 1500
39038.000 # 1500
39038.000 # 1500
39038.000 # 1500
39038.000 # 1500
39038.000 # 1500
39038.000 # 1500
39038.000 # 1500
39038.000 # 1500
39038.000 # 1500
39038.000 # 1500
39038.000 # 1500
39038.000 # 1500
39038.000 # 1500
39038.000 # 1500
39038.000 # 1500
39038.000 # 1500
39038.000 # 1500
39038.000 # 1500
39038.000 # 1500
39038.000 # 1500
39038.000 # 1500
39038.000 # 1500
39038.000 # 1500
39038.000 # 1500
39038.000 # 1500
39038.000 # 1500
39038.000 # 1500
39038.000 # 1500
39038.000 # 1500
39038.000 # 1500
39038.000 # 1500
39038.000 # 1500
39038.000 # 1500
39038.000 # 1500
39038.000 # 1500
39038.000 # 1500
39038.000 # 1500
39038.000 # 1500
39038.000 # 1500
39038.000 # 1500
39038.000 # 1500
39038.000 # 1500
39038.000 # 1500
39038.000 # 1500
39038.000 # 1500
39038.000 # 1500
39038.000 # 1500
39038.000 # 1500
39038.000 # 1500
39038.000 # 1500
39038.000 # 1500
39038.000 # 1500
39038.000 # 1500
39038.000 # 1500
39038.000 # 1500
39038.000 # 1500
39038.000 # 1500
39038.000 # 1500
39038.000 # 1500
39038.000 # 1500
39038.000 # 1500
39038.000 # 1500
39038.000 # 1500
39038.000 # 1500
39038.000 # 1500
39038.000 # 1500
39038.000 # 1500
39038.000 # 1500
39038.000 # 1500
39038.000 # 1500
39038.000 # 1500
39038.000 # 1500
39038.000 # 1500
39038.000 # 1500
39038.000 # 1500
39038.000 # 1500
39038.000 # 1500
39038.000 # 1500
39038.000 # 1500
39038.000 # 1500
39040.271 - 82 1491.011 1
39040.353 - 82 1484.650 1
39046.335 + 82 1
39052.770 + 82 1
40538.000 # 1500
40538.000 # 1500
40538.000 # 1500
40538.000 # 1500
40538.000 # 1500
40538.000 # 1500
40538.000 # 1500
40538.000 # 1500
40538.000 # 1500
40538.000 # 1500
40538.000 # 1500
40538.000 # 1500
40538.000 # 1500
40538.000 # 1500
40538.000 # 1500
40538.000 # 1500
40538.000 # 1500
40538.000 # 1500
40538.000 # 1500
40538.000 # 1500
40538.000 # 1500
40538.000 # 1500
40538.000 # 1500
40538.000 # 1500
40538.000 # 1500
40538.000 # 1500
40538.000 # 1500
40538.000 # 1500
40538.000 # 1500
40538.000 # 1500
40538.000 # 1500
40538.000 # 1500
40538.000 # 1500
40538.000 # 1500
40538.000 # 1500
40538.000 # 1500
40538.000 # 1500
40538.000 # 1500
40538.000 # 1500
40538.000 # 1500
40538.000 # 1500
40538.000 # 1500
40538.000 # 1500
40538.000 # 1500
40538.000 # 1500
40538.000 # 1500
40538.000 # 1500
40538.000 # 1500
40538.000 # 1500
40538.000 # 1500
40538.000 # 1500
40538.000 # 1500
40538.000 # 1500
40538.000 # 1500
40538.000 # 1500
40538.000 # 1500
40538.000 # 1500
40538.000 # 1500
40538.000 # 1500
40538.000 # 1500
40538.000 # 1500
40538.000 # 1500
40538.000 # 1500
40538.000 # 1500
40538.000 # 1500
40538.000 # 1500
40538.000 # 1500
40538.000 # 1500
40538.000 # 1500
40538.000 # 1500
40538.000 # 1500
40538.000 # 1500
40538.000 # 1500
40538.000 # 1500
40538.000 # 1500
40538.000 # 1500
40538.000 # 1500
40538.000 # 1500
40538.000 # 1500
40538.000 # 1500
40538.000 # 1500
40538.000 # 1500
40538.000 # 1500
40540.137 - 82 1493.802 1
40540.255 - 82 1487.485 1
40545.942 + 82 1
40552.212 + 82 1
42038.000 # 1500
42038.000 # 1500
42038.000 # 1500
42038.000 # 1500
42038.000 # 1500
42038.000 # 1500
42038.000 # 1500
42038.000 # 1500
42038.000 # 1500
42038.000 # 1500
42038.000 # 1500
42038.000 # 1500
42038.000 # 1500
42038.000 # 1500
42038.000 # 1500
42038.000 # 1500
42038.000 # 1500
42038.000 # 1500
42038.000 # 1500
42038.000 # 1500
42038.000 # 1500
42038.000 # 1500
42038.000 # 1500
42038.000 # 1500
42038.000 # 1500
42038.000 # 1500
42038.000 # 1500
42038.000 # 1500
42038.000 # 1500
42038.000 # 1500
42038.000 # 1500
42038.000 # 1500
42038.000 # 1500
42038.000 # 1500
42038.000 # 1500
42038.000 # 1500
42038.000 # 1500
42038.000 # 1500
42038.000 # 1500
42038.000 # 1500
42038.000 # 1500
42038.000 # 1500
42038.000 # 1500
42038.000 # 1500
42038.000 # 1500
42038.000 # 1500
42038.000 # 1500
42038.000 # 1500
42038.000 # 1500
42038.000 # 1500
42038.000 # 1500
42038.000 # 1500
42038.000 # 1500
42038.000 # 1500
42038.000 # 1500
42038.000 # 1500
42038.000 # 1500
42038.000 # 1500
42038.000 # 1500
42038.000 # 1500
42038.000 # 1500
42038.000 # 1500
42038.000 # 1500
42038.000 # 1500
42038.000 # 1500
42038.000 # 1500
42038.000 # 1500
42038.000 # 1500
42038.000 # 1500
42038.000 # 1500
42038.000 # 1500
42038.000 # 1500
42038.000 # 1500
42038.000 # 1500
42038.000 # 1500
42038.000 # 1500
42038.000 # 1500
42038.000 # 1500
42038.000 # 1500
42038.000 # 1500
42038.000 # 1500
42038.000 # 1500
42038.000 # 1500
42040.231 - 82 1494.289 1
42040.320 - 82 1488.108 1
42046.280 + 82 1
42052.217 + 82 1
43538.000 # 1500
43538.000 # 1500
43538.000 # 1500
43538.000 # 1500
43538.000 # 1500
43538.000 # 1500
43538.000 # 1500
43538.000 # 1500
43538.000 # 1500
43538.000 # 1500
43538.000 # 1500
43538.000 # 1500
43538.000 # 1500
43538.000 # 1500
43538.000 # 1500
43538.000 # 1500
43538.000 # 1500
43538.000 # 1500
43538.000 # 1500
43538.000 # 1500
43538.000 # 1500
43538.000 # 1500
43538.000 # 1500
43538.000 # 1500
43538.000 # 1500
43538.000 # 1500
43538.000 # 1500
43538.000 # 1500
43538.000 # 1500
43538.000 # 1500
43538.000 # 1500
43538.000 # 1500
43538.000 # 1500
43538.000 # 1500
43538.000 # 1500
43538.000 # 1500
43538.000 # 1500
43538.000 # 1500
43538.000 # 1500
43538.000 # 1500
43538.000 # 1500
43538.000 # 1500
43538.000 # 1500
43538.000 # 1500
43538.000 # 1500
43538.000 # 1500
43538.000 # 1500
43538.000 # 1500
43538.000 # 1500
43538.000 # 1500
43538.000 # 1500
43538.000 # 1500
43538.000 # 1500
43538.000 # 1500
43538.000 # 1500
43538.000 # 1500
43538.000 # 1500
43538.000 # 1500
43538.000 # 1500
43538.000 # 1500
43538.000 # 1500
43538.000 # 1500
43538.000 # 1500
43538.000 # 1500
43538.000 # 1500
43538.000 # 1500
43538.000 # 1500
43538.000 # 1500
43538.000 # 1500
43538.000 # 1500
43538.000 # 1500
43538.000 # 1500
43538.000 # 1500
43538.000 # 1500
43538.000 # 1500
43538.000 # 1500
43538.000 # 1500
43538.000 # 1500
43538.000 # 1500
43538.000 # 1500
43538.000 # 1500
43538.000 # 1500
43538.000 # 1500
43541.875 - 82 1495.595 1
43541.969 - 82 1489.752 1
43548.319 + 82 1
43554.788 + 82 1
45038.000 # 1500
45038.000 # 1500
45038.000 # 1500
45038.000 # 1500
45038.000 # 1500
45038.000 # 1500
45038.000 # 1500
45038.000 # 1500
45038.000 # 1500
45038.000 # 1500
45038.000 # 1500
45038.000 # 1500
45038.000 # 1500
45038.000 # 1500
45038.000 # 1500
45038.000 # 1500
45038.000 # 1500
45038.000 # 1500
45038.000 # 1500
45038.000 # 1500
45038.000 # 1500
45038.000 # 1500
45038.000 # 1500
45038.000 # 1500
45038.000 # 1500
45038.000 # 1500
45038.000 # 1500
45038.000 # 1500
45038.000 # 1500
45038.000 # 1500
45038.000 # 1500
45038.000 # 1500
45038.000 # 1500
45038.000 # 1500
45038.000 # 1500
45038.000 # 1500
45038.000 # 1500
45038.000 # 1500
45038.000 # 1500
45038.000 # 1500
45038.000 # 1500
45038.000 # 1500
45038.000 # 1500
45038.000 # 1500
45038.000 # 1500
45038.000 # 1500
45038.000 # 1500
45038.000 # 1500
45038.000 # 1500
45038.000 # 1500
45038.000 # 1500
45038.000 # 1500
45038.000 # 1500
45038.000 # 1500
45038.000 # 1500
45038.000 # 1500
45038.000 # 1500
45038.000 # 1500
45038.000 # 1500
45038.000 # 1500
45038.000 # 1500
45038.000 # 1500
45038.000 # 1500
45038.000 # 1500
45038.000 # 1500
45038.000 # 1500
45038.000 # 1500
45038.000 # 1500
45038.000 # 1500
45038.000 # 1500
45038.000 # 1500
45038.000 # 1500
45038.000 # 1500
45038.000 # 1500
45038.000 # 1500
45038.000 # 1500
45038.000 # 1500
45038.000 # 1500
45038.000 # 1500
45038.000 # 1500
45038.000 # 1500
45038.000 # 1500
45038.000 # 1500
45040.389 - 82 1492.070 1
45040.464 - 82 1485.676 1
45044.976 + 82 1
45050.103 + 82 1
46538.000 # 1500
46538.000 # 1500
46538.000 # 1500
46538.000 # 1500
46538.000 # 1500
46538.000 # 1500
46538.000 # 1500
46538.000 # 1500
46538.000 # 1500
46538.000 # 1500
46538.000 # 1500
46538.000 # 1500
46538.000 # 1500
46538.000 # 1500
46538.000 # 1500
46538.000 # 1500
46538.000 # 1500
46538.000 # 1500
46538.000 # 1500
46538.000 # 1500
46538.000 # 1500
46538.000 # 1500
46538.000 # 1500
46538.000 # 1500
46538.000 # 1500
46538.000 # 1500
46538.000 # 1500
46538.000 # 1500
46538.000 # 1500
46538.000 # 1500
46538.000 # 1500
46538.000 # 1500
46538.000 # 1500
46538.000 # 1500
46538.000 # 1500
46538.000 # 1500
46538.000 # 1500
46538.000 # 1500
46538.000 # 1500
46538.000 # 1500
46538.000 # 1500
46538.000 # 1500
46538.000 # 1500
46538.000 # 1500
46538.000 # 1500
46538.000 # 1500
46538.000 # 1500
46538.000 # 1500
46538.000 # 1500
46538.000 # 1500
46538.000 # 1500
46538.000 # 1500
46538.000 # 1500
46538.000 # 1500
46538.000 # 1500
46538.000 # 1500
46538.000 # 1500
46538.000 # 1500
46538.000 # 1500
46538.000 # 1500
46538.000 # 1500
46538.000 # 1500
46538.000 # 1500
46538.000 # 1500
46538.000 # 1500
46538.000 # 1500
46538.000 # 1500
46538.000 # 1500
46538.000 # 1500
46538.000 # 1500
46538.000 # 1500
46538.000 # 1500
46538.000 # 1500
46538.000 # 1500
46538.000 # 1500
46538.000 # 1500
46538.000 # 1500
46538.000 # 1500
46538.000 # 1500
46538.000 # 1500
46538.000 # 1500
46538.000 # 1500
46538.000 # 1500
46540.735 - 82 1495.759 1
46540.937 - 82 1490.834 1
46546.528 + 82 1
46552.378 + 82 1
48038.000 # 1500
48038.000 # 1500
48038.000 # 1500
48038.000 # 1500
48038.000 # 1500
48038.000 # 1500
48038.000 # 1500
48038.000 # 1500
48038.000 # 1500
48038.000 # 1500
48038.000 # 1500
48038.000 # 1500
48038.000 # 1500
48038.000 # 1500
48038.000 # 1500
48038.000 # 1500
48038.000 # 1500
48038.000 # 1500
48038.000 # 1500
48038.000 # 1500
48038.000 # 1500
48038.000 # 1500
48038.000 # 1500
48038.000 # 1500
48038.000 # 1500
48038.000 # 1500
48038.000 # 1500
48038.000 # 1500
48038.000 # 1500
48038.000 # 1500
48038.000 # 1500
48038.000 # 1500
48038.000 # 1500
48038.000 # 1500
48038.000 # 1500
48038.000 # 1500
48038.000 # 1500
48038.000 # 1500
48038.000 # 1500
48038.000 # 1500
48038.000 # 1500
48038.000 # 1500
48038.000 # 1500
48038.000 # 1500
48038.000 # 1500
48038.000 # 1500
48038.000 # 1500
48038.000 # 1500
48038.000 # 1500
48038.000 # 1500
48038.000 # 1500
48038.000 # 1500
48038.000 # 1500
48038.000 # 1500
48038.000 # 1500
48038.000 # 1500
48038.000 # 1500
48038.000 # 1500
48038.000 # 1500
48038.000 # 1500
48038.000 # 1500
48038.000 # 1500
48038.000 # 1500
48038.000 # 1500
48038.000 # 1500
48038.000 # 1500
48038.000 # 1500
48038.000 # 1500
48038.000 # 1500
48038.000 # 1500
48038.000 # 1500
48038.000 # 1500
48038.000 # 1500
48038.000 # 1500
48038.000 # 1500
48038.000 # 1500
48038.000 # 1500
48038.000 # 1500
48038.000 # 1500
48038.000 # 1500
48038.000 # 1500
48038.000 # 1500
48038.000 # 1500
48041.322 - 82 1494.794 1
48041.425 - 82 1489.047 1
48048.257 + 82 1
48054.407 + 82 1
49538.000 # 1500
49538.000 # 1500
49538.000 # 1500
49538.000 # 1500
49538.000 # 1500
49538.000 # 1500
49538.000 # 1500
49538.000 # 1500
49538.000 # 1500
49538.000 # 1500
49538.000 # 1500
49538.000 # 1500
49538.000 # 1500
49538.000 # 1500
49538.000 # 1500
49538.000 # 1500
49538.000 # 1500
49538.000 # 1500
49538.000 # 1500
49538.000 # 1500
49538.000 # 1500
49538.000 # 1500
49538.000 # 1500
49538.000 # 1500
49538.000 # 1500
49538.000 # 1500
49538.000 # 1500
49538.000 # 1500
49538.000 # 1500
49538.000 # 1500
49538.000 # 1500
49538.000 # 1500
49538.000 # 1500
49538.000 # 1500
49538.000 # 1500
49538.000 # 1500
49538.000 # 1500
49538.000 # 1500
49538.000 # 1500
49538.000 # 1500
49538.000 # 1500
49538.000 # 1500
49538.000 # 1500
49538.000 # 1500
49538.000 # 1500
49538.000 # 1500
49538.000 # 1500
49538.000 # 1500
49538.000 # 1500
49538.000 # 1500
49538.000 # 1500
49538.000 # 1500
49538.000 # 1500
49538.000 # 1500
49538.000 # 1500
49538.000 # 1500
49538.000 # 1500
49538.000 # 1500
49538.000 # 1500
49538.000 # 1500
49538.000 # 1500
49538.000 # 1500
49538.000 # 1500
49538.000 # 1500
49538.000 # 1500
49538.000 # 1500
49538.000 # 1500
49538.000 # 1500
49538.000 # 1500
49538.000 # 1500
49538.000 # 1500
49538.000 # 1500
49538.000 # 1500
49538.000 # 1500
49538.000 # 1500
49538.000 # 1500
49538.000 # 1500
49538.000 # 1500
49538.000 # 1500
49538.000 # 1500
49538.000 # 1500
49538.000 # 1500
49538.000 # 1500
49541.094 - 82 1492.837 1
49541.187 - 82 1486.780 1
49548.393 + 82 1
49555.047 + 82 1
51038.000 # 1500
51038.000 # 1500
51038.000 # 1500
51038.000 # 1500
51038.000 # 1500
51038.000 # 1500
51038.000 # 1500
51038.000 # 1500
51038.000 # 1500
51038.000 # 1500
51038.000 # 1500
51038.000 # 1500
51038.000 # 1500
51038.000 # 1500
51038.000 # 1500
51038.000 # 1500
51038.000 # 1500
51038.000 # 1500
51038.000 # 1500
51038.000 # 1500
51038.000 # 1500
51038.000 # 1500
51038.000 # 1500
51038.000 # 1500
51038.000 # 1500
51038.000 # 1500
51038.000 # 1500
51038.000 # 1500
51038.000 # 1500
51038.000 # 1500
51038.000 # 1500
51038.000 # 1500
51038.000 # 1500
51038.000 # 1500
51038.000 # 1500
51038.000 # 1500
51038.000 # 1500
51038.000 # 1500
51038.000 # 1500
51038.000 # 1500
51038.000 # 1500
51038.000 # 1500
51038.000 # 1500
51038.000 # 1500
51038.000 # 1500
51038.000 # 1500
51038.000 # 1500
51038.000 # 1500
51038.000 # 1500
51038.000 # 1500
51038.000 # 1500
51038.000 # 1500
51038.000 # 1500
51038.000 # 1500
51038.000 # 1500
51038.000 # 1500
51038.000 # 1500
51038.000 # 1500
51038.000 # 1500
51038.000 # 1500
51038.000 # 1500
51038.000 # 1500
51038.000 # 1500
51038.000 # 1500
51038.000 # 1500
51038.000 # 1500
51038.000 # 1500
51038.000 # 1500
51038.000 # 1500
51038.000 # 1500
51038.000 # 1500
51038.000 # 1500
51038.000 # 1500
51038.000 # 1500
51038.000 # 1500
51038.000 # 1500
51038.000 # 1500
51038.000 # 1500
51038.000 # 1500
51038.000 # 1500
51038.000 # 1500
51038.000 # 1500
51038.000 # 1500
51043.230 - 82 1494.837 1
51043.322 - 82 1488.275 1
51049.665 + 82 1
51055.885 + 82 1
52538.000 # 1500
52538.000 # 1500
52538.000 # 1500
52538.000 # 1500
52538.000 # 1500
52538.000 # 1500
52538.000 # 1500
52538.000 # 1500
52538.000 # 1500
52538.000 # 1500
52538.000 # 1500
52538.000 # 1500
52538.000 # 1500
52538.000 # 1500
52538.000 # 1500
52538.000 # 1500
52538.000 # 1500
52538.000 # 1500
52538.000 # 1500
52538.000 # 1500
52538.000 # 1500
52538.000 # 1500
52538.000 # 1500
52538.000 # 1500
52538.000 # 1500
52538.000 # 1500
52538.000 # 1500
52538.000 # 1500
52538.000 # 1500
52538.000 # 1500
52538.000 # 1500
52538.000 # 1500
52538.000 # 1500
52538.000 # 1500
52538.000 # 1500
52538.000 # 1500
52538.000 # 1500
52538.000 # 1500
52538.000 # 1500
52538.000 # 1500
52538.000 # 1500
52538.000 # 1500
52538.000 # 1500
52538.000 # 1500
52538.000 # 1500
52538.000 # 1500
52538.000 # 1500
52538.000 # 1500
52538.000 # 1500
52538.000 # 1500
52538.000 # 1500
52538.000 # 1500
52538.000 # 1500
52538.000 # 1500
52538.000 # 1500
52538.000 # 1500
52538.000 # 1500
52538.000 # 1500
52538.000 # 1500
52538.000 # 1500
52538.000 # 1500
52538.000 # 1500
52538.000 # 1500
52538.000 # 1500
52538.000 # 1500
52538.000 # 1500
52538.000 # 1500
52538.000 # 1500
52538.000 # 1500
52538.000 # 1500
52538.000 # 1500
52538.000 # 1500
52538.000 # 1500
52538.000 # 1500
52538.000 # 1500
52538.000 # 1500
52538.000 # 1500
52538.000 # 1500
52538.000 # 1500
52538.000 # 1500
52538.000 # 1500
52538.000 # 1500
52538.000 # 1500
52544.607 - 82 1494.942 1
52544.705 - 82 1488.820 1
52550.381 + 82 1
52556.324 + 82 1
54038.000 # 1500
54038.000 # 1500
54038.000 # 1500
54038.000 # 1500
54038.000 # 1500
54038.000 # 1500
54038.000 # 1500
54038.000 # 1500
54038.000 # 1500
54038.000 # 1500
54038.000 # 1500
54038.000 # 1500
54038.000 # 1500
54038.000 # 1500
54038.000 # 1500
54038.000 # 1500
54038.000 # 1500
54038.000 # 1500
54038.000 # 1500
54038.000 # 1500
54038.000 # 1500
54038.000 # 1500
54038.000 # 1500
54038.000 # 1500
54038.000 # 1500
54038.000 # 1500
54038.000 # 1500
54038.000 # 1500
54038.000 # 1500
54038.000 # 1500
54038.000 # 1500
54038.000 # 1500
54038.000 # 1500
54038.000 # 1500
54038.000 # 1500
54038.000 # 1500
54038.000 # 1500
54038.000 # 1500
54038.000 # 1500
54038.000 # 1500
54038.000 # 1500
54038.000 # 1500
54038.000 # 1500
54038.000 # 1500
54038.000 # 1500
54038.000 # 1500
54038.000 # 1500
54038.000 # 1500
54038.000 # 1500
54038.000 # 1500
54038.000 # 1500
54038.000 # 1500
54038.000 # 1500
54038.000 # 1500
54038.000 # 1500
54038.000 # 1500
54038.000 # 1500
54038.000 # 1500
54038.000 # 1500
54038.000 # 1500
54038.000 # 1500
54038.000 # 1500
54038.000 # 1500
54038.000 # 1500
54038.000 # 1500
54038.000 # 1500
54038.000 # 1500
54038.000 # 1500
54038.000 # 1500
54038.000 # 1500
54038.000 # 1500
54038.000 # 1500
54038.000 # 1500
54038.000 # 1500
54038.000 # 1500
54038.000 # 1500
54038.000 # 1500
54038.000 # 1500
54038.000 # 1500
54038.000 # 1500
54038.000 # 1500
54038.000 # 1500
54038.000 # 1500
54042.019 - 82 1491.638 1
54042.097 - 82 1485.773 1
54045.409 + 82 1
54051.604 + 82 1
55538.000 # 1500
55538.000 # 1500
55538.000 # 1500
55538.000 # 1500
55538.000 # 1500
55538.000 # 1500
55538.000 # 1500
55538.000 # 1500
55538.000 # 1500
55538.000 # 1500
55538.000 # 1500
55538.000 # 1500
55538.000 # 1500
55538.000 # 1500
55538.000 # 1500
55538.000 # 1500
55538.000 # 1500
55538.000 # 1500
55538.000 # 1500
55538.000 # 1500
55538.000 # 1500
55538.000 # 1500
55538.000 # 1500
55538.000 # 1500
55538.000 # 1500
55538.000 # 1500
55538.000 # 1500
55538.000 # 1500
55538.000 # 1500
55538.000 # 1500
55538.000 # 1500
55538.000 # 1500
55538.000 # 1500
55538.000 # 1500
55538.000 # 1500
55538.000 # 1500
55538.000 # 1500
55538.000 # 1500
55538.000 # 1500
55538.000 # 1500
55538.000 # 1500
55538.000 # 1500
55538.000 # 1500
55538.000 # 1500
55538.000 # 1500
55538.000 # 1500
55538.000 # 1500
55538.000 # 1500
55538.000 # 1500
55538.000 # 1500
55538.000 # 1500
55538.000 # 1500
55538.000 # 1500
55538.000 # 1500
55538.000 # 1500
55538.000 # 1500
55538.000 # 1500
55538.000 # 1500
55538.000 # 1500
55538.000 # 1500
55538.000 # 1500
55538.000 # 1500
55538.000 # 1500
55538.000 # 1500
55538.000 # 1500
55538.000 # 1500
55538.000 # 1500
55538.000 # 1500
55538.000 # 1500
55538.000 # 1500
55538.000 # 1500
55538.000 # 1500
55538.000 # 1500
55538.000 # 1500
55538.000 # 1500
55538.000 # 1500
55538.000 # 1500
55538.000 # 1500
55538.000 # 1500
55538.000 # 1500
55538.000 # 1500
55538.000 # 1500
55538.000 # 1500
55544.547 - 82 1499.138 1
55544.641 - 82 1493.037 1
55546.146 + 82 1
55551.196 + 82 1
57038.000 # 1500
57038.000 # 1500
57038.000 # 1500
57038.000 # 1500
57038.000 # 1500
57038.000 # 1500
57038.000 # 1500
57038.000 # 1500
57038.000 # 1500
57038.000 # 1500
57038.000 # 1500
57038.000 # 1500
57038.000 # 1500
57038.000 # 1500
57038.000 # 1500
57038.000 # 1500
57038.000 # 1500
57038.000 # 1500
57038.000 # 1500
57038.000 # 1500
57038.000 # 1500
57038.000 # 1500
57038.000 # 1500
57038.000 # 1500
57038.000 # 1500
57038.000 # 1500
57038.000 # 1500
57038.000 # 1500
57038.000 # 1500
57038.000 # 1500
57038.000 # 1500
57038.000 # 1500
57038.000 # 1500
57038.000 # 1500
57038.000 # 1500
57038.000 # 1500
57038.000 # 1500
57038.000 # 1500
57038.000 # 1500
57038.000 # 1500
57038.000 # 1500
57038.000 # 1500
57038.000 # 1500
57038.000 # 1500
57038.000 # 1500
57038.000 # 1500
57038.000 # 1500
57038.000 # 1500
57038.000 # 1500
57038.000 # 1500
57038.000 # 1500
57038.000 # 1500
57038.000 # 1500
57038.000 # 1500
57038.000 # 1500
57038.000 # 1500
57038.000 # 1500
57038.000 # 1500
57038.000 # 1500
57038.000 # 1500
57038.000 # 1500
57038.000 # 1500
57038.000 # 1500
57038.000 # 1500
57038.000 # 1500
57038.000 # 1500
57038.000 # 1500
57038.000 # 1500
57038.000 # 1500
57038.000 # 1500
57038.000 # 1500
57038.000 # 1500
57038.000 # 1500
57038.000 # 1500
57038.000 # 1500
57038.000 # 1500
57038.000 # 1500
57038.000 # 1500
57038.000 # 1500
57038.000 # 1500
57038.000 # 1500
57038.000 # 1500
57038.000 # 1500
57042.067 - 82 1495.921 1
57042.175 - 82 1490.979 1
57048.705 + 82 1
57055.001 + 82 1
58538.000 # 1500
58538.000 # 1500
58538.000 # 1500
58538.000 # 1500
58538.000 # 1500
58538.000 # 1500
58538.000 # 1500
58538.000 # 1500
58538.000 # 1500
58538.000 # 1500
58538.000 # 1500
58538.000 # 1500
58538.000 # 1500
58538.000 # 1500
58538.000 # 1500
58538.000 # 1500
58538.000 # 1500
58538.000 # 1500
58538.000 # 1500
58538.000 # 1500
58538.000 # 1500
58538.000 # 1500
58538.000 # 1500
58538.000 # 1500
58538.000 # 1500
58538.000 # 1500
58538.000 # 1500
58538.000 # 1500
58538.000 # 1500
58538.000 # 1500
58538.000 # 1500
58538.000 # 1500
58538.000 # 1500
58538.000 # 1500
58538.000 # 1500
58538.000 # 1500
58538.000 # 1500
58538.000 # 1500
58538.000 # 1500
58538.000 # 1500
58538.000 # 1500
58538.000 # 1500
58538.000 # 1500
58538.000 # 1500
58538.000 # 1500
58538.000 # 1500
58538.000 # 1500
58538.000 # 1500
58538.000 # 1500
58538.000 # 1500
58538.000 # 1500
58538.000 # 1500
58538.000 # 1500
58538.000 # 1500
58538.000 # 1500
58538.000 # 1500
58538.000 # 1500
58538.000 # 1500
58538.000 # 1500
58538.000 # 1500
58538.000 # 1500
58538.000 # 1500
58538.000 # 1500
58538.000 # 1500
58538.000 # 1500
58538.000 # 1500
58538.000 # 1500
58538.000 # 1500
58538.000 # 1500
58538.000 # 1500
58538.000 # 1500
58538.000 # 1500
58538.000 # 1500
58538.000 # 1500
58538.000 # 1500
58538.000 # 1500
58538.000 # 1500
58538.000 # 1500
58538.000 # 1500
58538.000 # 1500
58538.000 # 1500
58538.000 # 1500
58538.000 # 1500
58543.459 - 82 1494.754 1
58543.545 - 82 1488.544 1
58549.799 + 82 1
58556.108 + 82 1
60038.000 # 1500
60038.000 # 1500
60038.000 # 1500
60038.000 # 1500
60038.000 # 1500
60038.000 # 1500
60038.000 # 1500
60038.000 # 1500
60038.000 # 1500
60038.000 # 1500
60038.000 # 1500
60038.000 # 1500
60038.000 # 1500
60038.000 # 1500
60038.000 # 1500
60038.000 # 1500
60038.000 # 1500
60038.000 # 1500
60038.000 # 1500
60038.000 # 1500
60038.000 # 1500
60038.000 # 1500
60038.000 # 1500
60038.000 # 1500
60038.000 # 1500
60038.000 # 1500
60038.000 # 1500
60038.000 # 1500
60038.000 # 1500
60038.000 # 1500
60038.000 # 1500
60038.000 # 1500
60038.000 # 1500
60038.000 # 1500
60038.000 # 1500
60038.000 # 1500
60038.000 # 1500
60038.000 # 1500
60038.000 # 1500
60038.000 # 1500
60038.000 # 1500
60038.000 # 1500
60038.000 # 1500
60038.000 # 1500
60038.000 # 1500
60038.000 # 1500
60038.000 # 1500
60038.000 # 1500
60038.000 # 1500
60038.000 # 1500
60038.000 # 1500
60038.000 # 1500
60038.000 # 1500
60038.000 # 1500
60038.000 # 1500
60038.000 # 1500
60038.000 # 1500
60038.000 # 1500
60038.000 # 1500
60038.000 # 1500
60038.000 # 1500
60038.000 # 1500
60038.000 # 1500
60038.000 # 1500
60038.000 # 1500
60038.000 # 1500
60038.000 # 1500
60038.000 # 1500
60038.000 # 1500
60038.000 # 1500
60038.000 # 1500
60038.000 # 1500
60038.000 # 1500
60038.000 # 1500
60038.000 # 1500
60038.000 # 1500
60038.000 # 1500
60038.000 # 1500
60038.000 # 1500
60038.000 # 1500
60038.000 # 1500
60038.000 # 1500
60038.000 # 1500
60041.824 - 82 1492.025 1
60041.915 - 82 1485.807 1
60049.010 + 82 1
60055.051 + 82 1
61538.000 # 1500
61538.000 # 1500
61538.000 # 1500
61538.000 # 1500
61538.000 # 1500
61538.000 # 1500
61538.000 # 1500
61538.000 # 1500
61538.000 # 1500
61538.000 # 1500
61538.000 # 1500
61538.000 # 1500
61538.000 # 1500
61538.000 # 1500
61538.000 # 1500
61538.000 # 1500
61538.000 # 1500
61538.000 # 1500
61538.000 # 1500
61538.000 # 1500
61538.000 # 1500
61538.000 # 1500
61538.000 # 1500
61538.000 # 1500
61538.000 # 1500
61538.000 # 1500
61538.000 # 1500
61538.000 # 1500
61538.000 # 1500
61538.000 # 1500
61538.000 # 1500
61538.000 # 1500
61538.000 # 1500
61538.000 # 1500
61538.000 # 1500
61538.000 # 1500
61538.000 # 1500
61538.000 # 1500
61538.000 # 1500
61538.000 # 1500
61538.000 # 1500
61538.000 # 1500
61538.000 # 1500
61538.000 # 1500
61538.000 # 1500
61538.000 # 1500
61538.000 # 1500
61538.000 # 1500
61538.000 # 1500
61538.000 # 1500
61538.000 # 1500
61538.000 # 1500
61538.000 # 1500
61538.000 # 1500
61538.000 # 1500
61538.000 # 1500
61538.000 # 1500
61538.000 # 1500
61538.000 # 1500
61538.000 # 1500
61538.000 # 1500
61538.000 # 1500
61538.000 # 1500
61538.000 # 1500
61538.000 # 1500
61538.000 # 1500
61538.000 # 1500
61538.000 # 1500
61538.000 # 1500
61538.000 # 1500
61538.000 # 1500
61538.000 # 1500
61538.000 # 1500
61538.000 # 1500
61538.000 # 1500
61538.000 # 1500
61538.000 # 1500
61538.000 # 1500
61538.000 # 1500
61538.000 # 1500
61538.000 # 1500
61538.000 # 1500
61538.000 # 1500
61540.304 - 82 1491.294 1
61540.362 - 82 1485.311 1
61545.675 + 82 1
61551.045 + 82 1
63038.000 # 1500
63038.000 # 1500
63038.000 # 1500
63038.000 # 1500
63038.000 # 1500
63038.000 # 1500
63038.000 # 1500
63038.000 # 1500
63038.000 # 1500
63038.000 # 1500
63038.000 # 1500
63038.000 # 1500
63038.000 # 1500
63038.000 # 1500
63038.000 # 1500
63038.000 # 1500
63038.000 # 1500
63038.000 # 1500
63038.000 # 1500
63038.000 # 1500
63038.000 # 1500
63038.000 # 1500
63038.000 # 1500
63038.000 # 1500
63038.000 # 1500
63038.000 # 1500
63038.000 # 1500
63038.000 # 1500
63038.000 # 1500
63038.000 # 1500
63038.000 # 1500
63038.000 # 1500
63038.000 # 1500
63038.000 # 1500
63038.000 # 1500
63038.000 # 1500
63038.000 # 1500
63038.000 # 1500
63038.000 # 1500
63038.000 # 1500
63038.000 # 1500
63038.000 # 1500
63038.000 # 1500
63038.000 # 1500
63038.000 # 1500
63038.000 # 1500
63038.000 # 1500
63038.000 # 1500
63038.000 # 1500
63038.000 # 1500
63038.000 # 1500
63038.000 # 1500
63038.000 # 1500
63038.000 # 1500
63038.000 # 1500
63038.000 # 1500
63038.000 # 1500
63038.000 # 1500
63038.000 # 1500
63038.000 # 1500
63038.000 # 1500
63038.000 # 1500
63038.000 # 1500
63038.000 # 1500
63038.000 # 1500
63038.000 # 1500
63038.000 # 1500
63038.000 # 1500
63038.000 # 1500
63038.000 # 1500
63038.000 # 1500
63038.000 # 1500
63038.000 # 1500
63038.000 # 1500
63038.000 # 1500
63038.000 # 1500
63038.000 # 1500
63038.000 # 1500
63038.000 # 1500
63038.000 # 1500
63038.000 # 1500
63038.000 # 1500
63038.000 # 1500
63039.663 - 82 1493.988 1
63039.847 - 82 1488.802 1
63046.692 + 82 1
63053.001 + 82 1
64538.000 # 1500
64538.000 # 1500
64538.000 # 1500
64538.000 # 1500
64538.000 # 1500
64538.000 # 1500
64538.000 # 1500
64538.000 # 1500
64538.000 # 1500
64538.000 # 1500
64538.000 # 1500
64538.000 # 1500
64538.000 # 1500
64538.000 # 1500
64538.000 # 1500
64538.000 # 1500
64538.000 # 1500
64538.000 # 1500
64538.000 # 1500
64538.000 # 1500
64538.000 # 1500
64538.000 # 1500
64538.000 # 1500
64538.000 # 1500
64538.000 # 1500
64538.000 # 1500
64538.000 # 1500
64538.000 # 1500
64538.000 # 1500
64538.000 # 1500
64538.000 # 1500
64538.000 # 1500
64538.000 # 1500
64538.000 # 1500
64538.000 # 1500
64538.000 # 1500
64538.000 # 1500
64538.000 # 1500
64538.000 # 1500
64538.000 # 1500
64538.000 # 1500
64538.000 # 1500
64538.000 # 1500
64538.000 # 1500
64538.000 # 1500
64538.000 # 1500
64538.000 # 1500
64538.000 # 1500
64538.000 # 1500
64538.000 # 1500
64538.000 # 1500
64538.000 # 1500
64538.000 # 1500
64538.000 # 1500
64538.000 # 1500
64538.000 # 1500
64538.000 # 1500
64538.000 # 1500
64538.000 # 1500
64538.000 # 1500
64538.000 # 1500
64538.000 # 1500
64538.000 # 1500
64538.000 # 1500
64538.000 # 1500
64538.000 # 1500
64538.000 # 1500
64538.000 # 1500
64538.000 # 1500
64538.000 # 1500
64538.000 # 1500
64538.000 # 1500
64538.000 # 1500
64538.000 # 1500
64538.000 # 1500
64538.000 # 1500
64538.000 # 1500
64538.000 # 1500
64538.000 # 1500
64538.000 # 1500
64538.000 # 1500
64538.000 # 1500
64538.000 # 1500
64541.036 - 82 1494.344 1
64541.127 - 82 1488.126 1
64546.586 + 82 1
64552.090 + 82 1
66038.000 # 1500
66038.000 # 1500
66038.000 # 1500
66038.000 # 1500
66038.000 # 1500
66038.000 # 1500
66038.000 # 1500
66038.000 # 1500
66038.000 # 1500
66038.000 # 1500
66038.000 # 1500
66038.000 # 1500
66038.000 # 1500
66038.000 # 1500
66038.000 # 1500
66038.000 # 1500
66038.000 # 1500
66038.000 # 1500
66038.000 # 1500
66038.000 # 1500
66038.000 # 1500
66038.000 # 1500
66038.000 # 1500
66038.000 # 1500
66038.000 # 1500
66038.000 # 1500
66038.000 # 1500
66038.000 # 1500
66038.000 # 1500
66038.000 # 1500
66038.000 # 1500
66038.000 # 1500
66038.000 # 1500
66038.000 # 1500
66038.000 # 1500
66038.000 # 1500
66038.000 # 1500
66038.000 # 1500
66038.000 # 1500
66038.000 # 1500
66038.000 # 1500
66038.000 # 1500
66038.000 # 1500
66038.000 # 1500
66038.000 # 1500
66038.000 # 1500
66038.000 # 1500
66038.000 # 1500
66038.000 # 1500
66038.000 # 1500
66038.000 # 1500
66038.000 # 1500
66038.000 # 1500
66038.000 # 1500
66038.000 # 1500
66038.000 # 1500
66038.000 # 1500
66038.000 # 1500
66038.000 # 1500
66038.000 # 1500
66038.000 # 1500
66038.000 # 1500
66038.000 # 1500
66038.000 # 1500
66038.000 # 1500
66038.000 # 1500
66038.000 # 1500
66038.000 # 1500
66038.000 # 1500
66038.000 # 1500
66038.000 # 1500
66038.000 # 1500
66038.000 # 1500
66038.000 # 1500
66038.000 # 1500
66038.000 # 1500
66038.000 # 1500
66038.000 # 1500
66038.000 # 1500
66038.000 # 1500
66038.000 # 1500
66038.000 # 1500
66038.000 # 1500
66041.407 - 82 1494.821 1
66041.492 - 82 1489.402 1
66048.252 + 82 1
66054.686 + 82 1
