# mahimahi mm-link (Uplink) [traces/1mbps.trace] > /home/vamsi/pantheon/results/high-latency-low-bandwidth/scream_mm_datalink_run1.log
# command line: 'mm-link' 'traces/1mbps.trace' 'traces/1mbps.trace' '--uplink-log=/home/vamsi/pantheon/results/high-latency-low-bandwidth/scream_mm_datalink_run1.log' '--downlink-log=/home/vamsi/pantheon/results/high-latency-low-bandwidth/scream_mm_acklink_run1.log' '--uplink-queue=droptail' '--downlink-queue=droptail' '--uplink-queue-args=packets=500' '--downlink-queue-args=packets=500' 'python' '/home/vamsi/pantheon/src/experiments/tunnel_manager.py'
# queue: droptail [packets=500]
# init timestamp: 1744917667069
# base timestamp: 35
# mahimahi config: [delay 100 ms] 
35 + 80
35 + 52
35 + 80
53 + 40
224 + 80
769 + 80
1054 + 40
1535 # 1504
1535 - 80 1500
1535 - 52 1500
1535 - 80 1500
1535 - 40 1482
1535 - 80 1311
1535 - 80 766
1535 - 40 481
1535 # 1504
1535 # 1504
1535 # 1504
1535 # 1504
1535 # 1504
1535 # 1504
1535 # 1504
1535 # 1504
1535 # 1504
1535 # 1504
1535 # 1504
1535 # 1504
1535 # 1504
1535 # 1504
1535 # 1504
1535 # 1504
1535 # 1504
1535 # 1504
1535 # 1504
1535 # 1504
1535 # 1504
1535 # 1504
1535 # 1504
1535 # 1504
1535 # 1504
1535 # 1504
1535 # 1504
1535 # 1504
1535 # 1504
1535 # 1504
1535 # 1504
1535 # 1504
1535 # 1504
1535 # 1504
1535 # 1504
1535 # 1504
1535 # 1504
1535 # 1504
1535 # 1504
1535 # 1504
1535 # 1504
1535 # 1504
1535 # 1504
1535 # 1504
1535 # 1504
1535 # 1504
1535 # 1504
1535 # 1504
1535 # 1504
1535 # 1504
1535 # 1504
1535 # 1504
1535 # 1504
1535 # 1504
1535 # 1504
1535 # 1504
1535 # 1504
1535 # 1504
1535 # 1504
1535 # 1504
1535 # 1504
1535 # 1504
1535 # 1504
1535 # 1504
1535 # 1504
1535 # 1504
1535 # 1504
1535 # 1504
1535 # 1504
1535 # 1504
1535 # 1504
1535 # 1504
1535 # 1504
1535 # 1504
1535 # 1504
1535 # 1504
1535 # 1504
1535 # 1504
1535 # 1504
1535 # 1504
1535 # 1504
1535 # 1504
2056 + 40
3035 # 1504
3035 - 40 979
3035 # 1504
3035 # 1504
3035 # 1504
3035 # 1504
3035 # 1504
3035 # 1504
3035 # 1504
3035 # 1504
3035 # 1504
3035 # 1504
3035 # 1504
3035 # 1504
3035 # 1504
3035 # 1504
3035 # 1504
3035 # 1504
3035 # 1504
3035 # 1504
3035 # 1504
3035 # 1504
3035 # 1504
3035 # 1504
3035 # 1504
3035 # 1504
3035 # 1504
3035 # 1504
3035 # 1504
3035 # 1504
3035 # 1504
3035 # 1504
3035 # 1504
3035 # 1504
3035 # 1504
3035 # 1504
3035 # 1504
3035 # 1504
3035 # 1504
3035 # 1504
3035 # 1504
3035 # 1504
3035 # 1504
3035 # 1504
3035 # 1504
3035 # 1504
3035 # 1504
3035 # 1504
3035 # 1504
3035 # 1504
3035 # 1504
3035 # 1504
3035 # 1504
3035 # 1504
3035 # 1504
3035 # 1504
3035 # 1504
3035 # 1504
3035 # 1504
3035 # 1504
3035 # 1504
3035 # 1504
3035 # 1504
3035 # 1504
3035 # 1504
3035 # 1504
3035 # 1504
3035 # 1504
3035 # 1504
3035 # 1504
3035 # 1504
3035 # 1504
3035 # 1504
3035 # 1504
3035 # 1504
3035 # 1504
3035 # 1504
3035 # 1504
3035 # 1504
3035 # 1504
3035 # 1504
3035 # 1504
3035 # 1504
3035 # 1504
4535 # 1504
4535 # 1504
4535 # 1504
4535 # 1504
4535 # 1504
4535 # 1504
4535 # 1504
4535 # 1504
4535 # 1504
4535 # 1504
4535 # 1504
4535 # 1504
4535 # 1504
4535 # 1504
4535 # 1504
4535 # 1504
4535 # 1504
4535 # 1504
4535 # 1504
4535 # 1504
4535 # 1504
4535 # 1504
4535 # 1504
4535 # 1504
4535 # 1504
4535 # 1504
4535 # 1504
4535 # 1504
4535 # 1504
4535 # 1504
4535 # 1504
4535 # 1504
4535 # 1504
4535 # 1504
4535 # 1504
4535 # 1504
4535 # 1504
4535 # 1504
4535 # 1504
4535 # 1504
4535 # 1504
4535 # 1504
4535 # 1504
4535 # 1504
4535 # 1504
4535 # 1504
4535 # 1504
4535 # 1504
4535 # 1504
4535 # 1504
4535 # 1504
4535 # 1504
4535 # 1504
4535 # 1504
4535 # 1504
4535 # 1504
4535 # 1504
4535 # 1504
4535 # 1504
4535 # 1504
4535 # 1504
4535 # 1504
4535 # 1504
4535 # 1504
4535 # 1504
4535 # 1504
4535 # 1504
4535 # 1504
4535 # 1504
4535 # 1504
4535 # 1504
4535 # 1504
4535 # 1504
4535 # 1504
4535 # 1504
4535 # 1504
4535 # 1504
4535 # 1504
4535 # 1504
4535 # 1504
4535 # 1504
4535 # 1504
4535 # 1504
4546 + 52
6035 # 1504
6035 - 52 1489
6035 # 1504
6035 # 1504
6035 # 1504
6035 # 1504
6035 # 1504
6035 # 1504
6035 # 1504
6035 # 1504
6035 # 1504
6035 # 1504
6035 # 1504
6035 # 1504
6035 # 1504
6035 # 1504
6035 # 1504
6035 # 1504
6035 # 1504
6035 # 1504
6035 # 1504
6035 # 1504
6035 # 1504
6035 # 1504
6035 # 1504
6035 # 1504
6035 # 1504
6035 # 1504
6035 # 1504
6035 # 1504
6035 # 1504
6035 # 1504
6035 # 1504
6035 # 1504
6035 # 1504
6035 # 1504
6035 # 1504
6035 # 1504
6035 # 1504
6035 # 1504
6035 # 1504
6035 # 1504
6035 # 1504
6035 # 1504
6035 # 1504
6035 # 1504
6035 # 1504
6035 # 1504
6035 # 1504
6035 # 1504
6035 # 1504
6035 # 1504
6035 # 1504
6035 # 1504
6035 # 1504
6035 # 1504
6035 # 1504
6035 # 1504
6035 # 1504
6035 # 1504
6035 # 1504
6035 # 1504
6035 # 1504
6035 # 1504
6035 # 1504
6035 # 1504
6035 # 1504
6035 # 1504
6035 # 1504
6035 # 1504
6035 # 1504
6035 # 1504
6035 # 1504
6035 # 1504
6035 # 1504
6035 # 1504
6035 # 1504
6035 # 1504
6035 # 1504
6035 # 1504
6035 # 1504
6035 # 1504
6035 # 1504
6035 # 1504
6129 + 1140
6170 + 1106
6211 + 1155
6448 + 1197
6651 + 1253
6887 + 1158
7088 + 1109
7332 + 98
7535 # 1504
7535 - 1140 1406
7535 # 1504
7535 - 1106 1365
7535 # 1504
7535 - 1155 1324
7535 # 1504
7535 - 1197 1087
7535 - 1253 884
7535 # 1504
7535 - 1158 648
7535 # 1504
7535 - 1109 447
7535 - 98 203
7535 # 1504
7535 # 1504
7535 # 1504
7535 # 1504
7535 # 1504
7535 # 1504
7535 # 1504
7535 # 1504
7535 # 1504
7535 # 1504
7535 # 1504
7535 # 1504
7535 # 1504
7535 # 1504
7535 # 1504
7535 # 1504
7535 # 1504
7535 # 1504
7535 # 1504
7535 # 1504
7535 # 1504
7535 # 1504
7535 # 1504
7535 # 1504
7535 # 1504
7535 # 1504
7535 # 1504
7535 # 1504
7535 # 1504
7535 # 1504
7535 # 1504
7535 # 1504
7535 # 1504
7535 # 1504
7535 # 1504
7535 # 1504
7535 # 1504
7535 # 1504
7535 # 1504
7535 # 1504
7535 # 1504
7535 # 1504
7535 # 1504
7535 # 1504
7535 # 1504
7535 # 1504
7535 # 1504
7535 # 1504
7535 # 1504
7535 # 1504
7535 # 1504
7535 # 1504
7535 # 1504
7535 # 1504
7535 # 1504
7535 # 1504
7535 # 1504
7535 # 1504
7535 # 1504
7535 # 1504
7535 # 1504
7535 # 1504
7535 # 1504
7535 # 1504
7535 # 1504
7535 # 1504
7535 # 1504
7535 # 1504
7535 # 1504
7535 # 1504
7535 # 1504
7535 # 1504
7535 # 1504
7535 # 1504
7535 # 1504
7535 # 1504
7535 # 1504
7572 + 358
7810 + 365
8048 + 392
8250 + 399
8452 + 99
8687 + 371
8892 + 347
9035 # 1504
9035 - 358 1463
9035 - 365 1225
9035 - 392 987
9035 # 1504
9035 - 399 785
9035 - 99 583
9035 - 371 348
9035 - 347 143
9035 # 1504
9035 # 1504
9035 # 1504
9035 # 1504
9035 # 1504
9035 # 1504
9035 # 1504
9035 # 1504
9035 # 1504
9035 # 1504
9035 # 1504
9035 # 1504
9035 # 1504
9035 # 1504
9035 # 1504
9035 # 1504
9035 # 1504
9035 # 1504
9035 # 1504
9035 # 1504
9035 # 1504
9035 # 1504
9035 # 1504
9035 # 1504
9035 # 1504
9035 # 1504
9035 # 1504
9035 # 1504
9035 # 1504
9035 # 1504
9035 # 1504
9035 # 1504
9035 # 1504
9035 # 1504
9035 # 1504
9035 # 1504
9035 # 1504
9035 # 1504
9035 # 1504
9035 # 1504
9035 # 1504
9035 # 1504
9035 # 1504
9035 # 1504
9035 # 1504
9035 # 1504
9035 # 1504
9035 # 1504
9035 # 1504
9035 # 1504
9035 # 1504
9035 # 1504
9035 # 1504
9035 # 1504
9035 # 1504
9035 # 1504
9035 # 1504
9035 # 1504
9035 # 1504
9035 # 1504
9035 # 1504
9035 # 1504
9035 # 1504
9035 # 1504
9035 # 1504
9035 # 1504
9035 # 1504
9035 # 1504
9035 # 1504
9035 # 1504
9035 # 1504
9035 # 1504
9035 # 1504
9035 # 1504
9035 # 1504
9035 # 1504
9035 # 1504
9035 # 1504
9035 # 1504
9035 # 1504
9035 # 1504
9039 + 354
9048 + 336
9087 + 332
9129 + 375
9168 + 403
9212 + 423
9250 + 406
9451 + 99
9687 + 431
9932 + 413
10171 + 393
10409 + 418
10535 # 1504
10535 - 354 1496
10535 - 336 1487
10535 - 332 1448
10535 - 375 1406
10535 # 1504
10535 - 403 1367
10535 - 423 1323
10535 - 406 1285
10535 - 99 1084
10535 # 1504
10535 - 431 848
10535 - 413 603
10535 - 393 364
10535 - 418 126
10535 # 1504
10535 # 1504
10535 # 1504
10535 # 1504
10535 # 1504
10535 # 1504
10535 # 1504
10535 # 1504
10535 # 1504
10535 # 1504
10535 # 1504
10535 # 1504
10535 # 1504
10535 # 1504
10535 # 1504
10535 # 1504
10535 # 1504
10535 # 1504
10535 # 1504
10535 # 1504
10535 # 1504
10535 # 1504
10535 # 1504
10535 # 1504
10535 # 1504
10535 # 1504
10535 # 1504
10535 # 1504
10535 # 1504
10535 # 1504
10535 # 1504
10535 # 1504
10535 # 1504
10535 # 1504
10535 # 1504
10535 # 1504
10535 # 1504
10535 # 1504
10535 # 1504
10535 # 1504
10535 # 1504
10535 # 1504
10535 # 1504
10535 # 1504
10535 # 1504
10535 # 1504
10535 # 1504
10535 # 1504
10535 # 1504
10535 # 1504
10535 # 1504
10535 # 1504
10535 # 1504
10535 # 1504
10535 # 1504
10535 # 1504
10535 # 1504
10535 # 1504
10535 # 1504
10535 # 1504
10535 # 1504
10535 # 1504
10535 # 1504
10535 # 1504
10535 # 1504
10535 # 1504
10535 # 1504
10535 # 1504
10535 # 1504
10535 # 1504
10535 # 1504
10535 # 1504
10535 # 1504
10535 # 1504
10535 # 1504
10535 # 1504
10535 # 1504
10535 # 1504
10535 # 1504
10535 # 1504
10572 + 99
10611 + 397
10850 + 380
11092 + 364
11332 + 356
11571 + 367
11812 + 98
12035 # 1504
12035 - 99 1463
12035 - 397 1424
12035 - 380 1185
12035 - 364 943
12035 # 1504
12035 - 356 703
12035 - 367 464
12035 - 98 223
12035 # 1504
12035 # 1504
12035 # 1504
12035 # 1504
12035 # 1504
12035 # 1504
12035 # 1504
12035 # 1504
12035 # 1504
12035 # 1504
12035 # 1504
12035 # 1504
12035 # 1504
12035 # 1504
12035 # 1504
12035 # 1504
12035 # 1504
12035 # 1504
12035 # 1504
12035 # 1504
12035 # 1504
12035 # 1504
12035 # 1504
12035 # 1504
12035 # 1504
12035 # 1504
12035 # 1504
12035 # 1504
12035 # 1504
12035 # 1504
12035 # 1504
12035 # 1504
12035 # 1504
12035 # 1504
12035 # 1504
12035 # 1504
12035 # 1504
12035 # 1504
12035 # 1504
12035 # 1504
12035 # 1504
12035 # 1504
12035 # 1504
12035 # 1504
12035 # 1504
12035 # 1504
12035 # 1504
12035 # 1504
12035 # 1504
12035 # 1504
12035 # 1504
12035 # 1504
12035 # 1504
12035 # 1504
12035 # 1504
12035 # 1504
12035 # 1504
12035 # 1504
12035 # 1504
12035 # 1504
12035 # 1504
12035 # 1504
12035 # 1504
12035 # 1504
12035 # 1504
12035 # 1504
12035 # 1504
12035 # 1504
12035 # 1504
12035 # 1504
12035 # 1504
12035 # 1504
12035 # 1504
12035 # 1504
12035 # 1504
12035 # 1504
12035 # 1504
12035 # 1504
12035 # 1504
12035 # 1504
12035 # 1504
12040 + 362
12056 + 397
12073 + 370
12087 + 376
12104 + 362
12129 + 354
12168 + 380
12412 + 400
12652 + 410
12738 + 52
12887 + 99
13130 + 381
13332 + 414
13535 # 1504
13535 - 362 1495
13535 - 397 1479
13535 - 370 1462
13535 # 1504
13535 - 376 1448
13535 - 362 1431
13535 - 354 1406
13535 - 380 1367
13535 - 400 1123
13535 # 1504
13535 - 410 883
13535 - 52 797
13535 - 99 648
13535 - 381 405
13535 - 414 203
13535 # 1504
13535 # 1504
13535 # 1504
13535 # 1504
13535 # 1504
13535 # 1504
13535 # 1504
13535 # 1504
13535 # 1504
13535 # 1504
13535 # 1504
13535 # 1504
13535 # 1504
13535 # 1504
13535 # 1504
13535 # 1504
13535 # 1504
13535 # 1504
13535 # 1504
13535 # 1504
13535 # 1504
13535 # 1504
13535 # 1504
13535 # 1504
13535 # 1504
13535 # 1504
13535 # 1504
13535 # 1504
13535 # 1504
13535 # 1504
13535 # 1504
13535 # 1504
13535 # 1504
13535 # 1504
13535 # 1504
13535 # 1504
13535 # 1504
13535 # 1504
13535 # 1504
13535 # 1504
13535 # 1504
13535 # 1504
13535 # 1504
13535 # 1504
13535 # 1504
13535 # 1504
13535 # 1504
13535 # 1504
13535 # 1504
13535 # 1504
13535 # 1504
13535 # 1504
13535 # 1504
13535 # 1504
13535 # 1504
13535 # 1504
13535 # 1504
13535 # 1504
13535 # 1504
13535 # 1504
13535 # 1504
13535 # 1504
13535 # 1504
13535 # 1504
13535 # 1504
13535 # 1504
13535 # 1504
13535 # 1504
13535 # 1504
13535 # 1504
13535 # 1504
13535 # 1504
13535 # 1504
13535 # 1504
13535 # 1504
13535 # 1504
13535 # 1504
13535 # 1504
13535 # 1504
13535 # 1504
13538 + 384
13770 + 411
14010 + 99
14247 + 415
14450 + 430
14652 + 448
14889 + 459
15035 # 1504
15035 - 384 1497
15035 - 411 1265
15035 - 99 1025
15035 - 415 788
15035 # 1504
15035 - 430 585
15035 - 448 383
15035 - 459 146
15035 # 1504
15035 # 1504
15035 # 1504
15035 # 1504
15035 # 1504
15035 # 1504
15035 # 1504
15035 # 1504
15035 # 1504
15035 # 1504
15035 # 1504
15035 # 1504
15035 # 1504
15035 # 1504
15035 # 1504
15035 # 1504
15035 # 1504
15035 # 1504
15035 # 1504
15035 # 1504
15035 # 1504
15035 # 1504
15035 # 1504
15035 # 1504
15035 # 1504
15035 # 1504
15035 # 1504
15035 # 1504
15035 # 1504
15035 # 1504
15035 # 1504
15035 # 1504
15035 # 1504
15035 # 1504
15035 # 1504
15035 # 1504
15035 # 1504
15035 # 1504
15035 # 1504
15035 # 1504
15035 # 1504
15035 # 1504
15035 # 1504
15035 # 1504
15035 # 1504
15035 # 1504
15035 # 1504
15035 # 1504
15035 # 1504
15035 # 1504
15035 # 1504
15035 # 1504
15035 # 1504
15035 # 1504
15035 # 1504
15035 # 1504
15035 # 1504
15035 # 1504
15035 # 1504
15035 # 1504
15035 # 1504
15035 # 1504
15035 # 1504
15035 # 1504
15035 # 1504
15035 # 1504
15035 # 1504
15035 # 1504
15035 # 1504
15035 # 1504
15035 # 1504
15035 # 1504
15035 # 1504
15035 # 1504
15035 # 1504
15035 # 1504
15035 # 1504
15035 # 1504
15035 # 1504
15035 # 1504
15035 # 1504
15037 + 98
15074 + 412
15112 + 396
15327 + 399
15528 + 414
15731 + 387
15971 + 389
16208 + 99
16412 + 393
16535 # 1504
16535 - 98 1498
16535 - 412 1461
16535 - 396 1423
16535 - 399 1208
16535 # 1504
16535 - 414 1007
16535 - 387 804
16535 - 389 564
16535 - 99 327
16535 - 393 123
16535 # 1504
16535 # 1504
16535 # 1504
16535 # 1504
16535 # 1504
16535 # 1504
16535 # 1504
16535 # 1504
16535 # 1504
16535 # 1504
16535 # 1504
16535 # 1504
16535 # 1504
16535 # 1504
16535 # 1504
16535 # 1504
16535 # 1504
16535 # 1504
16535 # 1504
16535 # 1504
16535 # 1504
16535 # 1504
16535 # 1504
16535 # 1504
16535 # 1504
16535 # 1504
16535 # 1504
16535 # 1504
16535 # 1504
16535 # 1504
16535 # 1504
16535 # 1504
16535 # 1504
16535 # 1504
16535 # 1504
16535 # 1504
16535 # 1504
16535 # 1504
16535 # 1504
16535 # 1504
16535 # 1504
16535 # 1504
16535 # 1504
16535 # 1504
16535 # 1504
16535 # 1504
16535 # 1504
16535 # 1504
16535 # 1504
16535 # 1504
16535 # 1504
16535 # 1504
16535 # 1504
16535 # 1504
16535 # 1504
16535 # 1504
16535 # 1504
16535 # 1504
16535 # 1504
16535 # 1504
16535 # 1504
16535 # 1504
16535 # 1504
16535 # 1504
16535 # 1504
16535 # 1504
16535 # 1504
16535 # 1504
16535 # 1504
16535 # 1504
16535 # 1504
16535 # 1504
16535 # 1504
16535 # 1504
16535 # 1504
16535 # 1504
16535 # 1504
16535 # 1504
16535 # 1504
16535 # 1504
16535 # 1504
16648 + 374
16852 + 385
17092 + 396
17371 + 98
17608 + 393
17812 + 383
18035 # 1504
18035 - 374 1387
18035 - 385 1183
18035 - 396 943
18035 - 98 664
18035 # 1504
18035 - 393 427
18035 - 383 223
18035 # 1504
18035 # 1504
18035 # 1504
18035 # 1504
18035 # 1504
18035 # 1504
18035 # 1504
18035 # 1504
18035 # 1504
18035 # 1504
18035 # 1504
18035 # 1504
18035 # 1504
18035 # 1504
18035 # 1504
18035 # 1504
18035 # 1504
18035 # 1504
18035 # 1504
18035 # 1504
18035 # 1504
18035 # 1504
18035 # 1504
18035 # 1504
18035 # 1504
18035 # 1504
18035 # 1504
18035 # 1504
18035 # 1504
18035 # 1504
18035 # 1504
18035 # 1504
18035 # 1504
18035 # 1504
18035 # 1504
18035 # 1504
18035 # 1504
18035 # 1504
18035 # 1504
18035 # 1504
18035 # 1504
18035 # 1504
18035 # 1504
18035 # 1504
18035 # 1504
18035 # 1504
18035 # 1504
18035 # 1504
18035 # 1504
18035 # 1504
18035 # 1504
18035 # 1504
18035 # 1504
18035 # 1504
18035 # 1504
18035 # 1504
18035 # 1504
18035 # 1504
18035 # 1504
18035 # 1504
18035 # 1504
18035 # 1504
18035 # 1504
18035 # 1504
18035 # 1504
18035 # 1504
18035 # 1504
18035 # 1504
18035 # 1504
18035 # 1504
18035 # 1504
18035 # 1504
18035 # 1504
18035 # 1504
18035 # 1504
18035 # 1504
18035 # 1504
18035 # 1504
18035 # 1504
18035 # 1504
18035 # 1504
18038 + 367
18107 + 370
18332 + 403
18570 + 99
18812 + 404
19047 + 422
19250 + 415
19488 + 398
19535 # 1504
19535 - 367 1497
19535 - 370 1428
19535 - 403 1203
19535 - 99 965
19535 # 1504
19535 - 404 723
19535 - 422 488
19535 - 415 285
19535 - 398 47
19535 # 1504
19535 # 1504
19535 # 1504
19535 # 1504
19535 # 1504
19535 # 1504
19535 # 1504
19535 # 1504
19535 # 1504
19535 # 1504
19535 # 1504
19535 # 1504
19535 # 1504
19535 # 1504
19535 # 1504
19535 # 1504
19535 # 1504
19535 # 1504
19535 # 1504
19535 # 1504
19535 # 1504
19535 # 1504
19535 # 1504
19535 # 1504
19535 # 1504
19535 # 1504
19535 # 1504
19535 # 1504
19535 # 1504
19535 # 1504
19535 # 1504
19535 # 1504
19535 # 1504
19535 # 1504
19535 # 1504
19535 # 1504
19535 # 1504
19535 # 1504
19535 # 1504
19535 # 1504
19535 # 1504
19535 # 1504
19535 # 1504
19535 # 1504
19535 # 1504
19535 # 1504
19535 # 1504
19535 # 1504
19535 # 1504
19535 # 1504
19535 # 1504
19535 # 1504
19535 # 1504
19535 # 1504
19535 # 1504
19535 # 1504
19535 # 1504
19535 # 1504
19535 # 1504
19535 # 1504
19535 # 1504
19535 # 1504
19535 # 1504
19535 # 1504
19535 # 1504
19535 # 1504
19535 # 1504
19535 # 1504
19535 # 1504
19535 # 1504
19535 # 1504
19535 # 1504
19535 # 1504
19535 # 1504
19535 # 1504
19535 # 1504
19535 # 1504
19535 # 1504
19535 # 1504
19535 # 1504
19535 # 1504
19691 + 99
19930 + 412
20167 + 415
20372 + 396
20612 + 376
20848 + 98
21035 # 1504
21035 - 99 1344
21035 - 412 1105
21035 - 415 868
21035 - 396 663
21035 # 1504
21035 - 376 423
21035 - 98 187
21035 # 1504
21035 # 1504
21035 # 1504
21035 # 1504
21035 # 1504
21035 # 1504
21035 # 1504
21035 # 1504
21035 # 1504
21035 # 1504
21035 # 1504
21035 # 1504
21035 # 1504
21035 # 1504
21035 # 1504
21035 # 1504
21035 # 1504
21035 # 1504
21035 # 1504
21035 # 1504
21035 # 1504
21035 # 1504
21035 # 1504
21035 # 1504
21035 # 1504
21035 # 1504
21035 # 1504
21035 # 1504
21035 # 1504
21035 # 1504
21035 # 1504
21035 # 1504
21035 # 1504
21035 # 1504
21035 # 1504
21035 # 1504
21035 # 1504
21035 # 1504
21035 # 1504
21035 # 1504
21035 # 1504
21035 # 1504
21035 # 1504
21035 # 1504
21035 # 1504
21035 # 1504
21035 # 1504
21035 # 1504
21035 # 1504
21035 # 1504
21035 # 1504
21035 # 1504
21035 # 1504
21035 # 1504
21035 # 1504
21035 # 1504
21035 # 1504
21035 # 1504
21035 # 1504
21035 # 1504
21035 # 1504
21035 # 1504
21035 # 1504
21035 # 1504
21035 # 1504
21035 # 1504
21035 # 1504
21035 # 1504
21035 # 1504
21035 # 1504
21035 # 1504
21035 # 1504
21035 # 1504
21035 # 1504
21035 # 1504
21035 # 1504
21035 # 1504
21035 # 1504
21035 # 1504
21035 # 1504
21035 # 1504
21049 + 376
21291 + 393
21527 + 402
21772 + 98
22012 + 398
22249 + 375
22487 + 354
22535 # 1504
22535 - 376 1486
22535 - 393 1244
22535 - 402 1008
22535 - 98 763
22535 # 1504
22535 - 398 523
22535 - 375 286
22535 - 354 48
22535 # 1504
22535 # 1504
22535 # 1504
22535 # 1504
22535 # 1504
22535 # 1504
22535 # 1504
22535 # 1504
22535 # 1504
22535 # 1504
22535 # 1504
22535 # 1504
22535 # 1504
22535 # 1504
22535 # 1504
22535 # 1504
22535 # 1504
22535 # 1504
22535 # 1504
22535 # 1504
22535 # 1504
22535 # 1504
22535 # 1504
22535 # 1504
22535 # 1504
22535 # 1504
22535 # 1504
22535 # 1504
22535 # 1504
22535 # 1504
22535 # 1504
22535 # 1504
22535 # 1504
22535 # 1504
22535 # 1504
22535 # 1504
22535 # 1504
22535 # 1504
22535 # 1504
22535 # 1504
22535 # 1504
22535 # 1504
22535 # 1504
22535 # 1504
22535 # 1504
22535 # 1504
22535 # 1504
22535 # 1504
22535 # 1504
22535 # 1504
22535 # 1504
22535 # 1504
22535 # 1504
22535 # 1504
22535 # 1504
22535 # 1504
22535 # 1504
22535 # 1504
22535 # 1504
22535 # 1504
22535 # 1504
22535 # 1504
22535 # 1504
22535 # 1504
22535 # 1504
22535 # 1504
22535 # 1504
22535 # 1504
22535 # 1504
22535 # 1504
22535 # 1504
22535 # 1504
22535 # 1504
22535 # 1504
22535 # 1504
22535 # 1504
22535 # 1504
22535 # 1504
22535 # 1504
22535 # 1504
22535 # 1504
22730 + 335
22931 + 98
23132 + 374
23370 + 362
23612 + 388
23852 + 376
24035 # 1504
24035 - 335 1305
24035 - 98 1104
24035 - 374 903
24035 - 362 665
24035 # 1504
24035 - 388 423
24035 - 376 183
24035 # 1504
24035 # 1504
24035 # 1504
24035 # 1504
24035 # 1504
24035 # 1504
24035 # 1504
24035 # 1504
24035 # 1504
24035 # 1504
24035 # 1504
24035 # 1504
24035 # 1504
24035 # 1504
24035 # 1504
24035 # 1504
24035 # 1504
24035 # 1504
24035 # 1504
24035 # 1504
24035 # 1504
24035 # 1504
24035 # 1504
24035 # 1504
24035 # 1504
24035 # 1504
24035 # 1504
24035 # 1504
24035 # 1504
24035 # 1504
24035 # 1504
24035 # 1504
24035 # 1504
24035 # 1504
24035 # 1504
24035 # 1504
24035 # 1504
24035 # 1504
24035 # 1504
24035 # 1504
24035 # 1504
24035 # 1504
24035 # 1504
24035 # 1504
24035 # 1504
24035 # 1504
24035 # 1504
24035 # 1504
24035 # 1504
24035 # 1504
24035 # 1504
24035 # 1504
24035 # 1504
24035 # 1504
24035 # 1504
24035 # 1504
24035 # 1504
24035 # 1504
24035 # 1504
24035 # 1504
24035 # 1504
24035 # 1504
24035 # 1504
24035 # 1504
24035 # 1504
24035 # 1504
24035 # 1504
24035 # 1504
24035 # 1504
24035 # 1504
24035 # 1504
24035 # 1504
24035 # 1504
24035 # 1504
24035 # 1504
24035 # 1504
24035 # 1504
24035 # 1504
24035 # 1504
24035 # 1504
24035 # 1504
24091 + 98
24335 + 354
24579 + 365
24822 + 342
25068 + 345
25328 + 99
25535 # 1504
25535 - 98 1444
25535 - 354 1200
25535 - 365 956
25535 - 342 713
25535 - 345 467
25535 # 1504
25535 - 99 207
25535 # 1504
25535 # 1504
25535 # 1504
25535 # 1504
25535 # 1504
25535 # 1504
25535 # 1504
25535 # 1504
25535 # 1504
25535 # 1504
25535 # 1504
25535 # 1504
25535 # 1504
25535 # 1504
25535 # 1504
25535 # 1504
25535 # 1504
25535 # 1504
25535 # 1504
25535 # 1504
25535 # 1504
25535 # 1504
25535 # 1504
25535 # 1504
25535 # 1504
25535 # 1504
25535 # 1504
25535 # 1504
25535 # 1504
25535 # 1504
25535 # 1504
25535 # 1504
25535 # 1504
25535 # 1504
25535 # 1504
25535 # 1504
25535 # 1504
25535 # 1504
25535 # 1504
25535 # 1504
25535 # 1504
25535 # 1504
25535 # 1504
25535 # 1504
25535 # 1504
25535 # 1504
25535 # 1504
25535 # 1504
25535 # 1504
25535 # 1504
25535 # 1504
25535 # 1504
25535 # 1504
25535 # 1504
25535 # 1504
25535 # 1504
25535 # 1504
25535 # 1504
25535 # 1504
25535 # 1504
25535 # 1504
25535 # 1504
25535 # 1504
25535 # 1504
25535 # 1504
25535 # 1504
25535 # 1504
25535 # 1504
25535 # 1504
25535 # 1504
25535 # 1504
25535 # 1504
25535 # 1504
25535 # 1504
25535 # 1504
25535 # 1504
25535 # 1504
25535 # 1504
25535 # 1504
25535 # 1504
25535 # 1504
25570 + 400
25831 + 370
26092 + 349
26350 + 99
26611 + 410
26872 + 431
27035 # 1504
27035 - 400 1465
27035 - 370 1204
27035 - 349 943
27035 - 99 685
27035 # 1504
27035 - 410 424
27035 - 431 163
27035 # 1504
27035 # 1504
27035 # 1504
27035 # 1504
27035 # 1504
27035 # 1504
27035 # 1504
27035 # 1504
27035 # 1504
27035 # 1504
27035 # 1504
27035 # 1504
27035 # 1504
27035 # 1504
27035 # 1504
27035 # 1504
27035 # 1504
27035 # 1504
27035 # 1504
27035 # 1504
27035 # 1504
27035 # 1504
27035 # 1504
27035 # 1504
27035 # 1504
27035 # 1504
27035 # 1504
27035 # 1504
27035 # 1504
27035 # 1504
27035 # 1504
27035 # 1504
27035 # 1504
27035 # 1504
27035 # 1504
27035 # 1504
27035 # 1504
27035 # 1504
27035 # 1504
27035 # 1504
27035 # 1504
27035 # 1504
27035 # 1504
27035 # 1504
27035 # 1504
27035 # 1504
27035 # 1504
27035 # 1504
27035 # 1504
27035 # 1504
27035 # 1504
27035 # 1504
27035 # 1504
27035 # 1504
27035 # 1504
27035 # 1504
27035 # 1504
27035 # 1504
27035 # 1504
27035 # 1504
27035 # 1504
27035 # 1504
27035 # 1504
27035 # 1504
27035 # 1504
27035 # 1504
27035 # 1504
27035 # 1504
27035 # 1504
27035 # 1504
27035 # 1504
27035 # 1504
27035 # 1504
27035 # 1504
27035 # 1504
27035 # 1504
27035 # 1504
27035 # 1504
27035 # 1504
27035 # 1504
27035 # 1504
27128 + 405
27532 + 100
27902 + 459
28277 + 98
28535 # 1504
28535 - 405 1407
28535 - 100 1003
28535 - 459 633
28535 - 98 258
28535 # 1504
28535 # 1504
28535 # 1504
28535 # 1504
28535 # 1504
28535 # 1504
28535 # 1504
28535 # 1504
28535 # 1504
28535 # 1504
28535 # 1504
28535 # 1504
28535 # 1504
28535 # 1504
28535 # 1504
28535 # 1504
28535 # 1504
28535 # 1504
28535 # 1504
28535 # 1504
28535 # 1504
28535 # 1504
28535 # 1504
28535 # 1504
28535 # 1504
28535 # 1504
28535 # 1504
28535 # 1504
28535 # 1504
28535 # 1504
28535 # 1504
28535 # 1504
28535 # 1504
28535 # 1504
28535 # 1504
28535 # 1504
28535 # 1504
28535 # 1504
28535 # 1504
28535 # 1504
28535 # 1504
28535 # 1504
28535 # 1504
28535 # 1504
28535 # 1504
28535 # 1504
28535 # 1504
28535 # 1504
28535 # 1504
28535 # 1504
28535 # 1504
28535 # 1504
28535 # 1504
28535 # 1504
28535 # 1504
28535 # 1504
28535 # 1504
28535 # 1504
28535 # 1504
28535 # 1504
28535 # 1504
28535 # 1504
28535 # 1504
28535 # 1504
28535 # 1504
28535 # 1504
28535 # 1504
28535 # 1504
28535 # 1504
28535 # 1504
28535 # 1504
28535 # 1504
28535 # 1504
28535 # 1504
28535 # 1504
28535 # 1504
28535 # 1504
28535 # 1504
28535 # 1504
28535 # 1504
28535 # 1504
28535 # 1504
28610 + 52
28691 + 385
29111 + 380
29532 + 99
29950 + 422
30035 # 1504
30035 - 52 1425
30035 - 385 1344
30035 - 380 924
30035 - 99 503
30035 - 422 85
30035 # 1504
30035 # 1504
30035 # 1504
30035 # 1504
30035 # 1504
30035 # 1504
30035 # 1504
30035 # 1504
30035 # 1504
30035 # 1504
30035 # 1504
30035 # 1504
30035 # 1504
30035 # 1504
30035 # 1504
30035 # 1504
30035 # 1504
30035 # 1504
30035 # 1504
30035 # 1504
30035 # 1504
30035 # 1504
30035 # 1504
30035 # 1504
30035 # 1504
30035 # 1504
30035 # 1504
30035 # 1504
30035 # 1504
30035 # 1504
30035 # 1504
30035 # 1504
30035 # 1504
30035 # 1504
30035 # 1504
30035 # 1504
30035 # 1504
30035 # 1504
30035 # 1504
30035 # 1504
30035 # 1504
30035 # 1504
30035 # 1504
30035 # 1504
30035 # 1504
30035 # 1504
30035 # 1504
30035 # 1504
30035 # 1504
30035 # 1504
30035 # 1504
30035 # 1504
30035 # 1504
30035 # 1504
30035 # 1504
30035 # 1504
30035 # 1504
30035 # 1504
30035 # 1504
30035 # 1504
30035 # 1504
30035 # 1504
30035 # 1504
30035 # 1504
30035 # 1504
30035 # 1504
30035 # 1504
30035 # 1504
30035 # 1504
30035 # 1504
30035 # 1504
30035 # 1504
30035 # 1504
30035 # 1504
30035 # 1504
30035 # 1504
30035 # 1504
30035 # 1504
30035 # 1504
30035 # 1504
30035 # 1504
30035 # 1504
30370 + 443
30768 + 99
31167 + 385
31535 # 1504
31535 - 443 1165
31535 - 99 767
31535 - 385 368
31535 # 1504
31535 # 1504
31535 # 1504
31535 # 1504
31535 # 1504
31535 # 1504
31535 # 1504
31535 # 1504
31535 # 1504
31535 # 1504
31535 # 1504
31535 # 1504
31535 # 1504
31535 # 1504
31535 # 1504
31535 # 1504
31535 # 1504
31535 # 1504
31535 # 1504
31535 # 1504
31535 # 1504
31535 # 1504
31535 # 1504
31535 # 1504
31535 # 1504
31535 # 1504
31535 # 1504
31535 # 1504
31535 # 1504
31535 # 1504
31535 # 1504
31535 # 1504
31535 # 1504
31535 # 1504
31535 # 1504
31535 # 1504
31535 # 1504
31535 # 1504
31535 # 1504
31535 # 1504
31535 # 1504
31535 # 1504
31535 # 1504
31535 # 1504
31535 # 1504
31535 # 1504
31535 # 1504
31535 # 1504
31535 # 1504
31535 # 1504
31535 # 1504
31535 # 1504
31535 # 1504
31535 # 1504
31535 # 1504
31535 # 1504
31535 # 1504
31535 # 1504
31535 # 1504
31535 # 1504
31535 # 1504
31535 # 1504
31535 # 1504
31535 # 1504
31535 # 1504
31535 # 1504
31535 # 1504
31535 # 1504
31535 # 1504
31535 # 1504
31535 # 1504
31535 # 1504
31535 # 1504
31535 # 1504
31535 # 1504
31535 # 1504
31535 # 1504
31535 # 1504
31535 # 1504
31535 # 1504
31535 # 1504
31535 # 1504
31567 + 99
31980 + 418
32396 + 422
32809 + 98
33035 # 1504
33035 - 99 1468
33035 - 418 1055
33035 - 422 639
33035 - 98 226
33035 # 1504
33035 # 1504
33035 # 1504
33035 # 1504
33035 # 1504
33035 # 1504
33035 # 1504
33035 # 1504
33035 # 1504
33035 # 1504
33035 # 1504
33035 # 1504
33035 # 1504
33035 # 1504
33035 # 1504
33035 # 1504
33035 # 1504
33035 # 1504
33035 # 1504
33035 # 1504
33035 # 1504
33035 # 1504
33035 # 1504
33035 # 1504
33035 # 1504
33035 # 1504
33035 # 1504
33035 # 1504
33035 # 1504
33035 # 1504
33035 # 1504
33035 # 1504
33035 # 1504
33035 # 1504
33035 # 1504
33035 # 1504
33035 # 1504
33035 # 1504
33035 # 1504
33035 # 1504
33035 # 1504
33035 # 1504
33035 # 1504
33035 # 1504
33035 # 1504
33035 # 1504
33035 # 1504
33035 # 1504
33035 # 1504
33035 # 1504
33035 # 1504
33035 # 1504
33035 # 1504
33035 # 1504
33035 # 1504
33035 # 1504
33035 # 1504
33035 # 1504
33035 # 1504
33035 # 1504
33035 # 1504
33035 # 1504
33035 # 1504
33035 # 1504
33035 # 1504
33035 # 1504
33035 # 1504
33035 # 1504
33035 # 1504
33035 # 1504
33035 # 1504
33035 # 1504
33035 # 1504
33035 # 1504
33035 # 1504
33035 # 1504
33035 # 1504
33035 # 1504
33035 # 1504
33035 # 1504
33035 # 1504
33035 # 1504
33220 + 339
33492 + 327
33734 + 338
33977 + 99
34220 + 417
34464 + 403
34535 # 1504
34535 - 339 1315
34535 - 327 1043
34535 - 338 801
34535 - 99 558
34535 # 1504
34535 - 417 315
34535 - 403 71
34535 # 1504
34535 # 1504
34535 # 1504
34535 # 1504
34535 # 1504
34535 # 1504
34535 # 1504
34535 # 1504
34535 # 1504
34535 # 1504
34535 # 1504
34535 # 1504
34535 # 1504
34535 # 1504
34535 # 1504
34535 # 1504
34535 # 1504
34535 # 1504
34535 # 1504
34535 # 1504
34535 # 1504
34535 # 1504
34535 # 1504
34535 # 1504
34535 # 1504
34535 # 1504
34535 # 1504
34535 # 1504
34535 # 1504
34535 # 1504
34535 # 1504
34535 # 1504
34535 # 1504
34535 # 1504
34535 # 1504
34535 # 1504
34535 # 1504
34535 # 1504
34535 # 1504
34535 # 1504
34535 # 1504
34535 # 1504
34535 # 1504
34535 # 1504
34535 # 1504
34535 # 1504
34535 # 1504
34535 # 1504
34535 # 1504
34535 # 1504
34535 # 1504
34535 # 1504
34535 # 1504
34535 # 1504
34535 # 1504
34535 # 1504
34535 # 1504
34535 # 1504
34535 # 1504
34535 # 1504
34535 # 1504
34535 # 1504
34535 # 1504
34535 # 1504
34535 # 1504
34535 # 1504
34535 # 1504
34535 # 1504
34535 # 1504
34535 # 1504
34535 # 1504
34535 # 1504
34535 # 1504
34535 # 1504
34535 # 1504
34535 # 1504
34535 # 1504
34535 # 1504
34535 # 1504
34535 # 1504
34535 # 1504
34709 + 374
35079 + 98
35448 + 389
35814 + 370
36035 # 1504
36035 - 374 1326
36035 - 98 956
36035 - 389 587
36035 - 370 221
36035 # 1504
36035 # 1504
36035 # 1504
36035 # 1504
36035 # 1504
36035 # 1504
36035 # 1504
36035 # 1504
36035 # 1504
36035 # 1504
36035 # 1504
36035 # 1504
36035 # 1504
36035 # 1504
36035 # 1504
36035 # 1504
36035 # 1504
36035 # 1504
36035 # 1504
36035 # 1504
36035 # 1504
36035 # 1504
36035 # 1504
36035 # 1504
36035 # 1504
36035 # 1504
36035 # 1504
36035 # 1504
36035 # 1504
36035 # 1504
36035 # 1504
36035 # 1504
36035 # 1504
36035 # 1504
36035 # 1504
36035 # 1504
36035 # 1504
36035 # 1504
36035 # 1504
36035 # 1504
36035 # 1504
36035 # 1504
36035 # 1504
36035 # 1504
36035 # 1504
36035 # 1504
36035 # 1504
36035 # 1504
36035 # 1504
36035 # 1504
36035 # 1504
36035 # 1504
36035 # 1504
36035 # 1504
36035 # 1504
36035 # 1504
36035 # 1504
36035 # 1504
36035 # 1504
36035 # 1504
36035 # 1504
36035 # 1504
36035 # 1504
36035 # 1504
36035 # 1504
36035 # 1504
36035 # 1504
36035 # 1504
36035 # 1504
36035 # 1504
36035 # 1504
36035 # 1504
36035 # 1504
36035 # 1504
36035 # 1504
36035 # 1504
36035 # 1504
36035 # 1504
36035 # 1504
36035 # 1504
36035 # 1504
36035 # 1504
36182 + 98
36523 + 389
36862 + 375
37203 + 98
37535 # 1504
37535 - 98 1353
37535 - 389 1012
37535 - 375 673
37535 - 98 332
37535 # 1504
37535 # 1504
37535 # 1504
37535 # 1504
37535 # 1504
37535 # 1504
37535 # 1504
37535 # 1504
37535 # 1504
37535 # 1504
37535 # 1504
37535 # 1504
37535 # 1504
37535 # 1504
37535 # 1504
37535 # 1504
37535 # 1504
37535 # 1504
37535 # 1504
37535 # 1504
37535 # 1504
37535 # 1504
37535 # 1504
37535 # 1504
37535 # 1504
37535 # 1504
37535 # 1504
37535 # 1504
37535 # 1504
37535 # 1504
37535 # 1504
37535 # 1504
37535 # 1504
37535 # 1504
37535 # 1504
37535 # 1504
37535 # 1504
37535 # 1504
37535 # 1504
37535 # 1504
37535 # 1504
37535 # 1504
37535 # 1504
37535 # 1504
37535 # 1504
37535 # 1504
37535 # 1504
37535 # 1504
37535 # 1504
37535 # 1504
37535 # 1504
37535 # 1504
37535 # 1504
37535 # 1504
37535 # 1504
37535 # 1504
37535 # 1504
37535 # 1504
37535 # 1504
37535 # 1504
37535 # 1504
37535 # 1504
37535 # 1504
37535 # 1504
37535 # 1504
37535 # 1504
37535 # 1504
37535 # 1504
37535 # 1504
37535 # 1504
37535 # 1504
37535 # 1504
37535 # 1504
37535 # 1504
37535 # 1504
37535 # 1504
37535 # 1504
37535 # 1504
37535 # 1504
37535 # 1504
37535 # 1504
37535 # 1504
37539 + 342
37851 + 365
38137 + 99
38449 + 405
38735 + 422
39035 # 1504
39035 - 342 1496
39035 - 365 1184
39035 - 99 898
39035 - 405 586
39035 # 1504
39035 - 422 300
39035 # 1504
39035 # 1504
39035 # 1504
39035 # 1504
39035 # 1504
39035 # 1504
39035 # 1504
39035 # 1504
39035 # 1504
39035 # 1504
39035 # 1504
39035 # 1504
39035 # 1504
39035 # 1504
39035 # 1504
39035 # 1504
39035 # 1504
39035 # 1504
39035 # 1504
39035 # 1504
39035 # 1504
39035 # 1504
39035 # 1504
39035 # 1504
39035 # 1504
39035 # 1504
39035 # 1504
39035 # 1504
39035 # 1504
39035 # 1504
39035 # 1504
39035 # 1504
39035 # 1504
39035 # 1504
39035 # 1504
39035 # 1504
39035 # 1504
39035 # 1504
39035 # 1504
39035 # 1504
39035 # 1504
39035 # 1504
39035 # 1504
39035 # 1504
39035 # 1504
39035 # 1504
39035 # 1504
39035 # 1504
39035 # 1504
39035 # 1504
39035 # 1504
39035 # 1504
39035 # 1504
39035 # 1504
39035 # 1504
39035 # 1504
39035 # 1504
39035 # 1504
39035 # 1504
39035 # 1504
39035 # 1504
39035 # 1504
39035 # 1504
39035 # 1504
39035 # 1504
39035 # 1504
39035 # 1504
39035 # 1504
39035 # 1504
39035 # 1504
39035 # 1504
39035 # 1504
39035 # 1504
39035 # 1504
39035 # 1504
39035 # 1504
39035 # 1504
39035 # 1504
39035 # 1504
39035 # 1504
39035 # 1504
39040 + 443
39437 + 98
39834 + 378
40232 + 386
40535 # 1504
40535 - 443 1495
40535 - 98 1098
40535 - 378 701
40535 - 386 303
40535 # 1504
40535 # 1504
40535 # 1504
40535 # 1504
40535 # 1504
40535 # 1504
40535 # 1504
40535 # 1504
40535 # 1504
40535 # 1504
40535 # 1504
40535 # 1504
40535 # 1504
40535 # 1504
40535 # 1504
40535 # 1504
40535 # 1504
40535 # 1504
40535 # 1504
40535 # 1504
40535 # 1504
40535 # 1504
40535 # 1504
40535 # 1504
40535 # 1504
40535 # 1504
40535 # 1504
40535 # 1504
40535 # 1504
40535 # 1504
40535 # 1504
40535 # 1504
40535 # 1504
40535 # 1504
40535 # 1504
40535 # 1504
40535 # 1504
40535 # 1504
40535 # 1504
40535 # 1504
40535 # 1504
40535 # 1504
40535 # 1504
40535 # 1504
40535 # 1504
40535 # 1504
40535 # 1504
40535 # 1504
40535 # 1504
40535 # 1504
40535 # 1504
40535 # 1504
40535 # 1504
40535 # 1504
40535 # 1504
40535 # 1504
40535 # 1504
40535 # 1504
40535 # 1504
40535 # 1504
40535 # 1504
40535 # 1504
40535 # 1504
40535 # 1504
40535 # 1504
40535 # 1504
40535 # 1504
40535 # 1504
40535 # 1504
40535 # 1504
40535 # 1504
40535 # 1504
40535 # 1504
40535 # 1504
40535 # 1504
40535 # 1504
40535 # 1504
40535 # 1504
40535 # 1504
40535 # 1504
40535 # 1504
40535 # 1504
40648 + 99
40983 + 402
41320 + 373
41691 + 99
42026 + 440
42035 # 1504
42035 - 99 1387
42035 - 402 1052
42035 - 373 715
42035 - 99 344
42035 - 440 9
42035 # 1504
42035 # 1504
42035 # 1504
42035 # 1504
42035 # 1504
42035 # 1504
42035 # 1504
42035 # 1504
42035 # 1504
42035 # 1504
42035 # 1504
42035 # 1504
42035 # 1504
42035 # 1504
42035 # 1504
42035 # 1504
42035 # 1504
42035 # 1504
42035 # 1504
42035 # 1504
42035 # 1504
42035 # 1504
42035 # 1504
42035 # 1504
42035 # 1504
42035 # 1504
42035 # 1504
42035 # 1504
42035 # 1504
42035 # 1504
42035 # 1504
42035 # 1504
42035 # 1504
42035 # 1504
42035 # 1504
42035 # 1504
42035 # 1504
42035 # 1504
42035 # 1504
42035 # 1504
42035 # 1504
42035 # 1504
42035 # 1504
42035 # 1504
42035 # 1504
42035 # 1504
42035 # 1504
42035 # 1504
42035 # 1504
42035 # 1504
42035 # 1504
42035 # 1504
42035 # 1504
42035 # 1504
42035 # 1504
42035 # 1504
42035 # 1504
42035 # 1504
42035 # 1504
42035 # 1504
42035 # 1504
42035 # 1504
42035 # 1504
42035 # 1504
42035 # 1504
42035 # 1504
42035 # 1504
42035 # 1504
42035 # 1504
42035 # 1504
42035 # 1504
42035 # 1504
42035 # 1504
42035 # 1504
42035 # 1504
42035 # 1504
42035 # 1504
42035 # 1504
42035 # 1504
42035 # 1504
42035 # 1504
42035 # 1504
42359 + 438
42754 + 98
43146 + 384
43535 # 1504
43535 - 438 1176
43535 - 98 781
43535 - 384 389
43535 # 1504
43535 # 1504
43535 # 1504
43535 # 1504
43535 # 1504
43535 # 1504
43535 # 1504
43535 # 1504
43535 # 1504
43535 # 1504
43535 # 1504
43535 # 1504
43535 # 1504
43535 # 1504
43535 # 1504
43535 # 1504
43535 # 1504
43535 # 1504
43535 # 1504
43535 # 1504
43535 # 1504
43535 # 1504
43535 # 1504
43535 # 1504
43535 # 1504
43535 # 1504
43535 # 1504
43535 # 1504
43535 # 1504
43535 # 1504
43535 # 1504
43535 # 1504
43535 # 1504
43535 # 1504
43535 # 1504
43535 # 1504
43535 # 1504
43535 # 1504
43535 # 1504
43535 # 1504
43535 # 1504
43535 # 1504
43535 # 1504
43535 # 1504
43535 # 1504
43535 # 1504
43535 # 1504
43535 # 1504
43535 # 1504
43535 # 1504
43535 # 1504
43535 # 1504
43535 # 1504
43535 # 1504
43535 # 1504
43535 # 1504
43535 # 1504
43535 # 1504
43535 # 1504
43535 # 1504
43535 # 1504
43535 # 1504
43535 # 1504
43535 # 1504
43535 # 1504
43535 # 1504
43535 # 1504
43535 # 1504
43535 # 1504
43535 # 1504
43535 # 1504
43535 # 1504
43535 # 1504
43535 # 1504
43535 # 1504
43535 # 1504
43535 # 1504
43535 # 1504
43535 # 1504
43535 # 1504
43535 # 1504
43535 # 1504
43537 + 402
43932 + 98
44285 + 359
44639 + 355
44992 + 98
45035 # 1504
45035 - 402 1498
45035 - 98 1103
45035 - 359 750
45035 - 355 396
45035 - 98 43
45035 # 1504
45035 # 1504
45035 # 1504
45035 # 1504
45035 # 1504
45035 # 1504
45035 # 1504
45035 # 1504
45035 # 1504
45035 # 1504
45035 # 1504
45035 # 1504
45035 # 1504
45035 # 1504
45035 # 1504
45035 # 1504
45035 # 1504
45035 # 1504
45035 # 1504
45035 # 1504
45035 # 1504
45035 # 1504
45035 # 1504
45035 # 1504
45035 # 1504
45035 # 1504
45035 # 1504
45035 # 1504
45035 # 1504
45035 # 1504
45035 # 1504
45035 # 1504
45035 # 1504
45035 # 1504
45035 # 1504
45035 # 1504
45035 # 1504
45035 # 1504
45035 # 1504
45035 # 1504
45035 # 1504
45035 # 1504
45035 # 1504
45035 # 1504
45035 # 1504
45035 # 1504
45035 # 1504
45035 # 1504
45035 # 1504
45035 # 1504
45035 # 1504
45035 # 1504
45035 # 1504
45035 # 1504
45035 # 1504
45035 # 1504
45035 # 1504
45035 # 1504
45035 # 1504
45035 # 1504
45035 # 1504
45035 # 1504
45035 # 1504
45035 # 1504
45035 # 1504
45035 # 1504
45035 # 1504
45035 # 1504
45035 # 1504
45035 # 1504
45035 # 1504
45035 # 1504
45035 # 1504
45035 # 1504
45035 # 1504
45035 # 1504
45035 # 1504
45035 # 1504
45035 # 1504
45035 # 1504
45035 # 1504
45035 # 1504
45345 + 376
45670 + 378
45997 + 99
46324 + 405
46535 # 1504
46535 - 376 1190
46535 - 378 865
46535 - 99 538
46535 - 405 211
46535 # 1504
46535 # 1504
46535 # 1504
46535 # 1504
46535 # 1504
46535 # 1504
46535 # 1504
46535 # 1504
46535 # 1504
46535 # 1504
46535 # 1504
46535 # 1504
46535 # 1504
46535 # 1504
46535 # 1504
46535 # 1504
46535 # 1504
46535 # 1504
46535 # 1504
46535 # 1504
46535 # 1504
46535 # 1504
46535 # 1504
46535 # 1504
46535 # 1504
46535 # 1504
46535 # 1504
46535 # 1504
46535 # 1504
46535 # 1504
46535 # 1504
46535 # 1504
46535 # 1504
46535 # 1504
46535 # 1504
46535 # 1504
46535 # 1504
46535 # 1504
46535 # 1504
46535 # 1504
46535 # 1504
46535 # 1504
46535 # 1504
46535 # 1504
46535 # 1504
46535 # 1504
46535 # 1504
46535 # 1504
46535 # 1504
46535 # 1504
46535 # 1504
46535 # 1504
46535 # 1504
46535 # 1504
46535 # 1504
46535 # 1504
46535 # 1504
46535 # 1504
46535 # 1504
46535 # 1504
46535 # 1504
46535 # 1504
46535 # 1504
46535 # 1504
46535 # 1504
46535 # 1504
46535 # 1504
46535 # 1504
46535 # 1504
46535 # 1504
46535 # 1504
46535 # 1504
46535 # 1504
46535 # 1504
46535 # 1504
46535 # 1504
46535 # 1504
46535 # 1504
46535 # 1504
46535 # 1504
46535 # 1504
46535 # 1504
46646 + 423
47020 + 98
47394 + 390
47770 + 420
48035 # 1504
48035 - 423 1389
48035 - 98 1015
48035 - 390 641
48035 - 420 265
48035 # 1504
48035 # 1504
48035 # 1504
48035 # 1504
48035 # 1504
48035 # 1504
48035 # 1504
48035 # 1504
48035 # 1504
48035 # 1504
48035 # 1504
48035 # 1504
48035 # 1504
48035 # 1504
48035 # 1504
48035 # 1504
48035 # 1504
48035 # 1504
48035 # 1504
48035 # 1504
48035 # 1504
48035 # 1504
48035 # 1504
48035 # 1504
48035 # 1504
48035 # 1504
48035 # 1504
48035 # 1504
48035 # 1504
48035 # 1504
48035 # 1504
48035 # 1504
48035 # 1504
48035 # 1504
48035 # 1504
48035 # 1504
48035 # 1504
48035 # 1504
48035 # 1504
48035 # 1504
48035 # 1504
48035 # 1504
48035 # 1504
48035 # 1504
48035 # 1504
48035 # 1504
48035 # 1504
48035 # 1504
48035 # 1504
48035 # 1504
48035 # 1504
48035 # 1504
48035 # 1504
48035 # 1504
48035 # 1504
48035 # 1504
48035 # 1504
48035 # 1504
48035 # 1504
48035 # 1504
48035 # 1504
48035 # 1504
48035 # 1504
48035 # 1504
48035 # 1504
48035 # 1504
48035 # 1504
48035 # 1504
48035 # 1504
48035 # 1504
48035 # 1504
48035 # 1504
48035 # 1504
48035 # 1504
48035 # 1504
48035 # 1504
48035 # 1504
48035 # 1504
48035 # 1504
48035 # 1504
48035 # 1504
48035 # 1504
48145 + 99
48519 + 414
48888 + 381
49259 + 99
49535 # 1504
49535 - 99 1390
49535 - 414 1016
49535 - 381 647
49535 - 99 276
49535 # 1504
49535 # 1504
49535 # 1504
49535 # 1504
49535 # 1504
49535 # 1504
49535 # 1504
49535 # 1504
49535 # 1504
49535 # 1504
49535 # 1504
49535 # 1504
49535 # 1504
49535 # 1504
49535 # 1504
49535 # 1504
49535 # 1504
49535 # 1504
49535 # 1504
49535 # 1504
49535 # 1504
49535 # 1504
49535 # 1504
49535 # 1504
49535 # 1504
49535 # 1504
49535 # 1504
49535 # 1504
49535 # 1504
49535 # 1504
49535 # 1504
49535 # 1504
49535 # 1504
49535 # 1504
49535 # 1504
49535 # 1504
49535 # 1504
49535 # 1504
49535 # 1504
49535 # 1504
49535 # 1504
49535 # 1504
49535 # 1504
49535 # 1504
49535 # 1504
49535 # 1504
49535 # 1504
49535 # 1504
49535 # 1504
49535 # 1504
49535 # 1504
49535 # 1504
49535 # 1504
49535 # 1504
49535 # 1504
49535 # 1504
49535 # 1504
49535 # 1504
49535 # 1504
49535 # 1504
49535 # 1504
49535 # 1504
49535 # 1504
49535 # 1504
49535 # 1504
49535 # 1504
49535 # 1504
49535 # 1504
49535 # 1504
49535 # 1504
49535 # 1504
49535 # 1504
49535 # 1504
49535 # 1504
49535 # 1504
49535 # 1504
49535 # 1504
49535 # 1504
49535 # 1504
49535 # 1504
49535 # 1504
49535 # 1504
49632 + 436
50020 + 404
50407 + 99
50798 + 419
51035 # 1504
51035 - 436 1403
51035 - 404 1015
51035 - 99 628
51035 - 419 237
51035 # 1504
51035 # 1504
51035 # 1504
51035 # 1504
51035 # 1504
51035 # 1504
51035 # 1504
51035 # 1504
51035 # 1504
51035 # 1504
51035 # 1504
51035 # 1504
51035 # 1504
51035 # 1504
51035 # 1504
51035 # 1504
51035 # 1504
51035 # 1504
51035 # 1504
51035 # 1504
51035 # 1504
51035 # 1504
51035 # 1504
51035 # 1504
51035 # 1504
51035 # 1504
51035 # 1504
51035 # 1504
51035 # 1504
51035 # 1504
51035 # 1504
51035 # 1504
51035 # 1504
51035 # 1504
51035 # 1504
51035 # 1504
51035 # 1504
51035 # 1504
51035 # 1504
51035 # 1504
51035 # 1504
51035 # 1504
51035 # 1504
51035 # 1504
51035 # 1504
51035 # 1504
51035 # 1504
51035 # 1504
51035 # 1504
51035 # 1504
51035 # 1504
51035 # 1504
51035 # 1504
51035 # 1504
51035 # 1504
51035 # 1504
51035 # 1504
51035 # 1504
51035 # 1504
51035 # 1504
51035 # 1504
51035 # 1504
51035 # 1504
51035 # 1504
51035 # 1504
51035 # 1504
51035 # 1504
51035 # 1504
51035 # 1504
51035 # 1504
51035 # 1504
51035 # 1504
51035 # 1504
51035 # 1504
51035 # 1504
51035 # 1504
51035 # 1504
51035 # 1504
51035 # 1504
51035 # 1504
51035 # 1504
51035 # 1504
51189 + 384
51559 + 98
51930 + 365
52300 + 368
52535 # 1504
52535 - 384 1346
52535 - 98 976
52535 - 365 605
52535 - 368 235
52535 # 1504
52535 # 1504
52535 # 1504
52535 # 1504
52535 # 1504
52535 # 1504
52535 # 1504
52535 # 1504
52535 # 1504
52535 # 1504
52535 # 1504
52535 # 1504
52535 # 1504
52535 # 1504
52535 # 1504
52535 # 1504
52535 # 1504
52535 # 1504
52535 # 1504
52535 # 1504
52535 # 1504
52535 # 1504
52535 # 1504
52535 # 1504
52535 # 1504
52535 # 1504
52535 # 1504
52535 # 1504
52535 # 1504
52535 # 1504
52535 # 1504
52535 # 1504
52535 # 1504
52535 # 1504
52535 # 1504
52535 # 1504
52535 # 1504
52535 # 1504
52535 # 1504
52535 # 1504
52535 # 1504
52535 # 1504
52535 # 1504
52535 # 1504
52535 # 1504
52535 # 1504
52535 # 1504
52535 # 1504
52535 # 1504
52535 # 1504
52535 # 1504
52535 # 1504
52535 # 1504
52535 # 1504
52535 # 1504
52535 # 1504
52535 # 1504
52535 # 1504
52535 # 1504
52535 # 1504
52535 # 1504
52535 # 1504
52535 # 1504
52535 # 1504
52535 # 1504
52535 # 1504
52535 # 1504
52535 # 1504
52535 # 1504
52535 # 1504
52535 # 1504
52535 # 1504
52535 # 1504
52535 # 1504
52535 # 1504
52535 # 1504
52535 # 1504
52535 # 1504
52535 # 1504
52535 # 1504
52535 # 1504
52535 # 1504
52669 + 99
52985 + 413
53299 + 422
53650 + 99
53965 + 392
54035 # 1504
54035 - 99 1366
54035 - 413 1050
54035 - 422 736
54035 - 99 385
54035 - 392 70
54035 # 1504
54035 # 1504
54035 # 1504
54035 # 1504
54035 # 1504
54035 # 1504
54035 # 1504
54035 # 1504
54035 # 1504
54035 # 1504
54035 # 1504
54035 # 1504
54035 # 1504
54035 # 1504
54035 # 1504
54035 # 1504
54035 # 1504
54035 # 1504
54035 # 1504
54035 # 1504
54035 # 1504
54035 # 1504
54035 # 1504
54035 # 1504
54035 # 1504
54035 # 1504
54035 # 1504
54035 # 1504
54035 # 1504
54035 # 1504
54035 # 1504
54035 # 1504
54035 # 1504
54035 # 1504
54035 # 1504
54035 # 1504
54035 # 1504
54035 # 1504
54035 # 1504
54035 # 1504
54035 # 1504
54035 # 1504
54035 # 1504
54035 # 1504
54035 # 1504
54035 # 1504
54035 # 1504
54035 # 1504
54035 # 1504
54035 # 1504
54035 # 1504
54035 # 1504
54035 # 1504
54035 # 1504
54035 # 1504
54035 # 1504
54035 # 1504
54035 # 1504
54035 # 1504
54035 # 1504
54035 # 1504
54035 # 1504
54035 # 1504
54035 # 1504
54035 # 1504
54035 # 1504
54035 # 1504
54035 # 1504
54035 # 1504
54035 # 1504
54035 # 1504
54035 # 1504
54035 # 1504
54035 # 1504
54035 # 1504
54035 # 1504
54035 # 1504
54035 # 1504
54035 # 1504
54035 # 1504
54035 # 1504
54035 # 1504
54279 + 388
54620 + 99
54961 + 427
55303 + 442
55535 # 1504
55535 - 388 1256
55535 - 99 915
55535 - 427 574
55535 - 442 232
55535 # 1504
55535 # 1504
55535 # 1504
55535 # 1504
55535 # 1504
55535 # 1504
55535 # 1504
55535 # 1504
55535 # 1504
55535 # 1504
55535 # 1504
55535 # 1504
55535 # 1504
55535 # 1504
55535 # 1504
55535 # 1504
55535 # 1504
55535 # 1504
55535 # 1504
55535 # 1504
55535 # 1504
55535 # 1504
55535 # 1504
55535 # 1504
55535 # 1504
55535 # 1504
55535 # 1504
55535 # 1504
55535 # 1504
55535 # 1504
55535 # 1504
55535 # 1504
55535 # 1504
55535 # 1504
55535 # 1504
55535 # 1504
55535 # 1504
55535 # 1504
55535 # 1504
55535 # 1504
55535 # 1504
55535 # 1504
55535 # 1504
55535 # 1504
55535 # 1504
55535 # 1504
55535 # 1504
55535 # 1504
55535 # 1504
55535 # 1504
55535 # 1504
55535 # 1504
55535 # 1504
55535 # 1504
55535 # 1504
55535 # 1504
55535 # 1504
55535 # 1504
55535 # 1504
55535 # 1504
55535 # 1504
55535 # 1504
55535 # 1504
55535 # 1504
55535 # 1504
55535 # 1504
55535 # 1504
55535 # 1504
55535 # 1504
55535 # 1504
55535 # 1504
55535 # 1504
55535 # 1504
55535 # 1504
55535 # 1504
55535 # 1504
55535 # 1504
55535 # 1504
55535 # 1504
55535 # 1504
55535 # 1504
55535 # 1504
55648 + 98
56041 + 415
56436 + 414
56831 + 99
57035 # 1504
57035 - 98 1387
57035 - 415 994
57035 - 414 599
57035 - 99 204
57035 # 1504
57035 # 1504
57035 # 1504
57035 # 1504
57035 # 1504
57035 # 1504
57035 # 1504
57035 # 1504
57035 # 1504
57035 # 1504
57035 # 1504
57035 # 1504
57035 # 1504
57035 # 1504
57035 # 1504
57035 # 1504
57035 # 1504
57035 # 1504
57035 # 1504
57035 # 1504
57035 # 1504
57035 # 1504
57035 # 1504
57035 # 1504
57035 # 1504
57035 # 1504
57035 # 1504
57035 # 1504
57035 # 1504
57035 # 1504
57035 # 1504
57035 # 1504
57035 # 1504
57035 # 1504
57035 # 1504
57035 # 1504
57035 # 1504
57035 # 1504
57035 # 1504
57035 # 1504
57035 # 1504
57035 # 1504
57035 # 1504
57035 # 1504
57035 # 1504
57035 # 1504
57035 # 1504
57035 # 1504
57035 # 1504
57035 # 1504
57035 # 1504
57035 # 1504
57035 # 1504
57035 # 1504
57035 # 1504
57035 # 1504
57035 # 1504
57035 # 1504
57035 # 1504
57035 # 1504
57035 # 1504
57035 # 1504
57035 # 1504
57035 # 1504
57035 # 1504
57035 # 1504
57035 # 1504
57035 # 1504
57035 # 1504
57035 # 1504
57035 # 1504
57035 # 1504
57035 # 1504
57035 # 1504
57035 # 1504
57035 # 1504
57035 # 1504
57035 # 1504
57035 # 1504
57035 # 1504
57035 # 1504
57035 # 1504
57225 + 447
57625 + 440
58025 + 98
58425 + 343
58535 # 1504
58535 - 447 1310
58535 - 440 910
58535 - 98 510
58535 - 343 110
58535 # 1504
58535 # 1504
58535 # 1504
58535 # 1504
58535 # 1504
58535 # 1504
58535 # 1504
58535 # 1504
58535 # 1504
58535 # 1504
58535 # 1504
58535 # 1504
58535 # 1504
58535 # 1504
58535 # 1504
58535 # 1504
58535 # 1504
58535 # 1504
58535 # 1504
58535 # 1504
58535 # 1504
58535 # 1504
58535 # 1504
58535 # 1504
58535 # 1504
58535 # 1504
58535 # 1504
58535 # 1504
58535 # 1504
58535 # 1504
58535 # 1504
58535 # 1504
58535 # 1504
58535 # 1504
58535 # 1504
58535 # 1504
58535 # 1504
58535 # 1504
58535 # 1504
58535 # 1504
58535 # 1504
58535 # 1504
58535 # 1504
58535 # 1504
58535 # 1504
58535 # 1504
58535 # 1504
58535 # 1504
58535 # 1504
58535 # 1504
58535 # 1504
58535 # 1504
58535 # 1504
58535 # 1504
58535 # 1504
58535 # 1504
58535 # 1504
58535 # 1504
58535 # 1504
58535 # 1504
58535 # 1504
58535 # 1504
58535 # 1504
58535 # 1504
58535 # 1504
58535 # 1504
58535 # 1504
58535 # 1504
58535 # 1504
58535 # 1504
58535 # 1504
58535 # 1504
58535 # 1504
58535 # 1504
58535 # 1504
58535 # 1504
58535 # 1504
58535 # 1504
58535 # 1504
58535 # 1504
58535 # 1504
58535 # 1504
58822 + 358
59217 + 99
59652 + 387
60035 # 1504
60035 - 358 1213
60035 - 99 818
60035 - 387 383
60035 # 1504
60035 # 1504
60035 # 1504
60035 # 1504
60035 # 1504
60035 # 1504
60035 # 1504
60035 # 1504
60035 # 1504
60035 # 1504
60035 # 1504
60035 # 1504
60035 # 1504
60035 # 1504
60035 # 1504
60035 # 1504
60035 # 1504
60035 # 1504
60035 # 1504
60035 # 1504
60035 # 1504
60035 # 1504
60035 # 1504
60035 # 1504
60035 # 1504
60035 # 1504
60035 # 1504
60035 # 1504
60035 # 1504
60035 # 1504
60035 # 1504
60035 # 1504
60035 # 1504
60035 # 1504
60035 # 1504
60035 # 1504
60035 # 1504
60035 # 1504
60035 # 1504
60035 # 1504
60035 # 1504
60035 # 1504
60035 # 1504
60035 # 1504
60035 # 1504
60035 # 1504
60035 # 1504
60035 # 1504
60035 # 1504
60035 # 1504
60035 # 1504
60035 # 1504
60035 # 1504
60035 # 1504
60035 # 1504
60035 # 1504
60035 # 1504
60035 # 1504
60035 # 1504
60035 # 1504
60035 # 1504
60035 # 1504
60035 # 1504
60035 # 1504
60035 # 1504
60035 # 1504
60035 # 1504
60035 # 1504
60035 # 1504
60035 # 1504
60035 # 1504
60035 # 1504
60035 # 1504
60035 # 1504
60035 # 1504
60035 # 1504
60035 # 1504
60035 # 1504
60035 # 1504
60035 # 1504
60035 # 1504
60035 # 1504
60047 + 99
60412 + 402
60776 + 404
60869 + 52
61141 + 98
61507 + 382
61535 # 1504
61535 - 99 1488
61535 - 402 1123
61535 - 404 759
61535 - 52 666
61535 - 98 394
61535 - 382 28
61535 # 1504
61535 # 1504
61535 # 1504
61535 # 1504
61535 # 1504
61535 # 1504
61535 # 1504
61535 # 1504
61535 # 1504
61535 # 1504
61535 # 1504
61535 # 1504
61535 # 1504
61535 # 1504
61535 # 1504
61535 # 1504
61535 # 1504
61535 # 1504
61535 # 1504
61535 # 1504
61535 # 1504
61535 # 1504
61535 # 1504
61535 # 1504
61535 # 1504
61535 # 1504
61535 # 1504
61535 # 1504
61535 # 1504
61535 # 1504
61535 # 1504
61535 # 1504
61535 # 1504
61535 # 1504
61535 # 1504
61535 # 1504
61535 # 1504
61535 # 1504
61535 # 1504
61535 # 1504
61535 # 1504
61535 # 1504
61535 # 1504
61535 # 1504
61535 # 1504
61535 # 1504
61535 # 1504
61535 # 1504
61535 # 1504
61535 # 1504
61535 # 1504
61535 # 1504
61535 # 1504
61535 # 1504
61535 # 1504
61535 # 1504
61535 # 1504
61535 # 1504
61535 # 1504
61535 # 1504
61535 # 1504
61535 # 1504
61535 # 1504
61535 # 1504
61535 # 1504
61535 # 1504
61535 # 1504
61535 # 1504
61535 # 1504
61535 # 1504
61535 # 1504
61535 # 1504
61535 # 1504
61535 # 1504
61535 # 1504
61535 # 1504
61535 # 1504
61535 # 1504
61535 # 1504
61535 # 1504
61535 # 1504
61535 # 1504
61874 + 359
62208 + 98
62538 + 373
62869 + 368
63035 # 1504
63035 - 359 1161
63035 - 98 827
63035 - 373 497
63035 - 368 166
63035 # 1504
63035 # 1504
63035 # 1504
63035 # 1504
63035 # 1504
63035 # 1504
63035 # 1504
63035 # 1504
63035 # 1504
63035 # 1504
63035 # 1504
63035 # 1504
63035 # 1504
63035 # 1504
63035 # 1504
63035 # 1504
63035 # 1504
63035 # 1504
63035 # 1504
63035 # 1504
63035 # 1504
63035 # 1504
63035 # 1504
63035 # 1504
63035 # 1504
63035 # 1504
63035 # 1504
63035 # 1504
63035 # 1504
63035 # 1504
63035 # 1504
63035 # 1504
63035 # 1504
63035 # 1504
63035 # 1504
63035 # 1504
63035 # 1504
63035 # 1504
63035 # 1504
63035 # 1504
63035 # 1504
63035 # 1504
63035 # 1504
63035 # 1504
63035 # 1504
63035 # 1504
63035 # 1504
63035 # 1504
63035 # 1504
63035 # 1504
63035 # 1504
63035 # 1504
63035 # 1504
63035 # 1504
63035 # 1504
63035 # 1504
63035 # 1504
63035 # 1504
63035 # 1504
63035 # 1504
63035 # 1504
63035 # 1504
63035 # 1504
63035 # 1504
63035 # 1504
63035 # 1504
63035 # 1504
63035 # 1504
63035 # 1504
63035 # 1504
63035 # 1504
63035 # 1504
63035 # 1504
63035 # 1504
63035 # 1504
63035 # 1504
63035 # 1504
63035 # 1504
63035 # 1504
63035 # 1504
63035 # 1504
63035 # 1504
63201 + 99
63521 + 428
63849 + 422
64172 + 424
64491 + 99
64535 # 1504
64535 - 99 1334
64535 - 428 1014
64535 - 422 686
64535 - 424 363
64535 - 99 44
64535 # 1504
64535 # 1504
64535 # 1504
64535 # 1504
64535 # 1504
64535 # 1504
64535 # 1504
64535 # 1504
64535 # 1504
64535 # 1504
64535 # 1504
64535 # 1504
64535 # 1504
64535 # 1504
64535 # 1504
64535 # 1504
64535 # 1504
64535 # 1504
64535 # 1504
64535 # 1504
64535 # 1504
64535 # 1504
64535 # 1504
64535 # 1504
64535 # 1504
64535 # 1504
64535 # 1504
64535 # 1504
64535 # 1504
64535 # 1504
64535 # 1504
64535 # 1504
64535 # 1504
64535 # 1504
64535 # 1504
64535 # 1504
64535 # 1504
64535 # 1504
64535 # 1504
64535 # 1504
64535 # 1504
64535 # 1504
64535 # 1504
64535 # 1504
64535 # 1504
64535 # 1504
64535 # 1504
64535 # 1504
64535 # 1504
64535 # 1504
64535 # 1504
64535 # 1504
64535 # 1504
64535 # 1504
64535 # 1504
64535 # 1504
64535 # 1504
64535 # 1504
64535 # 1504
64535 # 1504
64535 # 1504
64535 # 1504
64535 # 1504
64535 # 1504
64535 # 1504
64535 # 1504
64535 # 1504
64535 # 1504
64535 # 1504
64535 # 1504
64535 # 1504
64535 # 1504
64535 # 1504
64535 # 1504
64535 # 1504
64535 # 1504
64535 # 1504
64535 # 1504
64535 # 1504
64535 # 1504
64535 # 1504
64535 # 1504
64810 + 399
65191 + 405
65572 + 98
65950 + 376
66035 # 1504
66035 - 399 1225
66035 - 405 844
66035 - 98 463
66035 - 376 85
66035 # 1504
66035 # 1504
66035 # 1504
66035 # 1504
66035 # 1504
66035 # 1504
66035 # 1504
66035 # 1504
66035 # 1504
66035 # 1504
66035 # 1504
66035 # 1504
66035 # 1504
66035 # 1504
66035 # 1504
66035 # 1504
66035 # 1504
66035 # 1504
66035 # 1504
66035 # 1504
66035 # 1504
66035 # 1504
66035 # 1504
66035 # 1504
66035 # 1504
66035 # 1504
66035 # 1504
66035 # 1504
66035 # 1504
66035 # 1504
66035 # 1504
66035 # 1504
66035 # 1504
66035 # 1504
66035 # 1504
66035 # 1504
66035 # 1504
66035 # 1504
66035 # 1504
66035 # 1504
66035 # 1504
66035 # 1504
66035 # 1504
66035 # 1504
66035 # 1504
66035 # 1504
66035 # 1504
66035 # 1504
66035 # 1504
66035 # 1504
66035 # 1504
66035 # 1504
66035 # 1504
66035 # 1504
66035 # 1504
66035 # 1504
66035 # 1504
66035 # 1504
66035 # 1504
66035 # 1504
66035 # 1504
66035 # 1504
66035 # 1504
66035 # 1504
66035 # 1504
66035 # 1504
66035 # 1504
66035 # 1504
66035 # 1504
66035 # 1504
66035 # 1504
66035 # 1504
66035 # 1504
66035 # 1504
66035 # 1504
66035 # 1504
66035 # 1504
66035 # 1504
66035 # 1504
66035 # 1504
66035 # 1504
66035 # 1504
