# init timestamp: 1744917667069.000
1535.000 # 1500
1535.000 # 1500
1535.000 # 1500
1535.000 # 1500
1535.000 # 1500
1535.000 # 1500
1535.000 # 1500
1535.000 # 1500
1535.000 # 1500
1535.000 # 1500
1535.000 # 1500
1535.000 # 1500
1535.000 # 1500
1535.000 # 1500
1535.000 # 1500
1535.000 # 1500
1535.000 # 1500
1535.000 # 1500
1535.000 # 1500
1535.000 # 1500
1535.000 # 1500
1535.000 # 1500
1535.000 # 1500
1535.000 # 1500
1535.000 # 1500
1535.000 # 1500
1535.000 # 1500
1535.000 # 1500
1535.000 # 1500
1535.000 # 1500
1535.000 # 1500
1535.000 # 1500
1535.000 # 1500
1535.000 # 1500
1535.000 # 1500
1535.000 # 1500
1535.000 # 1500
1535.000 # 1500
1535.000 # 1500
1535.000 # 1500
1535.000 # 1500
1535.000 # 1500
1535.000 # 1500
1535.000 # 1500
1535.000 # 1500
1535.000 # 1500
1535.000 # 1500
1535.000 # 1500
1535.000 # 1500
1535.000 # 1500
1535.000 # 1500
1535.000 # 1500
1535.000 # 1500
1535.000 # 1500
1535.000 # 1500
1535.000 # 1500
1535.000 # 1500
1535.000 # 1500
1535.000 # 1500
1535.000 # 1500
1535.000 # 1500
1535.000 # 1500
1535.000 # 1500
1535.000 # 1500
1535.000 # 1500
1535.000 # 1500
1535.000 # 1500
1535.000 # 1500
1535.000 # 1500
1535.000 # 1500
1535.000 # 1500
1535.000 # 1500
1535.000 # 1500
1535.000 # 1500
1535.000 # 1500
1535.000 # 1500
1535.000 # 1500
1535.000 # 1500
1535.000 # 1500
1535.000 # 1500
1535.000 # 1500
1535.000 # 1500
1535.000 # 1500
3035.000 # 1500
3035.000 # 1500
3035.000 # 1500
3035.000 # 1500
3035.000 # 1500
3035.000 # 1500
3035.000 # 1500
3035.000 # 1500
3035.000 # 1500
3035.000 # 1500
3035.000 # 1500
3035.000 # 1500
3035.000 # 1500
3035.000 # 1500
3035.000 # 1500
3035.000 # 1500
3035.000 # 1500
3035.000 # 1500
3035.000 # 1500
3035.000 # 1500
3035.000 # 1500
3035.000 # 1500
3035.000 # 1500
3035.000 # 1500
3035.000 # 1500
3035.000 # 1500
3035.000 # 1500
3035.000 # 1500
3035.000 # 1500
3035.000 # 1500
3035.000 # 1500
3035.000 # 1500
3035.000 # 1500
3035.000 # 1500
3035.000 # 1500
3035.000 # 1500
3035.000 # 1500
3035.000 # 1500
3035.000 # 1500
3035.000 # 1500
3035.000 # 1500
3035.000 # 1500
3035.000 # 1500
3035.000 # 1500
3035.000 # 1500
3035.000 # 1500
3035.000 # 1500
3035.000 # 1500
3035.000 # 1500
3035.000 # 1500
3035.000 # 1500
3035.000 # 1500
3035.000 # 1500
3035.000 # 1500
3035.000 # 1500
3035.000 # 1500
3035.000 # 1500
3035.000 # 1500
3035.000 # 1500
3035.000 # 1500
3035.000 # 1500
3035.000 # 1500
3035.000 # 1500
3035.000 # 1500
3035.000 # 1500
3035.000 # 1500
3035.000 # 1500
3035.000 # 1500
3035.000 # 1500
3035.000 # 1500
3035.000 # 1500
3035.000 # 1500
3035.000 # 1500
3035.000 # 1500
3035.000 # 1500
3035.000 # 1500
3035.000 # 1500
3035.000 # 1500
3035.000 # 1500
3035.000 # 1500
3035.000 # 1500
3035.000 # 1500
3035.000 # 1500
4535.000 # 1500
4535.000 # 1500
4535.000 # 1500
4535.000 # 1500
4535.000 # 1500
4535.000 # 1500
4535.000 # 1500
4535.000 # 1500
4535.000 # 1500
4535.000 # 1500
4535.000 # 1500
4535.000 # 1500
4535.000 # 1500
4535.000 # 1500
4535.000 # 1500
4535.000 # 1500
4535.000 # 1500
4535.000 # 1500
4535.000 # 1500
4535.000 # 1500
4535.000 # 1500
4535.000 # 1500
4535.000 # 1500
4535.000 # 1500
4535.000 # 1500
4535.000 # 1500
4535.000 # 1500
4535.000 # 1500
4535.000 # 1500
4535.000 # 1500
4535.000 # 1500
4535.000 # 1500
4535.000 # 1500
4535.000 # 1500
4535.000 # 1500
4535.000 # 1500
4535.000 # 1500
4535.000 # 1500
4535.000 # 1500
4535.000 # 1500
4535.000 # 1500
4535.000 # 1500
4535.000 # 1500
4535.000 # 1500
4535.000 # 1500
4535.000 # 1500
4535.000 # 1500
4535.000 # 1500
4535.000 # 1500
4535.000 # 1500
4535.000 # 1500
4535.000 # 1500
4535.000 # 1500
4535.000 # 1500
4535.000 # 1500
4535.000 # 1500
4535.000 # 1500
4535.000 # 1500
4535.000 # 1500
4535.000 # 1500
4535.000 # 1500
4535.000 # 1500
4535.000 # 1500
4535.000 # 1500
4535.000 # 1500
4535.000 # 1500
4535.000 # 1500
4535.000 # 1500
4535.000 # 1500
4535.000 # 1500
4535.000 # 1500
4535.000 # 1500
4535.000 # 1500
4535.000 # 1500
4535.000 # 1500
4535.000 # 1500
4535.000 # 1500
4535.000 # 1500
4535.000 # 1500
4535.000 # 1500
4535.000 # 1500
4535.000 # 1500
4535.000 # 1500
6035.000 # 1500
6035.000 # 1500
6035.000 # 1500
6035.000 # 1500
6035.000 # 1500
6035.000 # 1500
6035.000 # 1500
6035.000 # 1500
6035.000 # 1500
6035.000 # 1500
6035.000 # 1500
6035.000 # 1500
6035.000 # 1500
6035.000 # 1500
6035.000 # 1500
6035.000 # 1500
6035.000 # 1500
6035.000 # 1500
6035.000 # 1500
6035.000 # 1500
6035.000 # 1500
6035.000 # 1500
6035.000 # 1500
6035.000 # 1500
6035.000 # 1500
6035.000 # 1500
6035.000 # 1500
6035.000 # 1500
6035.000 # 1500
6035.000 # 1500
6035.000 # 1500
6035.000 # 1500
6035.000 # 1500
6035.000 # 1500
6035.000 # 1500
6035.000 # 1500
6035.000 # 1500
6035.000 # 1500
6035.000 # 1500
6035.000 # 1500
6035.000 # 1500
6035.000 # 1500
6035.000 # 1500
6035.000 # 1500
6035.000 # 1500
6035.000 # 1500
6035.000 # 1500
6035.000 # 1500
6035.000 # 1500
6035.000 # 1500
6035.000 # 1500
6035.000 # 1500
6035.000 # 1500
6035.000 # 1500
6035.000 # 1500
6035.000 # 1500
6035.000 # 1500
6035.000 # 1500
6035.000 # 1500
6035.000 # 1500
6035.000 # 1500
6035.000 # 1500
6035.000 # 1500
6035.000 # 1500
6035.000 # 1500
6035.000 # 1500
6035.000 # 1500
6035.000 # 1500
6035.000 # 1500
6035.000 # 1500
6035.000 # 1500
6035.000 # 1500
6035.000 # 1500
6035.000 # 1500
6035.000 # 1500
6035.000 # 1500
6035.000 # 1500
6035.000 # 1500
6035.000 # 1500
6035.000 # 1500
6035.000 # 1500
6035.000 # 1500
6035.000 # 1500
6128.946 + 1136 1
6170.718 + 1102 1
6211.634 + 1151 1
6447.731 + 1193 1
6651.168 + 1249 1
6887.563 + 1154 1
7088.510 + 1105 1
7332.035 + 94 1
7535.000 # 1500
7535.000 # 1500
7535.000 # 1500
7535.000 # 1500
7535.000 # 1500
7535.000 # 1500
7535.000 # 1500
7535.000 # 1500
7535.000 # 1500
7535.000 # 1500
7535.000 # 1500
7535.000 # 1500
7535.000 # 1500
7535.000 # 1500
7535.000 # 1500
7535.000 # 1500
7535.000 # 1500
7535.000 # 1500
7535.000 # 1500
7535.000 # 1500
7535.000 # 1500
7535.000 # 1500
7535.000 # 1500
7535.000 # 1500
7535.000 # 1500
7535.000 # 1500
7535.000 # 1500
7535.000 # 1500
7535.000 # 1500
7535.000 # 1500
7535.000 # 1500
7535.000 # 1500
7535.000 # 1500
7535.000 # 1500
7535.000 # 1500
7535.000 # 1500
7535.000 # 1500
7535.000 # 1500
7535.000 # 1500
7535.000 # 1500
7535.000 # 1500
7535.000 # 1500
7535.000 # 1500
7535.000 # 1500
7535.000 # 1500
7535.000 # 1500
7535.000 # 1500
7535.000 # 1500
7535.000 # 1500
7535.000 # 1500
7535.000 # 1500
7535.000 # 1500
7535.000 # 1500
7535.000 # 1500
7535.000 # 1500
7535.000 # 1500
7535.000 # 1500
7535.000 # 1500
7535.000 # 1500
7535.000 # 1500
7535.000 # 1500
7535.000 # 1500
7535.000 # 1500
7535.000 # 1500
7535.000 # 1500
7535.000 # 1500
7535.000 # 1500
7535.000 # 1500
7535.000 # 1500
7535.000 # 1500
7535.000 # 1500
7535.000 # 1500
7535.000 # 1500
7535.000 # 1500
7535.000 # 1500
7535.000 # 1500
7535.000 # 1500
7535.000 # 1500
7535.000 # 1500
7535.000 # 1500
7535.000 # 1500
7535.000 # 1500
7535.000 # 1500
7572.149 + 354 1
7640.191 - 1136 1511.245 1
7640.387 - 1102 1469.669 1
7640.415 - 1151 1428.781 1
7640.432 - 1193 1192.701 1
7640.448 - 1249 989.280 1
7640.463 - 1154 752.900 1
7640.479 - 1105 551.969 1
7640.495 - 94 308.460 1
7810.643 + 361 1
8048.105 + 388 1
8249.795 + 395 1
8452.012 + 95 1
8687.625 + 367 1
8891.951 + 343 1
9035.000 # 1500
9035.000 # 1500
9035.000 # 1500
9035.000 # 1500
9035.000 # 1500
9035.000 # 1500
9035.000 # 1500
9035.000 # 1500
9035.000 # 1500
9035.000 # 1500
9035.000 # 1500
9035.000 # 1500
9035.000 # 1500
9035.000 # 1500
9035.000 # 1500
9035.000 # 1500
9035.000 # 1500
9035.000 # 1500
9035.000 # 1500
9035.000 # 1500
9035.000 # 1500
9035.000 # 1500
9035.000 # 1500
9035.000 # 1500
9035.000 # 1500
9035.000 # 1500
9035.000 # 1500
9035.000 # 1500
9035.000 # 1500
9035.000 # 1500
9035.000 # 1500
9035.000 # 1500
9035.000 # 1500
9035.000 # 1500
9035.000 # 1500
9035.000 # 1500
9035.000 # 1500
9035.000 # 1500
9035.000 # 1500
9035.000 # 1500
9035.000 # 1500
9035.000 # 1500
9035.000 # 1500
9035.000 # 1500
9035.000 # 1500
9035.000 # 1500
9035.000 # 1500
9035.000 # 1500
9035.000 # 1500
9035.000 # 1500
9035.000 # 1500
9035.000 # 1500
9035.000 # 1500
9035.000 # 1500
9035.000 # 1500
9035.000 # 1500
9035.000 # 1500
9035.000 # 1500
9035.000 # 1500
9035.000 # 1500
9035.000 # 1500
9035.000 # 1500
9035.000 # 1500
9035.000 # 1500
9035.000 # 1500
9035.000 # 1500
9035.000 # 1500
9035.000 # 1500
9035.000 # 1500
9035.000 # 1500
9035.000 # 1500
9035.000 # 1500
9035.000 # 1500
9035.000 # 1500
9035.000 # 1500
9035.000 # 1500
9035.000 # 1500
9035.000 # 1500
9035.000 # 1500
9035.000 # 1500
9035.000 # 1500
9035.000 # 1500
9035.000 # 1500
9038.989 + 350 1
9048.338 + 332 1
9087.652 + 328 1
9128.968 + 371 1
9139.830 - 354 1567.681 1
9139.924 - 361 1329.281 1
9139.945 - 388 1091.840 1
9139.959 - 395 890.164 1
9139.982 - 95 687.970 1
9139.997 - 367 452.372 1
9140.015 - 343 248.064 1
9168.709 + 399 1
9211.980 + 419 1
9249.967 + 402 1
9451.813 + 95 1
9687.525 + 427 1
9932.095 + 409 1
10170.920 + 389 1
10409.384 + 414 1
10535.000 # 1500
10535.000 # 1500
10535.000 # 1500
10535.000 # 1500
10535.000 # 1500
10535.000 # 1500
10535.000 # 1500
10535.000 # 1500
10535.000 # 1500
10535.000 # 1500
10535.000 # 1500
10535.000 # 1500
10535.000 # 1500
10535.000 # 1500
10535.000 # 1500
10535.000 # 1500
10535.000 # 1500
10535.000 # 1500
10535.000 # 1500
10535.000 # 1500
10535.000 # 1500
10535.000 # 1500
10535.000 # 1500
10535.000 # 1500
10535.000 # 1500
10535.000 # 1500
10535.000 # 1500
10535.000 # 1500
10535.000 # 1500
10535.000 # 1500
10535.000 # 1500
10535.000 # 1500
10535.000 # 1500
10535.000 # 1500
10535.000 # 1500
10535.000 # 1500
10535.000 # 1500
10535.000 # 1500
10535.000 # 1500
10535.000 # 1500
10535.000 # 1500
10535.000 # 1500
10535.000 # 1500
10535.000 # 1500
10535.000 # 1500
10535.000 # 1500
10535.000 # 1500
10535.000 # 1500
10535.000 # 1500
10535.000 # 1500
10535.000 # 1500
10535.000 # 1500
10535.000 # 1500
10535.000 # 1500
10535.000 # 1500
10535.000 # 1500
10535.000 # 1500
10535.000 # 1500
10535.000 # 1500
10535.000 # 1500
10535.000 # 1500
10535.000 # 1500
10535.000 # 1500
10535.000 # 1500
10535.000 # 1500
10535.000 # 1500
10535.000 # 1500
10535.000 # 1500
10535.000 # 1500
10535.000 # 1500
10535.000 # 1500
10535.000 # 1500
10535.000 # 1500
10535.000 # 1500
10535.000 # 1500
10535.000 # 1500
10535.000 # 1500
10535.000 # 1500
10535.000 # 1500
10535.000 # 1500
10535.000 # 1500
10535.000 # 1500
10535.000 # 1500
10572.094 + 95 1
10611.492 + 393 1
10640.578 - 350 1601.589 1
10640.671 - 332 1592.333 1
10640.691 - 328 1553.039 1
10640.706 - 371 1511.738 1
10640.849 - 399 1472.140 1
10640.874 - 419 1428.894 1
10640.888 - 402 1390.921 1
10640.904 - 95 1189.091 1
10640.918 - 427 953.393 1
10640.999 - 409 708.904 1
10641.046 - 389 470.126 1
10641.063 - 414 231.679 1
10850.082 + 376 1
11091.819 + 360 1
11332.006 + 352 1
11571.790 + 363 1
11812.024 + 94 1
12035.000 # 1500
12035.000 # 1500
12035.000 # 1500
12035.000 # 1500
12035.000 # 1500
12035.000 # 1500
12035.000 # 1500
12035.000 # 1500
12035.000 # 1500
12035.000 # 1500
12035.000 # 1500
12035.000 # 1500
12035.000 # 1500
12035.000 # 1500
12035.000 # 1500
12035.000 # 1500
12035.000 # 1500
12035.000 # 1500
12035.000 # 1500
12035.000 # 1500
12035.000 # 1500
12035.000 # 1500
12035.000 # 1500
12035.000 # 1500
12035.000 # 1500
12035.000 # 1500
12035.000 # 1500
12035.000 # 1500
12035.000 # 1500
12035.000 # 1500
12035.000 # 1500
12035.000 # 1500
12035.000 # 1500
12035.000 # 1500
12035.000 # 1500
12035.000 # 1500
12035.000 # 1500
12035.000 # 1500
12035.000 # 1500
12035.000 # 1500
12035.000 # 1500
12035.000 # 1500
12035.000 # 1500
12035.000 # 1500
12035.000 # 1500
12035.000 # 1500
12035.000 # 1500
12035.000 # 1500
12035.000 # 1500
12035.000 # 1500
12035.000 # 1500
12035.000 # 1500
12035.000 # 1500
12035.000 # 1500
12035.000 # 1500
12035.000 # 1500
12035.000 # 1500
12035.000 # 1500
12035.000 # 1500
12035.000 # 1500
12035.000 # 1500
12035.000 # 1500
12035.000 # 1500
12035.000 # 1500
12035.000 # 1500
12035.000 # 1500
12035.000 # 1500
12035.000 # 1500
12035.000 # 1500
12035.000 # 1500
12035.000 # 1500
12035.000 # 1500
12035.000 # 1500
12035.000 # 1500
12035.000 # 1500
12035.000 # 1500
12035.000 # 1500
12035.000 # 1500
12035.000 # 1500
12035.000 # 1500
12035.000 # 1500
12035.000 # 1500
12035.000 # 1500
12040.774 + 358 1
12056.324 + 393 1
12073.024 + 366 1
12087.494 + 372 1
12104.805 + 358 1
12129.254 + 350 1
12143.114 - 95 1571.020 1
12143.204 - 393 1531.712 1
12143.226 - 376 1293.144 1
12143.240 - 360 1051.421 1
12143.258 - 352 811.252 1
12143.272 - 363 571.482 1
12143.286 - 94 331.262 1
12168.372 + 376 1
12412.024 + 396 1
12651.805 + 406 1
12887.606 + 95 1
13130.574 + 377 1
13331.888 + 410 1
13535.000 # 1500
13535.000 # 1500
13535.000 # 1500
13535.000 # 1500
13535.000 # 1500
13535.000 # 1500
13535.000 # 1500
13535.000 # 1500
13535.000 # 1500
13535.000 # 1500
13535.000 # 1500
13535.000 # 1500
13535.000 # 1500
13535.000 # 1500
13535.000 # 1500
13535.000 # 1500
13535.000 # 1500
13535.000 # 1500
13535.000 # 1500
13535.000 # 1500
13535.000 # 1500
13535.000 # 1500
13535.000 # 1500
13535.000 # 1500
13535.000 # 1500
13535.000 # 1500
13535.000 # 1500
13535.000 # 1500
13535.000 # 1500
13535.000 # 1500
13535.000 # 1500
13535.000 # 1500
13535.000 # 1500
13535.000 # 1500
13535.000 # 1500
13535.000 # 1500
13535.000 # 1500
13535.000 # 1500
13535.000 # 1500
13535.000 # 1500
13535.000 # 1500
13535.000 # 1500
13535.000 # 1500
13535.000 # 1500
13535.000 # 1500
13535.000 # 1500
13535.000 # 1500
13535.000 # 1500
13535.000 # 1500
13535.000 # 1500
13535.000 # 1500
13535.000 # 1500
13535.000 # 1500
13535.000 # 1500
13535.000 # 1500
13535.000 # 1500
13535.000 # 1500
13535.000 # 1500
13535.000 # 1500
13535.000 # 1500
13535.000 # 1500
13535.000 # 1500
13535.000 # 1500
13535.000 # 1500
13535.000 # 1500
13535.000 # 1500
13535.000 # 1500
13535.000 # 1500
13535.000 # 1500
13535.000 # 1500
13535.000 # 1500
13535.000 # 1500
13535.000 # 1500
13535.000 # 1500
13535.000 # 1500
13535.000 # 1500
13535.000 # 1500
13535.000 # 1500
13535.000 # 1500
13535.000 # 1500
13535.000 # 1500
13535.000 # 1500
13535.000 # 1500
13537.988 + 380 1
13640.129 - 358 1599.355 1
13640.220 - 393 1583.896 1
13640.241 - 366 1567.217 1
13640.255 - 372 1552.761 1
13640.271 - 358 1535.466 1
13640.285 - 350 1511.031 1
13640.298 - 376 1471.926 1
13640.311 - 396 1228.287 1
13640.323 - 406 988.518 1
13640.404 - 95 752.798 1
13640.451 - 377 509.877 1
13640.471 - 410 308.583 1
13770.774 + 407 1
14010.279 + 95 1
14247.414 + 411 1
14450.118 + 426 1
14651.902 + 444 1
14889.551 + 455 1
15035.000 # 1500
15035.000 # 1500
15035.000 # 1500
15035.000 # 1500
15035.000 # 1500
15035.000 # 1500
15035.000 # 1500
15035.000 # 1500
15035.000 # 1500
15035.000 # 1500
15035.000 # 1500
15035.000 # 1500
15035.000 # 1500
15035.000 # 1500
15035.000 # 1500
15035.000 # 1500
15035.000 # 1500
15035.000 # 1500
15035.000 # 1500
15035.000 # 1500
15035.000 # 1500
15035.000 # 1500
15035.000 # 1500
15035.000 # 1500
15035.000 # 1500
15035.000 # 1500
15035.000 # 1500
15035.000 # 1500
15035.000 # 1500
15035.000 # 1500
15035.000 # 1500
15035.000 # 1500
15035.000 # 1500
15035.000 # 1500
15035.000 # 1500
15035.000 # 1500
15035.000 # 1500
15035.000 # 1500
15035.000 # 1500
15035.000 # 1500
15035.000 # 1500
15035.000 # 1500
15035.000 # 1500
15035.000 # 1500
15035.000 # 1500
15035.000 # 1500
15035.000 # 1500
15035.000 # 1500
15035.000 # 1500
15035.000 # 1500
15035.000 # 1500
15035.000 # 1500
15035.000 # 1500
15035.000 # 1500
15035.000 # 1500
15035.000 # 1500
15035.000 # 1500
15035.000 # 1500
15035.000 # 1500
15035.000 # 1500
15035.000 # 1500
15035.000 # 1500
15035.000 # 1500
15035.000 # 1500
15035.000 # 1500
15035.000 # 1500
15035.000 # 1500
15035.000 # 1500
15035.000 # 1500
15035.000 # 1500
15035.000 # 1500
15035.000 # 1500
15035.000 # 1500
15035.000 # 1500
15035.000 # 1500
15035.000 # 1500
15035.000 # 1500
15035.000 # 1500
15035.000 # 1500
15035.000 # 1500
15035.000 # 1500
15035.000 # 1500
15035.000 # 1500
15037.631 + 94 1
15074.804 + 408 1
15111.794 + 392 1
15139.447 - 380 1601.459 1
15139.542 - 407 1368.768 1
15139.562 - 95 1129.283 1
15139.577 - 411 892.163 1
15139.597 - 426 689.479 1
15139.613 - 444 487.711 1
15139.627 - 455 250.076 1
15327.386 + 395 1
15528.628 + 410 1
15731.633 + 383 1
15970.976 + 385 1
16208.599 + 95 1
16411.927 + 389 1
16535.000 # 1500
16535.000 # 1500
16535.000 # 1500
16535.000 # 1500
16535.000 # 1500
16535.000 # 1500
16535.000 # 1500
16535.000 # 1500
16535.000 # 1500
16535.000 # 1500
16535.000 # 1500
16535.000 # 1500
16535.000 # 1500
16535.000 # 1500
16535.000 # 1500
16535.000 # 1500
16535.000 # 1500
16535.000 # 1500
16535.000 # 1500
16535.000 # 1500
16535.000 # 1500
16535.000 # 1500
16535.000 # 1500
16535.000 # 1500
16535.000 # 1500
16535.000 # 1500
16535.000 # 1500
16535.000 # 1500
16535.000 # 1500
16535.000 # 1500
16535.000 # 1500
16535.000 # 1500
16535.000 # 1500
16535.000 # 1500
16535.000 # 1500
16535.000 # 1500
16535.000 # 1500
16535.000 # 1500
16535.000 # 1500
16535.000 # 1500
16535.000 # 1500
16535.000 # 1500
16535.000 # 1500
16535.000 # 1500
16535.000 # 1500
16535.000 # 1500
16535.000 # 1500
16535.000 # 1500
16535.000 # 1500
16535.000 # 1500
16535.000 # 1500
16535.000 # 1500
16535.000 # 1500
16535.000 # 1500
16535.000 # 1500
16535.000 # 1500
16535.000 # 1500
16535.000 # 1500
16535.000 # 1500
16535.000 # 1500
16535.000 # 1500
16535.000 # 1500
16535.000 # 1500
16535.000 # 1500
16535.000 # 1500
16535.000 # 1500
16535.000 # 1500
16535.000 # 1500
16535.000 # 1500
16535.000 # 1500
16535.000 # 1500
16535.000 # 1500
16535.000 # 1500
16535.000 # 1500
16535.000 # 1500
16535.000 # 1500
16535.000 # 1500
16535.000 # 1500
16535.000 # 1500
16535.000 # 1500
16535.000 # 1500
16535.000 # 1500
16535.000 # 1500
16642.667 - 94 1605.036 1
16642.877 - 408 1568.073 1
16642.908 - 392 1531.114 1
16642.923 - 395 1315.537 1
16642.940 - 410 1114.312 1
16642.953 - 383 911.320 1
16642.966 - 385 671.990 1
16642.978 - 95 434.379 1
16642.992 - 389 231.065 1
16648.528 + 370 1
16851.943 + 381 1
17092.262 + 392 1
17370.858 + 94 1
17608.331 + 389 1
17812.014 + 379 1
18035.000 # 1500
18035.000 # 1500
18035.000 # 1500
18035.000 # 1500
18035.000 # 1500
18035.000 # 1500
18035.000 # 1500
18035.000 # 1500
18035.000 # 1500
18035.000 # 1500
18035.000 # 1500
18035.000 # 1500
18035.000 # 1500
18035.000 # 1500
18035.000 # 1500
18035.000 # 1500
18035.000 # 1500
18035.000 # 1500
18035.000 # 1500
18035.000 # 1500
18035.000 # 1500
18035.000 # 1500
18035.000 # 1500
18035.000 # 1500
18035.000 # 1500
18035.000 # 1500
18035.000 # 1500
18035.000 # 1500
18035.000 # 1500
18035.000 # 1500
18035.000 # 1500
18035.000 # 1500
18035.000 # 1500
18035.000 # 1500
18035.000 # 1500
18035.000 # 1500
18035.000 # 1500
18035.000 # 1500
18035.000 # 1500
18035.000 # 1500
18035.000 # 1500
18035.000 # 1500
18035.000 # 1500
18035.000 # 1500
18035.000 # 1500
18035.000 # 1500
18035.000 # 1500
18035.000 # 1500
18035.000 # 1500
18035.000 # 1500
18035.000 # 1500
18035.000 # 1500
18035.000 # 1500
18035.000 # 1500
18035.000 # 1500
18035.000 # 1500
18035.000 # 1500
18035.000 # 1500
18035.000 # 1500
18035.000 # 1500
18035.000 # 1500
18035.000 # 1500
18035.000 # 1500
18035.000 # 1500
18035.000 # 1500
18035.000 # 1500
18035.000 # 1500
18035.000 # 1500
18035.000 # 1500
18035.000 # 1500
18035.000 # 1500
18035.000 # 1500
18035.000 # 1500
18035.000 # 1500
18035.000 # 1500
18035.000 # 1500
18035.000 # 1500
18035.000 # 1500
18035.000 # 1500
18035.000 # 1500
18035.000 # 1500
18035.000 # 1500
18035.000 # 1500
18038.595 + 363 1
18107.393 + 366 1
18139.403 - 370 1490.875 1
18139.515 - 381 1287.572 1
18139.541 - 392 1047.279 1
18139.556 - 94 768.698 1
18139.580 - 389 531.249 1
18139.595 - 379 327.581 1
18332.095 + 399 1
18570.697 + 95 1
18812.062 + 400 1
19047.467 + 418 1
19250.235 + 411 1
19488.023 + 394 1
19535.000 # 1500
19535.000 # 1500
19535.000 # 1500
19535.000 # 1500
19535.000 # 1500
19535.000 # 1500
19535.000 # 1500
19535.000 # 1500
19535.000 # 1500
19535.000 # 1500
19535.000 # 1500
19535.000 # 1500
19535.000 # 1500
19535.000 # 1500
19535.000 # 1500
19535.000 # 1500
19535.000 # 1500
19535.000 # 1500
19535.000 # 1500
19535.000 # 1500
19535.000 # 1500
19535.000 # 1500
19535.000 # 1500
19535.000 # 1500
19535.000 # 1500
19535.000 # 1500
19535.000 # 1500
19535.000 # 1500
19535.000 # 1500
19535.000 # 1500
19535.000 # 1500
19535.000 # 1500
19535.000 # 1500
19535.000 # 1500
19535.000 # 1500
19535.000 # 1500
19535.000 # 1500
19535.000 # 1500
19535.000 # 1500
19535.000 # 1500
19535.000 # 1500
19535.000 # 1500
19535.000 # 1500
19535.000 # 1500
19535.000 # 1500
19535.000 # 1500
19535.000 # 1500
19535.000 # 1500
19535.000 # 1500
19535.000 # 1500
19535.000 # 1500
19535.000 # 1500
19535.000 # 1500
19535.000 # 1500
19535.000 # 1500
19535.000 # 1500
19535.000 # 1500
19535.000 # 1500
19535.000 # 1500
19535.000 # 1500
19535.000 # 1500
19535.000 # 1500
19535.000 # 1500
19535.000 # 1500
19535.000 # 1500
19535.000 # 1500
19535.000 # 1500
19535.000 # 1500
19535.000 # 1500
19535.000 # 1500
19535.000 # 1500
19535.000 # 1500
19535.000 # 1500
19535.000 # 1500
19535.000 # 1500
19535.000 # 1500
19535.000 # 1500
19535.000 # 1500
19535.000 # 1500
19535.000 # 1500
19535.000 # 1500
19535.000 # 1500
19535.000 # 1500
19638.918 - 363 1600.323 1
19639.026 - 366 1531.633 1
19639.047 - 399 1306.952 1
19639.062 - 95 1068.365 1
19639.079 - 400 827.017 1
19639.093 - 418 591.626 1
19639.106 - 411 388.871 1
19639.120 - 394 151.097 1
19691.788 + 95 1
19930.162 + 408 1
20167.390 + 411 1
20372.000 + 392 1
20611.909 + 372 1
20847.804 + 94 1
21035.000 # 1500
21035.000 # 1500
21035.000 # 1500
21035.000 # 1500
21035.000 # 1500
21035.000 # 1500
21035.000 # 1500
21035.000 # 1500
21035.000 # 1500
21035.000 # 1500
21035.000 # 1500
21035.000 # 1500
21035.000 # 1500
21035.000 # 1500
21035.000 # 1500
21035.000 # 1500
21035.000 # 1500
21035.000 # 1500
21035.000 # 1500
21035.000 # 1500
21035.000 # 1500
21035.000 # 1500
21035.000 # 1500
21035.000 # 1500
21035.000 # 1500
21035.000 # 1500
21035.000 # 1500
21035.000 # 1500
21035.000 # 1500
21035.000 # 1500
21035.000 # 1500
21035.000 # 1500
21035.000 # 1500
21035.000 # 1500
21035.000 # 1500
21035.000 # 1500
21035.000 # 1500
21035.000 # 1500
21035.000 # 1500
21035.000 # 1500
21035.000 # 1500
21035.000 # 1500
21035.000 # 1500
21035.000 # 1500
21035.000 # 1500
21035.000 # 1500
21035.000 # 1500
21035.000 # 1500
21035.000 # 1500
21035.000 # 1500
21035.000 # 1500
21035.000 # 1500
21035.000 # 1500
21035.000 # 1500
21035.000 # 1500
21035.000 # 1500
21035.000 # 1500
21035.000 # 1500
21035.000 # 1500
21035.000 # 1500
21035.000 # 1500
21035.000 # 1500
21035.000 # 1500
21035.000 # 1500
21035.000 # 1500
21035.000 # 1500
21035.000 # 1500
21035.000 # 1500
21035.000 # 1500
21035.000 # 1500
21035.000 # 1500
21035.000 # 1500
21035.000 # 1500
21035.000 # 1500
21035.000 # 1500
21035.000 # 1500
21035.000 # 1500
21035.000 # 1500
21035.000 # 1500
21035.000 # 1500
21035.000 # 1500
21035.000 # 1500
21035.000 # 1500
21049.183 + 372 1
21139.730 - 95 1447.942 1
21139.908 - 408 1209.746 1
21139.930 - 411 972.540 1
21139.946 - 392 767.946 1
21139.966 - 372 528.057 1
21139.981 - 94 292.177 1
21290.875 + 389 1
21527.446 + 398 1
21771.989 + 94 1
22011.893 + 394 1
22249.406 + 371 1
22487.354 + 350 1
22535.000 # 1500
22535.000 # 1500
22535.000 # 1500
22535.000 # 1500
22535.000 # 1500
22535.000 # 1500
22535.000 # 1500
22535.000 # 1500
22535.000 # 1500
22535.000 # 1500
22535.000 # 1500
22535.000 # 1500
22535.000 # 1500
22535.000 # 1500
22535.000 # 1500
22535.000 # 1500
22535.000 # 1500
22535.000 # 1500
22535.000 # 1500
22535.000 # 1500
22535.000 # 1500
22535.000 # 1500
22535.000 # 1500
22535.000 # 1500
22535.000 # 1500
22535.000 # 1500
22535.000 # 1500
22535.000 # 1500
22535.000 # 1500
22535.000 # 1500
22535.000 # 1500
22535.000 # 1500
22535.000 # 1500
22535.000 # 1500
22535.000 # 1500
22535.000 # 1500
22535.000 # 1500
22535.000 # 1500
22535.000 # 1500
22535.000 # 1500
22535.000 # 1500
22535.000 # 1500
22535.000 # 1500
22535.000 # 1500
22535.000 # 1500
22535.000 # 1500
22535.000 # 1500
22535.000 # 1500
22535.000 # 1500
22535.000 # 1500
22535.000 # 1500
22535.000 # 1500
22535.000 # 1500
22535.000 # 1500
22535.000 # 1500
22535.000 # 1500
22535.000 # 1500
22535.000 # 1500
22535.000 # 1500
22535.000 # 1500
22535.000 # 1500
22535.000 # 1500
22535.000 # 1500
22535.000 # 1500
22535.000 # 1500
22535.000 # 1500
22535.000 # 1500
22535.000 # 1500
22535.000 # 1500
22535.000 # 1500
22535.000 # 1500
22535.000 # 1500
22535.000 # 1500
22535.000 # 1500
22535.000 # 1500
22535.000 # 1500
22535.000 # 1500
22535.000 # 1500
22535.000 # 1500
22535.000 # 1500
22535.000 # 1500
22535.000 # 1500
22535.000 # 1500
22638.471 - 372 1589.288 1
22638.570 - 389 1347.695 1
22638.590 - 398 1111.144 1
22638.605 - 94 866.616 1
22638.621 - 394 626.728 1
22638.636 - 371 389.230 1
22638.650 - 350 151.296 1
22730.011 + 331 1
22931.001 + 94 1
23131.658 + 370 1
23370.637 + 358 1
23611.910 + 384 1
23851.874 + 372 1
24035.000 # 1500
24035.000 # 1500
24035.000 # 1500
24035.000 # 1500
24035.000 # 1500
24035.000 # 1500
24035.000 # 1500
24035.000 # 1500
24035.000 # 1500
24035.000 # 1500
24035.000 # 1500
24035.000 # 1500
24035.000 # 1500
24035.000 # 1500
24035.000 # 1500
24035.000 # 1500
24035.000 # 1500
24035.000 # 1500
24035.000 # 1500
24035.000 # 1500
24035.000 # 1500
24035.000 # 1500
24035.000 # 1500
24035.000 # 1500
24035.000 # 1500
24035.000 # 1500
24035.000 # 1500
24035.000 # 1500
24035.000 # 1500
24035.000 # 1500
24035.000 # 1500
24035.000 # 1500
24035.000 # 1500
24035.000 # 1500
24035.000 # 1500
24035.000 # 1500
24035.000 # 1500
24035.000 # 1500
24035.000 # 1500
24035.000 # 1500
24035.000 # 1500
24035.000 # 1500
24035.000 # 1500
24035.000 # 1500
24035.000 # 1500
24035.000 # 1500
24035.000 # 1500
24035.000 # 1500
24035.000 # 1500
24035.000 # 1500
24035.000 # 1500
24035.000 # 1500
24035.000 # 1500
24035.000 # 1500
24035.000 # 1500
24035.000 # 1500
24035.000 # 1500
24035.000 # 1500
24035.000 # 1500
24035.000 # 1500
24035.000 # 1500
24035.000 # 1500
24035.000 # 1500
24035.000 # 1500
24035.000 # 1500
24035.000 # 1500
24035.000 # 1500
24035.000 # 1500
24035.000 # 1500
24035.000 # 1500
24035.000 # 1500
24035.000 # 1500
24035.000 # 1500
24035.000 # 1500
24035.000 # 1500
24035.000 # 1500
24035.000 # 1500
24035.000 # 1500
24035.000 # 1500
24035.000 # 1500
24035.000 # 1500
24035.000 # 1500
24035.000 # 1500
24091.760 + 94 1
24140.324 - 331 1410.313 1
24140.445 - 94 1209.444 1
24140.473 - 370 1008.815 1
24140.489 - 358 769.852 1
24140.507 - 384 528.597 1
24140.528 - 372 288.654 1
24335.261 + 350 1
24578.900 + 361 1
24822.561 + 338 1
25068.321 + 341 1
25327.812 + 95 1
25535.000 # 1500
25535.000 # 1500
25535.000 # 1500
25535.000 # 1500
25535.000 # 1500
25535.000 # 1500
25535.000 # 1500
25535.000 # 1500
25535.000 # 1500
25535.000 # 1500
25535.000 # 1500
25535.000 # 1500
25535.000 # 1500
25535.000 # 1500
25535.000 # 1500
25535.000 # 1500
25535.000 # 1500
25535.000 # 1500
25535.000 # 1500
25535.000 # 1500
25535.000 # 1500
25535.000 # 1500
25535.000 # 1500
25535.000 # 1500
25535.000 # 1500
25535.000 # 1500
25535.000 # 1500
25535.000 # 1500
25535.000 # 1500
25535.000 # 1500
25535.000 # 1500
25535.000 # 1500
25535.000 # 1500
25535.000 # 1500
25535.000 # 1500
25535.000 # 1500
25535.000 # 1500
25535.000 # 1500
25535.000 # 1500
25535.000 # 1500
25535.000 # 1500
25535.000 # 1500
25535.000 # 1500
25535.000 # 1500
25535.000 # 1500
25535.000 # 1500
25535.000 # 1500
25535.000 # 1500
25535.000 # 1500
25535.000 # 1500
25535.000 # 1500
25535.000 # 1500
25535.000 # 1500
25535.000 # 1500
25535.000 # 1500
25535.000 # 1500
25535.000 # 1500
25535.000 # 1500
25535.000 # 1500
25535.000 # 1500
25535.000 # 1500
25535.000 # 1500
25535.000 # 1500
25535.000 # 1500
25535.000 # 1500
25535.000 # 1500
25535.000 # 1500
25535.000 # 1500
25535.000 # 1500
25535.000 # 1500
25535.000 # 1500
25535.000 # 1500
25535.000 # 1500
25535.000 # 1500
25535.000 # 1500
25535.000 # 1500
25535.000 # 1500
25535.000 # 1500
25535.000 # 1500
25535.000 # 1500
25535.000 # 1500
25535.000 # 1500
25535.000 # 1500
25570.680 + 396 1
25637.805 - 94 1546.045 1
25638.865 - 350 1303.604 1
25638.925 - 361 1060.025 1
25638.944 - 338 816.383 1
25638.957 - 341 570.636 1
25638.975 - 95 311.163 1
25831.509 + 366 1
26091.867 + 345 1
26350.342 + 95 1
26611.099 + 406 1
26871.982 + 427 1
27035.000 # 1500
27035.000 # 1500
27035.000 # 1500
27035.000 # 1500
27035.000 # 1500
27035.000 # 1500
27035.000 # 1500
27035.000 # 1500
27035.000 # 1500
27035.000 # 1500
27035.000 # 1500
27035.000 # 1500
27035.000 # 1500
27035.000 # 1500
27035.000 # 1500
27035.000 # 1500
27035.000 # 1500
27035.000 # 1500
27035.000 # 1500
27035.000 # 1500
27035.000 # 1500
27035.000 # 1500
27035.000 # 1500
27035.000 # 1500
27035.000 # 1500
27035.000 # 1500
27035.000 # 1500
27035.000 # 1500
27035.000 # 1500
27035.000 # 1500
27035.000 # 1500
27035.000 # 1500
27035.000 # 1500
27035.000 # 1500
27035.000 # 1500
27035.000 # 1500
27035.000 # 1500
27035.000 # 1500
27035.000 # 1500
27035.000 # 1500
27035.000 # 1500
27035.000 # 1500
27035.000 # 1500
27035.000 # 1500
27035.000 # 1500
27035.000 # 1500
27035.000 # 1500
27035.000 # 1500
27035.000 # 1500
27035.000 # 1500
27035.000 # 1500
27035.000 # 1500
27035.000 # 1500
27035.000 # 1500
27035.000 # 1500
27035.000 # 1500
27035.000 # 1500
27035.000 # 1500
27035.000 # 1500
27035.000 # 1500
27035.000 # 1500
27035.000 # 1500
27035.000 # 1500
27035.000 # 1500
27035.000 # 1500
27035.000 # 1500
27035.000 # 1500
27035.000 # 1500
27035.000 # 1500
27035.000 # 1500
27035.000 # 1500
27035.000 # 1500
27035.000 # 1500
27035.000 # 1500
27035.000 # 1500
27035.000 # 1500
27035.000 # 1500
27035.000 # 1500
27035.000 # 1500
27035.000 # 1500
27035.000 # 1500
27035.000 # 1500
27035.000 # 1500
27128.360 + 401 1
27139.946 - 396 1569.266 1
27140.032 - 366 1308.523 1
27140.052 - 345 1048.185 1
27140.067 - 95 789.725 1
27140.087 - 406 528.988 1
27140.101 - 427 268.119 1
27532.002 + 96 1
27902.473 + 455 1
28277.376 + 94 1
28535.000 # 1500
28535.000 # 1500
28535.000 # 1500
28535.000 # 1500
28535.000 # 1500
28535.000 # 1500
28535.000 # 1500
28535.000 # 1500
28535.000 # 1500
28535.000 # 1500
28535.000 # 1500
28535.000 # 1500
28535.000 # 1500
28535.000 # 1500
28535.000 # 1500
28535.000 # 1500
28535.000 # 1500
28535.000 # 1500
28535.000 # 1500
28535.000 # 1500
28535.000 # 1500
28535.000 # 1500
28535.000 # 1500
28535.000 # 1500
28535.000 # 1500
28535.000 # 1500
28535.000 # 1500
28535.000 # 1500
28535.000 # 1500
28535.000 # 1500
28535.000 # 1500
28535.000 # 1500
28535.000 # 1500
28535.000 # 1500
28535.000 # 1500
28535.000 # 1500
28535.000 # 1500
28535.000 # 1500
28535.000 # 1500
28535.000 # 1500
28535.000 # 1500
28535.000 # 1500
28535.000 # 1500
28535.000 # 1500
28535.000 # 1500
28535.000 # 1500
28535.000 # 1500
28535.000 # 1500
28535.000 # 1500
28535.000 # 1500
28535.000 # 1500
28535.000 # 1500
28535.000 # 1500
28535.000 # 1500
28535.000 # 1500
28535.000 # 1500
28535.000 # 1500
28535.000 # 1500
28535.000 # 1500
28535.000 # 1500
28535.000 # 1500
28535.000 # 1500
28535.000 # 1500
28535.000 # 1500
28535.000 # 1500
28535.000 # 1500
28535.000 # 1500
28535.000 # 1500
28535.000 # 1500
28535.000 # 1500
28535.000 # 1500
28535.000 # 1500
28535.000 # 1500
28535.000 # 1500
28535.000 # 1500
28535.000 # 1500
28535.000 # 1500
28535.000 # 1500
28535.000 # 1500
28535.000 # 1500
28535.000 # 1500
28535.000 # 1500
28535.000 # 1500
28641.289 - 401 1512.929 1
28641.385 - 96 1109.383 1
28641.406 - 455 738.933 1
28641.425 - 94 364.049 1
28691.308 + 381 1
29111.181 + 376 1
29531.871 + 95 1
29950.439 + 418 1
30035.000 # 1500
30035.000 # 1500
30035.000 # 1500
30035.000 # 1500
30035.000 # 1500
30035.000 # 1500
30035.000 # 1500
30035.000 # 1500
30035.000 # 1500
30035.000 # 1500
30035.000 # 1500
30035.000 # 1500
30035.000 # 1500
30035.000 # 1500
30035.000 # 1500
30035.000 # 1500
30035.000 # 1500
30035.000 # 1500
30035.000 # 1500
30035.000 # 1500
30035.000 # 1500
30035.000 # 1500
30035.000 # 1500
30035.000 # 1500
30035.000 # 1500
30035.000 # 1500
30035.000 # 1500
30035.000 # 1500
30035.000 # 1500
30035.000 # 1500
30035.000 # 1500
30035.000 # 1500
30035.000 # 1500
30035.000 # 1500
30035.000 # 1500
30035.000 # 1500
30035.000 # 1500
30035.000 # 1500
30035.000 # 1500
30035.000 # 1500
30035.000 # 1500
30035.000 # 1500
30035.000 # 1500
30035.000 # 1500
30035.000 # 1500
30035.000 # 1500
30035.000 # 1500
30035.000 # 1500
30035.000 # 1500
30035.000 # 1500
30035.000 # 1500
30035.000 # 1500
30035.000 # 1500
30035.000 # 1500
30035.000 # 1500
30035.000 # 1500
30035.000 # 1500
30035.000 # 1500
30035.000 # 1500
30035.000 # 1500
30035.000 # 1500
30035.000 # 1500
30035.000 # 1500
30035.000 # 1500
30035.000 # 1500
30035.000 # 1500
30035.000 # 1500
30035.000 # 1500
30035.000 # 1500
30035.000 # 1500
30035.000 # 1500
30035.000 # 1500
30035.000 # 1500
30035.000 # 1500
30035.000 # 1500
30035.000 # 1500
30035.000 # 1500
30035.000 # 1500
30035.000 # 1500
30035.000 # 1500
30035.000 # 1500
30035.000 # 1500
30035.000 # 1500
30138.701 - 381 1447.393 1
30138.903 - 376 1027.722 1
30138.928 - 95 607.057 1
30138.949 - 418 188.510 1
30370.613 + 439 1
30766.631 + 95 1
31167.595 + 381 1
31535.000 # 1500
31535.000 # 1500
31535.000 # 1500
31535.000 # 1500
31535.000 # 1500
31535.000 # 1500
31535.000 # 1500
31535.000 # 1500
31535.000 # 1500
31535.000 # 1500
31535.000 # 1500
31535.000 # 1500
31535.000 # 1500
31535.000 # 1500
31535.000 # 1500
31535.000 # 1500
31535.000 # 1500
31535.000 # 1500
31535.000 # 1500
31535.000 # 1500
31535.000 # 1500
31535.000 # 1500
31535.000 # 1500
31535.000 # 1500
31535.000 # 1500
31535.000 # 1500
31535.000 # 1500
31535.000 # 1500
31535.000 # 1500
31535.000 # 1500
31535.000 # 1500
31535.000 # 1500
31535.000 # 1500
31535.000 # 1500
31535.000 # 1500
31535.000 # 1500
31535.000 # 1500
31535.000 # 1500
31535.000 # 1500
31535.000 # 1500
31535.000 # 1500
31535.000 # 1500
31535.000 # 1500
31535.000 # 1500
31535.000 # 1500
31535.000 # 1500
31535.000 # 1500
31535.000 # 1500
31535.000 # 1500
31535.000 # 1500
31535.000 # 1500
31535.000 # 1500
31535.000 # 1500
31535.000 # 1500
31535.000 # 1500
31535.000 # 1500
31535.000 # 1500
31535.000 # 1500
31535.000 # 1500
31535.000 # 1500
31535.000 # 1500
31535.000 # 1500
31535.000 # 1500
31535.000 # 1500
31535.000 # 1500
31535.000 # 1500
31535.000 # 1500
31535.000 # 1500
31535.000 # 1500
31535.000 # 1500
31535.000 # 1500
31535.000 # 1500
31535.000 # 1500
31535.000 # 1500
31535.000 # 1500
31535.000 # 1500
31535.000 # 1500
31535.000 # 1500
31535.000 # 1500
31535.000 # 1500
31535.000 # 1500
31535.000 # 1500
31535.000 # 1500
31567.373 + 95 1
31637.078 - 439 1266.465 1
31637.180 - 95 870.549 1
31637.201 - 381 469.606 1
31980.077 + 414 1
32395.996 + 418 1
32808.793 + 94 1
33035.000 # 1500
33035.000 # 1500
33035.000 # 1500
33035.000 # 1500
33035.000 # 1500
33035.000 # 1500
33035.000 # 1500
33035.000 # 1500
33035.000 # 1500
33035.000 # 1500
33035.000 # 1500
33035.000 # 1500
33035.000 # 1500
33035.000 # 1500
33035.000 # 1500
33035.000 # 1500
33035.000 # 1500
33035.000 # 1500
33035.000 # 1500
33035.000 # 1500
33035.000 # 1500
33035.000 # 1500
33035.000 # 1500
33035.000 # 1500
33035.000 # 1500
33035.000 # 1500
33035.000 # 1500
33035.000 # 1500
33035.000 # 1500
33035.000 # 1500
33035.000 # 1500
33035.000 # 1500
33035.000 # 1500
33035.000 # 1500
33035.000 # 1500
33035.000 # 1500
33035.000 # 1500
33035.000 # 1500
33035.000 # 1500
33035.000 # 1500
33035.000 # 1500
33035.000 # 1500
33035.000 # 1500
33035.000 # 1500
33035.000 # 1500
33035.000 # 1500
33035.000 # 1500
33035.000 # 1500
33035.000 # 1500
33035.000 # 1500
33035.000 # 1500
33035.000 # 1500
33035.000 # 1500
33035.000 # 1500
33035.000 # 1500
33035.000 # 1500
33035.000 # 1500
33035.000 # 1500
33035.000 # 1500
33035.000 # 1500
33035.000 # 1500
33035.000 # 1500
33035.000 # 1500
33035.000 # 1500
33035.000 # 1500
33035.000 # 1500
33035.000 # 1500
33035.000 # 1500
33035.000 # 1500
33035.000 # 1500
33035.000 # 1500
33035.000 # 1500
33035.000 # 1500
33035.000 # 1500
33035.000 # 1500
33035.000 # 1500
33035.000 # 1500
33035.000 # 1500
33035.000 # 1500
33035.000 # 1500
33035.000 # 1500
33035.000 # 1500
33035.000 # 1500
33138.028 - 95 1570.655 1
33138.149 - 414 1158.072 1
33138.172 - 418 742.176 1
33138.192 - 94 329.399 1
33220.416 + 335 1
33492.045 + 323 1
33734.047 + 334 1
33977.170 + 95 1
34220.006 + 413 1
34463.813 + 399 1
34535.000 # 1500
34535.000 # 1500
34535.000 # 1500
34535.000 # 1500
34535.000 # 1500
34535.000 # 1500
34535.000 # 1500
34535.000 # 1500
34535.000 # 1500
34535.000 # 1500
34535.000 # 1500
34535.000 # 1500
34535.000 # 1500
34535.000 # 1500
34535.000 # 1500
34535.000 # 1500
34535.000 # 1500
34535.000 # 1500
34535.000 # 1500
34535.000 # 1500
34535.000 # 1500
34535.000 # 1500
34535.000 # 1500
34535.000 # 1500
34535.000 # 1500
34535.000 # 1500
34535.000 # 1500
34535.000 # 1500
34535.000 # 1500
34535.000 # 1500
34535.000 # 1500
34535.000 # 1500
34535.000 # 1500
34535.000 # 1500
34535.000 # 1500
34535.000 # 1500
34535.000 # 1500
34535.000 # 1500
34535.000 # 1500
34535.000 # 1500
34535.000 # 1500
34535.000 # 1500
34535.000 # 1500
34535.000 # 1500
34535.000 # 1500
34535.000 # 1500
34535.000 # 1500
34535.000 # 1500
34535.000 # 1500
34535.000 # 1500
34535.000 # 1500
34535.000 # 1500
34535.000 # 1500
34535.000 # 1500
34535.000 # 1500
34535.000 # 1500
34535.000 # 1500
34535.000 # 1500
34535.000 # 1500
34535.000 # 1500
34535.000 # 1500
34535.000 # 1500
34535.000 # 1500
34535.000 # 1500
34535.000 # 1500
34535.000 # 1500
34535.000 # 1500
34535.000 # 1500
34535.000 # 1500
34535.000 # 1500
34535.000 # 1500
34535.000 # 1500
34535.000 # 1500
34535.000 # 1500
34535.000 # 1500
34535.000 # 1500
34535.000 # 1500
34535.000 # 1500
34535.000 # 1500
34535.000 # 1500
34535.000 # 1500
34535.000 # 1500
34535.000 # 1500
34639.162 - 335 1418.746 1
34639.252 - 323 1147.207 1
34639.272 - 334 905.225 1
34639.287 - 95 662.117 1
34639.310 - 413 419.304 1
34639.325 - 399 175.512 1
34709.106 + 370 1
35079.017 + 94 1
35448.463 + 385 1
35814.347 + 366 1
36035.000 # 1500
36035.000 # 1500
36035.000 # 1500
36035.000 # 1500
36035.000 # 1500
36035.000 # 1500
36035.000 # 1500
36035.000 # 1500
36035.000 # 1500
36035.000 # 1500
36035.000 # 1500
36035.000 # 1500
36035.000 # 1500
36035.000 # 1500
36035.000 # 1500
36035.000 # 1500
36035.000 # 1500
36035.000 # 1500
36035.000 # 1500
36035.000 # 1500
36035.000 # 1500
36035.000 # 1500
36035.000 # 1500
36035.000 # 1500
36035.000 # 1500
36035.000 # 1500
36035.000 # 1500
36035.000 # 1500
36035.000 # 1500
36035.000 # 1500
36035.000 # 1500
36035.000 # 1500
36035.000 # 1500
36035.000 # 1500
36035.000 # 1500
36035.000 # 1500
36035.000 # 1500
36035.000 # 1500
36035.000 # 1500
36035.000 # 1500
36035.000 # 1500
36035.000 # 1500
36035.000 # 1500
36035.000 # 1500
36035.000 # 1500
36035.000 # 1500
36035.000 # 1500
36035.000 # 1500
36035.000 # 1500
36035.000 # 1500
36035.000 # 1500
36035.000 # 1500
36035.000 # 1500
36035.000 # 1500
36035.000 # 1500
36035.000 # 1500
36035.000 # 1500
36035.000 # 1500
36035.000 # 1500
36035.000 # 1500
36035.000 # 1500
36035.000 # 1500
36035.000 # 1500
36035.000 # 1500
36035.000 # 1500
36035.000 # 1500
36035.000 # 1500
36035.000 # 1500
36035.000 # 1500
36035.000 # 1500
36035.000 # 1500
36035.000 # 1500
36035.000 # 1500
36035.000 # 1500
36035.000 # 1500
36035.000 # 1500
36035.000 # 1500
36035.000 # 1500
36035.000 # 1500
36035.000 # 1500
36035.000 # 1500
36035.000 # 1500
36035.000 # 1500
36138.079 - 370 1428.973 1
36138.203 - 94 1059.186 1
36138.230 - 385 689.767 1
36138.253 - 366 323.906 1
36182.304 + 94 1
36523.158 + 385 1
36862.174 + 371 1
37203.057 + 94 1
37535.000 # 1500
37535.000 # 1500
37535.000 # 1500
37535.000 # 1500
37535.000 # 1500
37535.000 # 1500
37535.000 # 1500
37535.000 # 1500
37535.000 # 1500
37535.000 # 1500
37535.000 # 1500
37535.000 # 1500
37535.000 # 1500
37535.000 # 1500
37535.000 # 1500
37535.000 # 1500
37535.000 # 1500
37535.000 # 1500
37535.000 # 1500
37535.000 # 1500
37535.000 # 1500
37535.000 # 1500
37535.000 # 1500
37535.000 # 1500
37535.000 # 1500
37535.000 # 1500
37535.000 # 1500
37535.000 # 1500
37535.000 # 1500
37535.000 # 1500
37535.000 # 1500
37535.000 # 1500
37535.000 # 1500
37535.000 # 1500
37535.000 # 1500
37535.000 # 1500
37535.000 # 1500
37535.000 # 1500
37535.000 # 1500
37535.000 # 1500
37535.000 # 1500
37535.000 # 1500
37535.000 # 1500
37535.000 # 1500
37535.000 # 1500
37535.000 # 1500
37535.000 # 1500
37535.000 # 1500
37535.000 # 1500
37535.000 # 1500
37535.000 # 1500
37535.000 # 1500
37535.000 # 1500
37535.000 # 1500
37535.000 # 1500
37535.000 # 1500
37535.000 # 1500
37535.000 # 1500
37535.000 # 1500
37535.000 # 1500
37535.000 # 1500
37535.000 # 1500
37535.000 # 1500
37535.000 # 1500
37535.000 # 1500
37535.000 # 1500
37535.000 # 1500
37535.000 # 1500
37535.000 # 1500
37535.000 # 1500
37535.000 # 1500
37535.000 # 1500
37535.000 # 1500
37535.000 # 1500
37535.000 # 1500
37535.000 # 1500
37535.000 # 1500
37535.000 # 1500
37535.000 # 1500
37535.000 # 1500
37535.000 # 1500
37535.000 # 1500
37535.000 # 1500
37539.188 + 338 1
37641.092 - 94 1458.788 1
37641.252 - 385 1118.094 1
37641.279 - 371 779.105 1
37641.303 - 94 438.246 1
37851.013 + 361 1
38137.241 + 95 1
38449.487 + 401 1
38735.444 + 418 1
39035.000 # 1500
39035.000 # 1500
39035.000 # 1500
39035.000 # 1500
39035.000 # 1500
39035.000 # 1500
39035.000 # 1500
39035.000 # 1500
39035.000 # 1500
39035.000 # 1500
39035.000 # 1500
39035.000 # 1500
39035.000 # 1500
39035.000 # 1500
39035.000 # 1500
39035.000 # 1500
39035.000 # 1500
39035.000 # 1500
39035.000 # 1500
39035.000 # 1500
39035.000 # 1500
39035.000 # 1500
39035.000 # 1500
39035.000 # 1500
39035.000 # 1500
39035.000 # 1500
39035.000 # 1500
39035.000 # 1500
39035.000 # 1500
39035.000 # 1500
39035.000 # 1500
39035.000 # 1500
39035.000 # 1500
39035.000 # 1500
39035.000 # 1500
39035.000 # 1500
39035.000 # 1500
39035.000 # 1500
39035.000 # 1500
39035.000 # 1500
39035.000 # 1500
39035.000 # 1500
39035.000 # 1500
39035.000 # 1500
39035.000 # 1500
39035.000 # 1500
39035.000 # 1500
39035.000 # 1500
39035.000 # 1500
39035.000 # 1500
39035.000 # 1500
39035.000 # 1500
39035.000 # 1500
39035.000 # 1500
39035.000 # 1500
39035.000 # 1500
39035.000 # 1500
39035.000 # 1500
39035.000 # 1500
39035.000 # 1500
39035.000 # 1500
39035.000 # 1500
39035.000 # 1500
39035.000 # 1500
39035.000 # 1500
39035.000 # 1500
39035.000 # 1500
39035.000 # 1500
39035.000 # 1500
39035.000 # 1500
39035.000 # 1500
39035.000 # 1500
39035.000 # 1500
39035.000 # 1500
39035.000 # 1500
39035.000 # 1500
39035.000 # 1500
39035.000 # 1500
39035.000 # 1500
39035.000 # 1500
39035.000 # 1500
39035.000 # 1500
39035.000 # 1500
39040.300 + 439 1
39142.130 - 338 1602.942 1
39142.234 - 361 1291.221 1
39142.256 - 95 1005.015 1
39142.272 - 401 692.785 1
39142.296 - 418 406.852 1
39437.010 + 94 1
39834.513 + 374 1
40232.290 + 382 1
40535.000 # 1500
40535.000 # 1500
40535.000 # 1500
40535.000 # 1500
40535.000 # 1500
40535.000 # 1500
40535.000 # 1500
40535.000 # 1500
40535.000 # 1500
40535.000 # 1500
40535.000 # 1500
40535.000 # 1500
40535.000 # 1500
40535.000 # 1500
40535.000 # 1500
40535.000 # 1500
40535.000 # 1500
40535.000 # 1500
40535.000 # 1500
40535.000 # 1500
40535.000 # 1500
40535.000 # 1500
40535.000 # 1500
40535.000 # 1500
40535.000 # 1500
40535.000 # 1500
40535.000 # 1500
40535.000 # 1500
40535.000 # 1500
40535.000 # 1500
40535.000 # 1500
40535.000 # 1500
40535.000 # 1500
40535.000 # 1500
40535.000 # 1500
40535.000 # 1500
40535.000 # 1500
40535.000 # 1500
40535.000 # 1500
40535.000 # 1500
40535.000 # 1500
40535.000 # 1500
40535.000 # 1500
40535.000 # 1500
40535.000 # 1500
40535.000 # 1500
40535.000 # 1500
40535.000 # 1500
40535.000 # 1500
40535.000 # 1500
40535.000 # 1500
40535.000 # 1500
40535.000 # 1500
40535.000 # 1500
40535.000 # 1500
40535.000 # 1500
40535.000 # 1500
40535.000 # 1500
40535.000 # 1500
40535.000 # 1500
40535.000 # 1500
40535.000 # 1500
40535.000 # 1500
40535.000 # 1500
40535.000 # 1500
40535.000 # 1500
40535.000 # 1500
40535.000 # 1500
40535.000 # 1500
40535.000 # 1500
40535.000 # 1500
40535.000 # 1500
40535.000 # 1500
40535.000 # 1500
40535.000 # 1500
40535.000 # 1500
40535.000 # 1500
40535.000 # 1500
40535.000 # 1500
40535.000 # 1500
40535.000 # 1500
40535.000 # 1500
40535.000 # 1500
40642.213 - 439 1601.913 1
40642.366 - 94 1205.356 1
40642.394 - 374 807.881 1
40642.416 - 382 410.126 1
40648.505 + 95 1
40983.092 + 398 1
41320.134 + 369 1
41691.487 + 95 1
42026.493 + 436 1
42035.000 # 1500
42035.000 # 1500
42035.000 # 1500
42035.000 # 1500
42035.000 # 1500
42035.000 # 1500
42035.000 # 1500
42035.000 # 1500
42035.000 # 1500
42035.000 # 1500
42035.000 # 1500
42035.000 # 1500
42035.000 # 1500
42035.000 # 1500
42035.000 # 1500
42035.000 # 1500
42035.000 # 1500
42035.000 # 1500
42035.000 # 1500
42035.000 # 1500
42035.000 # 1500
42035.000 # 1500
42035.000 # 1500
42035.000 # 1500
42035.000 # 1500
42035.000 # 1500
42035.000 # 1500
42035.000 # 1500
42035.000 # 1500
42035.000 # 1500
42035.000 # 1500
42035.000 # 1500
42035.000 # 1500
42035.000 # 1500
42035.000 # 1500
42035.000 # 1500
42035.000 # 1500
42035.000 # 1500
42035.000 # 1500
42035.000 # 1500
42035.000 # 1500
42035.000 # 1500
42035.000 # 1500
42035.000 # 1500
42035.000 # 1500
42035.000 # 1500
42035.000 # 1500
42035.000 # 1500
42035.000 # 1500
42035.000 # 1500
42035.000 # 1500
42035.000 # 1500
42035.000 # 1500
42035.000 # 1500
42035.000 # 1500
42035.000 # 1500
42035.000 # 1500
42035.000 # 1500
42035.000 # 1500
42035.000 # 1500
42035.000 # 1500
42035.000 # 1500
42035.000 # 1500
42035.000 # 1500
42035.000 # 1500
42035.000 # 1500
42035.000 # 1500
42035.000 # 1500
42035.000 # 1500
42035.000 # 1500
42035.000 # 1500
42035.000 # 1500
42035.000 # 1500
42035.000 # 1500
42035.000 # 1500
42035.000 # 1500
42035.000 # 1500
42035.000 # 1500
42035.000 # 1500
42035.000 # 1500
42035.000 # 1500
42035.000 # 1500
42035.000 # 1500
42139.805 - 95 1491.300 1
42139.918 - 398 1156.826 1
42139.943 - 369 819.809 1
42139.957 - 95 448.470 1
42139.974 - 436 113.481 1
42359.292 + 434 1
42754.053 + 94 1
43146.245 + 380 1
43535.000 # 1500
43535.000 # 1500
43535.000 # 1500
43535.000 # 1500
43535.000 # 1500
43535.000 # 1500
43535.000 # 1500
43535.000 # 1500
43535.000 # 1500
43535.000 # 1500
43535.000 # 1500
43535.000 # 1500
43535.000 # 1500
43535.000 # 1500
43535.000 # 1500
43535.000 # 1500
43535.000 # 1500
43535.000 # 1500
43535.000 # 1500
43535.000 # 1500
43535.000 # 1500
43535.000 # 1500
43535.000 # 1500
43535.000 # 1500
43535.000 # 1500
43535.000 # 1500
43535.000 # 1500
43535.000 # 1500
43535.000 # 1500
43535.000 # 1500
43535.000 # 1500
43535.000 # 1500
43535.000 # 1500
43535.000 # 1500
43535.000 # 1500
43535.000 # 1500
43535.000 # 1500
43535.000 # 1500
43535.000 # 1500
43535.000 # 1500
43535.000 # 1500
43535.000 # 1500
43535.000 # 1500
43535.000 # 1500
43535.000 # 1500
43535.000 # 1500
43535.000 # 1500
43535.000 # 1500
43535.000 # 1500
43535.000 # 1500
43535.000 # 1500
43535.000 # 1500
43535.000 # 1500
43535.000 # 1500
43535.000 # 1500
43535.000 # 1500
43535.000 # 1500
43535.000 # 1500
43535.000 # 1500
43535.000 # 1500
43535.000 # 1500
43535.000 # 1500
43535.000 # 1500
43535.000 # 1500
43535.000 # 1500
43535.000 # 1500
43535.000 # 1500
43535.000 # 1500
43535.000 # 1500
43535.000 # 1500
43535.000 # 1500
43535.000 # 1500
43535.000 # 1500
43535.000 # 1500
43535.000 # 1500
43535.000 # 1500
43535.000 # 1500
43535.000 # 1500
43535.000 # 1500
43535.000 # 1500
43535.000 # 1500
43535.000 # 1500
43535.000 # 1500
43537.511 + 398 1
43641.717 - 434 1282.425 1
43641.907 - 94 887.854 1
43641.931 - 380 495.686 1
43932.069 + 94 1
44284.803 + 355 1
44638.676 + 351 1
44992.132 + 94 1
45035.000 # 1500
45035.000 # 1500
45035.000 # 1500
45035.000 # 1500
45035.000 # 1500
45035.000 # 1500
45035.000 # 1500
45035.000 # 1500
45035.000 # 1500
45035.000 # 1500
45035.000 # 1500
45035.000 # 1500
45035.000 # 1500
45035.000 # 1500
45035.000 # 1500
45035.000 # 1500
45035.000 # 1500
45035.000 # 1500
45035.000 # 1500
45035.000 # 1500
45035.000 # 1500
45035.000 # 1500
45035.000 # 1500
45035.000 # 1500
45035.000 # 1500
45035.000 # 1500
45035.000 # 1500
45035.000 # 1500
45035.000 # 1500
45035.000 # 1500
45035.000 # 1500
45035.000 # 1500
45035.000 # 1500
45035.000 # 1500
45035.000 # 1500
45035.000 # 1500
45035.000 # 1500
45035.000 # 1500
45035.000 # 1500
45035.000 # 1500
45035.000 # 1500
45035.000 # 1500
45035.000 # 1500
45035.000 # 1500
45035.000 # 1500
45035.000 # 1500
45035.000 # 1500
45035.000 # 1500
45035.000 # 1500
45035.000 # 1500
45035.000 # 1500
45035.000 # 1500
45035.000 # 1500
45035.000 # 1500
45035.000 # 1500
45035.000 # 1500
45035.000 # 1500
45035.000 # 1500
45035.000 # 1500
45035.000 # 1500
45035.000 # 1500
45035.000 # 1500
45035.000 # 1500
45035.000 # 1500
45035.000 # 1500
45035.000 # 1500
45035.000 # 1500
45035.000 # 1500
45035.000 # 1500
45035.000 # 1500
45035.000 # 1500
45035.000 # 1500
45035.000 # 1500
45035.000 # 1500
45035.000 # 1500
45035.000 # 1500
45035.000 # 1500
45035.000 # 1500
45035.000 # 1500
45035.000 # 1500
45035.000 # 1500
45035.000 # 1500
45035.000 # 1500
45143.272 - 398 1605.761 1
45143.409 - 94 1211.340 1
45143.432 - 355 858.629 1
45143.447 - 351 504.771 1
45143.463 - 94 151.331 1
45345.169 + 372 1
45670.329 + 374 1
45997.223 + 95 1
46324.108 + 401 1
46535.000 # 1500
46535.000 # 1500
46535.000 # 1500
46535.000 # 1500
46535.000 # 1500
46535.000 # 1500
46535.000 # 1500
46535.000 # 1500
46535.000 # 1500
46535.000 # 1500
46535.000 # 1500
46535.000 # 1500
46535.000 # 1500
46535.000 # 1500
46535.000 # 1500
46535.000 # 1500
46535.000 # 1500
46535.000 # 1500
46535.000 # 1500
46535.000 # 1500
46535.000 # 1500
46535.000 # 1500
46535.000 # 1500
46535.000 # 1500
46535.000 # 1500
46535.000 # 1500
46535.000 # 1500
46535.000 # 1500
46535.000 # 1500
46535.000 # 1500
46535.000 # 1500
46535.000 # 1500
46535.000 # 1500
46535.000 # 1500
46535.000 # 1500
46535.000 # 1500
46535.000 # 1500
46535.000 # 1500
46535.000 # 1500
46535.000 # 1500
46535.000 # 1500
46535.000 # 1500
46535.000 # 1500
46535.000 # 1500
46535.000 # 1500
46535.000 # 1500
46535.000 # 1500
46535.000 # 1500
46535.000 # 1500
46535.000 # 1500
46535.000 # 1500
46535.000 # 1500
46535.000 # 1500
46535.000 # 1500
46535.000 # 1500
46535.000 # 1500
46535.000 # 1500
46535.000 # 1500
46535.000 # 1500
46535.000 # 1500
46535.000 # 1500
46535.000 # 1500
46535.000 # 1500
46535.000 # 1500
46535.000 # 1500
46535.000 # 1500
46535.000 # 1500
46535.000 # 1500
46535.000 # 1500
46535.000 # 1500
46535.000 # 1500
46535.000 # 1500
46535.000 # 1500
46535.000 # 1500
46535.000 # 1500
46535.000 # 1500
46535.000 # 1500
46535.000 # 1500
46535.000 # 1500
46535.000 # 1500
46535.000 # 1500
46535.000 # 1500
46535.000 # 1500
46640.564 - 372 1295.395 1
46640.717 - 374 970.388 1
46640.850 - 95 643.627 1
46640.877 - 401 316.769 1
46646.528 + 419 1
47020.253 + 94 1
47394.091 + 386 1
47770.102 + 416 1
48035.000 # 1500
48035.000 # 1500
48035.000 # 1500
48035.000 # 1500
48035.000 # 1500
48035.000 # 1500
48035.000 # 1500
48035.000 # 1500
48035.000 # 1500
48035.000 # 1500
48035.000 # 1500
48035.000 # 1500
48035.000 # 1500
48035.000 # 1500
48035.000 # 1500
48035.000 # 1500
48035.000 # 1500
48035.000 # 1500
48035.000 # 1500
48035.000 # 1500
48035.000 # 1500
48035.000 # 1500
48035.000 # 1500
48035.000 # 1500
48035.000 # 1500
48035.000 # 1500
48035.000 # 1500
48035.000 # 1500
48035.000 # 1500
48035.000 # 1500
48035.000 # 1500
48035.000 # 1500
48035.000 # 1500
48035.000 # 1500
48035.000 # 1500
48035.000 # 1500
48035.000 # 1500
48035.000 # 1500
48035.000 # 1500
48035.000 # 1500
48035.000 # 1500
48035.000 # 1500
48035.000 # 1500
48035.000 # 1500
48035.000 # 1500
48035.000 # 1500
48035.000 # 1500
48035.000 # 1500
48035.000 # 1500
48035.000 # 1500
48035.000 # 1500
48035.000 # 1500
48035.000 # 1500
48035.000 # 1500
48035.000 # 1500
48035.000 # 1500
48035.000 # 1500
48035.000 # 1500
48035.000 # 1500
48035.000 # 1500
48035.000 # 1500
48035.000 # 1500
48035.000 # 1500
48035.000 # 1500
48035.000 # 1500
48035.000 # 1500
48035.000 # 1500
48035.000 # 1500
48035.000 # 1500
48035.000 # 1500
48035.000 # 1500
48035.000 # 1500
48035.000 # 1500
48035.000 # 1500
48035.000 # 1500
48035.000 # 1500
48035.000 # 1500
48035.000 # 1500
48035.000 # 1500
48035.000 # 1500
48035.000 # 1500
48035.000 # 1500
48035.000 # 1500
48140.627 - 419 1494.099 1
48140.825 - 94 1120.572 1
48140.853 - 386 746.762 1
48140.874 - 416 370.772 1
48145.535 + 95 1
48519.126 + 410 1
48888.283 + 377 1
49259.036 + 95 1
49535.000 # 1500
49535.000 # 1500
49535.000 # 1500
49535.000 # 1500
49535.000 # 1500
49535.000 # 1500
49535.000 # 1500
49535.000 # 1500
49535.000 # 1500
49535.000 # 1500
49535.000 # 1500
49535.000 # 1500
49535.000 # 1500
49535.000 # 1500
49535.000 # 1500
49535.000 # 1500
49535.000 # 1500
49535.000 # 1500
49535.000 # 1500
49535.000 # 1500
49535.000 # 1500
49535.000 # 1500
49535.000 # 1500
49535.000 # 1500
49535.000 # 1500
49535.000 # 1500
49535.000 # 1500
49535.000 # 1500
49535.000 # 1500
49535.000 # 1500
49535.000 # 1500
49535.000 # 1500
49535.000 # 1500
49535.000 # 1500
49535.000 # 1500
49535.000 # 1500
49535.000 # 1500
49535.000 # 1500
49535.000 # 1500
49535.000 # 1500
49535.000 # 1500
49535.000 # 1500
49535.000 # 1500
49535.000 # 1500
49535.000 # 1500
49535.000 # 1500
49535.000 # 1500
49535.000 # 1500
49535.000 # 1500
49535.000 # 1500
49535.000 # 1500
49535.000 # 1500
49535.000 # 1500
49535.000 # 1500
49535.000 # 1500
49535.000 # 1500
49535.000 # 1500
49535.000 # 1500
49535.000 # 1500
49535.000 # 1500
49535.000 # 1500
49535.000 # 1500
49535.000 # 1500
49535.000 # 1500
49535.000 # 1500
49535.000 # 1500
49535.000 # 1500
49535.000 # 1500
49535.000 # 1500
49535.000 # 1500
49535.000 # 1500
49535.000 # 1500
49535.000 # 1500
49535.000 # 1500
49535.000 # 1500
49535.000 # 1500
49535.000 # 1500
49535.000 # 1500
49535.000 # 1500
49535.000 # 1500
49535.000 # 1500
49535.000 # 1500
49535.000 # 1500
49632.095 + 432 1
49638.528 - 95 1492.993 1
49638.627 - 410 1119.501 1
49638.648 - 377 750.365 1
49638.666 - 95 379.630 1
50019.909 + 400 1
50407.451 + 95 1
50798.330 + 415 1
51035.000 # 1500
51035.000 # 1500
51035.000 # 1500
51035.000 # 1500
51035.000 # 1500
51035.000 # 1500
51035.000 # 1500
51035.000 # 1500
51035.000 # 1500
51035.000 # 1500
51035.000 # 1500
51035.000 # 1500
51035.000 # 1500
51035.000 # 1500
51035.000 # 1500
51035.000 # 1500
51035.000 # 1500
51035.000 # 1500
51035.000 # 1500
51035.000 # 1500
51035.000 # 1500
51035.000 # 1500
51035.000 # 1500
51035.000 # 1500
51035.000 # 1500
51035.000 # 1500
51035.000 # 1500
51035.000 # 1500
51035.000 # 1500
51035.000 # 1500
51035.000 # 1500
51035.000 # 1500
51035.000 # 1500
51035.000 # 1500
51035.000 # 1500
51035.000 # 1500
51035.000 # 1500
51035.000 # 1500
51035.000 # 1500
51035.000 # 1500
51035.000 # 1500
51035.000 # 1500
51035.000 # 1500
51035.000 # 1500
51035.000 # 1500
51035.000 # 1500
51035.000 # 1500
51035.000 # 1500
51035.000 # 1500
51035.000 # 1500
51035.000 # 1500
51035.000 # 1500
51035.000 # 1500
51035.000 # 1500
51035.000 # 1500
51035.000 # 1500
51035.000 # 1500
51035.000 # 1500
51035.000 # 1500
51035.000 # 1500
51035.000 # 1500
51035.000 # 1500
51035.000 # 1500
51035.000 # 1500
51035.000 # 1500
51035.000 # 1500
51035.000 # 1500
51035.000 # 1500
51035.000 # 1500
51035.000 # 1500
51035.000 # 1500
51035.000 # 1500
51035.000 # 1500
51035.000 # 1500
51035.000 # 1500
51035.000 # 1500
51035.000 # 1500
51035.000 # 1500
51035.000 # 1500
51035.000 # 1500
51035.000 # 1500
51035.000 # 1500
51035.000 # 1500
51140.146 - 432 1508.051 1
51140.303 - 400 1120.394 1
51140.330 - 95 732.879 1
51140.351 - 415 342.021 1
51189.007 + 380 1
51559.436 + 94 1
51929.793 + 361 1
52300.095 + 364 1
52535.000 # 1500
52535.000 # 1500
52535.000 # 1500
52535.000 # 1500
52535.000 # 1500
52535.000 # 1500
52535.000 # 1500
52535.000 # 1500
52535.000 # 1500
52535.000 # 1500
52535.000 # 1500
52535.000 # 1500
52535.000 # 1500
52535.000 # 1500
52535.000 # 1500
52535.000 # 1500
52535.000 # 1500
52535.000 # 1500
52535.000 # 1500
52535.000 # 1500
52535.000 # 1500
52535.000 # 1500
52535.000 # 1500
52535.000 # 1500
52535.000 # 1500
52535.000 # 1500
52535.000 # 1500
52535.000 # 1500
52535.000 # 1500
52535.000 # 1500
52535.000 # 1500
52535.000 # 1500
52535.000 # 1500
52535.000 # 1500
52535.000 # 1500
52535.000 # 1500
52535.000 # 1500
52535.000 # 1500
52535.000 # 1500
52535.000 # 1500
52535.000 # 1500
52535.000 # 1500
52535.000 # 1500
52535.000 # 1500
52535.000 # 1500
52535.000 # 1500
52535.000 # 1500
52535.000 # 1500
52535.000 # 1500
52535.000 # 1500
52535.000 # 1500
52535.000 # 1500
52535.000 # 1500
52535.000 # 1500
52535.000 # 1500
52535.000 # 1500
52535.000 # 1500
52535.000 # 1500
52535.000 # 1500
52535.000 # 1500
52535.000 # 1500
52535.000 # 1500
52535.000 # 1500
52535.000 # 1500
52535.000 # 1500
52535.000 # 1500
52535.000 # 1500
52535.000 # 1500
52535.000 # 1500
52535.000 # 1500
52535.000 # 1500
52535.000 # 1500
52535.000 # 1500
52535.000 # 1500
52535.000 # 1500
52535.000 # 1500
52535.000 # 1500
52535.000 # 1500
52535.000 # 1500
52535.000 # 1500
52535.000 # 1500
52535.000 # 1500
52535.000 # 1500
52641.639 - 380 1452.632 1
52641.828 - 94 1082.392 1
52641.855 - 361 712.062 1
52641.879 - 364 341.784 1
52668.971 + 95 1
52983.980 + 409 1
53299.159 + 418 1
53650.464 + 95 1
53965.104 + 388 1
54035.000 # 1500
54035.000 # 1500
54035.000 # 1500
54035.000 # 1500
54035.000 # 1500
54035.000 # 1500
54035.000 # 1500
54035.000 # 1500
54035.000 # 1500
54035.000 # 1500
54035.000 # 1500
54035.000 # 1500
54035.000 # 1500
54035.000 # 1500
54035.000 # 1500
54035.000 # 1500
54035.000 # 1500
54035.000 # 1500
54035.000 # 1500
54035.000 # 1500
54035.000 # 1500
54035.000 # 1500
54035.000 # 1500
54035.000 # 1500
54035.000 # 1500
54035.000 # 1500
54035.000 # 1500
54035.000 # 1500
54035.000 # 1500
54035.000 # 1500
54035.000 # 1500
54035.000 # 1500
54035.000 # 1500
54035.000 # 1500
54035.000 # 1500
54035.000 # 1500
54035.000 # 1500
54035.000 # 1500
54035.000 # 1500
54035.000 # 1500
54035.000 # 1500
54035.000 # 1500
54035.000 # 1500
54035.000 # 1500
54035.000 # 1500
54035.000 # 1500
54035.000 # 1500
54035.000 # 1500
54035.000 # 1500
54035.000 # 1500
54035.000 # 1500
54035.000 # 1500
54035.000 # 1500
54035.000 # 1500
54035.000 # 1500
54035.000 # 1500
54035.000 # 1500
54035.000 # 1500
54035.000 # 1500
54035.000 # 1500
54035.000 # 1500
54035.000 # 1500
54035.000 # 1500
54035.000 # 1500
54035.000 # 1500
54035.000 # 1500
54035.000 # 1500
54035.000 # 1500
54035.000 # 1500
54035.000 # 1500
54035.000 # 1500
54035.000 # 1500
54035.000 # 1500
54035.000 # 1500
54035.000 # 1500
54035.000 # 1500
54035.000 # 1500
54035.000 # 1500
54035.000 # 1500
54035.000 # 1500
54035.000 # 1500
54035.000 # 1500
54035.000 # 1500
54138.547 - 95 1469.576 1
54138.667 - 409 1154.687 1
54138.693 - 418 839.534 1
54138.934 - 95 488.470 1
54139.088 - 388 173.984 1
54279.060 + 384 1
54619.971 + 95 1
54961.380 + 423 1
55303.455 + 438 1
55535.000 # 1500
55535.000 # 1500
55535.000 # 1500
55535.000 # 1500
55535.000 # 1500
55535.000 # 1500
55535.000 # 1500
55535.000 # 1500
55535.000 # 1500
55535.000 # 1500
55535.000 # 1500
55535.000 # 1500
55535.000 # 1500
55535.000 # 1500
55535.000 # 1500
55535.000 # 1500
55535.000 # 1500
55535.000 # 1500
55535.000 # 1500
55535.000 # 1500
55535.000 # 1500
55535.000 # 1500
55535.000 # 1500
55535.000 # 1500
55535.000 # 1500
55535.000 # 1500
55535.000 # 1500
55535.000 # 1500
55535.000 # 1500
55535.000 # 1500
55535.000 # 1500
55535.000 # 1500
55535.000 # 1500
55535.000 # 1500
55535.000 # 1500
55535.000 # 1500
55535.000 # 1500
55535.000 # 1500
55535.000 # 1500
55535.000 # 1500
55535.000 # 1500
55535.000 # 1500
55535.000 # 1500
55535.000 # 1500
55535.000 # 1500
55535.000 # 1500
55535.000 # 1500
55535.000 # 1500
55535.000 # 1500
55535.000 # 1500
55535.000 # 1500
55535.000 # 1500
55535.000 # 1500
55535.000 # 1500
55535.000 # 1500
55535.000 # 1500
55535.000 # 1500
55535.000 # 1500
55535.000 # 1500
55535.000 # 1500
55535.000 # 1500
55535.000 # 1500
55535.000 # 1500
55535.000 # 1500
55535.000 # 1500
55535.000 # 1500
55535.000 # 1500
55535.000 # 1500
55535.000 # 1500
55535.000 # 1500
55535.000 # 1500
55535.000 # 1500
55535.000 # 1500
55535.000 # 1500
55535.000 # 1500
55535.000 # 1500
55535.000 # 1500
55535.000 # 1500
55535.000 # 1500
55535.000 # 1500
55535.000 # 1500
55535.000 # 1500
55535.000 # 1500
55641.959 - 384 1362.899 1
55642.083 - 95 1022.112 1
55642.097 - 423 680.717 1
55642.107 - 438 338.652 1
55648.247 + 94 1
56041.443 + 411 1
56435.950 + 410 1
56830.874 + 95 1
57035.000 # 1500
57035.000 # 1500
57035.000 # 1500
57035.000 # 1500
57035.000 # 1500
57035.000 # 1500
57035.000 # 1500
57035.000 # 1500
57035.000 # 1500
57035.000 # 1500
57035.000 # 1500
57035.000 # 1500
57035.000 # 1500
57035.000 # 1500
57035.000 # 1500
57035.000 # 1500
57035.000 # 1500
57035.000 # 1500
57035.000 # 1500
57035.000 # 1500
57035.000 # 1500
57035.000 # 1500
57035.000 # 1500
57035.000 # 1500
57035.000 # 1500
57035.000 # 1500
57035.000 # 1500
57035.000 # 1500
57035.000 # 1500
57035.000 # 1500
57035.000 # 1500
57035.000 # 1500
57035.000 # 1500
57035.000 # 1500
57035.000 # 1500
57035.000 # 1500
57035.000 # 1500
57035.000 # 1500
57035.000 # 1500
57035.000 # 1500
57035.000 # 1500
57035.000 # 1500
57035.000 # 1500
57035.000 # 1500
57035.000 # 1500
57035.000 # 1500
57035.000 # 1500
57035.000 # 1500
57035.000 # 1500
57035.000 # 1500
57035.000 # 1500
57035.000 # 1500
57035.000 # 1500
57035.000 # 1500
57035.000 # 1500
57035.000 # 1500
57035.000 # 1500
57035.000 # 1500
57035.000 # 1500
57035.000 # 1500
57035.000 # 1500
57035.000 # 1500
57035.000 # 1500
57035.000 # 1500
57035.000 # 1500
57035.000 # 1500
57035.000 # 1500
57035.000 # 1500
57035.000 # 1500
57035.000 # 1500
57035.000 # 1500
57035.000 # 1500
57035.000 # 1500
57035.000 # 1500
57035.000 # 1500
57035.000 # 1500
57035.000 # 1500
57035.000 # 1500
57035.000 # 1500
57035.000 # 1500
57035.000 # 1500
57035.000 # 1500
57035.000 # 1500
57141.426 - 94 1493.179 1
57141.577 - 411 1100.134 1
57141.607 - 410 705.657 1
57141.624 - 95 310.750 1
57225.155 + 443 1
57624.815 + 436 1
58025.366 + 94 1
58425.109 + 339 1
58535.000 # 1500
58535.000 # 1500
58535.000 # 1500
58535.000 # 1500
58535.000 # 1500
58535.000 # 1500
58535.000 # 1500
58535.000 # 1500
58535.000 # 1500
58535.000 # 1500
58535.000 # 1500
58535.000 # 1500
58535.000 # 1500
58535.000 # 1500
58535.000 # 1500
58535.000 # 1500
58535.000 # 1500
58535.000 # 1500
58535.000 # 1500
58535.000 # 1500
58535.000 # 1500
58535.000 # 1500
58535.000 # 1500
58535.000 # 1500
58535.000 # 1500
58535.000 # 1500
58535.000 # 1500
58535.000 # 1500
58535.000 # 1500
58535.000 # 1500
58535.000 # 1500
58535.000 # 1500
58535.000 # 1500
58535.000 # 1500
58535.000 # 1500
58535.000 # 1500
58535.000 # 1500
58535.000 # 1500
58535.000 # 1500
58535.000 # 1500
58535.000 # 1500
58535.000 # 1500
58535.000 # 1500
58535.000 # 1500
58535.000 # 1500
58535.000 # 1500
58535.000 # 1500
58535.000 # 1500
58535.000 # 1500
58535.000 # 1500
58535.000 # 1500
58535.000 # 1500
58535.000 # 1500
58535.000 # 1500
58535.000 # 1500
58535.000 # 1500
58535.000 # 1500
58535.000 # 1500
58535.000 # 1500
58535.000 # 1500
58535.000 # 1500
58535.000 # 1500
58535.000 # 1500
58535.000 # 1500
58535.000 # 1500
58535.000 # 1500
58535.000 # 1500
58535.000 # 1500
58535.000 # 1500
58535.000 # 1500
58535.000 # 1500
58535.000 # 1500
58535.000 # 1500
58535.000 # 1500
58535.000 # 1500
58535.000 # 1500
58535.000 # 1500
58535.000 # 1500
58535.000 # 1500
58535.000 # 1500
58535.000 # 1500
58535.000 # 1500
58535.000 # 1500
58639.207 - 443 1414.052 1
58639.321 - 436 1014.506 1
58639.340 - 94 613.974 1
58639.360 - 339 214.251 1
58822.292 + 354 1
59217.391 + 95 1
59652.030 + 383 1
60035.000 # 1500
60035.000 # 1500
60035.000 # 1500
60035.000 # 1500
60035.000 # 1500
60035.000 # 1500
60035.000 # 1500
60035.000 # 1500
60035.000 # 1500
60035.000 # 1500
60035.000 # 1500
60035.000 # 1500
60035.000 # 1500
60035.000 # 1500
60035.000 # 1500
60035.000 # 1500
60035.000 # 1500
60035.000 # 1500
60035.000 # 1500
60035.000 # 1500
60035.000 # 1500
60035.000 # 1500
60035.000 # 1500
60035.000 # 1500
60035.000 # 1500
60035.000 # 1500
60035.000 # 1500
60035.000 # 1500
60035.000 # 1500
60035.000 # 1500
60035.000 # 1500
60035.000 # 1500
60035.000 # 1500
60035.000 # 1500
60035.000 # 1500
60035.000 # 1500
60035.000 # 1500
60035.000 # 1500
60035.000 # 1500
60035.000 # 1500
60035.000 # 1500
60035.000 # 1500
60035.000 # 1500
60035.000 # 1500
60035.000 # 1500
60035.000 # 1500
60035.000 # 1500
60035.000 # 1500
60035.000 # 1500
60035.000 # 1500
60035.000 # 1500
60035.000 # 1500
60035.000 # 1500
60035.000 # 1500
60035.000 # 1500
60035.000 # 1500
60035.000 # 1500
60035.000 # 1500
60035.000 # 1500
60035.000 # 1500
60035.000 # 1500
60035.000 # 1500
60035.000 # 1500
60035.000 # 1500
60035.000 # 1500
60035.000 # 1500
60035.000 # 1500
60035.000 # 1500
60035.000 # 1500
60035.000 # 1500
60035.000 # 1500
60035.000 # 1500
60035.000 # 1500
60035.000 # 1500
60035.000 # 1500
60035.000 # 1500
60035.000 # 1500
60035.000 # 1500
60035.000 # 1500
60035.000 # 1500
60035.000 # 1500
60035.000 # 1500
60035.000 # 1500
60046.652 + 95 1
60141.301 - 354 1319.009 1
60141.428 - 95 924.037 1
60141.449 - 383 489.419 1
60412.140 + 398 1
60776.499 + 400 1
61140.918 + 94 1
61506.922 + 378 1
61535.000 # 1500
61535.000 # 1500
61535.000 # 1500
61535.000 # 1500
61535.000 # 1500
61535.000 # 1500
61535.000 # 1500
61535.000 # 1500
61535.000 # 1500
61535.000 # 1500
61535.000 # 1500
61535.000 # 1500
61535.000 # 1500
61535.000 # 1500
61535.000 # 1500
61535.000 # 1500
61535.000 # 1500
61535.000 # 1500
61535.000 # 1500
61535.000 # 1500
61535.000 # 1500
61535.000 # 1500
61535.000 # 1500
61535.000 # 1500
61535.000 # 1500
61535.000 # 1500
61535.000 # 1500
61535.000 # 1500
61535.000 # 1500
61535.000 # 1500
61535.000 # 1500
61535.000 # 1500
61535.000 # 1500
61535.000 # 1500
61535.000 # 1500
61535.000 # 1500
61535.000 # 1500
61535.000 # 1500
61535.000 # 1500
61535.000 # 1500
61535.000 # 1500
61535.000 # 1500
61535.000 # 1500
61535.000 # 1500
61535.000 # 1500
61535.000 # 1500
61535.000 # 1500
61535.000 # 1500
61535.000 # 1500
61535.000 # 1500
61535.000 # 1500
61535.000 # 1500
61535.000 # 1500
61535.000 # 1500
61535.000 # 1500
61535.000 # 1500
61535.000 # 1500
61535.000 # 1500
61535.000 # 1500
61535.000 # 1500
61535.000 # 1500
61535.000 # 1500
61535.000 # 1500
61535.000 # 1500
61535.000 # 1500
61535.000 # 1500
61535.000 # 1500
61535.000 # 1500
61535.000 # 1500
61535.000 # 1500
61535.000 # 1500
61535.000 # 1500
61535.000 # 1500
61535.000 # 1500
61535.000 # 1500
61535.000 # 1500
61535.000 # 1500
61535.000 # 1500
61535.000 # 1500
61535.000 # 1500
61535.000 # 1500
61535.000 # 1500
61535.000 # 1500
61641.023 - 95 1594.371 1
61641.195 - 398 1229.055 1
61641.217 - 400 864.718 1
61641.229 - 94 500.311 1
61641.246 - 378 134.324 1
61874.324 + 355 1
62208.525 + 94 1
62537.936 + 369 1
62869.522 + 364 1
63035.000 # 1500
63035.000 # 1500
63035.000 # 1500
63035.000 # 1500
63035.000 # 1500
63035.000 # 1500
63035.000 # 1500
63035.000 # 1500
63035.000 # 1500
63035.000 # 1500
63035.000 # 1500
63035.000 # 1500
63035.000 # 1500
63035.000 # 1500
63035.000 # 1500
63035.000 # 1500
63035.000 # 1500
63035.000 # 1500
63035.000 # 1500
63035.000 # 1500
63035.000 # 1500
63035.000 # 1500
63035.000 # 1500
63035.000 # 1500
63035.000 # 1500
63035.000 # 1500
63035.000 # 1500
63035.000 # 1500
63035.000 # 1500
63035.000 # 1500
63035.000 # 1500
63035.000 # 1500
63035.000 # 1500
63035.000 # 1500
63035.000 # 1500
63035.000 # 1500
63035.000 # 1500
63035.000 # 1500
63035.000 # 1500
63035.000 # 1500
63035.000 # 1500
63035.000 # 1500
63035.000 # 1500
63035.000 # 1500
63035.000 # 1500
63035.000 # 1500
63035.000 # 1500
63035.000 # 1500
63035.000 # 1500
63035.000 # 1500
63035.000 # 1500
63035.000 # 1500
63035.000 # 1500
63035.000 # 1500
63035.000 # 1500
63035.000 # 1500
63035.000 # 1500
63035.000 # 1500
63035.000 # 1500
63035.000 # 1500
63035.000 # 1500
63035.000 # 1500
63035.000 # 1500
63035.000 # 1500
63035.000 # 1500
63035.000 # 1500
63035.000 # 1500
63035.000 # 1500
63035.000 # 1500
63035.000 # 1500
63035.000 # 1500
63035.000 # 1500
63035.000 # 1500
63035.000 # 1500
63035.000 # 1500
63035.000 # 1500
63035.000 # 1500
63035.000 # 1500
63035.000 # 1500
63035.000 # 1500
63035.000 # 1500
63035.000 # 1500
63035.000 # 1500
63141.246 - 355 1266.922 1
63141.359 - 94 932.834 1
63141.371 - 369 603.435 1
63141.382 - 364 271.860 1
63200.822 + 95 1
63521.652 + 424 1
63849.232 + 418 1
64172.018 + 420 1
64490.800 + 95 1
64535.000 # 1500
64535.000 # 1500
64535.000 # 1500
64535.000 # 1500
64535.000 # 1500
64535.000 # 1500
64535.000 # 1500
64535.000 # 1500
64535.000 # 1500
64535.000 # 1500
64535.000 # 1500
64535.000 # 1500
64535.000 # 1500
64535.000 # 1500
64535.000 # 1500
64535.000 # 1500
64535.000 # 1500
64535.000 # 1500
64535.000 # 1500
64535.000 # 1500
64535.000 # 1500
64535.000 # 1500
64535.000 # 1500
64535.000 # 1500
64535.000 # 1500
64535.000 # 1500
64535.000 # 1500
64535.000 # 1500
64535.000 # 1500
64535.000 # 1500
64535.000 # 1500
64535.000 # 1500
64535.000 # 1500
64535.000 # 1500
64535.000 # 1500
64535.000 # 1500
64535.000 # 1500
64535.000 # 1500
64535.000 # 1500
64535.000 # 1500
64535.000 # 1500
64535.000 # 1500
64535.000 # 1500
64535.000 # 1500
64535.000 # 1500
64535.000 # 1500
64535.000 # 1500
64535.000 # 1500
64535.000 # 1500
64535.000 # 1500
64535.000 # 1500
64535.000 # 1500
64535.000 # 1500
64535.000 # 1500
64535.000 # 1500
64535.000 # 1500
64535.000 # 1500
64535.000 # 1500
64535.000 # 1500
64535.000 # 1500
64535.000 # 1500
64535.000 # 1500
64535.000 # 1500
64535.000 # 1500
64535.000 # 1500
64535.000 # 1500
64535.000 # 1500
64535.000 # 1500
64535.000 # 1500
64535.000 # 1500
64535.000 # 1500
64535.000 # 1500
64535.000 # 1500
64535.000 # 1500
64535.000 # 1500
64535.000 # 1500
64535.000 # 1500
64535.000 # 1500
64535.000 # 1500
64535.000 # 1500
64535.000 # 1500
64535.000 # 1500
64535.000 # 1500
64643.403 - 95 1442.581 1
64643.535 - 424 1121.883 1
64643.554 - 418 794.322 1
64643.566 - 420 471.548 1
64643.590 - 95 152.790 1
64809.903 + 395 1
65190.684 + 401 1
65571.939 + 94 1
65949.978 + 372 1
66035.000 # 1500
66035.000 # 1500
66035.000 # 1500
66035.000 # 1500
66035.000 # 1500
66035.000 # 1500
66035.000 # 1500
66035.000 # 1500
66035.000 # 1500
66035.000 # 1500
66035.000 # 1500
66035.000 # 1500
66035.000 # 1500
66035.000 # 1500
66035.000 # 1500
66035.000 # 1500
66035.000 # 1500
66035.000 # 1500
66035.000 # 1500
66035.000 # 1500
66035.000 # 1500
66035.000 # 1500
66035.000 # 1500
66035.000 # 1500
66035.000 # 1500
66035.000 # 1500
66035.000 # 1500
66035.000 # 1500
66035.000 # 1500
66035.000 # 1500
66035.000 # 1500
66035.000 # 1500
66035.000 # 1500
66035.000 # 1500
66035.000 # 1500
66035.000 # 1500
66035.000 # 1500
66035.000 # 1500
66035.000 # 1500
66035.000 # 1500
66035.000 # 1500
66035.000 # 1500
66035.000 # 1500
66035.000 # 1500
66035.000 # 1500
66035.000 # 1500
66035.000 # 1500
66035.000 # 1500
66035.000 # 1500
66035.000 # 1500
66035.000 # 1500
66035.000 # 1500
66035.000 # 1500
66035.000 # 1500
66035.000 # 1500
66035.000 # 1500
66035.000 # 1500
66035.000 # 1500
66035.000 # 1500
66035.000 # 1500
66035.000 # 1500
66035.000 # 1500
66035.000 # 1500
66035.000 # 1500
66035.000 # 1500
66035.000 # 1500
66035.000 # 1500
66035.000 # 1500
66035.000 # 1500
66035.000 # 1500
66035.000 # 1500
66035.000 # 1500
66035.000 # 1500
66035.000 # 1500
66035.000 # 1500
66035.000 # 1500
66035.000 # 1500
66035.000 # 1500
66035.000 # 1500
66035.000 # 1500
66035.000 # 1500
66035.000 # 1500
66035.000 # 1500
