# mahimahi mm-link (Uplink) [traces/1mbps.trace] > /home/vamsi/pantheon/results/high-latency-low-bandwidth/vegas_mm_datalink_run1.log
# command line: 'mm-link' 'traces/1mbps.trace' 'traces/1mbps.trace' '--uplink-log=/home/vamsi/pantheon/results/high-latency-low-bandwidth/vegas_mm_datalink_run1.log' '--downlink-log=/home/vamsi/pantheon/results/high-latency-low-bandwidth/vegas_mm_acklink_run1.log' '--uplink-queue=droptail' '--downlink-queue=droptail' '--uplink-queue-args=packets=500' '--downlink-queue-args=packets=500' 'python' '/home/vamsi/pantheon/src/experiments/tunnel_manager.py'
# queue: droptail [packets=500]
# init timestamp: 1744914636346
# base timestamp: 43
# mahimahi config: [delay 5 ms] 
43 + 80
43 + 52
43 + 80
81 + 40
318 + 80
773 + 80
1083 + 40
1543 # 1504
1543 - 80 1500
1543 - 52 1500
1543 - 80 1500
1543 - 40 1462
1543 - 80 1225
1543 - 80 770
1543 - 40 460
1543 # 1504
1543 # 1504
1543 # 1504
1543 # 1504
1543 # 1504
1543 # 1504
1543 # 1504
1543 # 1504
1543 # 1504
1543 # 1504
1543 # 1504
1543 # 1504
1543 # 1504
1543 # 1504
1543 # 1504
1543 # 1504
1543 # 1504
1543 # 1504
1543 # 1504
1543 # 1504
1543 # 1504
1543 # 1504
1543 # 1504
1543 # 1504
1543 # 1504
1543 # 1504
1543 # 1504
1543 # 1504
1543 # 1504
1543 # 1504
1543 # 1504
1543 # 1504
1543 # 1504
1543 # 1504
1543 # 1504
1543 # 1504
1543 # 1504
1543 # 1504
1543 # 1504
1543 # 1504
1543 # 1504
1543 # 1504
1543 # 1504
1543 # 1504
1543 # 1504
1543 # 1504
1543 # 1504
1543 # 1504
1543 # 1504
1543 # 1504
1543 # 1504
1543 # 1504
1543 # 1504
1543 # 1504
1543 # 1504
1543 # 1504
1543 # 1504
1543 # 1504
1543 # 1504
1543 # 1504
1543 # 1504
1543 # 1504
1543 # 1504
1543 # 1504
1543 # 1504
1543 # 1504
1543 # 1504
1543 # 1504
1543 # 1504
1543 # 1504
1543 # 1504
1543 # 1504
1543 # 1504
1543 # 1504
1543 # 1504
1543 # 1504
1543 # 1504
1543 # 1504
1543 # 1504
1543 # 1504
1543 # 1504
1543 # 1504
2088 + 40
3043 # 1504
3043 - 40 955
3043 # 1504
3043 # 1504
3043 # 1504
3043 # 1504
3043 # 1504
3043 # 1504
3043 # 1504
3043 # 1504
3043 # 1504
3043 # 1504
3043 # 1504
3043 # 1504
3043 # 1504
3043 # 1504
3043 # 1504
3043 # 1504
3043 # 1504
3043 # 1504
3043 # 1504
3043 # 1504
3043 # 1504
3043 # 1504
3043 # 1504
3043 # 1504
3043 # 1504
3043 # 1504
3043 # 1504
3043 # 1504
3043 # 1504
3043 # 1504
3043 # 1504
3043 # 1504
3043 # 1504
3043 # 1504
3043 # 1504
3043 # 1504
3043 # 1504
3043 # 1504
3043 # 1504
3043 # 1504
3043 # 1504
3043 # 1504
3043 # 1504
3043 # 1504
3043 # 1504
3043 # 1504
3043 # 1504
3043 # 1504
3043 # 1504
3043 # 1504
3043 # 1504
3043 # 1504
3043 # 1504
3043 # 1504
3043 # 1504
3043 # 1504
3043 # 1504
3043 # 1504
3043 # 1504
3043 # 1504
3043 # 1504
3043 # 1504
3043 # 1504
3043 # 1504
3043 # 1504
3043 # 1504
3043 # 1504
3043 # 1504
3043 # 1504
3043 # 1504
3043 # 1504
3043 # 1504
3043 # 1504
3043 # 1504
3043 # 1504
3043 # 1504
3043 # 1504
3043 # 1504
3043 # 1504
3043 # 1504
3043 # 1504
3043 # 1504
3783 + 52
4543 # 1504
4543 - 52 760
4543 # 1504
4543 # 1504
4543 # 1504
4543 # 1504
4543 # 1504
4543 # 1504
4543 # 1504
4543 # 1504
4543 # 1504
4543 # 1504
4543 # 1504
4543 # 1504
4543 # 1504
4543 # 1504
4543 # 1504
4543 # 1504
4543 # 1504
4543 # 1504
4543 # 1504
4543 # 1504
4543 # 1504
4543 # 1504
4543 # 1504
4543 # 1504
4543 # 1504
4543 # 1504
4543 # 1504
4543 # 1504
4543 # 1504
4543 # 1504
4543 # 1504
4543 # 1504
4543 # 1504
4543 # 1504
4543 # 1504
4543 # 1504
4543 # 1504
4543 # 1504
4543 # 1504
4543 # 1504
4543 # 1504
4543 # 1504
4543 # 1504
4543 # 1504
4543 # 1504
4543 # 1504
4543 # 1504
4543 # 1504
4543 # 1504
4543 # 1504
4543 # 1504
4543 # 1504
4543 # 1504
4543 # 1504
4543 # 1504
4543 # 1504
4543 # 1504
4543 # 1504
4543 # 1504
4543 # 1504
4543 # 1504
4543 # 1504
4543 # 1504
4543 # 1504
4543 # 1504
4543 # 1504
4543 # 1504
4543 # 1504
4543 # 1504
4543 # 1504
4543 # 1504
4543 # 1504
4543 # 1504
4543 # 1504
4543 # 1504
4543 # 1504
4543 # 1504
4543 # 1504
4543 # 1504
4543 # 1504
4543 # 1504
4543 # 1504
6043 # 1504
6043 # 1504
6043 # 1504
6043 # 1504
6043 # 1504
6043 # 1504
6043 # 1504
6043 # 1504
6043 # 1504
6043 # 1504
6043 # 1504
6043 # 1504
6043 # 1504
6043 # 1504
6043 # 1504
6043 # 1504
6043 # 1504
6043 # 1504
6043 # 1504
6043 # 1504
6043 # 1504
6043 # 1504
6043 # 1504
6043 # 1504
6043 # 1504
6043 # 1504
6043 # 1504
6043 # 1504
6043 # 1504
6043 # 1504
6043 # 1504
6043 # 1504
6043 # 1504
6043 # 1504
6043 # 1504
6043 # 1504
6043 # 1504
6043 # 1504
6043 # 1504
6043 # 1504
6043 # 1504
6043 # 1504
6043 # 1504
6043 # 1504
6043 # 1504
6043 # 1504
6043 # 1504
6043 # 1504
6043 # 1504
6043 # 1504
6043 # 1504
6043 # 1504
6043 # 1504
6043 # 1504
6043 # 1504
6043 # 1504
6043 # 1504
6043 # 1504
6043 # 1504
6043 # 1504
6043 # 1504
6043 # 1504
6043 # 1504
6043 # 1504
6043 # 1504
6043 # 1504
6043 # 1504
6043 # 1504
6043 # 1504
6043 # 1504
6043 # 1504
6043 # 1504
6043 # 1504
6043 # 1504
6043 # 1504
6043 # 1504
6043 # 1504
6043 # 1504
6043 # 1504
6043 # 1504
6043 # 1504
6043 # 1504
6043 # 1504
6088 + 100
7108 + 100
7543 # 1504
7543 - 100 1455
7543 - 100 435
7543 # 1504
7543 # 1504
7543 # 1504
7543 # 1504
7543 # 1504
7543 # 1504
7543 # 1504
7543 # 1504
7543 # 1504
7543 # 1504
7543 # 1504
7543 # 1504
7543 # 1504
7543 # 1504
7543 # 1504
7543 # 1504
7543 # 1504
7543 # 1504
7543 # 1504
7543 # 1504
7543 # 1504
7543 # 1504
7543 # 1504
7543 # 1504
7543 # 1504
7543 # 1504
7543 # 1504
7543 # 1504
7543 # 1504
7543 # 1504
7543 # 1504
7543 # 1504
7543 # 1504
7543 # 1504
7543 # 1504
7543 # 1504
7543 # 1504
7543 # 1504
7543 # 1504
7543 # 1504
7543 # 1504
7543 # 1504
7543 # 1504
7543 # 1504
7543 # 1504
7543 # 1504
7543 # 1504
7543 # 1504
7543 # 1504
7543 # 1504
7543 # 1504
7543 # 1504
7543 # 1504
7543 # 1504
7543 # 1504
7543 # 1504
7543 # 1504
7543 # 1504
7543 # 1504
7543 # 1504
7543 # 1504
7543 # 1504
7543 # 1504
7543 # 1504
7543 # 1504
7543 # 1504
7543 # 1504
7543 # 1504
7543 # 1504
7543 # 1504
7543 # 1504
7543 # 1504
7543 # 1504
7543 # 1504
7543 # 1504
7543 # 1504
7543 # 1504
7543 # 1504
7543 # 1504
7543 # 1504
7543 # 1504
7543 # 1504
8135 + 100
9043 # 1504
9043 - 100 908
9043 # 1504
9043 # 1504
9043 # 1504
9043 # 1504
9043 # 1504
9043 # 1504
9043 # 1504
9043 # 1504
9043 # 1504
9043 # 1504
9043 # 1504
9043 # 1504
9043 # 1504
9043 # 1504
9043 # 1504
9043 # 1504
9043 # 1504
9043 # 1504
9043 # 1504
9043 # 1504
9043 # 1504
9043 # 1504
9043 # 1504
9043 # 1504
9043 # 1504
9043 # 1504
9043 # 1504
9043 # 1504
9043 # 1504
9043 # 1504
9043 # 1504
9043 # 1504
9043 # 1504
9043 # 1504
9043 # 1504
9043 # 1504
9043 # 1504
9043 # 1504
9043 # 1504
9043 # 1504
9043 # 1504
9043 # 1504
9043 # 1504
9043 # 1504
9043 # 1504
9043 # 1504
9043 # 1504
9043 # 1504
9043 # 1504
9043 # 1504
9043 # 1504
9043 # 1504
9043 # 1504
9043 # 1504
9043 # 1504
9043 # 1504
9043 # 1504
9043 # 1504
9043 # 1504
9043 # 1504
9043 # 1504
9043 # 1504
9043 # 1504
9043 # 1504
9043 # 1504
9043 # 1504
9043 # 1504
9043 # 1504
9043 # 1504
9043 # 1504
9043 # 1504
9043 # 1504
9043 # 1504
9043 # 1504
9043 # 1504
9043 # 1504
9043 # 1504
9043 # 1504
9043 # 1504
9043 # 1504
9043 # 1504
9043 # 1504
9048 + 92
9048 + 92
9049 + 152
9049 + 1504
9049 + 1504
9049 + 1504
9049 + 1504
9049 + 1504
9049 + 1504
9049 + 1504
9049 + 1504
9049 + 1504
10543 # 1504
10543 - 92 1495
10543 - 92 1495
10543 - 152 1494
10543 # 1504
10543 - 1504 1494
10543 # 1504
10543 - 1504 1494
10543 # 1504
10543 - 1504 1494
10543 # 1504
10543 - 1504 1494
10543 # 1504
10543 - 1504 1494
10543 # 1504
10543 - 1504 1494
10543 # 1504
10543 - 1504 1494
10543 # 1504
10543 - 1504 1494
10543 # 1504
10543 - 1504 1494
10543 # 1504
10543 # 1504
10543 # 1504
10543 # 1504
10543 # 1504
10543 # 1504
10543 # 1504
10543 # 1504
10543 # 1504
10543 # 1504
10543 # 1504
10543 # 1504
10543 # 1504
10543 # 1504
10543 # 1504
10543 # 1504
10543 # 1504
10543 # 1504
10543 # 1504
10543 # 1504
10543 # 1504
10543 # 1504
10543 # 1504
10543 # 1504
10543 # 1504
10543 # 1504
10543 # 1504
10543 # 1504
10543 # 1504
10543 # 1504
10543 # 1504
10543 # 1504
10543 # 1504
10543 # 1504
10543 # 1504
10543 # 1504
10543 # 1504
10543 # 1504
10543 # 1504
10543 # 1504
10543 # 1504
10543 # 1504
10543 # 1504
10543 # 1504
10543 # 1504
10543 # 1504
10543 # 1504
10543 # 1504
10543 # 1504
10543 # 1504
10543 # 1504
10543 # 1504
10543 # 1504
10543 # 1504
10543 # 1504
10543 # 1504
10543 # 1504
10543 # 1504
10543 # 1504
10543 # 1504
10543 # 1504
10543 # 1504
10543 # 1504
10543 # 1504
10543 # 1504
10543 # 1504
10543 # 1504
10543 # 1504
10543 # 1504
10543 # 1504
10543 # 1504
10543 # 1504
10543 # 1504
10550 + 92
11908 + 52
12043 # 1504
12043 - 92 1493
12043 - 52 135
12043 # 1504
12043 # 1504
12043 # 1504
12043 # 1504
12043 # 1504
12043 # 1504
12043 # 1504
12043 # 1504
12043 # 1504
12043 # 1504
12043 # 1504
12043 # 1504
12043 # 1504
12043 # 1504
12043 # 1504
12043 # 1504
12043 # 1504
12043 # 1504
12043 # 1504
12043 # 1504
12043 # 1504
12043 # 1504
12043 # 1504
12043 # 1504
12043 # 1504
12043 # 1504
12043 # 1504
12043 # 1504
12043 # 1504
12043 # 1504
12043 # 1504
12043 # 1504
12043 # 1504
12043 # 1504
12043 # 1504
12043 # 1504
12043 # 1504
12043 # 1504
12043 # 1504
12043 # 1504
12043 # 1504
12043 # 1504
12043 # 1504
12043 # 1504
12043 # 1504
12043 # 1504
12043 # 1504
12043 # 1504
12043 # 1504
12043 # 1504
12043 # 1504
12043 # 1504
12043 # 1504
12043 # 1504
12043 # 1504
12043 # 1504
12043 # 1504
12043 # 1504
12043 # 1504
12043 # 1504
12043 # 1504
12043 # 1504
12043 # 1504
12043 # 1504
12043 # 1504
12043 # 1504
12043 # 1504
12043 # 1504
12043 # 1504
12043 # 1504
12043 # 1504
12043 # 1504
12043 # 1504
12043 # 1504
12043 # 1504
12043 # 1504
12043 # 1504
12043 # 1504
12043 # 1504
12043 # 1504
12043 # 1504
12043 # 1504
12047 + 1504
12047 + 1504
12182 + 1504
12182 + 1504
12430 + 1504
12430 + 1504
12661 + 92
12661 + 1504
12661 + 1504
12810 + 1504
12811 + 1504
12959 + 1504
12959 + 1504
13107 + 1504
13107 + 1504
13257 + 1504
13257 + 1504
13407 + 1504
13407 + 1504
13543 # 1504
13543 - 1504 1496
13543 # 1504
13543 - 1504 1496
13543 # 1504
13543 - 1504 1361
13543 # 1504
13543 - 1504 1361
13543 # 1504
13543 - 1504 1113
13543 # 1504
13543 - 1504 1113
13543 # 1504
13543 - 92 882
13543 # 1504
13543 - 1504 882
13543 # 1504
13543 - 1504 882
13543 # 1504
13543 - 1504 733
13543 # 1504
13543 - 1504 732
13543 # 1504
13543 - 1504 584
13543 # 1504
13543 - 1504 584
13543 # 1504
13543 - 1504 436
13543 # 1504
13543 - 1504 436
13543 # 1504
13543 - 1504 286
13543 # 1504
13543 - 1504 286
13543 # 1504
13543 - 1504 136
13543 # 1504
13543 - 1504 136
13543 # 1504
13543 # 1504
13543 # 1504
13543 # 1504
13543 # 1504
13543 # 1504
13543 # 1504
13543 # 1504
13543 # 1504
13543 # 1504
13543 # 1504
13543 # 1504
13543 # 1504
13543 # 1504
13543 # 1504
13543 # 1504
13543 # 1504
13543 # 1504
13543 # 1504
13543 # 1504
13543 # 1504
13543 # 1504
13543 # 1504
13543 # 1504
13543 # 1504
13543 # 1504
13543 # 1504
13543 # 1504
13543 # 1504
13543 # 1504
13543 # 1504
13543 # 1504
13543 # 1504
13543 # 1504
13543 # 1504
13543 # 1504
13543 # 1504
13543 # 1504
13543 # 1504
13543 # 1504
13543 # 1504
13543 # 1504
13543 # 1504
13543 # 1504
13543 # 1504
13543 # 1504
13543 # 1504
13543 # 1504
13543 # 1504
13543 # 1504
13543 # 1504
13543 # 1504
13543 # 1504
13543 # 1504
13543 # 1504
13543 # 1504
13543 # 1504
13543 # 1504
13543 # 1504
13543 # 1504
13543 # 1504
13543 # 1504
13543 # 1504
13543 # 1504
13555 + 1504
13555 + 1504
15043 # 1504
15043 - 1504 1488
15043 # 1504
15043 - 1504 1488
15043 # 1504
15043 # 1504
15043 # 1504
15043 # 1504
15043 # 1504
15043 # 1504
15043 # 1504
15043 # 1504
15043 # 1504
15043 # 1504
15043 # 1504
15043 # 1504
15043 # 1504
15043 # 1504
15043 # 1504
15043 # 1504
15043 # 1504
15043 # 1504
15043 # 1504
15043 # 1504
15043 # 1504
15043 # 1504
15043 # 1504
15043 # 1504
15043 # 1504
15043 # 1504
15043 # 1504
15043 # 1504
15043 # 1504
15043 # 1504
15043 # 1504
15043 # 1504
15043 # 1504
15043 # 1504
15043 # 1504
15043 # 1504
15043 # 1504
15043 # 1504
15043 # 1504
15043 # 1504
15043 # 1504
15043 # 1504
15043 # 1504
15043 # 1504
15043 # 1504
15043 # 1504
15043 # 1504
15043 # 1504
15043 # 1504
15043 # 1504
15043 # 1504
15043 # 1504
15043 # 1504
15043 # 1504
15043 # 1504
15043 # 1504
15043 # 1504
15043 # 1504
15043 # 1504
15043 # 1504
15043 # 1504
15043 # 1504
15043 # 1504
15043 # 1504
15043 # 1504
15043 # 1504
15043 # 1504
15043 # 1504
15043 # 1504
15043 # 1504
15043 # 1504
15043 # 1504
15043 # 1504
15043 # 1504
15043 # 1504
15043 # 1504
15043 # 1504
15043 # 1504
15043 # 1504
15043 # 1504
15043 # 1504
15044 + 1504
15044 + 1504
15113 + 1504
15183 + 1504
15183 + 1504
15305 + 1504
15305 + 1504
15428 + 1504
15428 + 1504
15491 + 1504
15491 + 1504
15557 + 1504
15558 + 1504
15618 + 1504
15618 + 1504
15682 + 1504
15682 + 1504
15746 + 1504
15746 + 1504
15807 + 1504
15807 + 1504
15871 + 1504
15871 + 1504
15935 + 1504
15935 + 1504
15995 + 1504
16028 + 1504
16028 + 1504
16090 + 1504
16091 + 1504
16154 + 1504
16154 + 1504
16216 + 1504
16216 + 1504
16279 + 1504
16279 + 1504
16543 # 1504
16543 - 1504 1499
16543 # 1504
16543 - 1504 1499
16543 # 1504
16543 - 1504 1430
16543 # 1504
16543 - 1504 1360
16543 # 1504
16543 - 1504 1360
16543 # 1504
16543 - 1504 1238
16543 # 1504
16543 - 1504 1238
16543 # 1504
16543 - 1504 1115
16543 # 1504
16543 - 1504 1115
16543 # 1504
16543 - 1504 1052
16543 # 1504
16543 - 1504 1052
16543 # 1504
16543 - 1504 986
16543 # 1504
16543 - 1504 985
16543 # 1504
16543 - 1504 925
16543 # 1504
16543 - 1504 925
16543 # 1504
16543 - 1504 861
16543 # 1504
16543 - 1504 861
16543 # 1504
16543 - 1504 797
16543 # 1504
16543 - 1504 797
16543 # 1504
16543 - 1504 736
16543 # 1504
16543 - 1504 736
16543 # 1504
16543 - 1504 672
16543 # 1504
16543 - 1504 672
16543 # 1504
16543 - 1504 608
16543 # 1504
16543 - 1504 608
16543 # 1504
16543 - 1504 548
16543 # 1504
16543 - 1504 515
16543 # 1504
16543 - 1504 515
16543 # 1504
16543 - 1504 453
16543 # 1504
16543 - 1504 452
16543 # 1504
16543 - 1504 389
16543 # 1504
16543 - 1504 389
16543 # 1504
16543 - 1504 327
16543 # 1504
16543 - 1504 327
16543 # 1504
16543 - 1504 264
16543 # 1504
16543 - 1504 264
16543 # 1504
16543 # 1504
16543 # 1504
16543 # 1504
16543 # 1504
16543 # 1504
16543 # 1504
16543 # 1504
16543 # 1504
16543 # 1504
16543 # 1504
16543 # 1504
16543 # 1504
16543 # 1504
16543 # 1504
16543 # 1504
16543 # 1504
16543 # 1504
16543 # 1504
16543 # 1504
16543 # 1504
16543 # 1504
16543 # 1504
16543 # 1504
16543 # 1504
16543 # 1504
16543 # 1504
16543 # 1504
16543 # 1504
16543 # 1504
16543 # 1504
16543 # 1504
16543 # 1504
16543 # 1504
16543 # 1504
16543 # 1504
16543 # 1504
16543 # 1504
16543 # 1504
16543 # 1504
16543 # 1504
16543 # 1504
16543 # 1504
16543 # 1504
16543 # 1504
16543 # 1504
16543 # 1504
16547 + 1504
16547 + 1504
16578 + 1504
16578 + 1504
18043 # 1504
18043 - 1504 1496
18043 # 1504
18043 - 1504 1496
18043 # 1504
18043 - 1504 1465
18043 # 1504
18043 - 1504 1465
18043 # 1504
18043 # 1504
18043 # 1504
18043 # 1504
18043 # 1504
18043 # 1504
18043 # 1504
18043 # 1504
18043 # 1504
18043 # 1504
18043 # 1504
18043 # 1504
18043 # 1504
18043 # 1504
18043 # 1504
18043 # 1504
18043 # 1504
18043 # 1504
18043 # 1504
18043 # 1504
18043 # 1504
18043 # 1504
18043 # 1504
18043 # 1504
18043 # 1504
18043 # 1504
18043 # 1504
18043 # 1504
18043 # 1504
18043 # 1504
18043 # 1504
18043 # 1504
18043 # 1504
18043 # 1504
18043 # 1504
18043 # 1504
18043 # 1504
18043 # 1504
18043 # 1504
18043 # 1504
18043 # 1504
18043 # 1504
18043 # 1504
18043 # 1504
18043 # 1504
18043 # 1504
18043 # 1504
18043 # 1504
18043 # 1504
18043 # 1504
18043 # 1504
18043 # 1504
18043 # 1504
18043 # 1504
18043 # 1504
18043 # 1504
18043 # 1504
18043 # 1504
18043 # 1504
18043 # 1504
18043 # 1504
18043 # 1504
18043 # 1504
18043 # 1504
18043 # 1504
18043 # 1504
18043 # 1504
18043 # 1504
18043 # 1504
18043 # 1504
18043 # 1504
18043 # 1504
18043 # 1504
18043 # 1504
18043 # 1504
18043 # 1504
18043 # 1504
18043 # 1504
18043 # 1504
18047 + 1504
18048 + 1504
18078 + 1504
18078 + 1504
18139 + 1504
18139 + 1504
18200 + 1504
18200 + 1504
18226 + 1504
18226 + 1504
18255 + 1504
18255 + 1504
18281 + 1504
18281 + 1504
18310 + 1504
18310 + 1504
18337 + 1504
18337 + 1504
18363 + 1504
18363 + 1504
18390 + 1504
18390 + 1504
18418 + 1504
18418 + 1504
18446 + 1504
18446 + 1504
18474 + 1504
18474 + 1504
18502 + 1504
18502 + 1504
18528 + 1504
18528 + 1504
18558 + 1504
18558 + 1504
18584 + 1504
18584 + 1504
18613 + 1504
18613 + 1504
18639 + 1504
18639 + 1504
18667 + 1504
18667 + 1504
18694 + 1504
18694 + 1504
18724 + 1504
18724 + 1504
18749 + 1504
18749 + 1504
18779 + 1504
18779 + 1504
18803 + 1504
18804 + 1504
18832 + 1504
18832 + 1504
18859 + 1504
18859 + 1504
18890 + 1504
18890 + 1504
18917 + 1504
18917 + 1504
18945 + 1504
18945 + 1504
18968 + 1504
18968 + 1504
18998 + 1504
19011 + 1504
19011 + 1504
19036 + 1504
19036 + 1504
19066 + 1504
19066 + 1504
19543 # 1504
19543 - 1504 1496
19543 # 1504
19543 - 1504 1495
19543 # 1504
19543 - 1504 1465
19543 # 1504
19543 - 1504 1465
19543 # 1504
19543 - 1504 1404
19543 # 1504
19543 - 1504 1404
19543 # 1504
19543 - 1504 1343
19543 # 1504
19543 - 1504 1343
19543 # 1504
19543 - 1504 1317
19543 # 1504
19543 - 1504 1317
19543 # 1504
19543 - 1504 1288
19543 # 1504
19543 - 1504 1288
19543 # 1504
19543 - 1504 1262
19543 # 1504
19543 - 1504 1262
19543 # 1504
19543 - 1504 1233
19543 # 1504
19543 - 1504 1233
19543 # 1504
19543 - 1504 1206
19543 # 1504
19543 - 1504 1206
19543 # 1504
19543 - 1504 1180
19543 # 1504
19543 - 1504 1180
19543 # 1504
19543 - 1504 1153
19543 # 1504
19543 - 1504 1153
19543 # 1504
19543 - 1504 1125
19543 # 1504
19543 - 1504 1125
19543 # 1504
19543 - 1504 1097
19543 # 1504
19543 - 1504 1097
19543 # 1504
19543 - 1504 1069
19543 # 1504
19543 - 1504 1069
19543 # 1504
19543 - 1504 1041
19543 # 1504
19543 - 1504 1041
19543 # 1504
19543 - 1504 1015
19543 # 1504
19543 - 1504 1015
19543 # 1504
19543 - 1504 985
19543 # 1504
19543 - 1504 985
19543 # 1504
19543 - 1504 959
19543 # 1504
19543 - 1504 959
19543 # 1504
19543 - 1504 930
19543 # 1504
19543 - 1504 930
19543 # 1504
19543 - 1504 904
19543 # 1504
19543 - 1504 904
19543 # 1504
19543 - 1504 876
19543 # 1504
19543 - 1504 876
19543 # 1504
19543 - 1504 849
19543 # 1504
19543 - 1504 849
19543 # 1504
19543 - 1504 819
19543 # 1504
19543 - 1504 819
19543 # 1504
19543 - 1504 794
19543 # 1504
19543 - 1504 794
19543 # 1504
19543 - 1504 764
19543 # 1504
19543 - 1504 764
19543 # 1504
19543 - 1504 740
19543 # 1504
19543 - 1504 739
19543 # 1504
19543 - 1504 711
19543 # 1504
19543 - 1504 711
19543 # 1504
19543 - 1504 684
19543 # 1504
19543 - 1504 684
19543 # 1504
19543 - 1504 653
19543 # 1504
19543 - 1504 653
19543 # 1504
19543 - 1504 626
19543 # 1504
19543 - 1504 626
19543 # 1504
19543 - 1504 598
19543 # 1504
19543 - 1504 598
19543 # 1504
19543 - 1504 575
19543 # 1504
19543 - 1504 575
19543 # 1504
19543 - 1504 545
19543 # 1504
19543 - 1504 532
19543 # 1504
19543 - 1504 532
19543 # 1504
19543 - 1504 507
19543 # 1504
19543 - 1504 507
19543 # 1504
19543 - 1504 477
19543 # 1504
19543 - 1504 477
19543 # 1504
19543 # 1504
19543 # 1504
19543 # 1504
19543 # 1504
19543 # 1504
19543 # 1504
19543 # 1504
19543 # 1504
19543 # 1504
19543 # 1504
19543 # 1504
19548 + 1504
19548 + 1504
19563 + 1504
19563 + 1504
19594 + 1504
19594 + 1504
19623 + 1504
19623 + 1504
21043 # 1504
21043 - 1504 1495
21043 # 1504
21043 - 1504 1495
21043 # 1504
21043 - 1504 1480
21043 # 1504
21043 - 1504 1480
21043 # 1504
21043 - 1504 1449
21043 # 1504
21043 - 1504 1449
21043 # 1504
21043 - 1504 1420
21043 # 1504
21043 - 1504 1420
21043 # 1504
21043 # 1504
21043 # 1504
21043 # 1504
21043 # 1504
21043 # 1504
21043 # 1504
21043 # 1504
21043 # 1504
21043 # 1504
21043 # 1504
21043 # 1504
21043 # 1504
21043 # 1504
21043 # 1504
21043 # 1504
21043 # 1504
21043 # 1504
21043 # 1504
21043 # 1504
21043 # 1504
21043 # 1504
21043 # 1504
21043 # 1504
21043 # 1504
21043 # 1504
21043 # 1504
21043 # 1504
21043 # 1504
21043 # 1504
21043 # 1504
21043 # 1504
21043 # 1504
21043 # 1504
21043 # 1504
21043 # 1504
21043 # 1504
21043 # 1504
21043 # 1504
21043 # 1504
21043 # 1504
21043 # 1504
21043 # 1504
21043 # 1504
21043 # 1504
21043 # 1504
21043 # 1504
21043 # 1504
21043 # 1504
21043 # 1504
21043 # 1504
21043 # 1504
21043 # 1504
21043 # 1504
21043 # 1504
21043 # 1504
21043 # 1504
21043 # 1504
21043 # 1504
21043 # 1504
21043 # 1504
21043 # 1504
21043 # 1504
21043 # 1504
21043 # 1504
21043 # 1504
21043 # 1504
21043 # 1504
21043 # 1504
21043 # 1504
21043 # 1504
21043 # 1504
21043 # 1504
21043 # 1504
21043 # 1504
21049 + 1504
21064 + 1504
21064 + 1504
21127 + 1504
21127 + 1504
21187 + 1504
21187 + 1504
21234 + 1504
21234 + 1504
21281 + 1504
21281 + 1504
21328 + 1504
21328 + 1504
21377 + 1504
21377 + 1504
21422 + 1504
21422 + 1504
21471 + 1504
21471 + 1504
21518 + 1504
21518 + 1504
21566 + 1504
21566 + 1504
21612 + 1504
21612 + 1504
21658 + 1504
21658 + 1504
21706 + 1504
21706 + 1504
21755 + 1504
21755 + 1504
21799 + 1504
21799 + 1504
21846 + 1504
21846 + 1504
21895 + 1504
21895 + 1504
21940 + 1504
21940 + 1504
21989 + 1504
22014 + 1504
22014 + 1504
22058 + 1504
22058 + 1504
22107 + 1504
22107 + 1504
22152 + 1504
22152 + 1504
22199 + 1504
22200 + 1504
22247 + 1504
22247 + 1504
22292 + 1504
22292 + 1504
22342 + 1504
22342 + 1504
22387 + 1504
22387 + 1504
22435 + 1504
22435 + 1504
22481 + 1504
22481 + 1504
22528 + 1504
22528 + 1504
22543 # 1504
22543 - 1504 1494
22543 # 1504
22543 - 1504 1479
22543 # 1504
22543 - 1504 1479
22543 # 1504
22543 - 1504 1416
22543 # 1504
22543 - 1504 1416
22543 # 1504
22543 - 1504 1356
22543 # 1504
22543 - 1504 1356
22543 # 1504
22543 - 1504 1309
22543 # 1504
22543 - 1504 1309
22543 # 1504
22543 - 1504 1262
22543 # 1504
22543 - 1504 1262
22543 # 1504
22543 - 1504 1215
22543 # 1504
22543 - 1504 1215
22543 # 1504
22543 - 1504 1166
22543 # 1504
22543 - 1504 1166
22543 # 1504
22543 - 1504 1121
22543 # 1504
22543 - 1504 1121
22543 # 1504
22543 - 1504 1072
22543 # 1504
22543 - 1504 1072
22543 # 1504
22543 - 1504 1025
22543 # 1504
22543 - 1504 1025
22543 # 1504
22543 - 1504 977
22543 # 1504
22543 - 1504 977
22543 # 1504
22543 - 1504 931
22543 # 1504
22543 - 1504 931
22543 # 1504
22543 - 1504 885
22543 # 1504
22543 - 1504 885
22543 # 1504
22543 - 1504 837
22543 # 1504
22543 - 1504 837
22543 # 1504
22543 - 1504 788
22543 # 1504
22543 - 1504 788
22543 # 1504
22543 - 1504 744
22543 # 1504
22543 - 1504 744
22543 # 1504
22543 - 1504 697
22543 # 1504
22543 - 1504 697
22543 # 1504
22543 - 1504 648
22543 # 1504
22543 - 1504 648
22543 # 1504
22543 - 1504 603
22543 # 1504
22543 - 1504 603
22543 # 1504
22543 - 1504 554
22543 # 1504
22543 - 1504 529
22543 # 1504
22543 - 1504 529
22543 # 1504
22543 - 1504 485
22543 # 1504
22543 - 1504 485
22543 # 1504
22543 - 1504 436
22543 # 1504
22543 - 1504 436
22543 # 1504
22543 - 1504 391
22543 # 1504
22543 - 1504 391
22543 # 1504
22543 - 1504 344
22543 # 1504
22543 - 1504 343
22543 # 1504
22543 - 1504 296
22543 # 1504
22543 - 1504 296
22543 # 1504
22543 - 1504 251
22543 # 1504
22543 - 1504 251
22543 # 1504
22543 - 1504 201
22543 # 1504
22543 - 1504 201
22543 # 1504
22543 - 1504 156
22543 # 1504
22543 - 1504 156
22543 # 1504
22543 - 1504 108
22543 # 1504
22543 - 1504 108
22543 # 1504
22543 - 1504 62
22543 # 1504
22543 - 1504 62
22543 # 1504
22543 - 1504 15
22543 # 1504
22543 - 1504 15
22543 # 1504
22543 # 1504
22543 # 1504
22543 # 1504
22543 # 1504
22543 # 1504
22543 # 1504
22543 # 1504
22543 # 1504
22543 # 1504
22543 # 1504
22543 # 1504
22543 # 1504
22543 # 1504
22543 # 1504
22543 # 1504
22543 # 1504
22543 # 1504
22543 # 1504
22578 + 1504
22578 + 1504
22623 + 1504
22623 + 1504
22672 + 1504
22672 + 1504
22726 + 1504
22750 + 1504
22750 + 1504
22800 + 1504
22800 + 1504
24043 # 1504
24043 - 1504 1465
24043 # 1504
24043 - 1504 1465
24043 # 1504
24043 - 1504 1420
24043 # 1504
24043 - 1504 1420
24043 # 1504
24043 - 1504 1371
24043 # 1504
24043 - 1504 1371
24043 # 1504
24043 - 1504 1317
24043 # 1504
24043 - 1504 1293
24043 # 1504
24043 - 1504 1293
24043 # 1504
24043 - 1504 1243
24043 # 1504
24043 - 1504 1243
24043 # 1504
24043 # 1504
24043 # 1504
24043 # 1504
24043 # 1504
24043 # 1504
24043 # 1504
24043 # 1504
24043 # 1504
24043 # 1504
24043 # 1504
24043 # 1504
24043 # 1504
24043 # 1504
24043 # 1504
24043 # 1504
24043 # 1504
24043 # 1504
24043 # 1504
24043 # 1504
24043 # 1504
24043 # 1504
24043 # 1504
24043 # 1504
24043 # 1504
24043 # 1504
24043 # 1504
24043 # 1504
24043 # 1504
24043 # 1504
24043 # 1504
24043 # 1504
24043 # 1504
24043 # 1504
24043 # 1504
24043 # 1504
24043 # 1504
24043 # 1504
24043 # 1504
24043 # 1504
24043 # 1504
24043 # 1504
24043 # 1504
24043 # 1504
24043 # 1504
24043 # 1504
24043 # 1504
24043 # 1504
24043 # 1504
24043 # 1504
24043 # 1504
24043 # 1504
24043 # 1504
24043 # 1504
24043 # 1504
24043 # 1504
24043 # 1504
24043 # 1504
24043 # 1504
24043 # 1504
24043 # 1504
24043 # 1504
24043 # 1504
24043 # 1504
24043 # 1504
24043 # 1504
24043 # 1504
24043 # 1504
24043 # 1504
24043 # 1504
24043 # 1504
24043 # 1504
24048 + 1504
24048 + 1504
24077 + 1504
24077 + 1504
24131 + 1504
24131 + 1504
24188 + 1504
24188 + 1504
24224 + 1504
24224 + 1504
24264 + 1504
24264 + 1504
24302 + 1504
24302 + 1504
24339 + 1504
24339 + 1504
24377 + 1504
24377 + 1504
24415 + 1504
24415 + 1504
24452 + 1504
24452 + 1504
24487 + 1504
24487 + 1504
24527 + 1504
24527 + 1504
24566 + 1504
24585 + 1504
24585 + 1504
24622 + 1504
24622 + 1504
24658 + 1504
24658 + 1504
24697 + 1504
24697 + 1504
24735 + 1504
24735 + 1504
24770 + 1504
24770 + 1504
24809 + 1504
24809 + 1504
24845 + 1504
24845 + 1504
24883 + 1504
24883 + 1504
24922 + 1504
24922 + 1504
24961 + 1504
24961 + 1504
24997 + 1504
24997 + 1504
25034 + 1504
25034 + 1504
25072 + 1504
25072 + 1504
25112 + 1504
25112 + 1504
25147 + 1504
25147 + 1504
25185 + 1504
25185 + 1504
25223 + 1504
25223 + 1504
25543 # 1504
25543 - 1504 1495
25543 # 1504
25543 - 1504 1495
25543 # 1504
25543 - 1504 1466
25543 # 1504
25543 - 1504 1466
25543 # 1504
25543 - 1504 1412
25543 # 1504
25543 - 1504 1412
25543 # 1504
25543 - 1504 1355
25543 # 1504
25543 - 1504 1355
25543 # 1504
25543 - 1504 1319
25543 # 1504
25543 - 1504 1319
25543 # 1504
25543 - 1504 1279
25543 # 1504
25543 - 1504 1279
25543 # 1504
25543 - 1504 1241
25543 # 1504
25543 - 1504 1241
25543 # 1504
25543 - 1504 1204
25543 # 1504
25543 - 1504 1204
25543 # 1504
25543 - 1504 1166
25543 # 1504
25543 - 1504 1166
25543 # 1504
25543 - 1504 1128
25543 # 1504
25543 - 1504 1128
25543 # 1504
25543 - 1504 1091
25543 # 1504
25543 - 1504 1091
25543 # 1504
25543 - 1504 1056
25543 # 1504
25543 - 1504 1056
25543 # 1504
25543 - 1504 1016
25543 # 1504
25543 - 1504 1016
25543 # 1504
25543 - 1504 977
25543 # 1504
25543 - 1504 958
25543 # 1504
25543 - 1504 958
25543 # 1504
25543 - 1504 921
25543 # 1504
25543 - 1504 921
25543 # 1504
25543 - 1504 885
25543 # 1504
25543 - 1504 885
25543 # 1504
25543 - 1504 846
25543 # 1504
25543 - 1504 846
25543 # 1504
25543 - 1504 808
25543 # 1504
25543 - 1504 808
25543 # 1504
25543 - 1504 773
25543 # 1504
25543 - 1504 773
25543 # 1504
25543 - 1504 734
25543 # 1504
25543 - 1504 734
25543 # 1504
25543 - 1504 698
25543 # 1504
25543 - 1504 698
25543 # 1504
25543 - 1504 660
25543 # 1504
25543 - 1504 660
25543 # 1504
25543 - 1504 621
25543 # 1504
25543 - 1504 621
25543 # 1504
25543 - 1504 582
25543 # 1504
25543 - 1504 582
25543 # 1504
25543 - 1504 546
25543 # 1504
25543 - 1504 546
25543 # 1504
25543 - 1504 509
25543 # 1504
25543 - 1504 509
25543 # 1504
25543 - 1504 471
25543 # 1504
25543 - 1504 471
25543 # 1504
25543 - 1504 431
25543 # 1504
25543 - 1504 431
25543 # 1504
25543 - 1504 396
25543 # 1504
25543 - 1504 396
25543 # 1504
25543 - 1504 358
25543 # 1504
25543 - 1504 358
25543 # 1504
25543 - 1504 320
25543 # 1504
25543 - 1504 320
25543 # 1504
25543 # 1504
25543 # 1504
25543 # 1504
25543 # 1504
25543 # 1504
25543 # 1504
25543 # 1504
25543 # 1504
25543 # 1504
25543 # 1504
25543 # 1504
25543 # 1504
25543 # 1504
25543 # 1504
25543 # 1504
25543 # 1504
25543 # 1504
25543 # 1504
25543 # 1504
25546 + 1504
25556 + 1504
25556 + 1504
25605 + 1504
25605 + 1504
25655 + 1504
25655 + 1504
25713 + 1504
25713 + 1504
25771 + 1504
27043 # 1504
27043 - 1504 1497
27043 # 1504
27043 - 1504 1487
27043 # 1504
27043 - 1504 1487
27043 # 1504
27043 - 1504 1438
27043 # 1504
27043 - 1504 1438
27043 # 1504
27043 - 1504 1388
27043 # 1504
27043 - 1504 1388
27043 # 1504
27043 - 1504 1330
27043 # 1504
27043 - 1504 1330
27043 # 1504
27043 - 1504 1272
27043 # 1504
27043 # 1504
27043 # 1504
27043 # 1504
27043 # 1504
27043 # 1504
27043 # 1504
27043 # 1504
27043 # 1504
27043 # 1504
27043 # 1504
27043 # 1504
27043 # 1504
27043 # 1504
27043 # 1504
27043 # 1504
27043 # 1504
27043 # 1504
27043 # 1504
27043 # 1504
27043 # 1504
27043 # 1504
27043 # 1504
27043 # 1504
27043 # 1504
27043 # 1504
27043 # 1504
27043 # 1504
27043 # 1504
27043 # 1504
27043 # 1504
27043 # 1504
27043 # 1504
27043 # 1504
27043 # 1504
27043 # 1504
27043 # 1504
27043 # 1504
27043 # 1504
27043 # 1504
27043 # 1504
27043 # 1504
27043 # 1504
27043 # 1504
27043 # 1504
27043 # 1504
27043 # 1504
27043 # 1504
27043 # 1504
27043 # 1504
27043 # 1504
27043 # 1504
27043 # 1504
27043 # 1504
27043 # 1504
27043 # 1504
27043 # 1504
27043 # 1504
27043 # 1504
27043 # 1504
27043 # 1504
27043 # 1504
27043 # 1504
27043 # 1504
27043 # 1504
27043 # 1504
27043 # 1504
27043 # 1504
27043 # 1504
27043 # 1504
27043 # 1504
27043 # 1504
27043 # 1504
27048 + 1504
27048 + 1504
27080 + 1504
27080 + 1504
27140 + 1504
27140 + 1504
27197 + 1504
27197 + 1504
27245 + 1504
27245 + 1504
27287 + 1504
27287 + 1504
27330 + 1504
27330 + 1504
27371 + 1504
27371 + 1504
27416 + 1504
27416 + 1504
27461 + 1504
27461 + 1504
27502 + 1504
27502 + 1504
27547 + 1504
27547 + 1504
27590 + 1504
27590 + 1504
27632 + 1504
27632 + 1504
27677 + 1504
27677 + 1504
27718 + 1504
27718 + 1504
27762 + 1504
27762 + 1504
27781 + 52
27807 + 1504
27807 + 1504
27848 + 1504
27848 + 1504
27893 + 1504
27893 + 1504
27938 + 1504
27938 + 1504
27978 + 1504
27978 + 1504
28022 + 1504
28022 + 1504
28067 + 1504
28067 + 1504
28109 + 1504
28109 + 1504
28152 + 1504
28152 + 1504
28196 + 1504
28196 + 1504
28241 + 1504
28241 + 1504
28281 + 1504
28281 + 1504
28326 + 1504
28326 + 1504
28368 + 1504
28368 + 1504
28411 + 1504
28411 + 1504
28543 # 1504
28543 - 1504 1495
28543 # 1504
28543 - 1504 1495
28543 # 1504
28543 - 1504 1463
28543 # 1504
28543 - 1504 1463
28543 # 1504
28543 - 1504 1403
28543 # 1504
28543 - 1504 1403
28543 # 1504
28543 - 1504 1346
28543 # 1504
28543 - 1504 1346
28543 # 1504
28543 - 1504 1298
28543 # 1504
28543 - 1504 1298
28543 # 1504
28543 - 1504 1256
28543 # 1504
28543 - 1504 1256
28543 # 1504
28543 - 1504 1213
28543 # 1504
28543 - 1504 1213
28543 # 1504
28543 - 1504 1172
28543 # 1504
28543 - 1504 1172
28543 # 1504
28543 - 1504 1127
28543 # 1504
28543 - 1504 1127
28543 # 1504
28543 - 1504 1082
28543 # 1504
28543 - 1504 1082
28543 # 1504
28543 - 1504 1041
28543 # 1504
28543 - 1504 1041
28543 # 1504
28543 - 1504 996
28543 # 1504
28543 - 1504 996
28543 # 1504
28543 - 1504 953
28543 # 1504
28543 - 1504 953
28543 # 1504
28543 - 1504 911
28543 # 1504
28543 - 1504 911
28543 # 1504
28543 - 1504 866
28543 # 1504
28543 - 1504 866
28543 # 1504
28543 - 1504 825
28543 # 1504
28543 - 1504 825
28543 # 1504
28543 - 1504 781
28543 # 1504
28543 - 1504 781
28543 # 1504
28543 - 52 762
28543 # 1504
28543 - 1504 736
28543 # 1504
28543 - 1504 736
28543 # 1504
28543 - 1504 695
28543 # 1504
28543 - 1504 695
28543 # 1504
28543 - 1504 650
28543 # 1504
28543 - 1504 650
28543 # 1504
28543 - 1504 605
28543 # 1504
28543 - 1504 605
28543 # 1504
28543 - 1504 565
28543 # 1504
28543 - 1504 565
28543 # 1504
28543 - 1504 521
28543 # 1504
28543 - 1504 521
28543 # 1504
28543 - 1504 476
28543 # 1504
28543 - 1504 476
28543 # 1504
28543 - 1504 434
28543 # 1504
28543 - 1504 434
28543 # 1504
28543 - 1504 391
28543 # 1504
28543 - 1504 391
28543 # 1504
28543 - 1504 347
28543 # 1504
28543 - 1504 347
28543 # 1504
28543 - 1504 302
28543 # 1504
28543 - 1504 302
28543 # 1504
28543 - 1504 262
28543 # 1504
28543 - 1504 262
28543 # 1504
28543 - 1504 217
28543 # 1504
28543 - 1504 217
28543 # 1504
28543 - 1504 175
28543 # 1504
28543 - 1504 175
28543 # 1504
28543 - 1504 132
28543 # 1504
28543 - 1504 132
28543 # 1504
28543 # 1504
28543 # 1504
28543 # 1504
28543 # 1504
28543 # 1504
28543 # 1504
28543 # 1504
28543 # 1504
28543 # 1504
28543 # 1504
28543 # 1504
28543 # 1504
28543 # 1504
28543 # 1504
28543 # 1504
28543 # 1504
28543 # 1504
28546 + 1504
28546 + 1504
28570 + 1504
28570 + 1504
28622 + 1504
28622 + 1504
28676 + 1504
28676 + 1504
28735 + 1504
28735 + 1504
30043 # 1504
30043 - 1504 1497
30043 # 1504
30043 - 1504 1497
30043 # 1504
30043 - 1504 1473
30043 # 1504
30043 - 1504 1473
30043 # 1504
30043 - 1504 1421
30043 # 1504
30043 - 1504 1421
30043 # 1504
30043 - 1504 1367
30043 # 1504
30043 - 1504 1367
30043 # 1504
30043 - 1504 1308
30043 # 1504
30043 - 1504 1308
30043 # 1504
30043 # 1504
30043 # 1504
30043 # 1504
30043 # 1504
30043 # 1504
30043 # 1504
30043 # 1504
30043 # 1504
30043 # 1504
30043 # 1504
30043 # 1504
30043 # 1504
30043 # 1504
30043 # 1504
30043 # 1504
30043 # 1504
30043 # 1504
30043 # 1504
30043 # 1504
30043 # 1504
30043 # 1504
30043 # 1504
30043 # 1504
30043 # 1504
30043 # 1504
30043 # 1504
30043 # 1504
30043 # 1504
30043 # 1504
30043 # 1504
30043 # 1504
30043 # 1504
30043 # 1504
30043 # 1504
30043 # 1504
30043 # 1504
30043 # 1504
30043 # 1504
30043 # 1504
30043 # 1504
30043 # 1504
30043 # 1504
30043 # 1504
30043 # 1504
30043 # 1504
30043 # 1504
30043 # 1504
30043 # 1504
30043 # 1504
30043 # 1504
30043 # 1504
30043 # 1504
30043 # 1504
30043 # 1504
30043 # 1504
30043 # 1504
30043 # 1504
30043 # 1504
30043 # 1504
30043 # 1504
30043 # 1504
30043 # 1504
30043 # 1504
30043 # 1504
30043 # 1504
30043 # 1504
30043 # 1504
30043 # 1504
30043 # 1504
30043 # 1504
30043 # 1504
30043 # 1504
30046 + 1504
30061 + 1504
30061 + 1504
30124 + 1504
30124 + 1504
30187 + 1504
30187 + 1504
30230 + 1504
30230 + 1504
30272 + 1504
30272 + 1504
30312 + 1504
30312 + 1504
30354 + 1504
30354 + 1504
30394 + 1504
30394 + 1504
30436 + 1504
30457 + 1504
30458 + 1504
30498 + 1504
30498 + 1504
30541 + 1504
30541 + 1504
30581 + 1504
30581 + 1504
30624 + 1504
30624 + 1504
30667 + 1504
30667 + 1504
30707 + 1504
30707 + 1504
30748 + 1504
30748 + 1504
30791 + 1504
30791 + 1504
30834 + 1504
30834 + 1504
30873 + 1504
30873 + 1504
30913 + 1504
30913 + 1504
30956 + 1504
30956 + 1504
30998 + 1504
30999 + 1504
31040 + 1504
31040 + 1504
31079 + 1504
31079 + 1504
31122 + 1504
31122 + 1504
31164 + 1504
31164 + 1504
31207 + 1504
31207 + 1504
31249 + 1504
31249 + 1504
31289 + 1504
31289 + 1504
31329 + 1504
31329 + 1504
31371 + 1504
31371 + 1504
31543 # 1504
31543 - 1504 1497
31543 # 1504
31543 - 1504 1482
31543 # 1504
31543 - 1504 1482
31543 # 1504
31543 - 1504 1419
31543 # 1504
31543 - 1504 1419
31543 # 1504
31543 - 1504 1356
31543 # 1504
31543 - 1504 1356
31543 # 1504
31543 - 1504 1313
31543 # 1504
31543 - 1504 1313
31543 # 1504
31543 - 1504 1271
31543 # 1504
31543 - 1504 1271
31543 # 1504
31543 - 1504 1231
31543 # 1504
31543 - 1504 1231
31543 # 1504
31543 - 1504 1189
31543 # 1504
31543 - 1504 1189
31543 # 1504
31543 - 1504 1149
31543 # 1504
31543 - 1504 1149
31543 # 1504
31543 - 1504 1107
31543 # 1504
31543 - 1504 1086
31543 # 1504
31543 - 1504 1085
31543 # 1504
31543 - 1504 1045
31543 # 1504
31543 - 1504 1045
31543 # 1504
31543 - 1504 1002
31543 # 1504
31543 - 1504 1002
31543 # 1504
31543 - 1504 962
31543 # 1504
31543 - 1504 962
31543 # 1504
31543 - 1504 919
31543 # 1504
31543 - 1504 919
31543 # 1504
31543 - 1504 876
31543 # 1504
31543 - 1504 876
31543 # 1504
31543 - 1504 836
31543 # 1504
31543 - 1504 836
31543 # 1504
31543 - 1504 795
31543 # 1504
31543 - 1504 795
31543 # 1504
31543 - 1504 752
31543 # 1504
31543 - 1504 752
31543 # 1504
31543 - 1504 709
31543 # 1504
31543 - 1504 709
31543 # 1504
31543 - 1504 670
31543 # 1504
31543 - 1504 670
31543 # 1504
31543 - 1504 630
31543 # 1504
31543 - 1504 630
31543 # 1504
31543 - 1504 587
31543 # 1504
31543 - 1504 587
31543 # 1504
31543 - 1504 545
31543 # 1504
31543 - 1504 544
31543 # 1504
31543 - 1504 503
31543 # 1504
31543 - 1504 503
31543 # 1504
31543 - 1504 464
31543 # 1504
31543 - 1504 464
31543 # 1504
31543 - 1504 421
31543 # 1504
31543 - 1504 421
31543 # 1504
31543 - 1504 379
31543 # 1504
31543 - 1504 379
31543 # 1504
31543 - 1504 336
31543 # 1504
31543 - 1504 336
31543 # 1504
31543 - 1504 294
31543 # 1504
31543 - 1504 294
31543 # 1504
31543 - 1504 254
31543 # 1504
31543 - 1504 254
31543 # 1504
31543 - 1504 214
31543 # 1504
31543 - 1504 214
31543 # 1504
31543 - 1504 172
31543 # 1504
31543 - 1504 172
31543 # 1504
31543 # 1504
31543 # 1504
31543 # 1504
31543 # 1504
31543 # 1504
31543 # 1504
31543 # 1504
31543 # 1504
31543 # 1504
31543 # 1504
31543 # 1504
31543 # 1504
31543 # 1504
31543 # 1504
31543 # 1504
31543 # 1504
31543 # 1504
31543 # 1504
31548 + 1504
31559 + 1504
31559 + 1504
31609 + 1504
31609 + 1504
31665 + 1504
31665 + 1504
31725 + 1504
31725 + 1504
33043 # 1504
33043 - 1504 1495
33043 # 1504
33043 - 1504 1484
33043 # 1504
33043 - 1504 1484
33043 # 1504
33043 - 1504 1434
33043 # 1504
33043 - 1504 1434
33043 # 1504
33043 - 1504 1378
33043 # 1504
33043 - 1504 1378
33043 # 1504
33043 - 1504 1318
33043 # 1504
33043 - 1504 1318
33043 # 1504
33043 # 1504
33043 # 1504
33043 # 1504
33043 # 1504
33043 # 1504
33043 # 1504
33043 # 1504
33043 # 1504
33043 # 1504
33043 # 1504
33043 # 1504
33043 # 1504
33043 # 1504
33043 # 1504
33043 # 1504
33043 # 1504
33043 # 1504
33043 # 1504
33043 # 1504
33043 # 1504
33043 # 1504
33043 # 1504
33043 # 1504
33043 # 1504
33043 # 1504
33043 # 1504
33043 # 1504
33043 # 1504
33043 # 1504
33043 # 1504
33043 # 1504
33043 # 1504
33043 # 1504
33043 # 1504
33043 # 1504
33043 # 1504
33043 # 1504
33043 # 1504
33043 # 1504
33043 # 1504
33043 # 1504
33043 # 1504
33043 # 1504
33043 # 1504
33043 # 1504
33043 # 1504
33043 # 1504
33043 # 1504
33043 # 1504
33043 # 1504
33043 # 1504
33043 # 1504
33043 # 1504
33043 # 1504
33043 # 1504
33043 # 1504
33043 # 1504
33043 # 1504
33043 # 1504
33043 # 1504
33043 # 1504
33043 # 1504
33043 # 1504
33043 # 1504
33043 # 1504
33043 # 1504
33043 # 1504
33043 # 1504
33043 # 1504
33043 # 1504
33043 # 1504
33043 # 1504
33043 # 1504
33048 + 1504
33064 + 1504
33064 + 1504
33127 + 1504
33127 + 1504
33191 + 1504
33191 + 1504
33246 + 1504
33246 + 1504
33299 + 1504
33299 + 1504
33350 + 1504
33350 + 1504
33405 + 1504
33405 + 1504
33457 + 1504
33457 + 1504
33510 + 1504
33510 + 1504
33562 + 1504
33562 + 1504
33616 + 1504
33616 + 1504
33671 + 1504
33671 + 1504
33724 + 1504
33724 + 1504
33775 + 1504
33775 + 1504
33829 + 1504
33829 + 1504
33882 + 1504
33882 + 1504
33937 + 1504
33937 + 1504
33989 + 1504
33989 + 1504
34040 + 1504
34041 + 1504
34094 + 1504
34094 + 1504
34148 + 1504
34148 + 1504
34202 + 1504
34202 + 1504
34255 + 1504
34255 + 1504
34307 + 1504
34307 + 1504
34362 + 1504
34362 + 1504
34414 + 1504
34414 + 1504
34467 + 1504
34467 + 1504
34522 + 1504
34522 + 1504
34543 # 1504
34543 - 1504 1495
34543 # 1504
34543 - 1504 1479
34543 # 1504
34543 - 1504 1479
34543 # 1504
34543 - 1504 1416
34543 # 1504
34543 - 1504 1416
34543 # 1504
34543 - 1504 1352
34543 # 1504
34543 - 1504 1352
34543 # 1504
34543 - 1504 1297
34543 # 1504
34543 - 1504 1297
34543 # 1504
34543 - 1504 1244
34543 # 1504
34543 - 1504 1244
34543 # 1504
34543 - 1504 1193
34543 # 1504
34543 - 1504 1193
34543 # 1504
34543 - 1504 1138
34543 # 1504
34543 - 1504 1138
34543 # 1504
34543 - 1504 1086
34543 # 1504
34543 - 1504 1086
34543 # 1504
34543 - 1504 1033
34543 # 1504
34543 - 1504 1033
34543 # 1504
34543 - 1504 981
34543 # 1504
34543 - 1504 981
34543 # 1504
34543 - 1504 927
34543 # 1504
34543 - 1504 927
34543 # 1504
34543 - 1504 872
34543 # 1504
34543 - 1504 872
34543 # 1504
34543 - 1504 819
34543 # 1504
34543 - 1504 819
34543 # 1504
34543 - 1504 768
34543 # 1504
34543 - 1504 768
34543 # 1504
34543 - 1504 714
34543 # 1504
34543 - 1504 714
34543 # 1504
34543 - 1504 661
34543 # 1504
34543 - 1504 661
34543 # 1504
34543 - 1504 606
34543 # 1504
34543 - 1504 606
34543 # 1504
34543 - 1504 554
34543 # 1504
34543 - 1504 554
34543 # 1504
34543 - 1504 503
34543 # 1504
34543 - 1504 502
34543 # 1504
34543 - 1504 449
34543 # 1504
34543 - 1504 449
34543 # 1504
34543 - 1504 395
34543 # 1504
34543 - 1504 395
34543 # 1504
34543 - 1504 341
34543 # 1504
34543 - 1504 341
34543 # 1504
34543 - 1504 288
34543 # 1504
34543 - 1504 288
34543 # 1504
34543 - 1504 236
34543 # 1504
34543 - 1504 236
34543 # 1504
34543 - 1504 181
34543 # 1504
34543 - 1504 181
34543 # 1504
34543 - 1504 129
34543 # 1504
34543 - 1504 129
34543 # 1504
34543 - 1504 76
34543 # 1504
34543 - 1504 76
34543 # 1504
34543 - 1504 21
34543 # 1504
34543 - 1504 21
34543 # 1504
34543 # 1504
34543 # 1504
34543 # 1504
34543 # 1504
34543 # 1504
34543 # 1504
34543 # 1504
34543 # 1504
34543 # 1504
34543 # 1504
34543 # 1504
34543 # 1504
34543 # 1504
34543 # 1504
34543 # 1504
34543 # 1504
34543 # 1504
34543 # 1504
34543 # 1504
34543 # 1504
34543 # 1504
34543 # 1504
34543 # 1504
34543 # 1504
34543 # 1504
34573 + 1504
34573 + 1504
34627 + 1504
34627 + 1504
34680 + 1504
34680 + 1504
34736 + 1504
34736 + 1504
34794 + 1504
34794 + 1504
34850 + 1504
34850 + 1504
34906 + 1504
34906 + 1504
34963 + 1504
34963 + 1504
36043 # 1504
36043 - 1504 1470
36043 # 1504
36043 - 1504 1470
36043 # 1504
36043 - 1504 1416
36043 # 1504
36043 - 1504 1416
36043 # 1504
36043 - 1504 1363
36043 # 1504
36043 - 1504 1363
36043 # 1504
36043 - 1504 1307
36043 # 1504
36043 - 1504 1307
36043 # 1504
36043 - 1504 1249
36043 # 1504
36043 - 1504 1249
36043 # 1504
36043 - 1504 1193
36043 # 1504
36043 - 1504 1193
36043 # 1504
36043 - 1504 1137
36043 # 1504
36043 - 1504 1137
36043 # 1504
36043 - 1504 1080
36043 # 1504
36043 - 1504 1080
36043 # 1504
36043 # 1504
36043 # 1504
36043 # 1504
36043 # 1504
36043 # 1504
36043 # 1504
36043 # 1504
36043 # 1504
36043 # 1504
36043 # 1504
36043 # 1504
36043 # 1504
36043 # 1504
36043 # 1504
36043 # 1504
36043 # 1504
36043 # 1504
36043 # 1504
36043 # 1504
36043 # 1504
36043 # 1504
36043 # 1504
36043 # 1504
36043 # 1504
36043 # 1504
36043 # 1504
36043 # 1504
36043 # 1504
36043 # 1504
36043 # 1504
36043 # 1504
36043 # 1504
36043 # 1504
36043 # 1504
36043 # 1504
36043 # 1504
36043 # 1504
36043 # 1504
36043 # 1504
36043 # 1504
36043 # 1504
36043 # 1504
36043 # 1504
36043 # 1504
36043 # 1504
36043 # 1504
36043 # 1504
36043 # 1504
36043 # 1504
36043 # 1504
36043 # 1504
36043 # 1504
36043 # 1504
36043 # 1504
36043 # 1504
36043 # 1504
36043 # 1504
36043 # 1504
36043 # 1504
36043 # 1504
36043 # 1504
36043 # 1504
36043 # 1504
36043 # 1504
36043 # 1504
36043 # 1504
36045 + 1504
36045 + 1504
36076 + 1504
36076 + 1504
36135 + 1504
36135 + 1504
36196 + 1504
36196 + 1504
36240 + 1504
36240 + 1504
36287 + 1504
36287 + 1504
36332 + 1504
36332 + 1504
36379 + 1504
36379 + 1504
36424 + 1504
36424 + 1504
36470 + 1504
36470 + 1504
36520 + 1504
36520 + 1504
36563 + 1504
36563 + 1504
36607 + 1504
36607 + 1504
36655 + 1504
36655 + 1504
36699 + 1504
36699 + 1504
36746 + 1504
36746 + 1504
36794 + 1504
36794 + 1504
36838 + 1504
36838 + 1504
36885 + 1504
36885 + 1504
36931 + 1504
36931 + 1504
36975 + 1504
36975 + 1504
37023 + 1504
37023 + 1504
37067 + 1504
37067 + 1504
37113 + 1504
37113 + 1504
37161 + 1504
37161 + 1504
37206 + 1504
37206 + 1504
37253 + 1504
37253 + 1504
37298 + 1504
37298 + 1504
37543 # 1504
37543 - 1504 1498
37543 # 1504
37543 - 1504 1498
37543 # 1504
37543 - 1504 1467
37543 # 1504
37543 - 1504 1467
37543 # 1504
37543 - 1504 1408
37543 # 1504
37543 - 1504 1408
37543 # 1504
37543 - 1504 1347
37543 # 1504
37543 - 1504 1347
37543 # 1504
37543 - 1504 1303
37543 # 1504
37543 - 1504 1303
37543 # 1504
37543 - 1504 1256
37543 # 1504
37543 - 1504 1256
37543 # 1504
37543 - 1504 1211
37543 # 1504
37543 - 1504 1211
37543 # 1504
37543 - 1504 1164
37543 # 1504
37543 - 1504 1164
37543 # 1504
37543 - 1504 1119
37543 # 1504
37543 - 1504 1119
37543 # 1504
37543 - 1504 1073
37543 # 1504
37543 - 1504 1073
37543 # 1504
37543 - 1504 1023
37543 # 1504
37543 - 1504 1023
37543 # 1504
37543 - 1504 980
37543 # 1504
37543 - 1504 980
37543 # 1504
37543 - 1504 936
37543 # 1504
37543 - 1504 936
37543 # 1504
37543 - 1504 888
37543 # 1504
37543 - 1504 888
37543 # 1504
37543 - 1504 844
37543 # 1504
37543 - 1504 844
37543 # 1504
37543 - 1504 797
37543 # 1504
37543 - 1504 797
37543 # 1504
37543 - 1504 749
37543 # 1504
37543 - 1504 749
37543 # 1504
37543 - 1504 705
37543 # 1504
37543 - 1504 705
37543 # 1504
37543 - 1504 658
37543 # 1504
37543 - 1504 658
37543 # 1504
37543 - 1504 612
37543 # 1504
37543 - 1504 612
37543 # 1504
37543 - 1504 568
37543 # 1504
37543 - 1504 568
37543 # 1504
37543 - 1504 520
37543 # 1504
37543 - 1504 520
37543 # 1504
37543 - 1504 476
37543 # 1504
37543 - 1504 476
37543 # 1504
37543 - 1504 430
37543 # 1504
37543 - 1504 430
37543 # 1504
37543 - 1504 382
37543 # 1504
37543 - 1504 382
37543 # 1504
37543 - 1504 337
37543 # 1504
37543 - 1504 337
37543 # 1504
37543 - 1504 290
37543 # 1504
37543 - 1504 290
37543 # 1504
37543 - 1504 245
37543 # 1504
37543 - 1504 245
37543 # 1504
37543 # 1504
37543 # 1504
37543 # 1504
37543 # 1504
37543 # 1504
37543 # 1504
37543 # 1504
37543 # 1504
37543 # 1504
37543 # 1504
37543 # 1504
37543 # 1504
37543 # 1504
37543 # 1504
37543 # 1504
37543 # 1504
37543 # 1504
37543 # 1504
37543 # 1504
37543 # 1504
37543 # 1504
37543 # 1504
37543 # 1504
37543 # 1504
37543 # 1504
37543 # 1504
37548 + 1504
37549 + 1504
37575 + 1504
37575 + 1504
37622 + 1504
37622 + 1504
37673 + 1504
37673 + 1504
37731 + 1504
37731 + 1504
37787 + 1504
37787 + 1504
37842 + 1504
37842 + 1504
37898 + 1504
37898 + 1504
39043 # 1504
39043 - 1504 1495
39043 # 1504
39043 - 1504 1494
39043 # 1504
39043 - 1504 1468
39043 # 1504
39043 - 1504 1468
39043 # 1504
39043 - 1504 1421
39043 # 1504
39043 - 1504 1421
39043 # 1504
39043 - 1504 1370
39043 # 1504
39043 - 1504 1370
39043 # 1504
39043 - 1504 1312
39043 # 1504
39043 - 1504 1312
39043 # 1504
39043 - 1504 1256
39043 # 1504
39043 - 1504 1256
39043 # 1504
39043 - 1504 1201
39043 # 1504
39043 - 1504 1201
39043 # 1504
39043 - 1504 1145
39043 # 1504
39043 - 1504 1145
39043 # 1504
39043 # 1504
39043 # 1504
39043 # 1504
39043 # 1504
39043 # 1504
39043 # 1504
39043 # 1504
39043 # 1504
39043 # 1504
39043 # 1504
39043 # 1504
39043 # 1504
39043 # 1504
39043 # 1504
39043 # 1504
39043 # 1504
39043 # 1504
39043 # 1504
39043 # 1504
39043 # 1504
39043 # 1504
39043 # 1504
39043 # 1504
39043 # 1504
39043 # 1504
39043 # 1504
39043 # 1504
39043 # 1504
39043 # 1504
39043 # 1504
39043 # 1504
39043 # 1504
39043 # 1504
39043 # 1504
39043 # 1504
39043 # 1504
39043 # 1504
39043 # 1504
39043 # 1504
39043 # 1504
39043 # 1504
39043 # 1504
39043 # 1504
39043 # 1504
39043 # 1504
39043 # 1504
39043 # 1504
39043 # 1504
39043 # 1504
39043 # 1504
39043 # 1504
39043 # 1504
39043 # 1504
39043 # 1504
39043 # 1504
39043 # 1504
39043 # 1504
39043 # 1504
39043 # 1504
39043 # 1504
39043 # 1504
39043 # 1504
39043 # 1504
39043 # 1504
39043 # 1504
39043 # 1504
39044 + 1504
39044 + 1504
39074 + 1504
39074 + 1504
39132 + 1504
39132 + 1504
39189 + 1504
39189 + 1504
39239 + 1504
39239 + 1504
39288 + 1504
39288 + 1504
39340 + 1504
39340 + 1504
39389 + 1504
39389 + 1504
39438 + 1504
39438 + 1504
39487 + 1504
39487 + 1504
39535 + 1504
39535 + 1504
39586 + 1504
39586 + 1504
39637 + 1504
39637 + 1504
39686 + 1504
39686 + 1504
39735 + 1504
39735 + 1504
39783 + 1504
39783 + 1504
39836 + 1504
39837 + 1504
39887 + 1504
39887 + 1504
39934 + 1504
39934 + 1504
39982 + 1504
39982 + 1504
40032 + 1504
40032 + 1504
40085 + 1504
40086 + 1504
40131 + 1504
40131 + 1504
40185 + 1504
40185 + 1504
40230 + 1504
40230 + 1504
40281 + 1504
40281 + 1504
40334 + 1504
40334 + 1504
40383 + 1504
40383 + 1504
40543 # 1504
40543 - 1504 1499
40543 # 1504
40543 - 1504 1499
40543 # 1504
40543 - 1504 1469
40543 # 1504
40543 - 1504 1469
40543 # 1504
40543 - 1504 1411
40543 # 1504
40543 - 1504 1411
40543 # 1504
40543 - 1504 1354
40543 # 1504
40543 - 1504 1354
40543 # 1504
40543 - 1504 1304
40543 # 1504
40543 - 1504 1304
40543 # 1504
40543 - 1504 1255
40543 # 1504
40543 - 1504 1255
40543 # 1504
40543 - 1504 1203
40543 # 1504
40543 - 1504 1203
40543 # 1504
40543 - 1504 1154
40543 # 1504
40543 - 1504 1154
40543 # 1504
40543 - 1504 1105
40543 # 1504
40543 - 1504 1105
40543 # 1504
40543 - 1504 1056
40543 # 1504
40543 - 1504 1056
40543 # 1504
40543 - 1504 1008
40543 # 1504
40543 - 1504 1008
40543 # 1504
40543 - 1504 957
40543 # 1504
40543 - 1504 957
40543 # 1504
40543 - 1504 906
40543 # 1504
40543 - 1504 906
40543 # 1504
40543 - 1504 857
40543 # 1504
40543 - 1504 857
40543 # 1504
40543 - 1504 808
40543 # 1504
40543 - 1504 808
40543 # 1504
40543 - 1504 760
40543 # 1504
40543 - 1504 760
40543 # 1504
40543 - 1504 707
40543 # 1504
40543 - 1504 706
40543 # 1504
40543 - 1504 656
40543 # 1504
40543 - 1504 656
40543 # 1504
40543 - 1504 609
40543 # 1504
40543 - 1504 609
40543 # 1504
40543 - 1504 561
40543 # 1504
40543 - 1504 561
40543 # 1504
40543 - 1504 511
40543 # 1504
40543 - 1504 511
40543 # 1504
40543 - 1504 458
40543 # 1504
40543 - 1504 457
40543 # 1504
40543 - 1504 412
40543 # 1504
40543 - 1504 412
40543 # 1504
40543 - 1504 358
40543 # 1504
40543 - 1504 358
40543 # 1504
40543 - 1504 313
40543 # 1504
40543 - 1504 313
40543 # 1504
40543 - 1504 262
40543 # 1504
40543 - 1504 262
40543 # 1504
40543 - 1504 209
40543 # 1504
40543 - 1504 209
40543 # 1504
40543 - 1504 160
40543 # 1504
40543 - 1504 160
40543 # 1504
40543 # 1504
40543 # 1504
40543 # 1504
40543 # 1504
40543 # 1504
40543 # 1504
40543 # 1504
40543 # 1504
40543 # 1504
40543 # 1504
40543 # 1504
40543 # 1504
40543 # 1504
40543 # 1504
40543 # 1504
40543 # 1504
40543 # 1504
40543 # 1504
40543 # 1504
40543 # 1504
40543 # 1504
40543 # 1504
40543 # 1504
40543 # 1504
40543 # 1504
40543 # 1504
40547 + 1504
40547 + 1504
40575 + 1504
40575 + 1504
40626 + 1504
40626 + 1504
40678 + 1504
40678 + 1504
40732 + 1504
40732 + 1504
40787 + 1504
40787 + 1504
40844 + 1504
40844 + 1504
40901 + 1504
40901 + 1504
42043 # 1504
42043 - 1504 1496
42043 # 1504
42043 - 1504 1496
42043 # 1504
42043 - 1504 1468
42043 # 1504
42043 - 1504 1468
42043 # 1504
42043 - 1504 1417
42043 # 1504
42043 - 1504 1417
42043 # 1504
42043 - 1504 1365
42043 # 1504
42043 - 1504 1365
42043 # 1504
42043 - 1504 1311
42043 # 1504
42043 - 1504 1311
42043 # 1504
42043 - 1504 1256
42043 # 1504
42043 - 1504 1256
42043 # 1504
42043 - 1504 1199
42043 # 1504
42043 - 1504 1199
42043 # 1504
42043 - 1504 1142
42043 # 1504
42043 - 1504 1142
42043 # 1504
42043 # 1504
42043 # 1504
42043 # 1504
42043 # 1504
42043 # 1504
42043 # 1504
42043 # 1504
42043 # 1504
42043 # 1504
42043 # 1504
42043 # 1504
42043 # 1504
42043 # 1504
42043 # 1504
42043 # 1504
42043 # 1504
42043 # 1504
42043 # 1504
42043 # 1504
42043 # 1504
42043 # 1504
42043 # 1504
42043 # 1504
42043 # 1504
42043 # 1504
42043 # 1504
42043 # 1504
42043 # 1504
42043 # 1504
42043 # 1504
42043 # 1504
42043 # 1504
42043 # 1504
42043 # 1504
42043 # 1504
42043 # 1504
42043 # 1504
42043 # 1504
42043 # 1504
42043 # 1504
42043 # 1504
42043 # 1504
42043 # 1504
42043 # 1504
42043 # 1504
42043 # 1504
42043 # 1504
42043 # 1504
42043 # 1504
42043 # 1504
42043 # 1504
42043 # 1504
42043 # 1504
42043 # 1504
42043 # 1504
42043 # 1504
42043 # 1504
42043 # 1504
42043 # 1504
42043 # 1504
42043 # 1504
42043 # 1504
42043 # 1504
42043 # 1504
42043 # 1504
42043 # 1504
42048 + 1504
42048 + 1504
42079 + 1504
42079 + 1504
42135 + 1504
42135 + 1504
42193 + 1504
42193 + 1504
42242 + 1504
42242 + 1504
42293 + 1504
42293 + 1504
42342 + 1504
42342 + 1504
42395 + 1504
42395 + 1504
42442 + 1504
42442 + 1504
42492 + 1504
42492 + 1504
42541 + 1504
42541 + 1504
42592 + 1504
42592 + 1504
42641 + 1504
42641 + 1504
42691 + 1504
42691 + 1504
42741 + 1504
42741 + 1504
42795 + 1504
42795 + 1504
42840 + 1504
42840 + 1504
42893 + 1504
42893 + 1504
42943 + 1504
42943 + 1504
42990 + 1504
42990 + 1504
43040 + 1504
43040 + 1504
43092 + 1504
43092 + 1504
43139 + 1504
43139 + 1504
43189 + 1504
43189 + 1504
43240 + 1504
43240 + 1504
43292 + 1504
43292 + 1504
43340 + 1504
43340 + 1504
43389 + 1504
43389 + 1504
43543 # 1504
43543 - 1504 1495
43543 # 1504
43543 - 1504 1495
43543 # 1504
43543 - 1504 1464
43543 # 1504
43543 - 1504 1464
43543 # 1504
43543 - 1504 1408
43543 # 1504
43543 - 1504 1408
43543 # 1504
43543 - 1504 1350
43543 # 1504
43543 - 1504 1350
43543 # 1504
43543 - 1504 1301
43543 # 1504
43543 - 1504 1301
43543 # 1504
43543 - 1504 1250
43543 # 1504
43543 - 1504 1250
43543 # 1504
43543 - 1504 1201
43543 # 1504
43543 - 1504 1201
43543 # 1504
43543 - 1504 1148
43543 # 1504
43543 - 1504 1148
43543 # 1504
43543 - 1504 1101
43543 # 1504
43543 - 1504 1101
43543 # 1504
43543 - 1504 1051
43543 # 1504
43543 - 1504 1051
43543 # 1504
43543 - 1504 1002
43543 # 1504
43543 - 1504 1002
43543 # 1504
43543 - 1504 951
43543 # 1504
43543 - 1504 951
43543 # 1504
43543 - 1504 902
43543 # 1504
43543 - 1504 902
43543 # 1504
43543 - 1504 852
43543 # 1504
43543 - 1504 852
43543 # 1504
43543 - 1504 802
43543 # 1504
43543 - 1504 802
43543 # 1504
43543 - 1504 748
43543 # 1504
43543 - 1504 748
43543 # 1504
43543 - 1504 703
43543 # 1504
43543 - 1504 703
43543 # 1504
43543 - 1504 650
43543 # 1504
43543 - 1504 650
43543 # 1504
43543 - 1504 600
43543 # 1504
43543 - 1504 600
43543 # 1504
43543 - 1504 553
43543 # 1504
43543 - 1504 553
43543 # 1504
43543 - 1504 503
43543 # 1504
43543 - 1504 503
43543 # 1504
43543 - 1504 451
43543 # 1504
43543 - 1504 451
43543 # 1504
43543 - 1504 404
43543 # 1504
43543 - 1504 404
43543 # 1504
43543 - 1504 354
43543 # 1504
43543 - 1504 354
43543 # 1504
43543 - 1504 303
43543 # 1504
43543 - 1504 303
43543 # 1504
43543 - 1504 251
43543 # 1504
43543 - 1504 251
43543 # 1504
43543 - 1504 203
43543 # 1504
43543 - 1504 203
43543 # 1504
43543 - 1504 154
43543 # 1504
43543 - 1504 154
43543 # 1504
43543 # 1504
43543 # 1504
43543 # 1504
43543 # 1504
43543 # 1504
43543 # 1504
43543 # 1504
43543 # 1504
43543 # 1504
43543 # 1504
43543 # 1504
43543 # 1504
43543 # 1504
43543 # 1504
43543 # 1504
43543 # 1504
43543 # 1504
43543 # 1504
43543 # 1504
43543 # 1504
43543 # 1504
43543 # 1504
43543 # 1504
43543 # 1504
43543 # 1504
43543 # 1504
43546 + 1504
43546 + 1504
43573 + 1504
43573 + 1504
43627 + 1504
43627 + 1504
43680 + 1504
43680 + 1504
43736 + 1504
43736 + 1504
43789 + 1504
43789 + 1504
43847 + 1504
43847 + 1504
43902 + 1504
43902 + 1504
45043 # 1504
45043 - 1504 1497
45043 # 1504
45043 - 1504 1497
45043 # 1504
45043 - 1504 1470
45043 # 1504
45043 - 1504 1470
45043 # 1504
45043 - 1504 1416
45043 # 1504
45043 - 1504 1416
45043 # 1504
45043 - 1504 1363
45043 # 1504
45043 - 1504 1363
45043 # 1504
45043 - 1504 1307
45043 # 1504
45043 - 1504 1307
45043 # 1504
45043 - 1504 1254
45043 # 1504
45043 - 1504 1254
45043 # 1504
45043 - 1504 1196
45043 # 1504
45043 - 1504 1196
45043 # 1504
45043 - 1504 1141
45043 # 1504
45043 - 1504 1141
45043 # 1504
45043 # 1504
45043 # 1504
45043 # 1504
45043 # 1504
45043 # 1504
45043 # 1504
45043 # 1504
45043 # 1504
45043 # 1504
45043 # 1504
45043 # 1504
45043 # 1504
45043 # 1504
45043 # 1504
45043 # 1504
45043 # 1504
45043 # 1504
45043 # 1504
45043 # 1504
45043 # 1504
45043 # 1504
45043 # 1504
45043 # 1504
45043 # 1504
45043 # 1504
45043 # 1504
45043 # 1504
45043 # 1504
45043 # 1504
45043 # 1504
45043 # 1504
45043 # 1504
45043 # 1504
45043 # 1504
45043 # 1504
45043 # 1504
45043 # 1504
45043 # 1504
45043 # 1504
45043 # 1504
45043 # 1504
45043 # 1504
45043 # 1504
45043 # 1504
45043 # 1504
45043 # 1504
45043 # 1504
45043 # 1504
45043 # 1504
45043 # 1504
45043 # 1504
45043 # 1504
45043 # 1504
45043 # 1504
45043 # 1504
45043 # 1504
45043 # 1504
45043 # 1504
45043 # 1504
45043 # 1504
45043 # 1504
45043 # 1504
45043 # 1504
45043 # 1504
45043 # 1504
45043 # 1504
45049 + 1504
45049 + 1504
45080 + 1504
45080 + 1504
45136 + 1504
45136 + 1504
45195 + 1504
45195 + 1504
45249 + 1504
45249 + 1504
45303 + 1504
45303 + 1504
45355 + 1504
45355 + 1504
45408 + 1504
45408 + 1504
45465 + 1504
45465 + 1504
45518 + 1504
45518 + 1504
45572 + 1504
45572 + 1504
45623 + 1504
45623 + 1504
45678 + 1504
45678 + 1504
45731 + 1504
45731 + 1504
45784 + 1504
45784 + 1504
45839 + 1504
45839 + 1504
45893 + 1504
45893 + 1504
45946 + 1504
45946 + 1504
45998 + 1504
45998 + 1504
46054 + 1504
46054 + 1504
46106 + 1504
46106 + 1504
46158 + 1504
46158 + 1504
46215 + 1504
46215 + 1504
46269 + 1504
46269 + 1504
46322 + 1504
46322 + 1504
46373 + 1504
46373 + 1504
46427 + 1504
46427 + 1504
46543 # 1504
46543 - 1504 1494
46543 # 1504
46543 - 1504 1494
46543 # 1504
46543 - 1504 1463
46543 # 1504
46543 - 1504 1463
46543 # 1504
46543 - 1504 1407
46543 # 1504
46543 - 1504 1407
46543 # 1504
46543 - 1504 1348
46543 # 1504
46543 - 1504 1348
46543 # 1504
46543 - 1504 1294
46543 # 1504
46543 - 1504 1294
46543 # 1504
46543 - 1504 1240
46543 # 1504
46543 - 1504 1240
46543 # 1504
46543 - 1504 1188
46543 # 1504
46543 - 1504 1188
46543 # 1504
46543 - 1504 1135
46543 # 1504
46543 - 1504 1135
46543 # 1504
46543 - 1504 1078
46543 # 1504
46543 - 1504 1078
46543 # 1504
46543 - 1504 1025
46543 # 1504
46543 - 1504 1025
46543 # 1504
46543 - 1504 971
46543 # 1504
46543 - 1504 971
46543 # 1504
46543 - 1504 920
46543 # 1504
46543 - 1504 920
46543 # 1504
46543 - 1504 865
46543 # 1504
46543 - 1504 865
46543 # 1504
46543 - 1504 812
46543 # 1504
46543 - 1504 812
46543 # 1504
46543 - 1504 759
46543 # 1504
46543 - 1504 759
46543 # 1504
46543 - 1504 704
46543 # 1504
46543 - 1504 704
46543 # 1504
46543 - 1504 650
46543 # 1504
46543 - 1504 650
46543 # 1504
46543 - 1504 597
46543 # 1504
46543 - 1504 597
46543 # 1504
46543 - 1504 545
46543 # 1504
46543 - 1504 545
46543 # 1504
46543 - 1504 489
46543 # 1504
46543 - 1504 489
46543 # 1504
46543 - 1504 437
46543 # 1504
46543 - 1504 437
46543 # 1504
46543 - 1504 385
46543 # 1504
46543 - 1504 385
46543 # 1504
46543 - 1504 328
46543 # 1504
46543 - 1504 328
46543 # 1504
46543 - 1504 274
46543 # 1504
46543 - 1504 274
46543 # 1504
46543 - 1504 221
46543 # 1504
46543 - 1504 221
46543 # 1504
46543 - 1504 170
46543 # 1504
46543 - 1504 170
46543 # 1504
46543 - 1504 116
46543 # 1504
46543 - 1504 116
46543 # 1504
46543 # 1504
46543 # 1504
46543 # 1504
46543 # 1504
46543 # 1504
46543 # 1504
46543 # 1504
46543 # 1504
46543 # 1504
46543 # 1504
46543 # 1504
46543 # 1504
46543 # 1504
46543 # 1504
46543 # 1504
46543 # 1504
46543 # 1504
46543 # 1504
46543 # 1504
46543 # 1504
46543 # 1504
46543 # 1504
46543 # 1504
46543 # 1504
46543 # 1504
46543 # 1504
46543 # 1504
46543 # 1504
46544 + 1504
46545 + 1504
46574 + 1504
46575 + 1504
46631 + 1504
46631 + 1504
46686 + 1504
46686 + 1504
46742 + 1504
46742 + 1504
46802 + 1504
46802 + 1504
46863 + 1504
46863 + 1504
46921 + 1504
46921 + 1504
48043 # 1504
48043 - 1504 1499
48043 # 1504
48043 - 1504 1498
48043 # 1504
48043 - 1504 1469
48043 # 1504
48043 - 1504 1468
48043 # 1504
48043 - 1504 1412
48043 # 1504
48043 - 1504 1412
48043 # 1504
48043 - 1504 1357
48043 # 1504
48043 - 1504 1357
48043 # 1504
48043 - 1504 1301
48043 # 1504
48043 - 1504 1301
48043 # 1504
48043 - 1504 1241
48043 # 1504
48043 - 1504 1241
48043 # 1504
48043 - 1504 1180
48043 # 1504
48043 - 1504 1180
48043 # 1504
48043 - 1504 1122
48043 # 1504
48043 - 1504 1122
48043 # 1504
48043 # 1504
48043 # 1504
48043 # 1504
48043 # 1504
48043 # 1504
48043 # 1504
48043 # 1504
48043 # 1504
48043 # 1504
48043 # 1504
48043 # 1504
48043 # 1504
48043 # 1504
48043 # 1504
48043 # 1504
48043 # 1504
48043 # 1504
48043 # 1504
48043 # 1504
48043 # 1504
48043 # 1504
48043 # 1504
48043 # 1504
48043 # 1504
48043 # 1504
48043 # 1504
48043 # 1504
48043 # 1504
48043 # 1504
48043 # 1504
48043 # 1504
48043 # 1504
48043 # 1504
48043 # 1504
48043 # 1504
48043 # 1504
48043 # 1504
48043 # 1504
48043 # 1504
48043 # 1504
48043 # 1504
48043 # 1504
48043 # 1504
48043 # 1504
48043 # 1504
48043 # 1504
48043 # 1504
48043 # 1504
48043 # 1504
48043 # 1504
48043 # 1504
48043 # 1504
48043 # 1504
48043 # 1504
48043 # 1504
48043 # 1504
48043 # 1504
48043 # 1504
48043 # 1504
48043 # 1504
48043 # 1504
48043 # 1504
48043 # 1504
48043 # 1504
48043 # 1504
48043 # 1504
48048 + 1504
48048 + 1504
48080 + 1504
48080 + 1504
48142 + 1504
48142 + 1504
48200 + 1504
48200 + 1504
48257 + 1504
48257 + 1504
48306 + 1504
48306 + 1504
48361 + 1504
48361 + 1504
48416 + 1504
48416 + 1504
48466 + 1504
48466 + 1504
48519 + 1504
48519 + 1504
48573 + 1504
48573 + 1504
48626 + 1504
48626 + 1504
48679 + 1504
48679 + 1504
48733 + 1504
48733 + 1504
48784 + 1504
48784 + 1504
48838 + 1504
48838 + 1504
48891 + 1504
48891 + 1504
48944 + 1504
48944 + 1504
48998 + 1504
48998 + 1504
49050 + 1504
49050 + 1504
49105 + 1504
49105 + 1504
49158 + 1504
49158 + 1504
49209 + 1504
49209 + 1504
49264 + 1504
49264 + 1504
49316 + 1504
49316 + 1504
49370 + 1504
49370 + 1504
49425 + 1504
49425 + 1504
49543 # 1504
49543 - 1504 1495
49543 # 1504
49543 - 1504 1495
49543 # 1504
49543 - 1504 1463
49543 # 1504
49543 - 1504 1463
49543 # 1504
49543 - 1504 1401
49543 # 1504
49543 - 1504 1401
49543 # 1504
49543 - 1504 1343
49543 # 1504
49543 - 1504 1343
49543 # 1504
49543 - 1504 1286
49543 # 1504
49543 - 1504 1286
49543 # 1504
49543 - 1504 1237
49543 # 1504
49543 - 1504 1237
49543 # 1504
49543 - 1504 1182
49543 # 1504
49543 - 1504 1182
49543 # 1504
49543 - 1504 1127
49543 # 1504
49543 - 1504 1127
49543 # 1504
49543 - 1504 1077
49543 # 1504
49543 - 1504 1077
49543 # 1504
49543 - 1504 1024
49543 # 1504
49543 - 1504 1024
49543 # 1504
49543 - 1504 970
49543 # 1504
49543 - 1504 970
49543 # 1504
49543 - 1504 917
49543 # 1504
49543 - 1504 917
49543 # 1504
49543 - 1504 864
49543 # 1504
49543 - 1504 864
49543 # 1504
49543 - 1504 810
49543 # 1504
49543 - 1504 810
49543 # 1504
49543 - 1504 759
49543 # 1504
49543 - 1504 759
49543 # 1504
49543 - 1504 705
49543 # 1504
49543 - 1504 705
49543 # 1504
49543 - 1504 652
49543 # 1504
49543 - 1504 652
49543 # 1504
49543 - 1504 599
49543 # 1504
49543 - 1504 599
49543 # 1504
49543 - 1504 545
49543 # 1504
49543 - 1504 545
49543 # 1504
49543 - 1504 493
49543 # 1504
49543 - 1504 493
49543 # 1504
49543 - 1504 438
49543 # 1504
49543 - 1504 438
49543 # 1504
49543 - 1504 385
49543 # 1504
49543 - 1504 385
49543 # 1504
49543 - 1504 334
49543 # 1504
49543 - 1504 334
49543 # 1504
49543 - 1504 279
49543 # 1504
49543 - 1504 279
49543 # 1504
49543 - 1504 227
49543 # 1504
49543 - 1504 227
49543 # 1504
49543 - 1504 173
49543 # 1504
49543 - 1504 173
49543 # 1504
49543 - 1504 118
49543 # 1504
49543 - 1504 118
49543 # 1504
49543 # 1504
49543 # 1504
49543 # 1504
49543 # 1504
49543 # 1504
49543 # 1504
49543 # 1504
49543 # 1504
49543 # 1504
49543 # 1504
49543 # 1504
49543 # 1504
49543 # 1504
49543 # 1504
49543 # 1504
49543 # 1504
49543 # 1504
49543 # 1504
49543 # 1504
49543 # 1504
49543 # 1504
49543 # 1504
49543 # 1504
49543 # 1504
49543 # 1504
49543 # 1504
49543 # 1504
49543 # 1504
49545 + 1504
49545 + 1504
49574 + 1504
49574 + 1504
49629 + 1504
49629 + 1504
49687 + 1504
49687 + 1504
49745 + 1504
49745 + 1504
49803 + 1504
49803 + 1504
49861 + 1504
49862 + 1504
49921 + 1504
49921 + 1504
51043 # 1504
51043 - 1504 1498
51043 # 1504
51043 - 1504 1498
51043 # 1504
51043 - 1504 1469
51043 # 1504
51043 - 1504 1469
51043 # 1504
51043 - 1504 1414
51043 # 1504
51043 - 1504 1414
51043 # 1504
51043 - 1504 1356
51043 # 1504
51043 - 1504 1356
51043 # 1504
51043 - 1504 1298
51043 # 1504
51043 - 1504 1298
51043 # 1504
51043 - 1504 1240
51043 # 1504
51043 - 1504 1240
51043 # 1504
51043 - 1504 1182
51043 # 1504
51043 - 1504 1181
51043 # 1504
51043 - 1504 1122
51043 # 1504
51043 - 1504 1122
51043 # 1504
51043 # 1504
51043 # 1504
51043 # 1504
51043 # 1504
51043 # 1504
51043 # 1504
51043 # 1504
51043 # 1504
51043 # 1504
51043 # 1504
51043 # 1504
51043 # 1504
51043 # 1504
51043 # 1504
51043 # 1504
51043 # 1504
51043 # 1504
51043 # 1504
51043 # 1504
51043 # 1504
51043 # 1504
51043 # 1504
51043 # 1504
51043 # 1504
51043 # 1504
51043 # 1504
51043 # 1504
51043 # 1504
51043 # 1504
51043 # 1504
51043 # 1504
51043 # 1504
51043 # 1504
51043 # 1504
51043 # 1504
51043 # 1504
51043 # 1504
51043 # 1504
51043 # 1504
51043 # 1504
51043 # 1504
51043 # 1504
51043 # 1504
51043 # 1504
51043 # 1504
51043 # 1504
51043 # 1504
51043 # 1504
51043 # 1504
51043 # 1504
51043 # 1504
51043 # 1504
51043 # 1504
51043 # 1504
51043 # 1504
51043 # 1504
51043 # 1504
51043 # 1504
51043 # 1504
51043 # 1504
51043 # 1504
51043 # 1504
51043 # 1504
51043 # 1504
51043 # 1504
51043 # 1504
51047 + 1504
51047 + 1504
51077 + 1504
51077 + 1504
51139 + 1504
51139 + 1504
51200 + 1504
51200 + 1504
51252 + 1504
51252 + 1504
51302 + 1504
51302 + 1504
51351 + 1504
51351 + 1504
51399 + 1504
51399 + 1504
51453 + 1504
51453 + 1504
51500 + 1504
51500 + 1504
51552 + 1504
51552 + 1504
51605 + 1504
51605 + 1504
51655 + 1504
51655 + 1504
51702 + 1504
51702 + 1504
51751 + 1504
51752 + 1504
51805 + 1504
51805 + 1504
51854 + 1504
51854 + 1504
51904 + 1504
51904 + 1504
51956 + 1504
51956 + 1504
52005 + 1504
52005 + 1504
52054 + 1504
52054 + 1504
52108 + 1504
52108 + 1504
52156 + 1504
52156 + 1504
52206 + 1504
52206 + 1504
52256 + 1504
52256 + 1504
52309 + 1504
52309 + 1504
52358 + 1504
52358 + 1504
52543 # 1504
52543 - 1504 1496
52543 # 1504
52543 - 1504 1496
52543 # 1504
52543 - 1504 1466
52543 # 1504
52543 - 1504 1466
52543 # 1504
52543 - 1504 1404
52543 # 1504
52543 - 1504 1404
52543 # 1504
52543 - 1504 1343
52543 # 1504
52543 - 1504 1343
52543 # 1504
52543 - 1504 1291
52543 # 1504
52543 - 1504 1291
52543 # 1504
52543 - 1504 1241
52543 # 1504
52543 - 1504 1241
52543 # 1504
52543 - 1504 1192
52543 # 1504
52543 - 1504 1192
52543 # 1504
52543 - 1504 1144
52543 # 1504
52543 - 1504 1144
52543 # 1504
52543 - 1504 1090
52543 # 1504
52543 - 1504 1090
52543 # 1504
52543 - 1504 1043
52543 # 1504
52543 - 1504 1043
52543 # 1504
52543 - 1504 991
52543 # 1504
52543 - 1504 991
52543 # 1504
52543 - 1504 938
52543 # 1504
52543 - 1504 938
52543 # 1504
52543 - 1504 888
52543 # 1504
52543 - 1504 888
52543 # 1504
52543 - 1504 841
52543 # 1504
52543 - 1504 841
52543 # 1504
52543 - 1504 792
52543 # 1504
52543 - 1504 791
52543 # 1504
52543 - 1504 738
52543 # 1504
52543 - 1504 738
52543 # 1504
52543 - 1504 689
52543 # 1504
52543 - 1504 689
52543 # 1504
52543 - 1504 639
52543 # 1504
52543 - 1504 639
52543 # 1504
52543 - 1504 587
52543 # 1504
52543 - 1504 587
52543 # 1504
52543 - 1504 538
52543 # 1504
52543 - 1504 538
52543 # 1504
52543 - 1504 489
52543 # 1504
52543 - 1504 489
52543 # 1504
52543 - 1504 435
52543 # 1504
52543 - 1504 435
52543 # 1504
52543 - 1504 387
52543 # 1504
52543 - 1504 387
52543 # 1504
52543 - 1504 337
52543 # 1504
52543 - 1504 337
52543 # 1504
52543 - 1504 287
52543 # 1504
52543 - 1504 287
52543 # 1504
52543 - 1504 234
52543 # 1504
52543 - 1504 234
52543 # 1504
52543 - 1504 185
52543 # 1504
52543 - 1504 185
52543 # 1504
52543 # 1504
52543 # 1504
52543 # 1504
52543 # 1504
52543 # 1504
52543 # 1504
52543 # 1504
52543 # 1504
52543 # 1504
52543 # 1504
52543 # 1504
52543 # 1504
52543 # 1504
52543 # 1504
52543 # 1504
52543 # 1504
52543 # 1504
52543 # 1504
52543 # 1504
52543 # 1504
52543 # 1504
52543 # 1504
52543 # 1504
52543 # 1504
52543 # 1504
52543 # 1504
52543 # 1504
52543 # 1504
52546 + 1504
52546 + 1504
52574 + 1504
52574 + 1504
52627 + 1504
52627 + 1504
52682 + 1504
52682 + 1504
52738 + 1504
52738 + 1504
52794 + 1504
52794 + 1504
52849 + 1504
52849 + 1504
52906 + 1504
52906 + 1504
54043 # 1504
54043 - 1504 1497
54043 # 1504
54043 - 1504 1497
54043 # 1504
54043 - 1504 1469
54043 # 1504
54043 - 1504 1469
54043 # 1504
54043 - 1504 1416
54043 # 1504
54043 - 1504 1416
54043 # 1504
54043 - 1504 1361
54043 # 1504
54043 - 1504 1361
54043 # 1504
54043 - 1504 1305
54043 # 1504
54043 - 1504 1305
54043 # 1504
54043 - 1504 1249
54043 # 1504
54043 - 1504 1249
54043 # 1504
54043 - 1504 1194
54043 # 1504
54043 - 1504 1194
54043 # 1504
54043 - 1504 1137
54043 # 1504
54043 - 1504 1137
54043 # 1504
54043 # 1504
54043 # 1504
54043 # 1504
54043 # 1504
54043 # 1504
54043 # 1504
54043 # 1504
54043 # 1504
54043 # 1504
54043 # 1504
54043 # 1504
54043 # 1504
54043 # 1504
54043 # 1504
54043 # 1504
54043 # 1504
54043 # 1504
54043 # 1504
54043 # 1504
54043 # 1504
54043 # 1504
54043 # 1504
54043 # 1504
54043 # 1504
54043 # 1504
54043 # 1504
54043 # 1504
54043 # 1504
54043 # 1504
54043 # 1504
54043 # 1504
54043 # 1504
54043 # 1504
54043 # 1504
54043 # 1504
54043 # 1504
54043 # 1504
54043 # 1504
54043 # 1504
54043 # 1504
54043 # 1504
54043 # 1504
54043 # 1504
54043 # 1504
54043 # 1504
54043 # 1504
54043 # 1504
54043 # 1504
54043 # 1504
54043 # 1504
54043 # 1504
54043 # 1504
54043 # 1504
54043 # 1504
54043 # 1504
54043 # 1504
54043 # 1504
54043 # 1504
54043 # 1504
54043 # 1504
54043 # 1504
54043 # 1504
54043 # 1504
54043 # 1504
54043 # 1504
54043 # 1504
54046 + 1504
54046 + 1504
54080 + 1504
54080 + 1504
54139 + 1504
54139 + 1504
54199 + 1504
54199 + 1504
54249 + 1504
54250 + 1504
54300 + 1504
54300 + 1504
54351 + 1504
54351 + 1504
54402 + 1504
54402 + 1504
54453 + 1504
54453 + 1504
54504 + 1504
54504 + 1504
54554 + 1504
54554 + 1504
54605 + 1504
54605 + 1504
54656 + 1504
54656 + 1504
54705 + 1504
54705 + 1504
54757 + 1504
54757 + 1504
54808 + 1504
54808 + 1504
54858 + 1504
54858 + 1504
54908 + 1504
54908 + 1504
54957 + 1504
54957 + 1504
55008 + 1504
55008 + 1504
55059 + 1504
55059 + 1504
55108 + 1504
55109 + 1504
55159 + 1504
55159 + 1504
55210 + 1504
55210 + 1504
55262 + 1504
55262 + 1504
55314 + 1504
55314 + 1504
55363 + 1504
55363 + 1504
55543 # 1504
55543 - 1504 1497
55543 # 1504
55543 - 1504 1497
55543 # 1504
55543 - 1504 1463
55543 # 1504
55543 - 1504 1463
55543 # 1504
55543 - 1504 1404
55543 # 1504
55543 - 1504 1404
55543 # 1504
55543 - 1504 1344
55543 # 1504
55543 - 1504 1344
55543 # 1504
55543 - 1504 1294
55543 # 1504
55543 - 1504 1293
55543 # 1504
55543 - 1504 1243
55543 # 1504
55543 - 1504 1243
55543 # 1504
55543 - 1504 1192
55543 # 1504
55543 - 1504 1192
55543 # 1504
55543 - 1504 1141
55543 # 1504
55543 - 1504 1141
55543 # 1504
55543 - 1504 1090
55543 # 1504
55543 - 1504 1090
55543 # 1504
55543 - 1504 1039
55543 # 1504
55543 - 1504 1039
55543 # 1504
55543 - 1504 989
55543 # 1504
55543 - 1504 989
55543 # 1504
55543 - 1504 938
55543 # 1504
55543 - 1504 938
55543 # 1504
55543 - 1504 887
55543 # 1504
55543 - 1504 887
55543 # 1504
55543 - 1504 838
55543 # 1504
55543 - 1504 838
55543 # 1504
55543 - 1504 786
55543 # 1504
55543 - 1504 786
55543 # 1504
55543 - 1504 735
55543 # 1504
55543 - 1504 735
55543 # 1504
55543 - 1504 685
55543 # 1504
55543 - 1504 685
55543 # 1504
55543 - 1504 635
55543 # 1504
55543 - 1504 635
55543 # 1504
55543 - 1504 586
55543 # 1504
55543 - 1504 586
55543 # 1504
55543 - 1504 535
55543 # 1504
55543 - 1504 535
55543 # 1504
55543 - 1504 484
55543 # 1504
55543 - 1504 484
55543 # 1504
55543 - 1504 435
55543 # 1504
55543 - 1504 434
55543 # 1504
55543 - 1504 384
55543 # 1504
55543 - 1504 384
55543 # 1504
55543 - 1504 333
55543 # 1504
55543 - 1504 333
55543 # 1504
55543 - 1504 281
55543 # 1504
55543 - 1504 281
55543 # 1504
55543 - 1504 229
55543 # 1504
55543 - 1504 229
55543 # 1504
55543 - 1504 180
55543 # 1504
55543 - 1504 180
55543 # 1504
55543 # 1504
55543 # 1504
55543 # 1504
55543 # 1504
55543 # 1504
55543 # 1504
55543 # 1504
55543 # 1504
55543 # 1504
55543 # 1504
55543 # 1504
55543 # 1504
55543 # 1504
55543 # 1504
55543 # 1504
55543 # 1504
55543 # 1504
55543 # 1504
55543 # 1504
55543 # 1504
55543 # 1504
55543 # 1504
55543 # 1504
55543 # 1504
55543 # 1504
55543 # 1504
55543 # 1504
55543 # 1504
55546 + 1504
55546 + 1504
55575 + 1504
55575 + 1504
55630 + 1504
55630 + 1504
55684 + 1504
55684 + 1504
55743 + 1504
55743 + 1504
55799 + 1504
55799 + 1504
55860 + 1504
55860 + 1504
55914 + 1504
55914 + 1504
57043 # 1504
57043 - 1504 1497
57043 # 1504
57043 - 1504 1497
57043 # 1504
57043 - 1504 1468
57043 # 1504
57043 - 1504 1468
57043 # 1504
57043 - 1504 1413
57043 # 1504
57043 - 1504 1413
57043 # 1504
57043 - 1504 1359
57043 # 1504
57043 - 1504 1359
57043 # 1504
57043 - 1504 1300
57043 # 1504
57043 - 1504 1300
57043 # 1504
57043 - 1504 1244
57043 # 1504
57043 - 1504 1244
57043 # 1504
57043 - 1504 1183
57043 # 1504
57043 - 1504 1183
57043 # 1504
57043 - 1504 1129
57043 # 1504
57043 - 1504 1129
57043 # 1504
57043 # 1504
57043 # 1504
57043 # 1504
57043 # 1504
57043 # 1504
57043 # 1504
57043 # 1504
57043 # 1504
57043 # 1504
57043 # 1504
57043 # 1504
57043 # 1504
57043 # 1504
57043 # 1504
57043 # 1504
57043 # 1504
57043 # 1504
57043 # 1504
57043 # 1504
57043 # 1504
57043 # 1504
57043 # 1504
57043 # 1504
57043 # 1504
57043 # 1504
57043 # 1504
57043 # 1504
57043 # 1504
57043 # 1504
57043 # 1504
57043 # 1504
57043 # 1504
57043 # 1504
57043 # 1504
57043 # 1504
57043 # 1504
57043 # 1504
57043 # 1504
57043 # 1504
57043 # 1504
57043 # 1504
57043 # 1504
57043 # 1504
57043 # 1504
57043 # 1504
57043 # 1504
57043 # 1504
57043 # 1504
57043 # 1504
57043 # 1504
57043 # 1504
57043 # 1504
57043 # 1504
57043 # 1504
57043 # 1504
57043 # 1504
57043 # 1504
57043 # 1504
57043 # 1504
57043 # 1504
57043 # 1504
57043 # 1504
57043 # 1504
57043 # 1504
57043 # 1504
57043 # 1504
57048 + 1504
57064 + 1504
57064 + 1504
57126 + 1504
57126 + 1504
57191 + 1504
57191 + 1504
57242 + 1504
57242 + 1504
57292 + 1504
57292 + 1504
57346 + 1504
57347 + 1504
57395 + 1504
57395 + 1504
57449 + 1504
57449 + 1504
57502 + 1504
57502 + 1504
57551 + 1504
57579 + 1504
57579 + 1504
57630 + 1504
57630 + 1504
57681 + 1504
57681 + 1504
57732 + 1504
57732 + 1504
57783 + 1504
57783 + 1504
57834 + 1504
57834 + 1504
57888 + 1504
57888 + 1504
57939 + 1504
57940 + 1504
57989 + 1504
57989 + 1504
58041 + 1504
58041 + 1504
58093 + 1504
58093 + 1504
58144 + 1504
58144 + 1504
58197 + 1504
58197 + 1504
58250 + 1504
58250 + 1504
58300 + 1504
58300 + 1504
58351 + 1504
58351 + 1504
58502 + 52
58543 # 1504
58543 - 1504 1495
58543 # 1504
58543 - 1504 1479
58543 # 1504
58543 - 1504 1479
58543 # 1504
58543 - 1504 1417
58543 # 1504
58543 - 1504 1417
58543 # 1504
58543 - 1504 1352
58543 # 1504
58543 - 1504 1352
58543 # 1504
58543 - 1504 1301
58543 # 1504
58543 - 1504 1301
58543 # 1504
58543 - 1504 1251
58543 # 1504
58543 - 1504 1251
58543 # 1504
58543 - 1504 1197
58543 # 1504
58543 - 1504 1196
58543 # 1504
58543 - 1504 1148
58543 # 1504
58543 - 1504 1148
58543 # 1504
58543 - 1504 1094
58543 # 1504
58543 - 1504 1094
58543 # 1504
58543 - 1504 1041
58543 # 1504
58543 - 1504 1041
58543 # 1504
58543 - 1504 992
58543 # 1504
58543 - 1504 964
58543 # 1504
58543 - 1504 964
58543 # 1504
58543 - 1504 913
58543 # 1504
58543 - 1504 913
58543 # 1504
58543 - 1504 862
58543 # 1504
58543 - 1504 862
58543 # 1504
58543 - 1504 811
58543 # 1504
58543 - 1504 811
58543 # 1504
58543 - 1504 760
58543 # 1504
58543 - 1504 760
58543 # 1504
58543 - 1504 709
58543 # 1504
58543 - 1504 709
58543 # 1504
58543 - 1504 655
58543 # 1504
58543 - 1504 655
58543 # 1504
58543 - 1504 604
58543 # 1504
58543 - 1504 603
58543 # 1504
58543 - 1504 554
58543 # 1504
58543 - 1504 554
58543 # 1504
58543 - 1504 502
58543 # 1504
58543 - 1504 502
58543 # 1504
58543 - 1504 450
58543 # 1504
58543 - 1504 450
58543 # 1504
58543 - 1504 399
58543 # 1504
58543 - 1504 399
58543 # 1504
58543 - 1504 346
58543 # 1504
58543 - 1504 346
58543 # 1504
58543 - 1504 293
58543 # 1504
58543 - 1504 293
58543 # 1504
58543 - 1504 243
58543 # 1504
58543 - 1504 243
58543 # 1504
58543 - 1504 192
58543 # 1504
58543 - 1504 192
58543 # 1504
58543 - 52 41
58543 # 1504
58543 # 1504
58543 # 1504
58543 # 1504
58543 # 1504
58543 # 1504
58543 # 1504
58543 # 1504
58543 # 1504
58543 # 1504
58543 # 1504
58543 # 1504
58543 # 1504
58543 # 1504
58543 # 1504
58543 # 1504
58543 # 1504
58543 # 1504
58543 # 1504
58543 # 1504
58543 # 1504
58543 # 1504
58543 # 1504
58543 # 1504
58543 # 1504
58543 # 1504
58543 # 1504
58543 # 1504
58543 # 1504
58543 # 1504
58548 + 1504
58548 + 1504
58579 + 1504
58579 + 1504
58631 + 1504
58631 + 1504
58687 + 1504
58687 + 1504
58743 + 1504
58743 + 1504
58806 + 1504
58806 + 1504
58862 + 1504
58862 + 1504
58923 + 1504
58923 + 1504
60043 # 1504
60043 - 1504 1495
60043 # 1504
60043 - 1504 1495
60043 # 1504
60043 - 1504 1464
60043 # 1504
60043 - 1504 1464
60043 # 1504
60043 - 1504 1412
60043 # 1504
60043 - 1504 1412
60043 # 1504
60043 - 1504 1356
60043 # 1504
60043 - 1504 1356
60043 # 1504
60043 - 1504 1300
60043 # 1504
60043 - 1504 1300
60043 # 1504
60043 - 1504 1237
60043 # 1504
60043 - 1504 1237
60043 # 1504
60043 - 1504 1181
60043 # 1504
60043 - 1504 1181
60043 # 1504
60043 - 1504 1120
60043 # 1504
60043 - 1504 1120
60043 # 1504
60043 # 1504
60043 # 1504
60043 # 1504
60043 # 1504
60043 # 1504
60043 # 1504
60043 # 1504
60043 # 1504
60043 # 1504
60043 # 1504
60043 # 1504
60043 # 1504
60043 # 1504
60043 # 1504
60043 # 1504
60043 # 1504
60043 # 1504
60043 # 1504
60043 # 1504
60043 # 1504
60043 # 1504
60043 # 1504
60043 # 1504
60043 # 1504
60043 # 1504
60043 # 1504
60043 # 1504
60043 # 1504
60043 # 1504
60043 # 1504
60043 # 1504
60043 # 1504
60043 # 1504
60043 # 1504
60043 # 1504
60043 # 1504
60043 # 1504
60043 # 1504
60043 # 1504
60043 # 1504
60043 # 1504
60043 # 1504
60043 # 1504
60043 # 1504
60043 # 1504
60043 # 1504
60043 # 1504
60043 # 1504
60043 # 1504
60043 # 1504
60043 # 1504
60043 # 1504
60043 # 1504
60043 # 1504
60043 # 1504
60043 # 1504
60043 # 1504
60043 # 1504
60043 # 1504
60043 # 1504
60043 # 1504
60043 # 1504
60043 # 1504
60043 # 1504
60043 # 1504
60043 # 1504
60046 + 1504
60046 + 1504
60079 + 1504
60079 + 1504
60139 + 1504
60139 + 1504
60202 + 1504
60202 + 1504
60257 + 1504
60258 + 1504
60312 + 1504
60312 + 1504
60367 + 1504
60367 + 1504
60422 + 1504
60422 + 1504
60478 + 1504
60478 + 1504
60533 + 1504
60533 + 1504
60588 + 1504
60588 + 1504
60644 + 1504
60644 + 1504
60702 + 1504
60702 + 1504
60755 + 1504
60755 + 1504
60810 + 1504
60810 + 1504
60867 + 1504
60867 + 1504
60922 + 1504
60922 + 1504
60976 + 1504
60976 + 1504
61034 + 1504
61034 + 1504
61088 + 1504
61088 + 1504
61144 + 1504
61144 + 1504
61200 + 1504
61200 + 1504
61256 + 1504
61256 + 1504
61308 + 1504
61308 + 1504
61366 + 1504
61366 + 1504
61420 + 1504
61420 + 1504
61543 # 1504
61543 - 1504 1497
61543 # 1504
61543 - 1504 1497
61543 # 1504
61543 - 1504 1464
61543 # 1504
61543 - 1504 1464
61543 # 1504
61543 - 1504 1404
61543 # 1504
61543 - 1504 1404
61543 # 1504
61543 - 1504 1341
61543 # 1504
61543 - 1504 1341
61543 # 1504
61543 - 1504 1286
61543 # 1504
61543 - 1504 1285
61543 # 1504
61543 - 1504 1231
61543 # 1504
61543 - 1504 1231
61543 # 1504
61543 - 1504 1176
61543 # 1504
61543 - 1504 1176
61543 # 1504
61543 - 1504 1121
61543 # 1504
61543 - 1504 1121
61543 # 1504
61543 - 1504 1065
61543 # 1504
61543 - 1504 1065
61543 # 1504
61543 - 1504 1010
61543 # 1504
61543 - 1504 1010
61543 # 1504
61543 - 1504 955
61543 # 1504
61543 - 1504 955
61543 # 1504
61543 - 1504 899
61543 # 1504
61543 - 1504 899
61543 # 1504
61543 - 1504 841
61543 # 1504
61543 - 1504 841
61543 # 1504
61543 - 1504 788
61543 # 1504
61543 - 1504 788
61543 # 1504
61543 - 1504 733
61543 # 1504
61543 - 1504 733
61543 # 1504
61543 - 1504 676
61543 # 1504
61543 - 1504 676
61543 # 1504
61543 - 1504 621
61543 # 1504
61543 - 1504 621
61543 # 1504
61543 - 1504 567
61543 # 1504
61543 - 1504 567
61543 # 1504
61543 - 1504 509
61543 # 1504
61543 - 1504 509
61543 # 1504
61543 - 1504 455
61543 # 1504
61543 - 1504 455
61543 # 1504
61543 - 1504 399
61543 # 1504
61543 - 1504 399
61543 # 1504
61543 - 1504 343
61543 # 1504
61543 - 1504 343
61543 # 1504
61543 - 1504 287
61543 # 1504
61543 - 1504 287
61543 # 1504
61543 - 1504 235
61543 # 1504
61543 - 1504 235
61543 # 1504
61543 - 1504 177
61543 # 1504
61543 - 1504 177
61543 # 1504
61543 - 1504 123
61543 # 1504
61543 - 1504 123
61543 # 1504
61543 # 1504
61543 # 1504
61543 # 1504
61543 # 1504
61543 # 1504
61543 # 1504
61543 # 1504
61543 # 1504
61543 # 1504
61543 # 1504
61543 # 1504
61543 # 1504
61543 # 1504
61543 # 1504
61543 # 1504
61543 # 1504
61543 # 1504
61543 # 1504
61543 # 1504
61543 # 1504
61543 # 1504
61543 # 1504
61543 # 1504
61543 # 1504
61543 # 1504
61543 # 1504
61543 # 1504
61543 # 1504
61543 # 1504
61543 # 1504
61546 + 1504
61546 + 1504
61578 + 1504
61578 + 1504
61637 + 1504
61637 + 1504
61693 + 1504
61693 + 1504
61755 + 1504
61755 + 1504
61816 + 1504
61816 + 1504
61874 + 1504
61874 + 1504
61937 + 1504
61937 + 1504
63043 # 1504
63043 - 1504 1497
63043 # 1504
63043 - 1504 1497
63043 # 1504
63043 - 1504 1465
63043 # 1504
63043 - 1504 1465
63043 # 1504
63043 - 1504 1406
63043 # 1504
63043 - 1504 1406
63043 # 1504
63043 - 1504 1350
63043 # 1504
63043 - 1504 1350
63043 # 1504
63043 - 1504 1288
63043 # 1504
63043 - 1504 1288
63043 # 1504
63043 - 1504 1227
63043 # 1504
63043 - 1504 1227
63043 # 1504
63043 - 1504 1169
63043 # 1504
63043 - 1504 1169
63043 # 1504
63043 - 1504 1106
63043 # 1504
63043 - 1504 1106
63043 # 1504
63043 # 1504
63043 # 1504
63043 # 1504
63043 # 1504
63043 # 1504
63043 # 1504
63043 # 1504
63043 # 1504
63043 # 1504
63043 # 1504
63043 # 1504
63043 # 1504
63043 # 1504
63043 # 1504
63043 # 1504
63043 # 1504
63043 # 1504
63043 # 1504
63043 # 1504
63043 # 1504
63043 # 1504
63043 # 1504
63043 # 1504
63043 # 1504
63043 # 1504
63043 # 1504
63043 # 1504
63043 # 1504
63043 # 1504
63043 # 1504
63043 # 1504
63043 # 1504
63043 # 1504
63043 # 1504
63043 # 1504
63043 # 1504
63043 # 1504
63043 # 1504
63043 # 1504
63043 # 1504
63043 # 1504
63043 # 1504
63043 # 1504
63043 # 1504
63043 # 1504
63043 # 1504
63043 # 1504
63043 # 1504
63043 # 1504
63043 # 1504
63043 # 1504
63043 # 1504
63043 # 1504
63043 # 1504
63043 # 1504
63043 # 1504
63043 # 1504
63043 # 1504
63043 # 1504
63043 # 1504
63043 # 1504
63043 # 1504
63043 # 1504
63043 # 1504
63043 # 1504
63043 # 1504
63048 + 1504
63048 + 1504
63083 + 1504
63083 + 1504
63146 + 1504
63146 + 1504
63214 + 1504
63214 + 1504
63265 + 1504
63265 + 1504
63317 + 1504
63317 + 1504
63368 + 1504
63368 + 1504
63421 + 1504
63422 + 1504
63473 + 1504
63473 + 1504
63525 + 1504
63526 + 1504
63576 + 1504
63576 + 1504
63631 + 1504
63631 + 1504
63681 + 1504
63681 + 1504
63737 + 1504
63737 + 1504
63788 + 1504
63788 + 1504
63839 + 1504
63839 + 1504
63892 + 1504
63892 + 1504
63943 + 1504
63943 + 1504
63997 + 1504
63997 + 1504
64051 + 1504
64051 + 1504
64101 + 1504
64101 + 1504
64152 + 1504
64152 + 1504
64207 + 1504
64207 + 1504
64258 + 1504
64258 + 1504
64311 + 1504
64311 + 1504
64543 # 1504
64543 - 1504 1495
64543 # 1504
64543 - 1504 1495
64543 # 1504
64543 - 1504 1460
64543 # 1504
64543 - 1504 1460
64543 # 1504
64543 - 1504 1397
64543 # 1504
64543 - 1504 1397
64543 # 1504
64543 - 1504 1329
64543 # 1504
64543 - 1504 1329
64543 # 1504
64543 - 1504 1278
64543 # 1504
64543 - 1504 1278
64543 # 1504
64543 - 1504 1226
64543 # 1504
64543 - 1504 1226
64543 # 1504
64543 - 1504 1175
64543 # 1504
64543 - 1504 1175
64543 # 1504
64543 - 1504 1122
64543 # 1504
64543 - 1504 1121
64543 # 1504
64543 - 1504 1070
64543 # 1504
64543 - 1504 1070
64543 # 1504
64543 - 1504 1018
64543 # 1504
64543 - 1504 1017
64543 # 1504
64543 - 1504 967
64543 # 1504
64543 - 1504 967
64543 # 1504
64543 - 1504 912
64543 # 1504
64543 - 1504 912
64543 # 1504
64543 - 1504 862
64543 # 1504
64543 - 1504 862
64543 # 1504
64543 - 1504 806
64543 # 1504
64543 - 1504 806
64543 # 1504
64543 - 1504 755
64543 # 1504
64543 - 1504 755
64543 # 1504
64543 - 1504 704
64543 # 1504
64543 - 1504 704
64543 # 1504
64543 - 1504 651
64543 # 1504
64543 - 1504 651
64543 # 1504
64543 - 1504 600
64543 # 1504
64543 - 1504 600
64543 # 1504
64543 - 1504 546
64543 # 1504
64543 - 1504 546
64543 # 1504
64543 - 1504 492
64543 # 1504
64543 - 1504 492
64543 # 1504
64543 - 1504 442
64543 # 1504
64543 - 1504 442
64543 # 1504
64543 - 1504 391
64543 # 1504
64543 - 1504 391
64543 # 1504
64543 - 1504 336
64543 # 1504
64543 - 1504 336
64543 # 1504
64543 - 1504 285
64543 # 1504
64543 - 1504 285
64543 # 1504
64543 - 1504 232
64543 # 1504
64543 - 1504 232
64543 # 1504
64543 # 1504
64543 # 1504
64543 # 1504
64543 # 1504
64543 # 1504
64543 # 1504
64543 # 1504
64543 # 1504
64543 # 1504
64543 # 1504
64543 # 1504
64543 # 1504
64543 # 1504
64543 # 1504
64543 # 1504
64543 # 1504
64543 # 1504
64543 # 1504
64543 # 1504
64543 # 1504
64543 # 1504
64543 # 1504
64543 # 1504
64543 # 1504
64543 # 1504
64543 # 1504
64543 # 1504
64543 # 1504
64543 # 1504
64543 # 1504
64543 # 1504
64543 # 1504
64545 + 1504
64545 + 1504
64576 + 1504
64576 + 1504
64631 + 1504
64631 + 1504
64686 + 1504
64686 + 1504
64745 + 1504
64745 + 1504
64806 + 1504
64806 + 1504
64868 + 1504
64868 + 1504
64928 + 1504
64928 + 1504
66043 # 1504
66043 - 1504 1498
66043 # 1504
66043 - 1504 1498
66043 # 1504
66043 - 1504 1467
66043 # 1504
66043 - 1504 1467
66043 # 1504
66043 - 1504 1412
66043 # 1504
66043 - 1504 1412
66043 # 1504
66043 - 1504 1357
66043 # 1504
66043 - 1504 1357
66043 # 1504
66043 - 1504 1298
66043 # 1504
66043 - 1504 1298
66043 # 1504
66043 - 1504 1237
66043 # 1504
66043 - 1504 1237
66043 # 1504
66043 - 1504 1175
66043 # 1504
66043 - 1504 1175
66043 # 1504
66043 - 1504 1115
66043 # 1504
66043 - 1504 1115
66043 # 1504
66043 # 1504
66043 # 1504
66043 # 1504
66043 # 1504
66043 # 1504
66043 # 1504
66043 # 1504
66043 # 1504
66043 # 1504
66043 # 1504
66043 # 1504
66043 # 1504
66043 # 1504
66043 # 1504
66043 # 1504
66043 # 1504
66043 # 1504
66043 # 1504
66043 # 1504
66043 # 1504
66043 # 1504
66043 # 1504
66043 # 1504
66043 # 1504
66043 # 1504
66043 # 1504
66043 # 1504
66043 # 1504
66043 # 1504
66043 # 1504
66043 # 1504
66043 # 1504
66043 # 1504
66043 # 1504
66043 # 1504
66043 # 1504
66043 # 1504
66043 # 1504
66043 # 1504
66043 # 1504
66043 # 1504
66043 # 1504
66043 # 1504
66043 # 1504
66043 # 1504
66043 # 1504
66043 # 1504
66043 # 1504
66043 # 1504
66043 # 1504
66043 # 1504
66043 # 1504
66043 # 1504
66043 # 1504
66043 # 1504
66043 # 1504
66043 # 1504
66043 # 1504
66043 # 1504
66043 # 1504
66043 # 1504
66043 # 1504
66043 # 1504
66043 # 1504
66043 # 1504
66043 # 1504
66045 + 1504
66045 + 1504
66077 + 1504
66077 + 1504
