# mahimahi mm-link (Downlink) [traces/1mbps.trace] > /home/vamsi/pantheon/results/high-latency-low-bandwidth/vegas_mm_acklink_run1.log
# command line: 'mm-link' 'traces/1mbps.trace' 'traces/1mbps.trace' '--uplink-log=/home/vamsi/pantheon/results/high-latency-low-bandwidth/vegas_mm_datalink_run1.log' '--downlink-log=/home/vamsi/pantheon/results/high-latency-low-bandwidth/vegas_mm_acklink_run1.log' '--uplink-queue=droptail' '--downlink-queue=droptail' '--uplink-queue-args=packets=500' '--downlink-queue-args=packets=500' 'python' '/home/vamsi/pantheon/src/experiments/tunnel_manager.py'
# queue: droptail [packets=500]
# init timestamp: 1744917600746
# base timestamp: 39
# mahimahi config: [delay 100 ms] 
304 + 80
304 + 52
305 + 80
920 + 80
1047 + 80
1539 # 1504
1539 - 80 1235
1539 - 52 1235
1539 - 80 1234
1539 - 80 619
1539 - 80 492
1539 # 1504
1539 # 1504
1539 # 1504
1539 # 1504
1539 # 1504
1539 # 1504
1539 # 1504
1539 # 1504
1539 # 1504
1539 # 1504
1539 # 1504
1539 # 1504
1539 # 1504
1539 # 1504
1539 # 1504
1539 # 1504
1539 # 1504
1539 # 1504
1539 # 1504
1539 # 1504
1539 # 1504
1539 # 1504
1539 # 1504
1539 # 1504
1539 # 1504
1539 # 1504
1539 # 1504
1539 # 1504
1539 # 1504
1539 # 1504
1539 # 1504
1539 # 1504
1539 # 1504
1539 # 1504
1539 # 1504
1539 # 1504
1539 # 1504
1539 # 1504
1539 # 1504
1539 # 1504
1539 # 1504
1539 # 1504
1539 # 1504
1539 # 1504
1539 # 1504
1539 # 1504
1539 # 1504
1539 # 1504
1539 # 1504
1539 # 1504
1539 # 1504
1539 # 1504
1539 # 1504
1539 # 1504
1539 # 1504
1539 # 1504
1539 # 1504
1539 # 1504
1539 # 1504
1539 # 1504
1539 # 1504
1539 # 1504
1539 # 1504
1539 # 1504
1539 # 1504
1539 # 1504
1539 # 1504
1539 # 1504
1539 # 1504
1539 # 1504
1539 # 1504
1539 # 1504
1539 # 1504
1539 # 1504
1539 # 1504
1539 # 1504
1539 # 1504
1539 # 1504
1539 # 1504
1539 # 1504
1539 # 1504
1539 # 1504
1748 + 40
1751 + 40
3039 # 1504
3039 - 40 1291
3039 - 40 1288
3039 # 1504
3039 # 1504
3039 # 1504
3039 # 1504
3039 # 1504
3039 # 1504
3039 # 1504
3039 # 1504
3039 # 1504
3039 # 1504
3039 # 1504
3039 # 1504
3039 # 1504
3039 # 1504
3039 # 1504
3039 # 1504
3039 # 1504
3039 # 1504
3039 # 1504
3039 # 1504
3039 # 1504
3039 # 1504
3039 # 1504
3039 # 1504
3039 # 1504
3039 # 1504
3039 # 1504
3039 # 1504
3039 # 1504
3039 # 1504
3039 # 1504
3039 # 1504
3039 # 1504
3039 # 1504
3039 # 1504
3039 # 1504
3039 # 1504
3039 # 1504
3039 # 1504
3039 # 1504
3039 # 1504
3039 # 1504
3039 # 1504
3039 # 1504
3039 # 1504
3039 # 1504
3039 # 1504
3039 # 1504
3039 # 1504
3039 # 1504
3039 # 1504
3039 # 1504
3039 # 1504
3039 # 1504
3039 # 1504
3039 # 1504
3039 # 1504
3039 # 1504
3039 # 1504
3039 # 1504
3039 # 1504
3039 # 1504
3039 # 1504
3039 # 1504
3039 # 1504
3039 # 1504
3039 # 1504
3039 # 1504
3039 # 1504
3039 # 1504
3039 # 1504
3039 # 1504
3039 # 1504
3039 # 1504
3039 # 1504
3039 # 1504
3039 # 1504
3039 # 1504
3039 # 1504
3039 # 1504
3039 # 1504
3039 # 1504
3246 + 40
4120 + 52
4539 # 1504
4539 - 40 1293
4539 - 52 419
4539 # 1504
4539 # 1504
4539 # 1504
4539 # 1504
4539 # 1504
4539 # 1504
4539 # 1504
4539 # 1504
4539 # 1504
4539 # 1504
4539 # 1504
4539 # 1504
4539 # 1504
4539 # 1504
4539 # 1504
4539 # 1504
4539 # 1504
4539 # 1504
4539 # 1504
4539 # 1504
4539 # 1504
4539 # 1504
4539 # 1504
4539 # 1504
4539 # 1504
4539 # 1504
4539 # 1504
4539 # 1504
4539 # 1504
4539 # 1504
4539 # 1504
4539 # 1504
4539 # 1504
4539 # 1504
4539 # 1504
4539 # 1504
4539 # 1504
4539 # 1504
4539 # 1504
4539 # 1504
4539 # 1504
4539 # 1504
4539 # 1504
4539 # 1504
4539 # 1504
4539 # 1504
4539 # 1504
4539 # 1504
4539 # 1504
4539 # 1504
4539 # 1504
4539 # 1504
4539 # 1504
4539 # 1504
4539 # 1504
4539 # 1504
4539 # 1504
4539 # 1504
4539 # 1504
4539 # 1504
4539 # 1504
4539 # 1504
4539 # 1504
4539 # 1504
4539 # 1504
4539 # 1504
4539 # 1504
4539 # 1504
4539 # 1504
4539 # 1504
4539 # 1504
4539 # 1504
4539 # 1504
4539 # 1504
4539 # 1504
4539 # 1504
4539 # 1504
4539 # 1504
4539 # 1504
4539 # 1504
4539 # 1504
4539 # 1504
6039 # 1504
6039 # 1504
6039 # 1504
6039 # 1504
6039 # 1504
6039 # 1504
6039 # 1504
6039 # 1504
6039 # 1504
6039 # 1504
6039 # 1504
6039 # 1504
6039 # 1504
6039 # 1504
6039 # 1504
6039 # 1504
6039 # 1504
6039 # 1504
6039 # 1504
6039 # 1504
6039 # 1504
6039 # 1504
6039 # 1504
6039 # 1504
6039 # 1504
6039 # 1504
6039 # 1504
6039 # 1504
6039 # 1504
6039 # 1504
6039 # 1504
6039 # 1504
6039 # 1504
6039 # 1504
6039 # 1504
6039 # 1504
6039 # 1504
6039 # 1504
6039 # 1504
6039 # 1504
6039 # 1504
6039 # 1504
6039 # 1504
6039 # 1504
6039 # 1504
6039 # 1504
6039 # 1504
6039 # 1504
6039 # 1504
6039 # 1504
6039 # 1504
6039 # 1504
6039 # 1504
6039 # 1504
6039 # 1504
6039 # 1504
6039 # 1504
6039 # 1504
6039 # 1504
6039 # 1504
6039 # 1504
6039 # 1504
6039 # 1504
6039 # 1504
6039 # 1504
6039 # 1504
6039 # 1504
6039 # 1504
6039 # 1504
6039 # 1504
6039 # 1504
6039 # 1504
6039 # 1504
6039 # 1504
6039 # 1504
6039 # 1504
6039 # 1504
6039 # 1504
6039 # 1504
6039 # 1504
6039 # 1504
6039 # 1504
6039 # 1504
7539 # 1504
7539 # 1504
7539 # 1504
7539 # 1504
7539 # 1504
7539 # 1504
7539 # 1504
7539 # 1504
7539 # 1504
7539 # 1504
7539 # 1504
7539 # 1504
7539 # 1504
7539 # 1504
7539 # 1504
7539 # 1504
7539 # 1504
7539 # 1504
7539 # 1504
7539 # 1504
7539 # 1504
7539 # 1504
7539 # 1504
7539 # 1504
7539 # 1504
7539 # 1504
7539 # 1504
7539 # 1504
7539 # 1504
7539 # 1504
7539 # 1504
7539 # 1504
7539 # 1504
7539 # 1504
7539 # 1504
7539 # 1504
7539 # 1504
7539 # 1504
7539 # 1504
7539 # 1504
7539 # 1504
7539 # 1504
7539 # 1504
7539 # 1504
7539 # 1504
7539 # 1504
7539 # 1504
7539 # 1504
7539 # 1504
7539 # 1504
7539 # 1504
7539 # 1504
7539 # 1504
7539 # 1504
7539 # 1504
7539 # 1504
7539 # 1504
7539 # 1504
7539 # 1504
7539 # 1504
7539 # 1504
7539 # 1504
7539 # 1504
7539 # 1504
7539 # 1504
7539 # 1504
7539 # 1504
7539 # 1504
7539 # 1504
7539 # 1504
7539 # 1504
7539 # 1504
7539 # 1504
7539 # 1504
7539 # 1504
7539 # 1504
7539 # 1504
7539 # 1504
7539 # 1504
7539 # 1504
7539 # 1504
7539 # 1504
7539 # 1504
7751 + 100
7751 + 100
8766 + 100
9039 # 1504
9039 - 100 1288
9039 - 100 1288
9039 - 100 273
9039 # 1504
9039 # 1504
9039 # 1504
9039 # 1504
9039 # 1504
9039 # 1504
9039 # 1504
9039 # 1504
9039 # 1504
9039 # 1504
9039 # 1504
9039 # 1504
9039 # 1504
9039 # 1504
9039 # 1504
9039 # 1504
9039 # 1504
9039 # 1504
9039 # 1504
9039 # 1504
9039 # 1504
9039 # 1504
9039 # 1504
9039 # 1504
9039 # 1504
9039 # 1504
9039 # 1504
9039 # 1504
9039 # 1504
9039 # 1504
9039 # 1504
9039 # 1504
9039 # 1504
9039 # 1504
9039 # 1504
9039 # 1504
9039 # 1504
9039 # 1504
9039 # 1504
9039 # 1504
9039 # 1504
9039 # 1504
9039 # 1504
9039 # 1504
9039 # 1504
9039 # 1504
9039 # 1504
9039 # 1504
9039 # 1504
9039 # 1504
9039 # 1504
9039 # 1504
9039 # 1504
9039 # 1504
9039 # 1504
9039 # 1504
9039 # 1504
9039 # 1504
9039 # 1504
9039 # 1504
9039 # 1504
9039 # 1504
9039 # 1504
9039 # 1504
9039 # 1504
9039 # 1504
9039 # 1504
9039 # 1504
9039 # 1504
9039 # 1504
9039 # 1504
9039 # 1504
9039 # 1504
9039 # 1504
9039 # 1504
9039 # 1504
9039 # 1504
9039 # 1504
9039 # 1504
9039 # 1504
9039 # 1504
9039 # 1504
9249 + 100
10539 # 1504
10539 - 100 1290
10539 # 1504
10539 # 1504
10539 # 1504
10539 # 1504
10539 # 1504
10539 # 1504
10539 # 1504
10539 # 1504
10539 # 1504
10539 # 1504
10539 # 1504
10539 # 1504
10539 # 1504
10539 # 1504
10539 # 1504
10539 # 1504
10539 # 1504
10539 # 1504
10539 # 1504
10539 # 1504
10539 # 1504
10539 # 1504
10539 # 1504
10539 # 1504
10539 # 1504
10539 # 1504
10539 # 1504
10539 # 1504
10539 # 1504
10539 # 1504
10539 # 1504
10539 # 1504
10539 # 1504
10539 # 1504
10539 # 1504
10539 # 1504
10539 # 1504
10539 # 1504
10539 # 1504
10539 # 1504
10539 # 1504
10539 # 1504
10539 # 1504
10539 # 1504
10539 # 1504
10539 # 1504
10539 # 1504
10539 # 1504
10539 # 1504
10539 # 1504
10539 # 1504
10539 # 1504
10539 # 1504
10539 # 1504
10539 # 1504
10539 # 1504
10539 # 1504
10539 # 1504
10539 # 1504
10539 # 1504
10539 # 1504
10539 # 1504
10539 # 1504
10539 # 1504
10539 # 1504
10539 # 1504
10539 # 1504
10539 # 1504
10539 # 1504
10539 # 1504
10539 # 1504
10539 # 1504
10539 # 1504
10539 # 1504
10539 # 1504
10539 # 1504
10539 # 1504
10539 # 1504
10539 # 1504
10539 # 1504
10539 # 1504
10539 # 1504
10747 + 92
10747 + 92
10747 + 92
10747 + 92
10747 + 92
10747 + 92
10747 + 92
10747 + 120
10747 + 92
11480 + 52
12039 # 1504
12039 - 92 1292
12039 - 92 1292
12039 - 92 1292
12039 - 92 1292
12039 - 92 1292
12039 - 92 1292
12039 - 92 1292
12039 - 120 1292
12039 - 92 1292
12039 - 52 559
12039 # 1504
12039 # 1504
12039 # 1504
12039 # 1504
12039 # 1504
12039 # 1504
12039 # 1504
12039 # 1504
12039 # 1504
12039 # 1504
12039 # 1504
12039 # 1504
12039 # 1504
12039 # 1504
12039 # 1504
12039 # 1504
12039 # 1504
12039 # 1504
12039 # 1504
12039 # 1504
12039 # 1504
12039 # 1504
12039 # 1504
12039 # 1504
12039 # 1504
12039 # 1504
12039 # 1504
12039 # 1504
12039 # 1504
12039 # 1504
12039 # 1504
12039 # 1504
12039 # 1504
12039 # 1504
12039 # 1504
12039 # 1504
12039 # 1504
12039 # 1504
12039 # 1504
12039 # 1504
12039 # 1504
12039 # 1504
12039 # 1504
12039 # 1504
12039 # 1504
12039 # 1504
12039 # 1504
12039 # 1504
12039 # 1504
12039 # 1504
12039 # 1504
12039 # 1504
12039 # 1504
12039 # 1504
12039 # 1504
12039 # 1504
12039 # 1504
12039 # 1504
12039 # 1504
12039 # 1504
12039 # 1504
12039 # 1504
12039 # 1504
12039 # 1504
12039 # 1504
12039 # 1504
12039 # 1504
12039 # 1504
12039 # 1504
12039 # 1504
12039 # 1504
12039 # 1504
12039 # 1504
12039 # 1504
12039 # 1504
12039 # 1504
12039 # 1504
12039 # 1504
12039 # 1504
12039 # 1504
12039 # 1504
12039 # 1504
13539 # 1504
13539 # 1504
13539 # 1504
13539 # 1504
13539 # 1504
13539 # 1504
13539 # 1504
13539 # 1504
13539 # 1504
13539 # 1504
13539 # 1504
13539 # 1504
13539 # 1504
13539 # 1504
13539 # 1504
13539 # 1504
13539 # 1504
13539 # 1504
13539 # 1504
13539 # 1504
13539 # 1504
13539 # 1504
13539 # 1504
13539 # 1504
13539 # 1504
13539 # 1504
13539 # 1504
13539 # 1504
13539 # 1504
13539 # 1504
13539 # 1504
13539 # 1504
13539 # 1504
13539 # 1504
13539 # 1504
13539 # 1504
13539 # 1504
13539 # 1504
13539 # 1504
13539 # 1504
13539 # 1504
13539 # 1504
13539 # 1504
13539 # 1504
13539 # 1504
13539 # 1504
13539 # 1504
13539 # 1504
13539 # 1504
13539 # 1504
13539 # 1504
13539 # 1504
13539 # 1504
13539 # 1504
13539 # 1504
13539 # 1504
13539 # 1504
13539 # 1504
13539 # 1504
13539 # 1504
13539 # 1504
13539 # 1504
13539 # 1504
13539 # 1504
13539 # 1504
13539 # 1504
13539 # 1504
13539 # 1504
13539 # 1504
13539 # 1504
13539 # 1504
13539 # 1504
13539 # 1504
13539 # 1504
13539 # 1504
13539 # 1504
13539 # 1504
13539 # 1504
13539 # 1504
13539 # 1504
13539 # 1504
13539 # 1504
13539 # 1504
13748 + 92
13748 + 92
13748 + 92
13748 + 92
13748 + 92
13748 + 92
13748 + 92
13748 + 92
15039 # 1504
15039 - 92 1291
15039 - 92 1291
15039 - 92 1291
15039 - 92 1291
15039 - 92 1291
15039 - 92 1291
15039 - 92 1291
15039 - 92 1291
15039 # 1504
15039 # 1504
15039 # 1504
15039 # 1504
15039 # 1504
15039 # 1504
15039 # 1504
15039 # 1504
15039 # 1504
15039 # 1504
15039 # 1504
15039 # 1504
15039 # 1504
15039 # 1504
15039 # 1504
15039 # 1504
15039 # 1504
15039 # 1504
15039 # 1504
15039 # 1504
15039 # 1504
15039 # 1504
15039 # 1504
15039 # 1504
15039 # 1504
15039 # 1504
15039 # 1504
15039 # 1504
15039 # 1504
15039 # 1504
15039 # 1504
15039 # 1504
15039 # 1504
15039 # 1504
15039 # 1504
15039 # 1504
15039 # 1504
15039 # 1504
15039 # 1504
15039 # 1504
15039 # 1504
15039 # 1504
15039 # 1504
15039 # 1504
15039 # 1504
15039 # 1504
15039 # 1504
15039 # 1504
15039 # 1504
15039 # 1504
15039 # 1504
15039 # 1504
15039 # 1504
15039 # 1504
15039 # 1504
15039 # 1504
15039 # 1504
15039 # 1504
15039 # 1504
15039 # 1504
15039 # 1504
15039 # 1504
15039 # 1504
15039 # 1504
15039 # 1504
15039 # 1504
15039 # 1504
15039 # 1504
15039 # 1504
15039 # 1504
15039 # 1504
15039 # 1504
15039 # 1504
15039 # 1504
15039 # 1504
15039 # 1504
15039 # 1504
15039 # 1504
15039 # 1504
15039 # 1504
15039 # 1504
15039 # 1504
15248 + 92
16539 # 1504
16539 - 92 1291
16539 # 1504
16539 # 1504
16539 # 1504
16539 # 1504
16539 # 1504
16539 # 1504
16539 # 1504
16539 # 1504
16539 # 1504
16539 # 1504
16539 # 1504
16539 # 1504
16539 # 1504
16539 # 1504
16539 # 1504
16539 # 1504
16539 # 1504
16539 # 1504
16539 # 1504
16539 # 1504
16539 # 1504
16539 # 1504
16539 # 1504
16539 # 1504
16539 # 1504
16539 # 1504
16539 # 1504
16539 # 1504
16539 # 1504
16539 # 1504
16539 # 1504
16539 # 1504
16539 # 1504
16539 # 1504
16539 # 1504
16539 # 1504
16539 # 1504
16539 # 1504
16539 # 1504
16539 # 1504
16539 # 1504
16539 # 1504
16539 # 1504
16539 # 1504
16539 # 1504
16539 # 1504
16539 # 1504
16539 # 1504
16539 # 1504
16539 # 1504
16539 # 1504
16539 # 1504
16539 # 1504
16539 # 1504
16539 # 1504
16539 # 1504
16539 # 1504
16539 # 1504
16539 # 1504
16539 # 1504
16539 # 1504
16539 # 1504
16539 # 1504
16539 # 1504
16539 # 1504
16539 # 1504
16539 # 1504
16539 # 1504
16539 # 1504
16539 # 1504
16539 # 1504
16539 # 1504
16539 # 1504
16539 # 1504
16539 # 1504
16539 # 1504
16539 # 1504
16539 # 1504
16539 # 1504
16539 # 1504
16539 # 1504
16539 # 1504
16745 + 92
16745 + 92
16745 + 92
16745 + 92
16745 + 92
16745 + 92
16745 + 92
16745 + 92
16745 + 92
16745 + 92
16745 + 92
16745 + 92
16745 + 92
16745 + 92
16745 + 92
16790 + 92
18039 # 1504
18039 - 92 1294
18039 - 92 1294
18039 - 92 1294
18039 - 92 1294
18039 - 92 1294
18039 - 92 1294
18039 - 92 1294
18039 - 92 1294
18039 - 92 1294
18039 - 92 1294
18039 - 92 1294
18039 - 92 1294
18039 - 92 1294
18039 - 92 1294
18039 - 92 1294
18039 - 92 1249
18039 # 1504
18039 # 1504
18039 # 1504
18039 # 1504
18039 # 1504
18039 # 1504
18039 # 1504
18039 # 1504
18039 # 1504
18039 # 1504
18039 # 1504
18039 # 1504
18039 # 1504
18039 # 1504
18039 # 1504
18039 # 1504
18039 # 1504
18039 # 1504
18039 # 1504
18039 # 1504
18039 # 1504
18039 # 1504
18039 # 1504
18039 # 1504
18039 # 1504
18039 # 1504
18039 # 1504
18039 # 1504
18039 # 1504
18039 # 1504
18039 # 1504
18039 # 1504
18039 # 1504
18039 # 1504
18039 # 1504
18039 # 1504
18039 # 1504
18039 # 1504
18039 # 1504
18039 # 1504
18039 # 1504
18039 # 1504
18039 # 1504
18039 # 1504
18039 # 1504
18039 # 1504
18039 # 1504
18039 # 1504
18039 # 1504
18039 # 1504
18039 # 1504
18039 # 1504
18039 # 1504
18039 # 1504
18039 # 1504
18039 # 1504
18039 # 1504
18039 # 1504
18039 # 1504
18039 # 1504
18039 # 1504
18039 # 1504
18039 # 1504
18039 # 1504
18039 # 1504
18039 # 1504
18039 # 1504
18039 # 1504
18039 # 1504
18039 # 1504
18039 # 1504
18039 # 1504
18039 # 1504
18039 # 1504
18039 # 1504
18039 # 1504
18039 # 1504
18039 # 1504
18039 # 1504
18039 # 1504
18039 # 1504
18039 # 1504
18249 + 92
18249 + 92
18249 + 92
18249 + 92
19539 # 1504
19539 - 92 1290
19539 - 92 1290
19539 - 92 1290
19539 - 92 1290
19539 # 1504
19539 # 1504
19539 # 1504
19539 # 1504
19539 # 1504
19539 # 1504
19539 # 1504
19539 # 1504
19539 # 1504
19539 # 1504
19539 # 1504
19539 # 1504
19539 # 1504
19539 # 1504
19539 # 1504
19539 # 1504
19539 # 1504
19539 # 1504
19539 # 1504
19539 # 1504
19539 # 1504
19539 # 1504
19539 # 1504
19539 # 1504
19539 # 1504
19539 # 1504
19539 # 1504
19539 # 1504
19539 # 1504
19539 # 1504
19539 # 1504
19539 # 1504
19539 # 1504
19539 # 1504
19539 # 1504
19539 # 1504
19539 # 1504
19539 # 1504
19539 # 1504
19539 # 1504
19539 # 1504
19539 # 1504
19539 # 1504
19539 # 1504
19539 # 1504
19539 # 1504
19539 # 1504
19539 # 1504
19539 # 1504
19539 # 1504
19539 # 1504
19539 # 1504
19539 # 1504
19539 # 1504
19539 # 1504
19539 # 1504
19539 # 1504
19539 # 1504
19539 # 1504
19539 # 1504
19539 # 1504
19539 # 1504
19539 # 1504
19539 # 1504
19539 # 1504
19539 # 1504
19539 # 1504
19539 # 1504
19539 # 1504
19539 # 1504
19539 # 1504
19539 # 1504
19539 # 1504
19539 # 1504
19539 # 1504
19539 # 1504
19539 # 1504
19539 # 1504
19539 # 1504
19539 # 1504
19539 # 1504
19539 # 1504
19746 + 92
19746 + 92
19746 + 92
19746 + 92
19746 + 92
19746 + 92
19746 + 92
19746 + 92
19746 + 92
19746 + 92
19746 + 92
19746 + 92
19746 + 92
19746 + 92
19746 + 92
19746 + 92
19746 + 92
19746 + 92
19746 + 92
19746 + 92
19746 + 92
19746 + 92
19746 + 92
19746 + 92
19746 + 92
19746 + 92
19746 + 92
19746 + 92
19746 + 92
19746 + 92
19746 + 92
19746 + 92
19746 + 92
19746 + 92
19746 + 92
19746 + 92
19746 + 92
19746 + 92
19746 + 92
19746 + 92
19746 + 92
19746 + 92
19746 + 92
19746 + 92
19746 + 92
19746 + 92
19747 + 92
19747 + 92
19747 + 92
19747 + 92
19747 + 92
19747 + 92
19747 + 92
19747 + 92
19747 + 92
19747 + 92
19747 + 92
19747 + 92
19747 + 92
19747 + 92
19747 + 92
19747 + 92
19747 + 92
19747 + 92
19747 + 92
19747 + 92
19747 + 92
19747 + 92
19747 + 92
19747 + 92
19747 + 92
21039 # 1504
21039 - 92 1293
21039 - 92 1293
21039 - 92 1293
21039 - 92 1293
21039 - 92 1293
21039 - 92 1293
21039 - 92 1293
21039 - 92 1293
21039 - 92 1293
21039 - 92 1293
21039 - 92 1293
21039 - 92 1293
21039 - 92 1293
21039 - 92 1293
21039 - 92 1293
21039 - 92 1293
21039 # 1504
21039 - 92 1293
21039 - 92 1293
21039 - 92 1293
21039 - 92 1293
21039 - 92 1293
21039 - 92 1293
21039 - 92 1293
21039 - 92 1293
21039 - 92 1293
21039 - 92 1293
21039 - 92 1293
21039 - 92 1293
21039 - 92 1293
21039 - 92 1293
21039 - 92 1293
21039 - 92 1293
21039 # 1504
21039 - 92 1293
21039 - 92 1293
21039 - 92 1293
21039 - 92 1293
21039 - 92 1293
21039 - 92 1293
21039 - 92 1293
21039 - 92 1293
21039 - 92 1293
21039 - 92 1293
21039 - 92 1293
21039 - 92 1293
21039 - 92 1293
21039 - 92 1293
21039 - 92 1292
21039 - 92 1292
21039 - 92 1292
21039 # 1504
21039 - 92 1292
21039 - 92 1292
21039 - 92 1292
21039 - 92 1292
21039 - 92 1292
21039 - 92 1292
21039 - 92 1292
21039 - 92 1292
21039 - 92 1292
21039 - 92 1292
21039 - 92 1292
21039 - 92 1292
21039 - 92 1292
21039 - 92 1292
21039 - 92 1292
21039 - 92 1292
21039 # 1504
21039 - 92 1292
21039 - 92 1292
21039 - 92 1292
21039 - 92 1292
21039 - 92 1292
21039 - 92 1292
21039 # 1504
21039 # 1504
21039 # 1504
21039 # 1504
21039 # 1504
21039 # 1504
21039 # 1504
21039 # 1504
21039 # 1504
21039 # 1504
21039 # 1504
21039 # 1504
21039 # 1504
21039 # 1504
21039 # 1504
21039 # 1504
21039 # 1504
21039 # 1504
21039 # 1504
21039 # 1504
21039 # 1504
21039 # 1504
21039 # 1504
21039 # 1504
21039 # 1504
21039 # 1504
21039 # 1504
21039 # 1504
21039 # 1504
21039 # 1504
21039 # 1504
21039 # 1504
21039 # 1504
21039 # 1504
21039 # 1504
21039 # 1504
21039 # 1504
21039 # 1504
21039 # 1504
21039 # 1504
21039 # 1504
21039 # 1504
21039 # 1504
21039 # 1504
21039 # 1504
21039 # 1504
21039 # 1504
21039 # 1504
21039 # 1504
21039 # 1504
21039 # 1504
21039 # 1504
21039 # 1504
21039 # 1504
21039 # 1504
21039 # 1504
21039 # 1504
21039 # 1504
21039 # 1504
21039 # 1504
21039 # 1504
21039 # 1504
21039 # 1504
21039 # 1504
21039 # 1504
21039 # 1504
21039 # 1504
21039 # 1504
21039 # 1504
21039 # 1504
21039 # 1504
21039 # 1504
21039 # 1504
21039 # 1504
21039 # 1504
21039 # 1504
21039 # 1504
21039 # 1504
21245 + 92
21245 + 92
21245 + 92
21246 + 92
21246 + 92
21246 + 92
21246 + 92
21246 + 92
22539 # 1504
22539 - 92 1294
22539 - 92 1294
22539 - 92 1294
22539 - 92 1293
22539 - 92 1293
22539 - 92 1293
22539 - 92 1293
22539 - 92 1293
22539 # 1504
22539 # 1504
22539 # 1504
22539 # 1504
22539 # 1504
22539 # 1504
22539 # 1504
22539 # 1504
22539 # 1504
22539 # 1504
22539 # 1504
22539 # 1504
22539 # 1504
22539 # 1504
22539 # 1504
22539 # 1504
22539 # 1504
22539 # 1504
22539 # 1504
22539 # 1504
22539 # 1504
22539 # 1504
22539 # 1504
22539 # 1504
22539 # 1504
22539 # 1504
22539 # 1504
22539 # 1504
22539 # 1504
22539 # 1504
22539 # 1504
22539 # 1504
22539 # 1504
22539 # 1504
22539 # 1504
22539 # 1504
22539 # 1504
22539 # 1504
22539 # 1504
22539 # 1504
22539 # 1504
22539 # 1504
22539 # 1504
22539 # 1504
22539 # 1504
22539 # 1504
22539 # 1504
22539 # 1504
22539 # 1504
22539 # 1504
22539 # 1504
22539 # 1504
22539 # 1504
22539 # 1504
22539 # 1504
22539 # 1504
22539 # 1504
22539 # 1504
22539 # 1504
22539 # 1504
22539 # 1504
22539 # 1504
22539 # 1504
22539 # 1504
22539 # 1504
22539 # 1504
22539 # 1504
22539 # 1504
22539 # 1504
22539 # 1504
22539 # 1504
22539 # 1504
22539 # 1504
22539 # 1504
22539 # 1504
22539 # 1504
22539 # 1504
22539 # 1504
22539 # 1504
22539 # 1504
22539 # 1504
22539 # 1504
22746 + 92
22746 + 92
22746 + 92
22746 + 92
22746 + 92
22746 + 92
22746 + 92
22746 + 92
22746 + 92
22746 + 92
22746 + 92
22746 + 92
22746 + 92
22746 + 92
22746 + 92
22746 + 92
22746 + 92
22746 + 92
22746 + 92
22746 + 92
22746 + 92
22746 + 92
22746 + 92
22746 + 92
22746 + 92
22747 + 92
22747 + 92
22747 + 92
22747 + 92
22747 + 92
22747 + 92
22747 + 92
22747 + 92
22747 + 92
22747 + 92
22747 + 92
22747 + 92
22747 + 92
22748 + 92
22748 + 92
22748 + 92
22748 + 92
22748 + 92
22748 + 92
22748 + 92
22748 + 92
22748 + 92
22748 + 92
22748 + 92
22748 + 92
22750 + 92
22750 + 92
22750 + 92
22750 + 92
22750 + 92
22750 + 92
22750 + 92
22750 + 92
22750 + 92
22750 + 92
22750 + 92
22750 + 92
22750 + 92
22750 + 92
22750 + 92
22750 + 92
24039 # 1504
24039 - 92 1293
24039 - 92 1293
24039 - 92 1293
24039 - 92 1293
24039 - 92 1293
24039 - 92 1293
24039 - 92 1293
24039 - 92 1293
24039 - 92 1293
24039 - 92 1293
24039 - 92 1293
24039 - 92 1293
24039 - 92 1293
24039 - 92 1293
24039 - 92 1293
24039 - 92 1293
24039 # 1504
24039 - 92 1293
24039 - 92 1293
24039 - 92 1293
24039 - 92 1293
24039 - 92 1293
24039 - 92 1293
24039 - 92 1293
24039 - 92 1293
24039 - 92 1293
24039 - 92 1292
24039 - 92 1292
24039 - 92 1292
24039 - 92 1292
24039 - 92 1292
24039 - 92 1292
24039 - 92 1292
24039 # 1504
24039 - 92 1292
24039 - 92 1292
24039 - 92 1292
24039 - 92 1292
24039 - 92 1292
24039 - 92 1292
24039 - 92 1291
24039 - 92 1291
24039 - 92 1291
24039 - 92 1291
24039 - 92 1291
24039 - 92 1291
24039 - 92 1291
24039 - 92 1291
24039 - 92 1291
24039 - 92 1291
24039 - 92 1291
24039 # 1504
24039 - 92 1291
24039 - 92 1289
24039 - 92 1289
24039 - 92 1289
24039 - 92 1289
24039 - 92 1289
24039 - 92 1289
24039 - 92 1289
24039 - 92 1289
24039 - 92 1289
24039 - 92 1289
24039 - 92 1289
24039 - 92 1289
24039 - 92 1289
24039 - 92 1289
24039 - 92 1289
24039 # 1504
24039 - 92 1289
24039 # 1504
24039 # 1504
24039 # 1504
24039 # 1504
24039 # 1504
24039 # 1504
24039 # 1504
24039 # 1504
24039 # 1504
24039 # 1504
24039 # 1504
24039 # 1504
24039 # 1504
24039 # 1504
24039 # 1504
24039 # 1504
24039 # 1504
24039 # 1504
24039 # 1504
24039 # 1504
24039 # 1504
24039 # 1504
24039 # 1504
24039 # 1504
24039 # 1504
24039 # 1504
24039 # 1504
24039 # 1504
24039 # 1504
24039 # 1504
24039 # 1504
24039 # 1504
24039 # 1504
24039 # 1504
24039 # 1504
24039 # 1504
24039 # 1504
24039 # 1504
24039 # 1504
24039 # 1504
24039 # 1504
24039 # 1504
24039 # 1504
24039 # 1504
24039 # 1504
24039 # 1504
24039 # 1504
24039 # 1504
24039 # 1504
24039 # 1504
24039 # 1504
24039 # 1504
24039 # 1504
24039 # 1504
24039 # 1504
24039 # 1504
24039 # 1504
24039 # 1504
24039 # 1504
24039 # 1504
24039 # 1504
24039 # 1504
24039 # 1504
24039 # 1504
24039 # 1504
24039 # 1504
24039 # 1504
24039 # 1504
24039 # 1504
24039 # 1504
24039 # 1504
24039 # 1504
24039 # 1504
24039 # 1504
24039 # 1504
24039 # 1504
24039 # 1504
24039 # 1504
24250 + 92
24250 + 92
24250 + 92
24250 + 92
24250 + 92
24250 + 92
24250 + 92
24250 + 92
24250 + 92
24250 + 92
25539 # 1504
25539 - 92 1289
25539 - 92 1289
25539 - 92 1289
25539 - 92 1289
25539 - 92 1289
25539 - 92 1289
25539 - 92 1289
25539 - 92 1289
25539 - 92 1289
25539 - 92 1289
25539 # 1504
25539 # 1504
25539 # 1504
25539 # 1504
25539 # 1504
25539 # 1504
25539 # 1504
25539 # 1504
25539 # 1504
25539 # 1504
25539 # 1504
25539 # 1504
25539 # 1504
25539 # 1504
25539 # 1504
25539 # 1504
25539 # 1504
25539 # 1504
25539 # 1504
25539 # 1504
25539 # 1504
25539 # 1504
25539 # 1504
25539 # 1504
25539 # 1504
25539 # 1504
25539 # 1504
25539 # 1504
25539 # 1504
25539 # 1504
25539 # 1504
25539 # 1504
25539 # 1504
25539 # 1504
25539 # 1504
25539 # 1504
25539 # 1504
25539 # 1504
25539 # 1504
25539 # 1504
25539 # 1504
25539 # 1504
25539 # 1504
25539 # 1504
25539 # 1504
25539 # 1504
25539 # 1504
25539 # 1504
25539 # 1504
25539 # 1504
25539 # 1504
25539 # 1504
25539 # 1504
25539 # 1504
25539 # 1504
25539 # 1504
25539 # 1504
25539 # 1504
25539 # 1504
25539 # 1504
25539 # 1504
25539 # 1504
25539 # 1504
25539 # 1504
25539 # 1504
25539 # 1504
25539 # 1504
25539 # 1504
25539 # 1504
25539 # 1504
25539 # 1504
25539 # 1504
25539 # 1504
25539 # 1504
25539 # 1504
25539 # 1504
25539 # 1504
25539 # 1504
25539 # 1504
25539 # 1504
25539 # 1504
25539 # 1504
25747 + 92
25747 + 92
25747 + 92
25747 + 92
25747 + 92
25747 + 92
25747 + 92
25747 + 92
25747 + 92
25747 + 92
25747 + 92
25747 + 92
25747 + 92
25747 + 92
25747 + 92
25747 + 92
25747 + 92
25747 + 92
25747 + 92
25747 + 92
25747 + 92
25747 + 92
25747 + 92
25747 + 92
25747 + 92
25747 + 92
25747 + 92
25747 + 92
25747 + 92
25747 + 92
25747 + 92
25747 + 92
25747 + 92
25747 + 92
25747 + 92
25747 + 92
25747 + 92
25747 + 92
25747 + 92
25747 + 92
25747 + 92
25747 + 92
25747 + 92
25747 + 92
25747 + 92
25747 + 92
25747 + 92
26836 + 52
27039 # 1504
27039 - 92 1292
27039 - 92 1292
27039 - 92 1292
27039 - 92 1292
27039 - 92 1292
27039 - 92 1292
27039 - 92 1292
27039 - 92 1292
27039 - 92 1292
27039 - 92 1292
27039 - 92 1292
27039 - 92 1292
27039 - 92 1292
27039 - 92 1292
27039 - 92 1292
27039 - 92 1292
27039 # 1504
27039 - 92 1292
27039 - 92 1292
27039 - 92 1292
27039 - 92 1292
27039 - 92 1292
27039 - 92 1292
27039 - 92 1292
27039 - 92 1292
27039 - 92 1292
27039 - 92 1292
27039 - 92 1292
27039 - 92 1292
27039 - 92 1292
27039 - 92 1292
27039 - 92 1292
27039 - 92 1292
27039 # 1504
27039 - 92 1292
27039 - 92 1292
27039 - 92 1292
27039 - 92 1292
27039 - 92 1292
27039 - 92 1292
27039 - 92 1292
27039 - 92 1292
27039 - 92 1292
27039 - 92 1292
27039 - 92 1292
27039 - 92 1292
27039 - 92 1292
27039 - 92 1292
27039 - 92 1292
27039 - 52 203
27039 # 1504
27039 # 1504
27039 # 1504
27039 # 1504
27039 # 1504
27039 # 1504
27039 # 1504
27039 # 1504
27039 # 1504
27039 # 1504
27039 # 1504
27039 # 1504
27039 # 1504
27039 # 1504
27039 # 1504
27039 # 1504
27039 # 1504
27039 # 1504
27039 # 1504
27039 # 1504
27039 # 1504
27039 # 1504
27039 # 1504
27039 # 1504
27039 # 1504
27039 # 1504
27039 # 1504
27039 # 1504
27039 # 1504
27039 # 1504
27039 # 1504
27039 # 1504
27039 # 1504
27039 # 1504
27039 # 1504
27039 # 1504
27039 # 1504
27039 # 1504
27039 # 1504
27039 # 1504
27039 # 1504
27039 # 1504
27039 # 1504
27039 # 1504
27039 # 1504
27039 # 1504
27039 # 1504
27039 # 1504
27039 # 1504
27039 # 1504
27039 # 1504
27039 # 1504
27039 # 1504
27039 # 1504
27039 # 1504
27039 # 1504
27039 # 1504
27039 # 1504
27039 # 1504
27039 # 1504
27039 # 1504
27039 # 1504
27039 # 1504
27039 # 1504
27039 # 1504
27039 # 1504
27039 # 1504
27039 # 1504
27039 # 1504
27039 # 1504
27039 # 1504
27039 # 1504
27039 # 1504
27039 # 1504
27039 # 1504
27039 # 1504
27039 # 1504
27039 # 1504
27039 # 1504
27039 # 1504
27246 + 92
27246 + 92
27246 + 92
28539 # 1504
28539 - 92 1293
28539 - 92 1293
28539 - 92 1293
28539 # 1504
28539 # 1504
28539 # 1504
28539 # 1504
28539 # 1504
28539 # 1504
28539 # 1504
28539 # 1504
28539 # 1504
28539 # 1504
28539 # 1504
28539 # 1504
28539 # 1504
28539 # 1504
28539 # 1504
28539 # 1504
28539 # 1504
28539 # 1504
28539 # 1504
28539 # 1504
28539 # 1504
28539 # 1504
28539 # 1504
28539 # 1504
28539 # 1504
28539 # 1504
28539 # 1504
28539 # 1504
28539 # 1504
28539 # 1504
28539 # 1504
28539 # 1504
28539 # 1504
28539 # 1504
28539 # 1504
28539 # 1504
28539 # 1504
28539 # 1504
28539 # 1504
28539 # 1504
28539 # 1504
28539 # 1504
28539 # 1504
28539 # 1504
28539 # 1504
28539 # 1504
28539 # 1504
28539 # 1504
28539 # 1504
28539 # 1504
28539 # 1504
28539 # 1504
28539 # 1504
28539 # 1504
28539 # 1504
28539 # 1504
28539 # 1504
28539 # 1504
28539 # 1504
28539 # 1504
28539 # 1504
28539 # 1504
28539 # 1504
28539 # 1504
28539 # 1504
28539 # 1504
28539 # 1504
28539 # 1504
28539 # 1504
28539 # 1504
28539 # 1504
28539 # 1504
28539 # 1504
28539 # 1504
28539 # 1504
28539 # 1504
28539 # 1504
28539 # 1504
28539 # 1504
28539 # 1504
28539 # 1504
28539 # 1504
28743 + 92
28743 + 92
28743 + 92
28743 + 92
28743 + 92
28743 + 92
28743 + 92
28743 + 92
28743 + 92
28743 + 92
28743 + 92
28743 + 92
28743 + 92
30039 # 1504
30039 - 92 1296
30039 - 92 1296
30039 - 92 1296
30039 - 92 1296
30039 - 92 1296
30039 - 92 1296
30039 - 92 1296
30039 - 92 1296
30039 - 92 1296
30039 - 92 1296
30039 - 92 1296
30039 - 92 1296
30039 - 92 1296
30039 # 1504
30039 # 1504
30039 # 1504
30039 # 1504
30039 # 1504
30039 # 1504
30039 # 1504
30039 # 1504
30039 # 1504
30039 # 1504
30039 # 1504
30039 # 1504
30039 # 1504
30039 # 1504
30039 # 1504
30039 # 1504
30039 # 1504
30039 # 1504
30039 # 1504
30039 # 1504
30039 # 1504
30039 # 1504
30039 # 1504
30039 # 1504
30039 # 1504
30039 # 1504
30039 # 1504
30039 # 1504
30039 # 1504
30039 # 1504
30039 # 1504
30039 # 1504
30039 # 1504
30039 # 1504
30039 # 1504
30039 # 1504
30039 # 1504
30039 # 1504
30039 # 1504
30039 # 1504
30039 # 1504
30039 # 1504
30039 # 1504
30039 # 1504
30039 # 1504
30039 # 1504
30039 # 1504
30039 # 1504
30039 # 1504
30039 # 1504
30039 # 1504
30039 # 1504
30039 # 1504
30039 # 1504
30039 # 1504
30039 # 1504
30039 # 1504
30039 # 1504
30039 # 1504
30039 # 1504
30039 # 1504
30039 # 1504
30039 # 1504
30039 # 1504
30039 # 1504
30039 # 1504
30039 # 1504
30039 # 1504
30039 # 1504
30039 # 1504
30039 # 1504
30039 # 1504
30039 # 1504
30039 # 1504
30039 # 1504
30039 # 1504
30039 # 1504
30039 # 1504
30039 # 1504
30039 # 1504
30039 # 1504
30039 # 1504
30250 + 92
30250 + 92
30250 + 92
30250 + 92
31539 # 1504
31539 - 92 1289
31539 - 92 1289
31539 - 92 1289
31539 - 92 1289
31539 # 1504
31539 # 1504
31539 # 1504
31539 # 1504
31539 # 1504
31539 # 1504
31539 # 1504
31539 # 1504
31539 # 1504
31539 # 1504
31539 # 1504
31539 # 1504
31539 # 1504
31539 # 1504
31539 # 1504
31539 # 1504
31539 # 1504
31539 # 1504
31539 # 1504
31539 # 1504
31539 # 1504
31539 # 1504
31539 # 1504
31539 # 1504
31539 # 1504
31539 # 1504
31539 # 1504
31539 # 1504
31539 # 1504
31539 # 1504
31539 # 1504
31539 # 1504
31539 # 1504
31539 # 1504
31539 # 1504
31539 # 1504
31539 # 1504
31539 # 1504
31539 # 1504
31539 # 1504
31539 # 1504
31539 # 1504
31539 # 1504
31539 # 1504
31539 # 1504
31539 # 1504
31539 # 1504
31539 # 1504
31539 # 1504
31539 # 1504
31539 # 1504
31539 # 1504
31539 # 1504
31539 # 1504
31539 # 1504
31539 # 1504
31539 # 1504
31539 # 1504
31539 # 1504
31539 # 1504
31539 # 1504
31539 # 1504
31539 # 1504
31539 # 1504
31539 # 1504
31539 # 1504
31539 # 1504
31539 # 1504
31539 # 1504
31539 # 1504
31539 # 1504
31539 # 1504
31539 # 1504
31539 # 1504
31539 # 1504
31539 # 1504
31539 # 1504
31539 # 1504
31539 # 1504
31539 # 1504
31539 # 1504
31539 # 1504
31749 + 92
31749 + 92
31749 + 92
33039 # 1504
33039 - 92 1290
33039 - 92 1290
33039 - 92 1290
33039 # 1504
33039 # 1504
33039 # 1504
33039 # 1504
33039 # 1504
33039 # 1504
33039 # 1504
33039 # 1504
33039 # 1504
33039 # 1504
33039 # 1504
33039 # 1504
33039 # 1504
33039 # 1504
33039 # 1504
33039 # 1504
33039 # 1504
33039 # 1504
33039 # 1504
33039 # 1504
33039 # 1504
33039 # 1504
33039 # 1504
33039 # 1504
33039 # 1504
33039 # 1504
33039 # 1504
33039 # 1504
33039 # 1504
33039 # 1504
33039 # 1504
33039 # 1504
33039 # 1504
33039 # 1504
33039 # 1504
33039 # 1504
33039 # 1504
33039 # 1504
33039 # 1504
33039 # 1504
33039 # 1504
33039 # 1504
33039 # 1504
33039 # 1504
33039 # 1504
33039 # 1504
33039 # 1504
33039 # 1504
33039 # 1504
33039 # 1504
33039 # 1504
33039 # 1504
33039 # 1504
33039 # 1504
33039 # 1504
33039 # 1504
33039 # 1504
33039 # 1504
33039 # 1504
33039 # 1504
33039 # 1504
33039 # 1504
33039 # 1504
33039 # 1504
33039 # 1504
33039 # 1504
33039 # 1504
33039 # 1504
33039 # 1504
33039 # 1504
33039 # 1504
33039 # 1504
33039 # 1504
33039 # 1504
33039 # 1504
33039 # 1504
33039 # 1504
33039 # 1504
33039 # 1504
33039 # 1504
33039 # 1504
33039 # 1504
33242 + 92
33242 + 92
33242 + 92
34539 # 1504
34539 - 92 1297
34539 - 92 1297
34539 - 92 1297
34539 # 1504
34539 # 1504
34539 # 1504
34539 # 1504
34539 # 1504
34539 # 1504
34539 # 1504
34539 # 1504
34539 # 1504
34539 # 1504
34539 # 1504
34539 # 1504
34539 # 1504
34539 # 1504
34539 # 1504
34539 # 1504
34539 # 1504
34539 # 1504
34539 # 1504
34539 # 1504
34539 # 1504
34539 # 1504
34539 # 1504
34539 # 1504
34539 # 1504
34539 # 1504
34539 # 1504
34539 # 1504
34539 # 1504
34539 # 1504
34539 # 1504
34539 # 1504
34539 # 1504
34539 # 1504
34539 # 1504
34539 # 1504
34539 # 1504
34539 # 1504
34539 # 1504
34539 # 1504
34539 # 1504
34539 # 1504
34539 # 1504
34539 # 1504
34539 # 1504
34539 # 1504
34539 # 1504
34539 # 1504
34539 # 1504
34539 # 1504
34539 # 1504
34539 # 1504
34539 # 1504
34539 # 1504
34539 # 1504
34539 # 1504
34539 # 1504
34539 # 1504
34539 # 1504
34539 # 1504
34539 # 1504
34539 # 1504
34539 # 1504
34539 # 1504
34539 # 1504
34539 # 1504
34539 # 1504
34539 # 1504
34539 # 1504
34539 # 1504
34539 # 1504
34539 # 1504
34539 # 1504
34539 # 1504
34539 # 1504
34539 # 1504
34539 # 1504
34539 # 1504
34539 # 1504
34539 # 1504
34539 # 1504
34539 # 1504
34743 + 92
34743 + 92
34743 + 92
34743 + 92
34743 + 92
34743 + 92
34743 + 92
34743 + 92
34743 + 92
34743 + 92
34744 + 92
34744 + 92
34744 + 92
36039 # 1504
36039 - 92 1296
36039 - 92 1296
36039 - 92 1296
36039 - 92 1296
36039 - 92 1296
36039 - 92 1296
36039 - 92 1296
36039 - 92 1296
36039 - 92 1296
36039 - 92 1296
36039 - 92 1295
36039 - 92 1295
36039 - 92 1295
36039 # 1504
36039 # 1504
36039 # 1504
36039 # 1504
36039 # 1504
36039 # 1504
36039 # 1504
36039 # 1504
36039 # 1504
36039 # 1504
36039 # 1504
36039 # 1504
36039 # 1504
36039 # 1504
36039 # 1504
36039 # 1504
36039 # 1504
36039 # 1504
36039 # 1504
36039 # 1504
36039 # 1504
36039 # 1504
36039 # 1504
36039 # 1504
36039 # 1504
36039 # 1504
36039 # 1504
36039 # 1504
36039 # 1504
36039 # 1504
36039 # 1504
36039 # 1504
36039 # 1504
36039 # 1504
36039 # 1504
36039 # 1504
36039 # 1504
36039 # 1504
36039 # 1504
36039 # 1504
36039 # 1504
36039 # 1504
36039 # 1504
36039 # 1504
36039 # 1504
36039 # 1504
36039 # 1504
36039 # 1504
36039 # 1504
36039 # 1504
36039 # 1504
36039 # 1504
36039 # 1504
36039 # 1504
36039 # 1504
36039 # 1504
36039 # 1504
36039 # 1504
36039 # 1504
36039 # 1504
36039 # 1504
36039 # 1504
36039 # 1504
36039 # 1504
36039 # 1504
36039 # 1504
36039 # 1504
36039 # 1504
36039 # 1504
36039 # 1504
36039 # 1504
36039 # 1504
36039 # 1504
36039 # 1504
36039 # 1504
36039 # 1504
36039 # 1504
36039 # 1504
36039 # 1504
36039 # 1504
36039 # 1504
36039 # 1504
36242 + 92
36243 + 92
36243 + 92
36243 + 92
37539 # 1504
37539 - 92 1297
37539 - 92 1296
37539 - 92 1296
37539 - 92 1296
37539 # 1504
37539 # 1504
37539 # 1504
37539 # 1504
37539 # 1504
37539 # 1504
37539 # 1504
37539 # 1504
37539 # 1504
37539 # 1504
37539 # 1504
37539 # 1504
37539 # 1504
37539 # 1504
37539 # 1504
37539 # 1504
37539 # 1504
37539 # 1504
37539 # 1504
37539 # 1504
37539 # 1504
37539 # 1504
37539 # 1504
37539 # 1504
37539 # 1504
37539 # 1504
37539 # 1504
37539 # 1504
37539 # 1504
37539 # 1504
37539 # 1504
37539 # 1504
37539 # 1504
37539 # 1504
37539 # 1504
37539 # 1504
37539 # 1504
37539 # 1504
37539 # 1504
37539 # 1504
37539 # 1504
37539 # 1504
37539 # 1504
37539 # 1504
37539 # 1504
37539 # 1504
37539 # 1504
37539 # 1504
37539 # 1504
37539 # 1504
37539 # 1504
37539 # 1504
37539 # 1504
37539 # 1504
37539 # 1504
37539 # 1504
37539 # 1504
37539 # 1504
37539 # 1504
37539 # 1504
37539 # 1504
37539 # 1504
37539 # 1504
37539 # 1504
37539 # 1504
37539 # 1504
37539 # 1504
37539 # 1504
37539 # 1504
37539 # 1504
37539 # 1504
37539 # 1504
37539 # 1504
37539 # 1504
37539 # 1504
37539 # 1504
37539 # 1504
37539 # 1504
37539 # 1504
37539 # 1504
37539 # 1504
37539 # 1504
37745 + 92
37745 + 92
37745 + 92
37745 + 92
37745 + 92
37745 + 92
37745 + 92
37745 + 92
37745 + 92
37745 + 92
37745 + 92
37745 + 92
37745 + 92
37745 + 92
37745 + 92
37745 + 92
37745 + 92
37745 + 92
37745 + 92
37746 + 92
37746 + 92
37746 + 92
37746 + 92
39039 # 1504
39039 - 92 1294
39039 - 92 1294
39039 - 92 1294
39039 - 92 1294
39039 - 92 1294
39039 - 92 1294
39039 - 92 1294
39039 - 92 1294
39039 - 92 1294
39039 - 92 1294
39039 - 92 1294
39039 - 92 1294
39039 - 92 1294
39039 - 92 1294
39039 - 92 1294
39039 - 92 1294
39039 # 1504
39039 - 92 1294
39039 - 92 1294
39039 - 92 1294
39039 - 92 1293
39039 - 92 1293
39039 - 92 1293
39039 - 92 1293
39039 # 1504
39039 # 1504
39039 # 1504
39039 # 1504
39039 # 1504
39039 # 1504
39039 # 1504
39039 # 1504
39039 # 1504
39039 # 1504
39039 # 1504
39039 # 1504
39039 # 1504
39039 # 1504
39039 # 1504
39039 # 1504
39039 # 1504
39039 # 1504
39039 # 1504
39039 # 1504
39039 # 1504
39039 # 1504
39039 # 1504
39039 # 1504
39039 # 1504
39039 # 1504
39039 # 1504
39039 # 1504
39039 # 1504
39039 # 1504
39039 # 1504
39039 # 1504
39039 # 1504
39039 # 1504
39039 # 1504
39039 # 1504
39039 # 1504
39039 # 1504
39039 # 1504
39039 # 1504
39039 # 1504
39039 # 1504
39039 # 1504
39039 # 1504
39039 # 1504
39039 # 1504
39039 # 1504
39039 # 1504
39039 # 1504
39039 # 1504
39039 # 1504
39039 # 1504
39039 # 1504
39039 # 1504
39039 # 1504
39039 # 1504
39039 # 1504
39039 # 1504
39039 # 1504
39039 # 1504
39039 # 1504
39039 # 1504
39039 # 1504
39039 # 1504
39039 # 1504
39039 # 1504
39039 # 1504
39039 # 1504
39039 # 1504
39039 # 1504
39039 # 1504
39039 # 1504
39039 # 1504
39039 # 1504
39039 # 1504
39039 # 1504
39039 # 1504
39039 # 1504
39039 # 1504
39039 # 1504
39039 # 1504
39246 + 92
39246 + 92
39246 + 92
39246 + 92
39246 + 92
39246 + 92
39246 + 92
39246 + 92
40539 # 1504
40539 - 92 1293
40539 - 92 1293
40539 - 92 1293
40539 - 92 1293
40539 - 92 1293
40539 - 92 1293
40539 - 92 1293
40539 - 92 1293
40539 # 1504
40539 # 1504
40539 # 1504
40539 # 1504
40539 # 1504
40539 # 1504
40539 # 1504
40539 # 1504
40539 # 1504
40539 # 1504
40539 # 1504
40539 # 1504
40539 # 1504
40539 # 1504
40539 # 1504
40539 # 1504
40539 # 1504
40539 # 1504
40539 # 1504
40539 # 1504
40539 # 1504
40539 # 1504
40539 # 1504
40539 # 1504
40539 # 1504
40539 # 1504
40539 # 1504
40539 # 1504
40539 # 1504
40539 # 1504
40539 # 1504
40539 # 1504
40539 # 1504
40539 # 1504
40539 # 1504
40539 # 1504
40539 # 1504
40539 # 1504
40539 # 1504
40539 # 1504
40539 # 1504
40539 # 1504
40539 # 1504
40539 # 1504
40539 # 1504
40539 # 1504
40539 # 1504
40539 # 1504
40539 # 1504
40539 # 1504
40539 # 1504
40539 # 1504
40539 # 1504
40539 # 1504
40539 # 1504
40539 # 1504
40539 # 1504
40539 # 1504
40539 # 1504
40539 # 1504
40539 # 1504
40539 # 1504
40539 # 1504
40539 # 1504
40539 # 1504
40539 # 1504
40539 # 1504
40539 # 1504
40539 # 1504
40539 # 1504
40539 # 1504
40539 # 1504
40539 # 1504
40539 # 1504
40539 # 1504
40539 # 1504
40539 # 1504
40539 # 1504
40539 # 1504
40539 # 1504
40539 # 1504
40539 # 1504
40749 + 92
40749 + 92
40749 + 92
40749 + 92
40749 + 92
40749 + 92
40749 + 92
40749 + 92
40750 + 92
40750 + 92
40750 + 92
40750 + 92
40750 + 92
40750 + 92
40750 + 92
40750 + 92
40750 + 92
40750 + 92
40750 + 92
40750 + 92
40750 + 92
40750 + 92
40750 + 92
42039 # 1504
42039 - 92 1290
42039 - 92 1290
42039 - 92 1290
42039 - 92 1290
42039 - 92 1290
42039 - 92 1290
42039 - 92 1290
42039 - 92 1290
42039 - 92 1289
42039 - 92 1289
42039 - 92 1289
42039 - 92 1289
42039 - 92 1289
42039 - 92 1289
42039 - 92 1289
42039 - 92 1289
42039 # 1504
42039 - 92 1289
42039 - 92 1289
42039 - 92 1289
42039 - 92 1289
42039 - 92 1289
42039 - 92 1289
42039 - 92 1289
42039 # 1504
42039 # 1504
42039 # 1504
42039 # 1504
42039 # 1504
42039 # 1504
42039 # 1504
42039 # 1504
42039 # 1504
42039 # 1504
42039 # 1504
42039 # 1504
42039 # 1504
42039 # 1504
42039 # 1504
42039 # 1504
42039 # 1504
42039 # 1504
42039 # 1504
42039 # 1504
42039 # 1504
42039 # 1504
42039 # 1504
42039 # 1504
42039 # 1504
42039 # 1504
42039 # 1504
42039 # 1504
42039 # 1504
42039 # 1504
42039 # 1504
42039 # 1504
42039 # 1504
42039 # 1504
42039 # 1504
42039 # 1504
42039 # 1504
42039 # 1504
42039 # 1504
42039 # 1504
42039 # 1504
42039 # 1504
42039 # 1504
42039 # 1504
42039 # 1504
42039 # 1504
42039 # 1504
42039 # 1504
42039 # 1504
42039 # 1504
42039 # 1504
42039 # 1504
42039 # 1504
42039 # 1504
42039 # 1504
42039 # 1504
42039 # 1504
42039 # 1504
42039 # 1504
42039 # 1504
42039 # 1504
42039 # 1504
42039 # 1504
42039 # 1504
42039 # 1504
42039 # 1504
42039 # 1504
42039 # 1504
42039 # 1504
42039 # 1504
42039 # 1504
42039 # 1504
42039 # 1504
42039 # 1504
42039 # 1504
42039 # 1504
42039 # 1504
42039 # 1504
42039 # 1504
42039 # 1504
42039 # 1504
42247 + 92
42247 + 92
42247 + 92
42247 + 92
42247 + 92
42247 + 92
42247 + 92
43539 # 1504
43539 - 92 1292
43539 - 92 1292
43539 - 92 1292
43539 - 92 1292
43539 - 92 1292
43539 - 92 1292
43539 - 92 1292
43539 # 1504
43539 # 1504
43539 # 1504
43539 # 1504
43539 # 1504
43539 # 1504
43539 # 1504
43539 # 1504
43539 # 1504
43539 # 1504
43539 # 1504
43539 # 1504
43539 # 1504
43539 # 1504
43539 # 1504
43539 # 1504
43539 # 1504
43539 # 1504
43539 # 1504
43539 # 1504
43539 # 1504
43539 # 1504
43539 # 1504
43539 # 1504
43539 # 1504
43539 # 1504
43539 # 1504
43539 # 1504
43539 # 1504
43539 # 1504
43539 # 1504
43539 # 1504
43539 # 1504
43539 # 1504
43539 # 1504
43539 # 1504
43539 # 1504
43539 # 1504
43539 # 1504
43539 # 1504
43539 # 1504
43539 # 1504
43539 # 1504
43539 # 1504
43539 # 1504
43539 # 1504
43539 # 1504
43539 # 1504
43539 # 1504
43539 # 1504
43539 # 1504
43539 # 1504
43539 # 1504
43539 # 1504
43539 # 1504
43539 # 1504
43539 # 1504
43539 # 1504
43539 # 1504
43539 # 1504
43539 # 1504
43539 # 1504
43539 # 1504
43539 # 1504
43539 # 1504
43539 # 1504
43539 # 1504
43539 # 1504
43539 # 1504
43539 # 1504
43539 # 1504
43539 # 1504
43539 # 1504
43539 # 1504
43539 # 1504
43539 # 1504
43539 # 1504
43539 # 1504
43539 # 1504
43539 # 1504
43539 # 1504
43539 # 1504
43749 + 92
43749 + 92
43749 + 92
43749 + 92
43749 + 92
43749 + 92
43749 + 92
43749 + 92
43749 + 92
43749 + 92
43749 + 92
43749 + 92
43749 + 92
43749 + 92
43749 + 92
43749 + 92
45039 # 1504
45039 - 92 1290
45039 - 92 1290
45039 - 92 1290
45039 - 92 1290
45039 - 92 1290
45039 - 92 1290
45039 - 92 1290
45039 - 92 1290
45039 - 92 1290
45039 - 92 1290
45039 - 92 1290
45039 - 92 1290
45039 - 92 1290
45039 - 92 1290
45039 - 92 1290
45039 - 92 1290
45039 # 1504
45039 # 1504
45039 # 1504
45039 # 1504
45039 # 1504
45039 # 1504
45039 # 1504
45039 # 1504
45039 # 1504
45039 # 1504
45039 # 1504
45039 # 1504
45039 # 1504
45039 # 1504
45039 # 1504
45039 # 1504
45039 # 1504
45039 # 1504
45039 # 1504
45039 # 1504
45039 # 1504
45039 # 1504
45039 # 1504
45039 # 1504
45039 # 1504
45039 # 1504
45039 # 1504
45039 # 1504
45039 # 1504
45039 # 1504
45039 # 1504
45039 # 1504
45039 # 1504
45039 # 1504
45039 # 1504
45039 # 1504
45039 # 1504
45039 # 1504
45039 # 1504
45039 # 1504
45039 # 1504
45039 # 1504
45039 # 1504
45039 # 1504
45039 # 1504
45039 # 1504
45039 # 1504
45039 # 1504
45039 # 1504
45039 # 1504
45039 # 1504
45039 # 1504
45039 # 1504
45039 # 1504
45039 # 1504
45039 # 1504
45039 # 1504
45039 # 1504
45039 # 1504
45039 # 1504
45039 # 1504
45039 # 1504
45039 # 1504
45039 # 1504
45039 # 1504
45039 # 1504
45039 # 1504
45039 # 1504
45039 # 1504
45039 # 1504
45039 # 1504
45039 # 1504
45039 # 1504
45039 # 1504
45039 # 1504
45039 # 1504
45039 # 1504
45039 # 1504
45039 # 1504
45039 # 1504
45039 # 1504
45039 # 1504
45245 + 92
45245 + 92
45245 + 92
45245 + 92
45246 + 92
46539 # 1504
46539 - 92 1294
46539 - 92 1294
46539 - 92 1294
46539 - 92 1294
46539 - 92 1293
46539 # 1504
46539 # 1504
46539 # 1504
46539 # 1504
46539 # 1504
46539 # 1504
46539 # 1504
46539 # 1504
46539 # 1504
46539 # 1504
46539 # 1504
46539 # 1504
46539 # 1504
46539 # 1504
46539 # 1504
46539 # 1504
46539 # 1504
46539 # 1504
46539 # 1504
46539 # 1504
46539 # 1504
46539 # 1504
46539 # 1504
46539 # 1504
46539 # 1504
46539 # 1504
46539 # 1504
46539 # 1504
46539 # 1504
46539 # 1504
46539 # 1504
46539 # 1504
46539 # 1504
46539 # 1504
46539 # 1504
46539 # 1504
46539 # 1504
46539 # 1504
46539 # 1504
46539 # 1504
46539 # 1504
46539 # 1504
46539 # 1504
46539 # 1504
46539 # 1504
46539 # 1504
46539 # 1504
46539 # 1504
46539 # 1504
46539 # 1504
46539 # 1504
46539 # 1504
46539 # 1504
46539 # 1504
46539 # 1504
46539 # 1504
46539 # 1504
46539 # 1504
46539 # 1504
46539 # 1504
46539 # 1504
46539 # 1504
46539 # 1504
46539 # 1504
46539 # 1504
46539 # 1504
46539 # 1504
46539 # 1504
46539 # 1504
46539 # 1504
46539 # 1504
46539 # 1504
46539 # 1504
46539 # 1504
46539 # 1504
46539 # 1504
46539 # 1504
46539 # 1504
46539 # 1504
46539 # 1504
46539 # 1504
46539 # 1504
46744 + 92
46744 + 92
46744 + 92
46744 + 92
46744 + 92
46744 + 92
46744 + 92
46744 + 92
46744 + 92
46744 + 92
46744 + 92
46744 + 92
46744 + 92
46744 + 92
46744 + 92
46744 + 92
46744 + 92
46744 + 92
46746 + 92
48039 # 1504
48039 - 92 1295
48039 - 92 1295
48039 - 92 1295
48039 - 92 1295
48039 - 92 1295
48039 - 92 1295
48039 - 92 1295
48039 - 92 1295
48039 - 92 1295
48039 - 92 1295
48039 - 92 1295
48039 - 92 1295
48039 - 92 1295
48039 - 92 1295
48039 - 92 1295
48039 - 92 1295
48039 # 1504
48039 - 92 1295
48039 - 92 1295
48039 - 92 1293
48039 # 1504
48039 # 1504
48039 # 1504
48039 # 1504
48039 # 1504
48039 # 1504
48039 # 1504
48039 # 1504
48039 # 1504
48039 # 1504
48039 # 1504
48039 # 1504
48039 # 1504
48039 # 1504
48039 # 1504
48039 # 1504
48039 # 1504
48039 # 1504
48039 # 1504
48039 # 1504
48039 # 1504
48039 # 1504
48039 # 1504
48039 # 1504
48039 # 1504
48039 # 1504
48039 # 1504
48039 # 1504
48039 # 1504
48039 # 1504
48039 # 1504
48039 # 1504
48039 # 1504
48039 # 1504
48039 # 1504
48039 # 1504
48039 # 1504
48039 # 1504
48039 # 1504
48039 # 1504
48039 # 1504
48039 # 1504
48039 # 1504
48039 # 1504
48039 # 1504
48039 # 1504
48039 # 1504
48039 # 1504
48039 # 1504
48039 # 1504
48039 # 1504
48039 # 1504
48039 # 1504
48039 # 1504
48039 # 1504
48039 # 1504
48039 # 1504
48039 # 1504
48039 # 1504
48039 # 1504
48039 # 1504
48039 # 1504
48039 # 1504
48039 # 1504
48039 # 1504
48039 # 1504
48039 # 1504
48039 # 1504
48039 # 1504
48039 # 1504
48039 # 1504
48039 # 1504
48039 # 1504
48039 # 1504
48039 # 1504
48039 # 1504
48039 # 1504
48039 # 1504
48039 # 1504
48039 # 1504
48039 # 1504
48243 + 92
48243 + 92
48244 + 92
48244 + 92
48244 + 92
49539 # 1504
49539 - 92 1296
49539 - 92 1296
49539 - 92 1295
49539 - 92 1295
49539 - 92 1295
49539 # 1504
49539 # 1504
49539 # 1504
49539 # 1504
49539 # 1504
49539 # 1504
49539 # 1504
49539 # 1504
49539 # 1504
49539 # 1504
49539 # 1504
49539 # 1504
49539 # 1504
49539 # 1504
49539 # 1504
49539 # 1504
49539 # 1504
49539 # 1504
49539 # 1504
49539 # 1504
49539 # 1504
49539 # 1504
49539 # 1504
49539 # 1504
49539 # 1504
49539 # 1504
49539 # 1504
49539 # 1504
49539 # 1504
49539 # 1504
49539 # 1504
49539 # 1504
49539 # 1504
49539 # 1504
49539 # 1504
49539 # 1504
49539 # 1504
49539 # 1504
49539 # 1504
49539 # 1504
49539 # 1504
49539 # 1504
49539 # 1504
49539 # 1504
49539 # 1504
49539 # 1504
49539 # 1504
49539 # 1504
49539 # 1504
49539 # 1504
49539 # 1504
49539 # 1504
49539 # 1504
49539 # 1504
49539 # 1504
49539 # 1504
49539 # 1504
49539 # 1504
49539 # 1504
49539 # 1504
49539 # 1504
49539 # 1504
49539 # 1504
49539 # 1504
49539 # 1504
49539 # 1504
49539 # 1504
49539 # 1504
49539 # 1504
49539 # 1504
49539 # 1504
49539 # 1504
49539 # 1504
49539 # 1504
49539 # 1504
49539 # 1504
49539 # 1504
49539 # 1504
49539 # 1504
49539 # 1504
49539 # 1504
49539 # 1504
49744 + 92
49744 + 92
49744 + 92
49744 + 92
49744 + 92
49744 + 92
49744 + 92
49744 + 92
49744 + 92
49744 + 92
49744 + 92
49744 + 92
49744 + 92
49744 + 92
49744 + 92
49744 + 92
49744 + 92
51039 # 1504
51039 - 92 1295
51039 - 92 1295
51039 - 92 1295
51039 - 92 1295
51039 - 92 1295
51039 - 92 1295
51039 - 92 1295
51039 - 92 1295
51039 - 92 1295
51039 - 92 1295
51039 - 92 1295
51039 - 92 1295
51039 - 92 1295
51039 - 92 1295
51039 - 92 1295
51039 - 92 1295
51039 # 1504
51039 - 92 1295
51039 # 1504
51039 # 1504
51039 # 1504
51039 # 1504
51039 # 1504
51039 # 1504
51039 # 1504
51039 # 1504
51039 # 1504
51039 # 1504
51039 # 1504
51039 # 1504
51039 # 1504
51039 # 1504
51039 # 1504
51039 # 1504
51039 # 1504
51039 # 1504
51039 # 1504
51039 # 1504
51039 # 1504
51039 # 1504
51039 # 1504
51039 # 1504
51039 # 1504
51039 # 1504
51039 # 1504
51039 # 1504
51039 # 1504
51039 # 1504
51039 # 1504
51039 # 1504
51039 # 1504
51039 # 1504
51039 # 1504
51039 # 1504
51039 # 1504
51039 # 1504
51039 # 1504
51039 # 1504
51039 # 1504
51039 # 1504
51039 # 1504
51039 # 1504
51039 # 1504
51039 # 1504
51039 # 1504
51039 # 1504
51039 # 1504
51039 # 1504
51039 # 1504
51039 # 1504
51039 # 1504
51039 # 1504
51039 # 1504
51039 # 1504
51039 # 1504
51039 # 1504
51039 # 1504
51039 # 1504
51039 # 1504
51039 # 1504
51039 # 1504
51039 # 1504
51039 # 1504
51039 # 1504
51039 # 1504
51039 # 1504
51039 # 1504
51039 # 1504
51039 # 1504
51039 # 1504
51039 # 1504
51039 # 1504
51039 # 1504
51039 # 1504
51039 # 1504
51039 # 1504
51039 # 1504
51039 # 1504
51039 # 1504
51242 + 92
51242 + 92
51242 + 92
51242 + 92
51242 + 92
51243 + 92
52539 # 1504
52539 - 92 1297
52539 - 92 1297
52539 - 92 1297
52539 - 92 1297
52539 - 92 1297
52539 - 92 1296
52539 # 1504
52539 # 1504
52539 # 1504
52539 # 1504
52539 # 1504
52539 # 1504
52539 # 1504
52539 # 1504
52539 # 1504
52539 # 1504
52539 # 1504
52539 # 1504
52539 # 1504
52539 # 1504
52539 # 1504
52539 # 1504
52539 # 1504
52539 # 1504
52539 # 1504
52539 # 1504
52539 # 1504
52539 # 1504
52539 # 1504
52539 # 1504
52539 # 1504
52539 # 1504
52539 # 1504
52539 # 1504
52539 # 1504
52539 # 1504
52539 # 1504
52539 # 1504
52539 # 1504
52539 # 1504
52539 # 1504
52539 # 1504
52539 # 1504
52539 # 1504
52539 # 1504
52539 # 1504
52539 # 1504
52539 # 1504
52539 # 1504
52539 # 1504
52539 # 1504
52539 # 1504
52539 # 1504
52539 # 1504
52539 # 1504
52539 # 1504
52539 # 1504
52539 # 1504
52539 # 1504
52539 # 1504
52539 # 1504
52539 # 1504
52539 # 1504
52539 # 1504
52539 # 1504
52539 # 1504
52539 # 1504
52539 # 1504
52539 # 1504
52539 # 1504
52539 # 1504
52539 # 1504
52539 # 1504
52539 # 1504
52539 # 1504
52539 # 1504
52539 # 1504
52539 # 1504
52539 # 1504
52539 # 1504
52539 # 1504
52539 # 1504
52539 # 1504
52539 # 1504
52539 # 1504
52539 # 1504
52539 # 1504
52539 # 1504
52745 + 92
52745 + 92
52745 + 92
52745 + 92
52745 + 92
52745 + 92
52745 + 92
52745 + 92
52745 + 92
52745 + 92
52745 + 92
52745 + 92
52745 + 92
52745 + 92
52745 + 92
54039 # 1504
54039 - 92 1294
54039 - 92 1294
54039 - 92 1294
54039 - 92 1294
54039 - 92 1294
54039 - 92 1294
54039 - 92 1294
54039 - 92 1294
54039 - 92 1294
54039 - 92 1294
54039 - 92 1294
54039 - 92 1294
54039 - 92 1294
54039 - 92 1294
54039 - 92 1294
54039 # 1504
54039 # 1504
54039 # 1504
54039 # 1504
54039 # 1504
54039 # 1504
54039 # 1504
54039 # 1504
54039 # 1504
54039 # 1504
54039 # 1504
54039 # 1504
54039 # 1504
54039 # 1504
54039 # 1504
54039 # 1504
54039 # 1504
54039 # 1504
54039 # 1504
54039 # 1504
54039 # 1504
54039 # 1504
54039 # 1504
54039 # 1504
54039 # 1504
54039 # 1504
54039 # 1504
54039 # 1504
54039 # 1504
54039 # 1504
54039 # 1504
54039 # 1504
54039 # 1504
54039 # 1504
54039 # 1504
54039 # 1504
54039 # 1504
54039 # 1504
54039 # 1504
54039 # 1504
54039 # 1504
54039 # 1504
54039 # 1504
54039 # 1504
54039 # 1504
54039 # 1504
54039 # 1504
54039 # 1504
54039 # 1504
54039 # 1504
54039 # 1504
54039 # 1504
54039 # 1504
54039 # 1504
54039 # 1504
54039 # 1504
54039 # 1504
54039 # 1504
54039 # 1504
54039 # 1504
54039 # 1504
54039 # 1504
54039 # 1504
54039 # 1504
54039 # 1504
54039 # 1504
54039 # 1504
54039 # 1504
54039 # 1504
54039 # 1504
54039 # 1504
54039 # 1504
54039 # 1504
54039 # 1504
54039 # 1504
54039 # 1504
54039 # 1504
54039 # 1504
54039 # 1504
54039 # 1504
54039 # 1504
54039 # 1504
54244 + 92
54244 + 92
54244 + 92
54244 + 92
54244 + 92
54244 + 92
54244 + 92
55539 # 1504
55539 - 92 1295
55539 - 92 1295
55539 - 92 1295
55539 - 92 1295
55539 - 92 1295
55539 - 92 1295
55539 - 92 1295
55539 # 1504
55539 # 1504
55539 # 1504
55539 # 1504
55539 # 1504
55539 # 1504
55539 # 1504
55539 # 1504
55539 # 1504
55539 # 1504
55539 # 1504
55539 # 1504
55539 # 1504
55539 # 1504
55539 # 1504
55539 # 1504
55539 # 1504
55539 # 1504
55539 # 1504
55539 # 1504
55539 # 1504
55539 # 1504
55539 # 1504
55539 # 1504
55539 # 1504
55539 # 1504
55539 # 1504
55539 # 1504
55539 # 1504
55539 # 1504
55539 # 1504
55539 # 1504
55539 # 1504
55539 # 1504
55539 # 1504
55539 # 1504
55539 # 1504
55539 # 1504
55539 # 1504
55539 # 1504
55539 # 1504
55539 # 1504
55539 # 1504
55539 # 1504
55539 # 1504
55539 # 1504
55539 # 1504
55539 # 1504
55539 # 1504
55539 # 1504
55539 # 1504
55539 # 1504
55539 # 1504
55539 # 1504
55539 # 1504
55539 # 1504
55539 # 1504
55539 # 1504
55539 # 1504
55539 # 1504
55539 # 1504
55539 # 1504
55539 # 1504
55539 # 1504
55539 # 1504
55539 # 1504
55539 # 1504
55539 # 1504
55539 # 1504
55539 # 1504
55539 # 1504
55539 # 1504
55539 # 1504
55539 # 1504
55539 # 1504
55539 # 1504
55539 # 1504
55539 # 1504
55539 # 1504
55539 # 1504
55539 # 1504
55539 # 1504
55742 + 92
55742 + 92
55742 + 92
55742 + 92
55742 + 92
55742 + 92
55742 + 92
55742 + 92
55742 + 92
55742 + 92
55742 + 92
55742 + 92
55742 + 92
55742 + 92
55742 + 92
55742 + 92
55742 + 92
57039 # 1504
57039 - 92 1297
57039 - 92 1297
57039 - 92 1297
57039 - 92 1297
57039 - 92 1297
57039 - 92 1297
57039 - 92 1297
57039 - 92 1297
57039 - 92 1297
57039 - 92 1297
57039 - 92 1297
57039 - 92 1297
57039 - 92 1297
57039 - 92 1297
57039 - 92 1297
57039 - 92 1297
57039 # 1504
57039 - 92 1297
57039 # 1504
57039 # 1504
57039 # 1504
57039 # 1504
57039 # 1504
57039 # 1504
57039 # 1504
57039 # 1504
57039 # 1504
57039 # 1504
57039 # 1504
57039 # 1504
57039 # 1504
57039 # 1504
57039 # 1504
57039 # 1504
57039 # 1504
57039 # 1504
57039 # 1504
57039 # 1504
57039 # 1504
57039 # 1504
57039 # 1504
57039 # 1504
57039 # 1504
57039 # 1504
57039 # 1504
57039 # 1504
57039 # 1504
57039 # 1504
57039 # 1504
57039 # 1504
57039 # 1504
57039 # 1504
57039 # 1504
57039 # 1504
57039 # 1504
57039 # 1504
57039 # 1504
57039 # 1504
57039 # 1504
57039 # 1504
57039 # 1504
57039 # 1504
57039 # 1504
57039 # 1504
57039 # 1504
57039 # 1504
57039 # 1504
57039 # 1504
57039 # 1504
57039 # 1504
57039 # 1504
57039 # 1504
57039 # 1504
57039 # 1504
57039 # 1504
57039 # 1504
57039 # 1504
57039 # 1504
57039 # 1504
57039 # 1504
57039 # 1504
57039 # 1504
57039 # 1504
57039 # 1504
57039 # 1504
57039 # 1504
57039 # 1504
57039 # 1504
57039 # 1504
57039 # 1504
57039 # 1504
57039 # 1504
57039 # 1504
57039 # 1504
57039 # 1504
57039 # 1504
57039 # 1504
57039 # 1504
57039 # 1504
57044 + 52
57245 + 92
57245 + 92
57245 + 92
57245 + 92
57245 + 92
57245 + 92
58539 # 1504
58539 - 52 1495
58539 - 92 1294
58539 - 92 1294
58539 - 92 1294
58539 - 92 1294
58539 - 92 1294
58539 - 92 1294
58539 # 1504
58539 # 1504
58539 # 1504
58539 # 1504
58539 # 1504
58539 # 1504
58539 # 1504
58539 # 1504
58539 # 1504
58539 # 1504
58539 # 1504
58539 # 1504
58539 # 1504
58539 # 1504
58539 # 1504
58539 # 1504
58539 # 1504
58539 # 1504
58539 # 1504
58539 # 1504
58539 # 1504
58539 # 1504
58539 # 1504
58539 # 1504
58539 # 1504
58539 # 1504
58539 # 1504
58539 # 1504
58539 # 1504
58539 # 1504
58539 # 1504
58539 # 1504
58539 # 1504
58539 # 1504
58539 # 1504
58539 # 1504
58539 # 1504
58539 # 1504
58539 # 1504
58539 # 1504
58539 # 1504
58539 # 1504
58539 # 1504
58539 # 1504
58539 # 1504
58539 # 1504
58539 # 1504
58539 # 1504
58539 # 1504
58539 # 1504
58539 # 1504
58539 # 1504
58539 # 1504
58539 # 1504
58539 # 1504
58539 # 1504
58539 # 1504
58539 # 1504
58539 # 1504
58539 # 1504
58539 # 1504
58539 # 1504
58539 # 1504
58539 # 1504
58539 # 1504
58539 # 1504
58539 # 1504
58539 # 1504
58539 # 1504
58539 # 1504
58539 # 1504
58539 # 1504
58539 # 1504
58539 # 1504
58539 # 1504
58539 # 1504
58539 # 1504
58539 # 1504
58539 # 1504
58539 # 1504
58539 # 1504
58539 # 1504
58744 + 92
58744 + 92
58744 + 92
58744 + 92
58744 + 92
58744 + 92
58744 + 92
58744 + 92
58744 + 92
58744 + 92
58744 + 92
58744 + 92
58744 + 92
58744 + 92
58744 + 92
58744 + 92
60039 # 1504
60039 - 92 1295
60039 - 92 1295
60039 - 92 1295
60039 - 92 1295
60039 - 92 1295
60039 - 92 1295
60039 - 92 1295
60039 - 92 1295
60039 - 92 1295
60039 - 92 1295
60039 - 92 1295
60039 - 92 1295
60039 - 92 1295
60039 - 92 1295
60039 - 92 1295
60039 - 92 1295
60039 # 1504
60039 # 1504
60039 # 1504
60039 # 1504
60039 # 1504
60039 # 1504
60039 # 1504
60039 # 1504
60039 # 1504
60039 # 1504
60039 # 1504
60039 # 1504
60039 # 1504
60039 # 1504
60039 # 1504
60039 # 1504
60039 # 1504
60039 # 1504
60039 # 1504
60039 # 1504
60039 # 1504
60039 # 1504
60039 # 1504
60039 # 1504
60039 # 1504
60039 # 1504
60039 # 1504
60039 # 1504
60039 # 1504
60039 # 1504
60039 # 1504
60039 # 1504
60039 # 1504
60039 # 1504
60039 # 1504
60039 # 1504
60039 # 1504
60039 # 1504
60039 # 1504
60039 # 1504
60039 # 1504
60039 # 1504
60039 # 1504
60039 # 1504
60039 # 1504
60039 # 1504
60039 # 1504
60039 # 1504
60039 # 1504
60039 # 1504
60039 # 1504
60039 # 1504
60039 # 1504
60039 # 1504
60039 # 1504
60039 # 1504
60039 # 1504
60039 # 1504
60039 # 1504
60039 # 1504
60039 # 1504
60039 # 1504
60039 # 1504
60039 # 1504
60039 # 1504
60039 # 1504
60039 # 1504
60039 # 1504
60039 # 1504
60039 # 1504
60039 # 1504
60039 # 1504
60039 # 1504
60039 # 1504
60039 # 1504
60039 # 1504
60039 # 1504
60039 # 1504
60039 # 1504
60039 # 1504
60039 # 1504
60039 # 1504
60247 + 92
60247 + 92
60247 + 92
60247 + 92
60247 + 92
60247 + 92
60247 + 92
61539 # 1504
61539 - 92 1292
61539 - 92 1292
61539 - 92 1292
61539 - 92 1292
61539 - 92 1292
61539 - 92 1292
61539 - 92 1292
61539 # 1504
61539 # 1504
61539 # 1504
61539 # 1504
61539 # 1504
61539 # 1504
61539 # 1504
61539 # 1504
61539 # 1504
61539 # 1504
61539 # 1504
61539 # 1504
61539 # 1504
61539 # 1504
61539 # 1504
61539 # 1504
61539 # 1504
61539 # 1504
61539 # 1504
61539 # 1504
61539 # 1504
61539 # 1504
61539 # 1504
61539 # 1504
61539 # 1504
61539 # 1504
61539 # 1504
61539 # 1504
61539 # 1504
61539 # 1504
61539 # 1504
61539 # 1504
61539 # 1504
61539 # 1504
61539 # 1504
61539 # 1504
61539 # 1504
61539 # 1504
61539 # 1504
61539 # 1504
61539 # 1504
61539 # 1504
61539 # 1504
61539 # 1504
61539 # 1504
61539 # 1504
61539 # 1504
61539 # 1504
61539 # 1504
61539 # 1504
61539 # 1504
61539 # 1504
61539 # 1504
61539 # 1504
61539 # 1504
61539 # 1504
61539 # 1504
61539 # 1504
61539 # 1504
61539 # 1504
61539 # 1504
61539 # 1504
61539 # 1504
61539 # 1504
61539 # 1504
61539 # 1504
61539 # 1504
61539 # 1504
61539 # 1504
61539 # 1504
61539 # 1504
61539 # 1504
61539 # 1504
61539 # 1504
61539 # 1504
61539 # 1504
61539 # 1504
61539 # 1504
61539 # 1504
61539 # 1504
61539 # 1504
61539 # 1504
61748 + 92
61748 + 92
61748 + 92
61748 + 92
61748 + 92
61748 + 92
61748 + 92
61748 + 92
61748 + 92
61748 + 92
61748 + 92
61748 + 92
61748 + 92
61748 + 92
63039 # 1504
63039 - 92 1291
63039 - 92 1291
63039 - 92 1291
63039 - 92 1291
63039 - 92 1291
63039 - 92 1291
63039 - 92 1291
63039 - 92 1291
63039 - 92 1291
63039 - 92 1291
63039 - 92 1291
63039 - 92 1291
63039 - 92 1291
63039 - 92 1291
63039 # 1504
63039 # 1504
63039 # 1504
63039 # 1504
63039 # 1504
63039 # 1504
63039 # 1504
63039 # 1504
63039 # 1504
63039 # 1504
63039 # 1504
63039 # 1504
63039 # 1504
63039 # 1504
63039 # 1504
63039 # 1504
63039 # 1504
63039 # 1504
63039 # 1504
63039 # 1504
63039 # 1504
63039 # 1504
63039 # 1504
63039 # 1504
63039 # 1504
63039 # 1504
63039 # 1504
63039 # 1504
63039 # 1504
63039 # 1504
63039 # 1504
63039 # 1504
63039 # 1504
63039 # 1504
63039 # 1504
63039 # 1504
63039 # 1504
63039 # 1504
63039 # 1504
63039 # 1504
63039 # 1504
63039 # 1504
63039 # 1504
63039 # 1504
63039 # 1504
63039 # 1504
63039 # 1504
63039 # 1504
63039 # 1504
63039 # 1504
63039 # 1504
63039 # 1504
63039 # 1504
63039 # 1504
63039 # 1504
63039 # 1504
63039 # 1504
63039 # 1504
63039 # 1504
63039 # 1504
63039 # 1504
63039 # 1504
63039 # 1504
63039 # 1504
63039 # 1504
63039 # 1504
63039 # 1504
63039 # 1504
63039 # 1504
63039 # 1504
63039 # 1504
63039 # 1504
63039 # 1504
63039 # 1504
63039 # 1504
63039 # 1504
63039 # 1504
63039 # 1504
63039 # 1504
63039 # 1504
63039 # 1504
63039 # 1504
63244 + 92
63244 + 92
63244 + 92
63244 + 92
63244 + 92
63244 + 92
63244 + 92
64539 # 1504
64539 - 92 1295
64539 - 92 1295
64539 - 92 1295
64539 - 92 1295
64539 - 92 1295
64539 - 92 1295
64539 - 92 1295
64539 # 1504
64539 # 1504
64539 # 1504
64539 # 1504
64539 # 1504
64539 # 1504
64539 # 1504
64539 # 1504
64539 # 1504
64539 # 1504
64539 # 1504
64539 # 1504
64539 # 1504
64539 # 1504
64539 # 1504
64539 # 1504
64539 # 1504
64539 # 1504
64539 # 1504
64539 # 1504
64539 # 1504
64539 # 1504
64539 # 1504
64539 # 1504
64539 # 1504
64539 # 1504
64539 # 1504
64539 # 1504
64539 # 1504
64539 # 1504
64539 # 1504
64539 # 1504
64539 # 1504
64539 # 1504
64539 # 1504
64539 # 1504
64539 # 1504
64539 # 1504
64539 # 1504
64539 # 1504
64539 # 1504
64539 # 1504
64539 # 1504
64539 # 1504
64539 # 1504
64539 # 1504
64539 # 1504
64539 # 1504
64539 # 1504
64539 # 1504
64539 # 1504
64539 # 1504
64539 # 1504
64539 # 1504
64539 # 1504
64539 # 1504
64539 # 1504
64539 # 1504
64539 # 1504
64539 # 1504
64539 # 1504
64539 # 1504
64539 # 1504
64539 # 1504
64539 # 1504
64539 # 1504
64539 # 1504
64539 # 1504
64539 # 1504
64539 # 1504
64539 # 1504
64539 # 1504
64539 # 1504
64539 # 1504
64539 # 1504
64539 # 1504
64539 # 1504
64539 # 1504
64539 # 1504
64539 # 1504
64539 # 1504
64539 # 1504
64748 + 92
64748 + 92
64748 + 92
64748 + 92
64748 + 92
64748 + 92
64748 + 92
64748 + 92
64748 + 92
64748 + 92
64748 + 92
64748 + 92
64748 + 92
64749 + 92
64749 + 92
64749 + 92
64749 + 92
66039 # 1504
66039 - 92 1291
66039 - 92 1291
66039 - 92 1291
66039 - 92 1291
66039 - 92 1291
66039 - 92 1291
66039 - 92 1291
66039 - 92 1291
66039 - 92 1291
66039 - 92 1291
66039 - 92 1291
66039 - 92 1291
66039 - 92 1291
66039 - 92 1290
66039 - 92 1290
66039 - 92 1290
66039 # 1504
66039 - 92 1290
66039 # 1504
66039 # 1504
66039 # 1504
66039 # 1504
66039 # 1504
66039 # 1504
66039 # 1504
66039 # 1504
66039 # 1504
66039 # 1504
66039 # 1504
66039 # 1504
66039 # 1504
66039 # 1504
66039 # 1504
66039 # 1504
66039 # 1504
66039 # 1504
66039 # 1504
66039 # 1504
66039 # 1504
66039 # 1504
66039 # 1504
66039 # 1504
66039 # 1504
66039 # 1504
66039 # 1504
66039 # 1504
66039 # 1504
66039 # 1504
66039 # 1504
66039 # 1504
66039 # 1504
66039 # 1504
66039 # 1504
66039 # 1504
66039 # 1504
66039 # 1504
66039 # 1504
66039 # 1504
66039 # 1504
66039 # 1504
66039 # 1504
66039 # 1504
66039 # 1504
66039 # 1504
66039 # 1504
66039 # 1504
66039 # 1504
66039 # 1504
66039 # 1504
66039 # 1504
66039 # 1504
66039 # 1504
66039 # 1504
66039 # 1504
66039 # 1504
66039 # 1504
66039 # 1504
66039 # 1504
66039 # 1504
66039 # 1504
66039 # 1504
66039 # 1504
66039 # 1504
66039 # 1504
66039 # 1504
66039 # 1504
66039 # 1504
66039 # 1504
66039 # 1504
66039 # 1504
66039 # 1504
66039 # 1504
66039 # 1504
66039 # 1504
66039 # 1504
66039 # 1504
66039 # 1504
66039 # 1504
66039 # 1504
