# init timestamp: 1744917600746.000
1539.000 # 1500
1539.000 # 1500
1539.000 # 1500
1539.000 # 1500
1539.000 # 1500
1539.000 # 1500
1539.000 # 1500
1539.000 # 1500
1539.000 # 1500
1539.000 # 1500
1539.000 # 1500
1539.000 # 1500
1539.000 # 1500
1539.000 # 1500
1539.000 # 1500
1539.000 # 1500
1539.000 # 1500
1539.000 # 1500
1539.000 # 1500
1539.000 # 1500
1539.000 # 1500
1539.000 # 1500
1539.000 # 1500
1539.000 # 1500
1539.000 # 1500
1539.000 # 1500
1539.000 # 1500
1539.000 # 1500
1539.000 # 1500
1539.000 # 1500
1539.000 # 1500
1539.000 # 1500
1539.000 # 1500
1539.000 # 1500
1539.000 # 1500
1539.000 # 1500
1539.000 # 1500
1539.000 # 1500
1539.000 # 1500
1539.000 # 1500
1539.000 # 1500
1539.000 # 1500
1539.000 # 1500
1539.000 # 1500
1539.000 # 1500
1539.000 # 1500
1539.000 # 1500
1539.000 # 1500
1539.000 # 1500
1539.000 # 1500
1539.000 # 1500
1539.000 # 1500
1539.000 # 1500
1539.000 # 1500
1539.000 # 1500
1539.000 # 1500
1539.000 # 1500
1539.000 # 1500
1539.000 # 1500
1539.000 # 1500
1539.000 # 1500
1539.000 # 1500
1539.000 # 1500
1539.000 # 1500
1539.000 # 1500
1539.000 # 1500
1539.000 # 1500
1539.000 # 1500
1539.000 # 1500
1539.000 # 1500
1539.000 # 1500
1539.000 # 1500
1539.000 # 1500
1539.000 # 1500
1539.000 # 1500
1539.000 # 1500
1539.000 # 1500
1539.000 # 1500
1539.000 # 1500
1539.000 # 1500
1539.000 # 1500
1539.000 # 1500
1539.000 # 1500
3039.000 # 1500
3039.000 # 1500
3039.000 # 1500
3039.000 # 1500
3039.000 # 1500
3039.000 # 1500
3039.000 # 1500
3039.000 # 1500
3039.000 # 1500
3039.000 # 1500
3039.000 # 1500
3039.000 # 1500
3039.000 # 1500
3039.000 # 1500
3039.000 # 1500
3039.000 # 1500
3039.000 # 1500
3039.000 # 1500
3039.000 # 1500
3039.000 # 1500
3039.000 # 1500
3039.000 # 1500
3039.000 # 1500
3039.000 # 1500
3039.000 # 1500
3039.000 # 1500
3039.000 # 1500
3039.000 # 1500
3039.000 # 1500
3039.000 # 1500
3039.000 # 1500
3039.000 # 1500
3039.000 # 1500
3039.000 # 1500
3039.000 # 1500
3039.000 # 1500
3039.000 # 1500
3039.000 # 1500
3039.000 # 1500
3039.000 # 1500
3039.000 # 1500
3039.000 # 1500
3039.000 # 1500
3039.000 # 1500
3039.000 # 1500
3039.000 # 1500
3039.000 # 1500
3039.000 # 1500
3039.000 # 1500
3039.000 # 1500
3039.000 # 1500
3039.000 # 1500
3039.000 # 1500
3039.000 # 1500
3039.000 # 1500
3039.000 # 1500
3039.000 # 1500
3039.000 # 1500
3039.000 # 1500
3039.000 # 1500
3039.000 # 1500
3039.000 # 1500
3039.000 # 1500
3039.000 # 1500
3039.000 # 1500
3039.000 # 1500
3039.000 # 1500
3039.000 # 1500
3039.000 # 1500
3039.000 # 1500
3039.000 # 1500
3039.000 # 1500
3039.000 # 1500
3039.000 # 1500
3039.000 # 1500
3039.000 # 1500
3039.000 # 1500
3039.000 # 1500
3039.000 # 1500
3039.000 # 1500
3039.000 # 1500
3039.000 # 1500
3039.000 # 1500
4539.000 # 1500
4539.000 # 1500
4539.000 # 1500
4539.000 # 1500
4539.000 # 1500
4539.000 # 1500
4539.000 # 1500
4539.000 # 1500
4539.000 # 1500
4539.000 # 1500
4539.000 # 1500
4539.000 # 1500
4539.000 # 1500
4539.000 # 1500
4539.000 # 1500
4539.000 # 1500
4539.000 # 1500
4539.000 # 1500
4539.000 # 1500
4539.000 # 1500
4539.000 # 1500
4539.000 # 1500
4539.000 # 1500
4539.000 # 1500
4539.000 # 1500
4539.000 # 1500
4539.000 # 1500
4539.000 # 1500
4539.000 # 1500
4539.000 # 1500
4539.000 # 1500
4539.000 # 1500
4539.000 # 1500
4539.000 # 1500
4539.000 # 1500
4539.000 # 1500
4539.000 # 1500
4539.000 # 1500
4539.000 # 1500
4539.000 # 1500
4539.000 # 1500
4539.000 # 1500
4539.000 # 1500
4539.000 # 1500
4539.000 # 1500
4539.000 # 1500
4539.000 # 1500
4539.000 # 1500
4539.000 # 1500
4539.000 # 1500
4539.000 # 1500
4539.000 # 1500
4539.000 # 1500
4539.000 # 1500
4539.000 # 1500
4539.000 # 1500
4539.000 # 1500
4539.000 # 1500
4539.000 # 1500
4539.000 # 1500
4539.000 # 1500
4539.000 # 1500
4539.000 # 1500
4539.000 # 1500
4539.000 # 1500
4539.000 # 1500
4539.000 # 1500
4539.000 # 1500
4539.000 # 1500
4539.000 # 1500
4539.000 # 1500
4539.000 # 1500
4539.000 # 1500
4539.000 # 1500
4539.000 # 1500
4539.000 # 1500
4539.000 # 1500
4539.000 # 1500
4539.000 # 1500
4539.000 # 1500
4539.000 # 1500
4539.000 # 1500
4539.000 # 1500
6039.000 # 1500
6039.000 # 1500
6039.000 # 1500
6039.000 # 1500
6039.000 # 1500
6039.000 # 1500
6039.000 # 1500
6039.000 # 1500
6039.000 # 1500
6039.000 # 1500
6039.000 # 1500
6039.000 # 1500
6039.000 # 1500
6039.000 # 1500
6039.000 # 1500
6039.000 # 1500
6039.000 # 1500
6039.000 # 1500
6039.000 # 1500
6039.000 # 1500
6039.000 # 1500
6039.000 # 1500
6039.000 # 1500
6039.000 # 1500
6039.000 # 1500
6039.000 # 1500
6039.000 # 1500
6039.000 # 1500
6039.000 # 1500
6039.000 # 1500
6039.000 # 1500
6039.000 # 1500
6039.000 # 1500
6039.000 # 1500
6039.000 # 1500
6039.000 # 1500
6039.000 # 1500
6039.000 # 1500
6039.000 # 1500
6039.000 # 1500
6039.000 # 1500
6039.000 # 1500
6039.000 # 1500
6039.000 # 1500
6039.000 # 1500
6039.000 # 1500
6039.000 # 1500
6039.000 # 1500
6039.000 # 1500
6039.000 # 1500
6039.000 # 1500
6039.000 # 1500
6039.000 # 1500
6039.000 # 1500
6039.000 # 1500
6039.000 # 1500
6039.000 # 1500
6039.000 # 1500
6039.000 # 1500
6039.000 # 1500
6039.000 # 1500
6039.000 # 1500
6039.000 # 1500
6039.000 # 1500
6039.000 # 1500
6039.000 # 1500
6039.000 # 1500
6039.000 # 1500
6039.000 # 1500
6039.000 # 1500
6039.000 # 1500
6039.000 # 1500
6039.000 # 1500
6039.000 # 1500
6039.000 # 1500
6039.000 # 1500
6039.000 # 1500
6039.000 # 1500
6039.000 # 1500
6039.000 # 1500
6039.000 # 1500
6039.000 # 1500
6039.000 # 1500
7539.000 # 1500
7539.000 # 1500
7539.000 # 1500
7539.000 # 1500
7539.000 # 1500
7539.000 # 1500
7539.000 # 1500
7539.000 # 1500
7539.000 # 1500
7539.000 # 1500
7539.000 # 1500
7539.000 # 1500
7539.000 # 1500
7539.000 # 1500
7539.000 # 1500
7539.000 # 1500
7539.000 # 1500
7539.000 # 1500
7539.000 # 1500
7539.000 # 1500
7539.000 # 1500
7539.000 # 1500
7539.000 # 1500
7539.000 # 1500
7539.000 # 1500
7539.000 # 1500
7539.000 # 1500
7539.000 # 1500
7539.000 # 1500
7539.000 # 1500
7539.000 # 1500
7539.000 # 1500
7539.000 # 1500
7539.000 # 1500
7539.000 # 1500
7539.000 # 1500
7539.000 # 1500
7539.000 # 1500
7539.000 # 1500
7539.000 # 1500
7539.000 # 1500
7539.000 # 1500
7539.000 # 1500
7539.000 # 1500
7539.000 # 1500
7539.000 # 1500
7539.000 # 1500
7539.000 # 1500
7539.000 # 1500
7539.000 # 1500
7539.000 # 1500
7539.000 # 1500
7539.000 # 1500
7539.000 # 1500
7539.000 # 1500
7539.000 # 1500
7539.000 # 1500
7539.000 # 1500
7539.000 # 1500
7539.000 # 1500
7539.000 # 1500
7539.000 # 1500
7539.000 # 1500
7539.000 # 1500
7539.000 # 1500
7539.000 # 1500
7539.000 # 1500
7539.000 # 1500
7539.000 # 1500
7539.000 # 1500
7539.000 # 1500
7539.000 # 1500
7539.000 # 1500
7539.000 # 1500
7539.000 # 1500
7539.000 # 1500
7539.000 # 1500
7539.000 # 1500
7539.000 # 1500
7539.000 # 1500
7539.000 # 1500
7539.000 # 1500
7539.000 # 1500
7647.629 + 96 1
7647.681 + 96 1
8661.895 + 96 1
9039.000 # 1500
9039.000 # 1500
9039.000 # 1500
9039.000 # 1500
9039.000 # 1500
9039.000 # 1500
9039.000 # 1500
9039.000 # 1500
9039.000 # 1500
9039.000 # 1500
9039.000 # 1500
9039.000 # 1500
9039.000 # 1500
9039.000 # 1500
9039.000 # 1500
9039.000 # 1500
9039.000 # 1500
9039.000 # 1500
9039.000 # 1500
9039.000 # 1500
9039.000 # 1500
9039.000 # 1500
9039.000 # 1500
9039.000 # 1500
9039.000 # 1500
9039.000 # 1500
9039.000 # 1500
9039.000 # 1500
9039.000 # 1500
9039.000 # 1500
9039.000 # 1500
9039.000 # 1500
9039.000 # 1500
9039.000 # 1500
9039.000 # 1500
9039.000 # 1500
9039.000 # 1500
9039.000 # 1500
9039.000 # 1500
9039.000 # 1500
9039.000 # 1500
9039.000 # 1500
9039.000 # 1500
9039.000 # 1500
9039.000 # 1500
9039.000 # 1500
9039.000 # 1500
9039.000 # 1500
9039.000 # 1500
9039.000 # 1500
9039.000 # 1500
9039.000 # 1500
9039.000 # 1500
9039.000 # 1500
9039.000 # 1500
9039.000 # 1500
9039.000 # 1500
9039.000 # 1500
9039.000 # 1500
9039.000 # 1500
9039.000 # 1500
9039.000 # 1500
9039.000 # 1500
9039.000 # 1500
9039.000 # 1500
9039.000 # 1500
9039.000 # 1500
9039.000 # 1500
9039.000 # 1500
9039.000 # 1500
9039.000 # 1500
9039.000 # 1500
9039.000 # 1500
9039.000 # 1500
9039.000 # 1500
9039.000 # 1500
9039.000 # 1500
9039.000 # 1500
9039.000 # 1500
9039.000 # 1500
9039.000 # 1500
9039.000 # 1500
9039.000 # 1500
9042.837 - 96 1395.208 1
9043.113 - 96 1395.432 1
9043.158 - 96 381.263 1
9145.399 + 96 1
10539.000 # 1500
10539.000 # 1500
10539.000 # 1500
10539.000 # 1500
10539.000 # 1500
10539.000 # 1500
10539.000 # 1500
10539.000 # 1500
10539.000 # 1500
10539.000 # 1500
10539.000 # 1500
10539.000 # 1500
10539.000 # 1500
10539.000 # 1500
10539.000 # 1500
10539.000 # 1500
10539.000 # 1500
10539.000 # 1500
10539.000 # 1500
10539.000 # 1500
10539.000 # 1500
10539.000 # 1500
10539.000 # 1500
10539.000 # 1500
10539.000 # 1500
10539.000 # 1500
10539.000 # 1500
10539.000 # 1500
10539.000 # 1500
10539.000 # 1500
10539.000 # 1500
10539.000 # 1500
10539.000 # 1500
10539.000 # 1500
10539.000 # 1500
10539.000 # 1500
10539.000 # 1500
10539.000 # 1500
10539.000 # 1500
10539.000 # 1500
10539.000 # 1500
10539.000 # 1500
10539.000 # 1500
10539.000 # 1500
10539.000 # 1500
10539.000 # 1500
10539.000 # 1500
10539.000 # 1500
10539.000 # 1500
10539.000 # 1500
10539.000 # 1500
10539.000 # 1500
10539.000 # 1500
10539.000 # 1500
10539.000 # 1500
10539.000 # 1500
10539.000 # 1500
10539.000 # 1500
10539.000 # 1500
10539.000 # 1500
10539.000 # 1500
10539.000 # 1500
10539.000 # 1500
10539.000 # 1500
10539.000 # 1500
10539.000 # 1500
10539.000 # 1500
10539.000 # 1500
10539.000 # 1500
10539.000 # 1500
10539.000 # 1500
10539.000 # 1500
10539.000 # 1500
10539.000 # 1500
10539.000 # 1500
10539.000 # 1500
10539.000 # 1500
10539.000 # 1500
10539.000 # 1500
10539.000 # 1500
10539.000 # 1500
10539.000 # 1500
10539.000 # 1500
10542.464 - 96 1397.065 1
10645.896 + 88 1
10645.971 + 88 1
10645.991 + 88 1
10646.010 + 88 1
10646.029 + 88 1
10646.062 + 88 1
10646.074 + 88 1
10646.199 + 116 1
10646.542 + 88 1
12039.000 # 1500
12039.000 # 1500
12039.000 # 1500
12039.000 # 1500
12039.000 # 1500
12039.000 # 1500
12039.000 # 1500
12039.000 # 1500
12039.000 # 1500
12039.000 # 1500
12039.000 # 1500
12039.000 # 1500
12039.000 # 1500
12039.000 # 1500
12039.000 # 1500
12039.000 # 1500
12039.000 # 1500
12039.000 # 1500
12039.000 # 1500
12039.000 # 1500
12039.000 # 1500
12039.000 # 1500
12039.000 # 1500
12039.000 # 1500
12039.000 # 1500
12039.000 # 1500
12039.000 # 1500
12039.000 # 1500
12039.000 # 1500
12039.000 # 1500
12039.000 # 1500
12039.000 # 1500
12039.000 # 1500
12039.000 # 1500
12039.000 # 1500
12039.000 # 1500
12039.000 # 1500
12039.000 # 1500
12039.000 # 1500
12039.000 # 1500
12039.000 # 1500
12039.000 # 1500
12039.000 # 1500
12039.000 # 1500
12039.000 # 1500
12039.000 # 1500
12039.000 # 1500
12039.000 # 1500
12039.000 # 1500
12039.000 # 1500
12039.000 # 1500
12039.000 # 1500
12039.000 # 1500
12039.000 # 1500
12039.000 # 1500
12039.000 # 1500
12039.000 # 1500
12039.000 # 1500
12039.000 # 1500
12039.000 # 1500
12039.000 # 1500
12039.000 # 1500
12039.000 # 1500
12039.000 # 1500
12039.000 # 1500
12039.000 # 1500
12039.000 # 1500
12039.000 # 1500
12039.000 # 1500
12039.000 # 1500
12039.000 # 1500
12039.000 # 1500
12039.000 # 1500
12039.000 # 1500
12039.000 # 1500
12039.000 # 1500
12039.000 # 1500
12039.000 # 1500
12039.000 # 1500
12039.000 # 1500
12039.000 # 1500
12039.000 # 1500
12039.000 # 1500
12045.437 - 88 1399.541 1
12045.669 - 88 1399.698 1
12046.771 - 88 1400.780 1
12046.795 - 88 1400.785 1
12046.805 - 88 1400.776 1
12046.818 - 88 1400.756 1
12046.825 - 88 1400.751 1
12046.833 - 116 1400.634 1
12046.857 - 88 1400.315 1
13539.000 # 1500
13539.000 # 1500
13539.000 # 1500
13539.000 # 1500
13539.000 # 1500
13539.000 # 1500
13539.000 # 1500
13539.000 # 1500
13539.000 # 1500
13539.000 # 1500
13539.000 # 1500
13539.000 # 1500
13539.000 # 1500
13539.000 # 1500
13539.000 # 1500
13539.000 # 1500
13539.000 # 1500
13539.000 # 1500
13539.000 # 1500
13539.000 # 1500
13539.000 # 1500
13539.000 # 1500
13539.000 # 1500
13539.000 # 1500
13539.000 # 1500
13539.000 # 1500
13539.000 # 1500
13539.000 # 1500
13539.000 # 1500
13539.000 # 1500
13539.000 # 1500
13539.000 # 1500
13539.000 # 1500
13539.000 # 1500
13539.000 # 1500
13539.000 # 1500
13539.000 # 1500
13539.000 # 1500
13539.000 # 1500
13539.000 # 1500
13539.000 # 1500
13539.000 # 1500
13539.000 # 1500
13539.000 # 1500
13539.000 # 1500
13539.000 # 1500
13539.000 # 1500
13539.000 # 1500
13539.000 # 1500
13539.000 # 1500
13539.000 # 1500
13539.000 # 1500
13539.000 # 1500
13539.000 # 1500
13539.000 # 1500
13539.000 # 1500
13539.000 # 1500
13539.000 # 1500
13539.000 # 1500
13539.000 # 1500
13539.000 # 1500
13539.000 # 1500
13539.000 # 1500
13539.000 # 1500
13539.000 # 1500
13539.000 # 1500
13539.000 # 1500
13539.000 # 1500
13539.000 # 1500
13539.000 # 1500
13539.000 # 1500
13539.000 # 1500
13539.000 # 1500
13539.000 # 1500
13539.000 # 1500
13539.000 # 1500
13539.000 # 1500
13539.000 # 1500
13539.000 # 1500
13539.000 # 1500
13539.000 # 1500
13539.000 # 1500
13539.000 # 1500
13644.848 + 88 1
13645.120 + 88 1
13645.302 + 88 1
13645.395 + 88 1
13645.464 + 88 1
13645.576 + 88 1
13645.668 + 88 1
13645.901 + 88 1
15039.000 # 1500
15039.000 # 1500
15039.000 # 1500
15039.000 # 1500
15039.000 # 1500
15039.000 # 1500
15039.000 # 1500
15039.000 # 1500
15039.000 # 1500
15039.000 # 1500
15039.000 # 1500
15039.000 # 1500
15039.000 # 1500
15039.000 # 1500
15039.000 # 1500
15039.000 # 1500
15039.000 # 1500
15039.000 # 1500
15039.000 # 1500
15039.000 # 1500
15039.000 # 1500
15039.000 # 1500
15039.000 # 1500
15039.000 # 1500
15039.000 # 1500
15039.000 # 1500
15039.000 # 1500
15039.000 # 1500
15039.000 # 1500
15039.000 # 1500
15039.000 # 1500
15039.000 # 1500
15039.000 # 1500
15039.000 # 1500
15039.000 # 1500
15039.000 # 1500
15039.000 # 1500
15039.000 # 1500
15039.000 # 1500
15039.000 # 1500
15039.000 # 1500
15039.000 # 1500
15039.000 # 1500
15039.000 # 1500
15039.000 # 1500
15039.000 # 1500
15039.000 # 1500
15039.000 # 1500
15039.000 # 1500
15039.000 # 1500
15039.000 # 1500
15039.000 # 1500
15039.000 # 1500
15039.000 # 1500
15039.000 # 1500
15039.000 # 1500
15039.000 # 1500
15039.000 # 1500
15039.000 # 1500
15039.000 # 1500
15039.000 # 1500
15039.000 # 1500
15039.000 # 1500
15039.000 # 1500
15039.000 # 1500
15039.000 # 1500
15039.000 # 1500
15039.000 # 1500
15039.000 # 1500
15039.000 # 1500
15039.000 # 1500
15039.000 # 1500
15039.000 # 1500
15039.000 # 1500
15039.000 # 1500
15039.000 # 1500
15039.000 # 1500
15039.000 # 1500
15039.000 # 1500
15039.000 # 1500
15039.000 # 1500
15039.000 # 1500
15039.000 # 1500
15044.352 - 88 1399.504 1
15044.557 - 88 1399.437 1
15044.612 - 88 1399.310 1
15044.630 - 88 1399.235 1
15044.645 - 88 1399.181 1
15044.687 - 88 1399.111 1
15044.704 - 88 1399.036 1
15044.724 - 88 1398.823 1
15147.224 + 88 1
16539.000 # 1500
16539.000 # 1500
16539.000 # 1500
16539.000 # 1500
16539.000 # 1500
16539.000 # 1500
16539.000 # 1500
16539.000 # 1500
16539.000 # 1500
16539.000 # 1500
16539.000 # 1500
16539.000 # 1500
16539.000 # 1500
16539.000 # 1500
16539.000 # 1500
16539.000 # 1500
16539.000 # 1500
16539.000 # 1500
16539.000 # 1500
16539.000 # 1500
16539.000 # 1500
16539.000 # 1500
16539.000 # 1500
16539.000 # 1500
16539.000 # 1500
16539.000 # 1500
16539.000 # 1500
16539.000 # 1500
16539.000 # 1500
16539.000 # 1500
16539.000 # 1500
16539.000 # 1500
16539.000 # 1500
16539.000 # 1500
16539.000 # 1500
16539.000 # 1500
16539.000 # 1500
16539.000 # 1500
16539.000 # 1500
16539.000 # 1500
16539.000 # 1500
16539.000 # 1500
16539.000 # 1500
16539.000 # 1500
16539.000 # 1500
16539.000 # 1500
16539.000 # 1500
16539.000 # 1500
16539.000 # 1500
16539.000 # 1500
16539.000 # 1500
16539.000 # 1500
16539.000 # 1500
16539.000 # 1500
16539.000 # 1500
16539.000 # 1500
16539.000 # 1500
16539.000 # 1500
16539.000 # 1500
16539.000 # 1500
16539.000 # 1500
16539.000 # 1500
16539.000 # 1500
16539.000 # 1500
16539.000 # 1500
16539.000 # 1500
16539.000 # 1500
16539.000 # 1500
16539.000 # 1500
16539.000 # 1500
16539.000 # 1500
16539.000 # 1500
16539.000 # 1500
16539.000 # 1500
16539.000 # 1500
16539.000 # 1500
16539.000 # 1500
16539.000 # 1500
16539.000 # 1500
16539.000 # 1500
16539.000 # 1500
16539.000 # 1500
16539.000 # 1500
16544.236 - 88 1397.012 1
16643.223 + 88 1
16643.343 + 88 1
16643.394 + 88 1
16643.461 + 88 1
16643.513 + 88 1
16643.569 + 88 1
16643.666 + 88 1
16643.998 + 88 1
16644.127 + 88 1
16644.519 + 88 1
16644.599 + 88 1
16644.670 + 88 1
16644.711 + 88 1
16644.979 + 88 1
16645.026 + 88 1
16686.361 + 88 1
18039.000 # 1500
18039.000 # 1500
18039.000 # 1500
18039.000 # 1500
18039.000 # 1500
18039.000 # 1500
18039.000 # 1500
18039.000 # 1500
18039.000 # 1500
18039.000 # 1500
18039.000 # 1500
18039.000 # 1500
18039.000 # 1500
18039.000 # 1500
18039.000 # 1500
18039.000 # 1500
18039.000 # 1500
18039.000 # 1500
18039.000 # 1500
18039.000 # 1500
18039.000 # 1500
18039.000 # 1500
18039.000 # 1500
18039.000 # 1500
18039.000 # 1500
18039.000 # 1500
18039.000 # 1500
18039.000 # 1500
18039.000 # 1500
18039.000 # 1500
18039.000 # 1500
18039.000 # 1500
18039.000 # 1500
18039.000 # 1500
18039.000 # 1500
18039.000 # 1500
18039.000 # 1500
18039.000 # 1500
18039.000 # 1500
18039.000 # 1500
18039.000 # 1500
18039.000 # 1500
18039.000 # 1500
18039.000 # 1500
18039.000 # 1500
18039.000 # 1500
18039.000 # 1500
18039.000 # 1500
18039.000 # 1500
18039.000 # 1500
18039.000 # 1500
18039.000 # 1500
18039.000 # 1500
18039.000 # 1500
18039.000 # 1500
18039.000 # 1500
18039.000 # 1500
18039.000 # 1500
18039.000 # 1500
18039.000 # 1500
18039.000 # 1500
18039.000 # 1500
18039.000 # 1500
18039.000 # 1500
18039.000 # 1500
18039.000 # 1500
18039.000 # 1500
18039.000 # 1500
18039.000 # 1500
18039.000 # 1500
18039.000 # 1500
18039.000 # 1500
18039.000 # 1500
18039.000 # 1500
18039.000 # 1500
18039.000 # 1500
18039.000 # 1500
18039.000 # 1500
18039.000 # 1500
18039.000 # 1500
18039.000 # 1500
18039.000 # 1500
18039.000 # 1500
18043.655 - 88 1400.432 1
18043.920 - 88 1400.577 1
18044.010 - 88 1400.616 1
18044.025 - 88 1400.564 1
18044.033 - 88 1400.520 1
18044.040 - 88 1400.471 1
18044.046 - 88 1400.380 1
18044.058 - 88 1400.060 1
18044.064 - 88 1399.937 1
18044.069 - 88 1399.550 1
18044.073 - 88 1399.474 1
18044.077 - 88 1399.407 1
18044.083 - 88 1399.372 1
18044.087 - 88 1399.108 1
18044.091 - 88 1399.065 1
18044.096 - 88 1357.735 1
18145.551 + 88 1
18145.672 + 88 1
18145.735 + 88 1
18146.028 + 88 1
19539.000 # 1500
19539.000 # 1500
19539.000 # 1500
19539.000 # 1500
19539.000 # 1500
19539.000 # 1500
19539.000 # 1500
19539.000 # 1500
19539.000 # 1500
19539.000 # 1500
19539.000 # 1500
19539.000 # 1500
19539.000 # 1500
19539.000 # 1500
19539.000 # 1500
19539.000 # 1500
19539.000 # 1500
19539.000 # 1500
19539.000 # 1500
19539.000 # 1500
19539.000 # 1500
19539.000 # 1500
19539.000 # 1500
19539.000 # 1500
19539.000 # 1500
19539.000 # 1500
19539.000 # 1500
19539.000 # 1500
19539.000 # 1500
19539.000 # 1500
19539.000 # 1500
19539.000 # 1500
19539.000 # 1500
19539.000 # 1500
19539.000 # 1500
19539.000 # 1500
19539.000 # 1500
19539.000 # 1500
19539.000 # 1500
19539.000 # 1500
19539.000 # 1500
19539.000 # 1500
19539.000 # 1500
19539.000 # 1500
19539.000 # 1500
19539.000 # 1500
19539.000 # 1500
19539.000 # 1500
19539.000 # 1500
19539.000 # 1500
19539.000 # 1500
19539.000 # 1500
19539.000 # 1500
19539.000 # 1500
19539.000 # 1500
19539.000 # 1500
19539.000 # 1500
19539.000 # 1500
19539.000 # 1500
19539.000 # 1500
19539.000 # 1500
19539.000 # 1500
19539.000 # 1500
19539.000 # 1500
19539.000 # 1500
19539.000 # 1500
19539.000 # 1500
19539.000 # 1500
19539.000 # 1500
19539.000 # 1500
19539.000 # 1500
19539.000 # 1500
19539.000 # 1500
19539.000 # 1500
19539.000 # 1500
19539.000 # 1500
19539.000 # 1500
19539.000 # 1500
19539.000 # 1500
19539.000 # 1500
19539.000 # 1500
19539.000 # 1500
19539.000 # 1500
19541.305 - 88 1395.754 1
19541.473 - 88 1395.801 1
19541.515 - 88 1395.780 1
19541.528 - 88 1395.500 1
19644.570 + 88 1
19644.691 + 88 1
19644.730 + 88 1
19644.836 + 88 1
19644.863 + 88 1
19644.876 + 88 1
19644.893 + 88 1
19644.917 + 88 1
19644.929 + 88 1
19644.938 + 88 1
19644.956 + 88 1
19645.003 + 88 1
19645.026 + 88 1
19645.055 + 88 1
19645.069 + 88 1
19645.110 + 88 1
19645.124 + 88 1
19645.168 + 88 1
19645.194 + 88 1
19645.213 + 88 1
19645.243 + 88 1
19645.255 + 88 1
19645.266 + 88 1
19645.283 + 88 1
19645.294 + 88 1
19645.319 + 88 1
19645.337 + 88 1
19645.376 + 88 1
19645.394 + 88 1
19645.473 + 88 1
19645.502 + 88 1
19645.525 + 88 1
19645.552 + 88 1
19645.562 + 88 1
19645.573 + 88 1
19645.592 + 88 1
19645.613 + 88 1
19645.631 + 88 1
19645.651 + 88 1
19645.668 + 88 1
19645.680 + 88 1
19645.712 + 88 1
19645.723 + 88 1
19645.734 + 88 1
19645.823 + 88 1
19645.854 + 88 1
19645.874 + 88 1
19645.887 + 88 1
19645.898 + 88 1
19645.925 + 88 1
19645.938 + 88 1
19645.969 + 88 1
19645.981 + 88 1
19645.992 + 88 1
19646.002 + 88 1
19646.047 + 88 1
19646.061 + 88 1
19646.073 + 88 1
19646.102 + 88 1
19646.135 + 88 1
19646.167 + 88 1
19646.187 + 88 1
19646.225 + 88 1
19646.252 + 88 1
19646.265 + 88 1
19646.289 + 88 1
19646.302 + 88 1
19646.328 + 88 1
19646.363 + 88 1
19646.382 + 88 1
19646.411 + 88 1
21039.000 # 1500
21039.000 # 1500
21039.000 # 1500
21039.000 # 1500
21039.000 # 1500
21039.000 # 1500
21039.000 # 1500
21039.000 # 1500
21039.000 # 1500
21039.000 # 1500
21039.000 # 1500
21039.000 # 1500
21039.000 # 1500
21039.000 # 1500
21039.000 # 1500
21039.000 # 1500
21039.000 # 1500
21039.000 # 1500
21039.000 # 1500
21039.000 # 1500
21039.000 # 1500
21039.000 # 1500
21039.000 # 1500
21039.000 # 1500
21039.000 # 1500
21039.000 # 1500
21039.000 # 1500
21039.000 # 1500
21039.000 # 1500
21039.000 # 1500
21039.000 # 1500
21039.000 # 1500
21039.000 # 1500
21039.000 # 1500
21039.000 # 1500
21039.000 # 1500
21039.000 # 1500
21039.000 # 1500
21039.000 # 1500
21039.000 # 1500
21039.000 # 1500
21039.000 # 1500
21039.000 # 1500
21039.000 # 1500
21039.000 # 1500
21039.000 # 1500
21039.000 # 1500
21039.000 # 1500
21039.000 # 1500
21039.000 # 1500
21039.000 # 1500
21039.000 # 1500
21039.000 # 1500
21039.000 # 1500
21039.000 # 1500
21039.000 # 1500
21039.000 # 1500
21039.000 # 1500
21039.000 # 1500
21039.000 # 1500
21039.000 # 1500
21039.000 # 1500
21039.000 # 1500
21039.000 # 1500
21039.000 # 1500
21039.000 # 1500
21039.000 # 1500
21039.000 # 1500
21039.000 # 1500
21039.000 # 1500
21039.000 # 1500
21039.000 # 1500
21039.000 # 1500
21039.000 # 1500
21039.000 # 1500
21039.000 # 1500
21039.000 # 1500
21039.000 # 1500
21039.000 # 1500
21039.000 # 1500
21039.000 # 1500
21039.000 # 1500
21039.000 # 1500
21042.231 - 88 1397.661 1
21042.365 - 88 1397.674 1
21042.394 - 88 1397.664 1
21042.410 - 88 1397.574 1
21042.561 - 88 1397.698 1
21042.591 - 88 1397.715 1
21042.618 - 88 1397.725 1
21042.634 - 88 1397.717 1
21042.653 - 88 1397.724 1
21042.668 - 88 1397.730 1
21042.683 - 88 1397.727 1
21042.696 - 88 1397.693 1
21042.709 - 88 1397.683 1
21042.722 - 88 1397.667 1
21042.735 - 88 1397.666 1
21042.889 - 88 1397.779 1
21042.904 - 88 1397.780 1
21042.917 - 88 1397.749 1
21042.929 - 88 1397.735 1
21042.941 - 88 1397.728 1
21042.953 - 88 1397.710 1
21042.964 - 88 1397.709 1
21042.977 - 88 1397.711 1
21042.990 - 88 1397.707 1
21043.005 - 88 1397.711 1
21043.018 - 88 1397.699 1
21043.030 - 88 1397.693 1
21043.042 - 88 1397.666 1
21043.059 - 88 1397.665 1
21043.080 - 88 1397.607 1
21043.094 - 88 1397.592 1
21043.106 - 88 1397.581 1
21043.118 - 88 1397.566 1
21043.130 - 88 1397.568 1
21043.142 - 88 1397.569 1
21043.156 - 88 1397.564 1
21043.170 - 88 1397.557 1
21043.183 - 88 1397.552 1
21043.195 - 88 1397.544 1
21043.208 - 88 1397.540 1
21043.221 - 88 1397.541 1
21043.234 - 88 1397.522 1
21043.247 - 88 1397.524 1
21043.258 - 88 1397.524 1
21043.271 - 88 1397.448 1
21043.283 - 88 1397.429 1
21043.295 - 88 1397.421 1
21043.309 - 88 1397.422 1
21043.321 - 88 1397.423 1
21043.333 - 88 1397.408 1
21043.345 - 88 1397.407 1
21043.357 - 88 1397.388 1
21043.369 - 88 1397.388 1
21043.382 - 88 1397.390 1
21043.394 - 88 1397.392 1
21043.406 - 88 1397.359 1
21043.419 - 88 1397.358 1
21043.431 - 88 1397.358 1
21043.444 - 88 1397.342 1
21043.456 - 88 1397.321 1
21043.468 - 88 1397.301 1
21043.480 - 88 1397.293 1
21043.492 - 88 1397.267 1
21043.504 - 88 1397.252 1
21043.517 - 88 1397.252 1
21043.531 - 88 1397.242 1
21043.543 - 88 1397.241 1
21043.555 - 88 1397.227 1
21043.566 - 88 1397.203 1
21043.579 - 88 1397.197 1
21043.591 - 88 1397.180 1
21145.132 + 88 1
21145.285 + 88 1
21145.348 + 88 1
21145.383 + 88 1
21145.512 + 88 1
21145.548 + 88 1
21145.576 + 88 1
21145.605 + 88 1
22539.000 # 1500
22539.000 # 1500
22539.000 # 1500
22539.000 # 1500
22539.000 # 1500
22539.000 # 1500
22539.000 # 1500
22539.000 # 1500
22539.000 # 1500
22539.000 # 1500
22539.000 # 1500
22539.000 # 1500
22539.000 # 1500
22539.000 # 1500
22539.000 # 1500
22539.000 # 1500
22539.000 # 1500
22539.000 # 1500
22539.000 # 1500
22539.000 # 1500
22539.000 # 1500
22539.000 # 1500
22539.000 # 1500
22539.000 # 1500
22539.000 # 1500
22539.000 # 1500
22539.000 # 1500
22539.000 # 1500
22539.000 # 1500
22539.000 # 1500
22539.000 # 1500
22539.000 # 1500
22539.000 # 1500
22539.000 # 1500
22539.000 # 1500
22539.000 # 1500
22539.000 # 1500
22539.000 # 1500
22539.000 # 1500
22539.000 # 1500
22539.000 # 1500
22539.000 # 1500
22539.000 # 1500
22539.000 # 1500
22539.000 # 1500
22539.000 # 1500
22539.000 # 1500
22539.000 # 1500
22539.000 # 1500
22539.000 # 1500
22539.000 # 1500
22539.000 # 1500
22539.000 # 1500
22539.000 # 1500
22539.000 # 1500
22539.000 # 1500
22539.000 # 1500
22539.000 # 1500
22539.000 # 1500
22539.000 # 1500
22539.000 # 1500
22539.000 # 1500
22539.000 # 1500
22539.000 # 1500
22539.000 # 1500
22539.000 # 1500
22539.000 # 1500
22539.000 # 1500
22539.000 # 1500
22539.000 # 1500
22539.000 # 1500
22539.000 # 1500
22539.000 # 1500
22539.000 # 1500
22539.000 # 1500
22539.000 # 1500
22539.000 # 1500
22539.000 # 1500
22539.000 # 1500
22539.000 # 1500
22539.000 # 1500
22539.000 # 1500
22539.000 # 1500
22542.951 - 88 1397.819 1
22543.017 - 88 1397.732 1
22543.055 - 88 1397.707 1
22543.071 - 88 1397.688 1
22543.090 - 88 1397.578 1
22543.104 - 88 1397.556 1
22543.117 - 88 1397.541 1
22543.130 - 88 1397.525 1
22645.172 + 88 1
22645.282 + 88 1
22645.317 + 88 1
22645.348 + 88 1
22645.435 + 88 1
22645.466 + 88 1
22645.494 + 88 1
22645.522 + 88 1
22645.550 + 88 1
22645.664 + 88 1
22645.694 + 88 1
22645.722 + 88 1
22646.048 + 88 1
22646.153 + 88 1
22646.188 + 88 1
22646.318 + 88 1
22646.427 + 88 1
22646.510 + 88 1
22646.544 + 88 1
22646.574 + 88 1
22646.698 + 88 1
22646.734 + 88 1
22646.907 + 88 1
22646.940 + 88 1
22646.970 + 88 1
22647.097 + 88 1
22647.157 + 88 1
22647.184 + 88 1
22647.211 + 88 1
22647.262 + 88 1
22647.333 + 88 1
22647.373 + 88 1
22647.441 + 88 1
22647.496 + 88 1
22647.524 + 88 1
22647.575 + 88 1
22647.643 + 88 1
22647.671 + 88 1
22647.818 + 88 1
22647.998 + 88 1
22648.044 + 88 1
22648.074 + 88 1
22648.182 + 88 1
22648.318 + 88 1
22648.353 + 88 1
22648.434 + 88 1
22648.465 + 88 1
22648.494 + 88 1
22648.538 + 88 1
22648.647 + 88 1
22648.965 + 88 1
22649.037 + 88 1
22649.064 + 88 1
22649.081 + 88 1
22649.127 + 88 1
22649.143 + 88 1
22649.156 + 88 1
22649.217 + 88 1
22649.243 + 88 1
22649.257 + 88 1
22649.270 + 88 1
22649.292 + 88 1
22649.307 + 88 1
22649.339 + 88 1
22649.353 + 88 1
22649.358 + 88 1
24039.000 # 1500
24039.000 # 1500
24039.000 # 1500
24039.000 # 1500
24039.000 # 1500
24039.000 # 1500
24039.000 # 1500
24039.000 # 1500
24039.000 # 1500
24039.000 # 1500
24039.000 # 1500
24039.000 # 1500
24039.000 # 1500
24039.000 # 1500
24039.000 # 1500
24039.000 # 1500
24039.000 # 1500
24039.000 # 1500
24039.000 # 1500
24039.000 # 1500
24039.000 # 1500
24039.000 # 1500
24039.000 # 1500
24039.000 # 1500
24039.000 # 1500
24039.000 # 1500
24039.000 # 1500
24039.000 # 1500
24039.000 # 1500
24039.000 # 1500
24039.000 # 1500
24039.000 # 1500
24039.000 # 1500
24039.000 # 1500
24039.000 # 1500
24039.000 # 1500
24039.000 # 1500
24039.000 # 1500
24039.000 # 1500
24039.000 # 1500
24039.000 # 1500
24039.000 # 1500
24039.000 # 1500
24039.000 # 1500
24039.000 # 1500
24039.000 # 1500
24039.000 # 1500
24039.000 # 1500
24039.000 # 1500
24039.000 # 1500
24039.000 # 1500
24039.000 # 1500
24039.000 # 1500
24039.000 # 1500
24039.000 # 1500
24039.000 # 1500
24039.000 # 1500
24039.000 # 1500
24039.000 # 1500
24039.000 # 1500
24039.000 # 1500
24039.000 # 1500
24039.000 # 1500
24039.000 # 1500
24039.000 # 1500
24039.000 # 1500
24039.000 # 1500
24039.000 # 1500
24039.000 # 1500
24039.000 # 1500
24039.000 # 1500
24039.000 # 1500
24039.000 # 1500
24039.000 # 1500
24039.000 # 1500
24039.000 # 1500
24039.000 # 1500
24039.000 # 1500
24039.000 # 1500
24039.000 # 1500
24039.000 # 1500
24039.000 # 1500
24039.000 # 1500
24040.720 - 88 1395.548 1
24040.987 - 88 1395.705 1
24041.144 - 88 1395.827 1
24041.184 - 88 1395.836 1
24041.224 - 88 1395.789 1
24041.241 - 88 1395.775 1
24041.257 - 88 1395.763 1
24041.271 - 88 1395.749 1
24041.285 - 88 1395.735 1
24041.297 - 88 1395.633 1
24041.311 - 88 1395.617 1
24041.324 - 88 1395.602 1
24041.337 - 88 1395.289 1
24041.349 - 88 1395.196 1
24041.361 - 88 1395.173 1
24041.379 - 88 1395.061 1
24041.391 - 88 1394.964 1
24041.404 - 88 1394.894 1
24041.416 - 88 1394.872 1
24041.429 - 88 1394.855 1
24041.441 - 88 1394.743 1
24041.454 - 88 1394.720 1
24041.465 - 88 1394.558 1
24041.478 - 88 1394.538 1
24041.490 - 88 1394.520 1
24041.502 - 88 1394.405 1
24041.514 - 88 1394.357 1
24041.526 - 88 1394.342 1
24041.538 - 88 1394.327 1
24041.551 - 88 1394.289 1
24041.563 - 88 1394.230 1
24041.575 - 88 1394.202 1
24041.586 - 88 1394.145 1
24041.598 - 88 1394.102 1
24041.611 - 88 1394.087 1
24041.623 - 88 1394.048 1
24041.635 - 88 1393.992 1
24041.647 - 88 1393.976 1
24041.661 - 88 1393.843 1
24041.676 - 88 1393.678 1
24041.689 - 88 1393.645 1
24041.703 - 88 1393.629 1
24041.715 - 88 1393.533 1
24041.728 - 88 1393.410 1
24041.828 - 88 1393.475 1
24041.855 - 88 1393.421 1
24041.868 - 88 1393.403 1
24041.880 - 88 1393.386 1
24041.893 - 88 1393.355 1
24041.905 - 88 1393.258 1
24041.917 - 88 1392.952 1
24041.929 - 88 1392.892 1
24041.941 - 88 1392.877 1
24041.954 - 88 1392.873 1
24041.967 - 88 1392.840 1
24041.979 - 88 1392.836 1
24041.990 - 88 1392.834 1
24042.002 - 88 1392.785 1
24042.014 - 88 1392.771 1
24042.025 - 88 1392.768 1
24042.037 - 88 1392.767 1
24042.051 - 88 1392.759 1
24042.066 - 88 1392.759 1
24042.078 - 88 1392.739 1
24042.116 - 88 1392.763 1
24042.130 - 88 1392.772 1
24145.913 + 88 1
24146.613 + 88 1
24146.666 + 88 1
24146.714 + 88 1
24146.913 + 88 1
24146.972 + 88 1
24147.005 + 88 1
24147.038 + 88 1
24147.069 + 88 1
24147.307 + 88 1
25539.000 # 1500
25539.000 # 1500
25539.000 # 1500
25539.000 # 1500
25539.000 # 1500
25539.000 # 1500
25539.000 # 1500
25539.000 # 1500
25539.000 # 1500
25539.000 # 1500
25539.000 # 1500
25539.000 # 1500
25539.000 # 1500
25539.000 # 1500
25539.000 # 1500
25539.000 # 1500
25539.000 # 1500
25539.000 # 1500
25539.000 # 1500
25539.000 # 1500
25539.000 # 1500
25539.000 # 1500
25539.000 # 1500
25539.000 # 1500
25539.000 # 1500
25539.000 # 1500
25539.000 # 1500
25539.000 # 1500
25539.000 # 1500
25539.000 # 1500
25539.000 # 1500
25539.000 # 1500
25539.000 # 1500
25539.000 # 1500
25539.000 # 1500
25539.000 # 1500
25539.000 # 1500
25539.000 # 1500
25539.000 # 1500
25539.000 # 1500
25539.000 # 1500
25539.000 # 1500
25539.000 # 1500
25539.000 # 1500
25539.000 # 1500
25539.000 # 1500
25539.000 # 1500
25539.000 # 1500
25539.000 # 1500
25539.000 # 1500
25539.000 # 1500
25539.000 # 1500
25539.000 # 1500
25539.000 # 1500
25539.000 # 1500
25539.000 # 1500
25539.000 # 1500
25539.000 # 1500
25539.000 # 1500
25539.000 # 1500
25539.000 # 1500
25539.000 # 1500
25539.000 # 1500
25539.000 # 1500
25539.000 # 1500
25539.000 # 1500
25539.000 # 1500
25539.000 # 1500
25539.000 # 1500
25539.000 # 1500
25539.000 # 1500
25539.000 # 1500
25539.000 # 1500
25539.000 # 1500
25539.000 # 1500
25539.000 # 1500
25539.000 # 1500
25539.000 # 1500
25539.000 # 1500
25539.000 # 1500
25539.000 # 1500
25539.000 # 1500
25539.000 # 1500
25543.589 - 88 1397.676 1
25543.849 - 88 1397.236 1
25543.888 - 88 1397.222 1
25543.907 - 88 1397.193 1
25543.917 - 88 1397.004 1
25543.928 - 88 1396.956 1
25543.936 - 88 1396.931 1
25543.943 - 88 1396.905 1
25543.949 - 88 1396.880 1
25543.955 - 88 1396.648 1
25645.204 + 88 1
25645.348 + 88 1
25645.382 + 88 1
25645.423 + 88 1
25645.446 + 88 1
25645.559 + 88 1
25645.631 + 88 1
25645.648 + 88 1
25645.668 + 88 1
25645.696 + 88 1
25645.871 + 88 1
25645.993 + 88 1
25646.013 + 88 1
25646.096 + 88 1
25646.113 + 88 1
25646.126 + 88 1
25646.243 + 88 1
25646.379 + 88 1
25646.393 + 88 1
25646.424 + 88 1
25646.471 + 88 1
25646.484 + 88 1
25646.496 + 88 1
25646.507 + 88 1
25646.519 + 88 1
25646.616 + 88 1
25646.633 + 88 1
25646.645 + 88 1
25646.693 + 88 1
25646.706 + 88 1
25646.718 + 88 1
25646.817 + 88 1
25646.843 + 88 1
25646.856 + 88 1
25646.869 + 88 1
25646.881 + 88 1
25646.904 + 88 1
25646.959 + 88 1
25646.974 + 88 1
25646.989 + 88 1
25647.002 + 88 1
25647.046 + 88 1
25647.084 + 88 1
25647.144 + 88 1
25647.254 + 88 1
25647.295 + 88 1
25647.433 + 88 1
27039.000 # 1500
27039.000 # 1500
27039.000 # 1500
27039.000 # 1500
27039.000 # 1500
27039.000 # 1500
27039.000 # 1500
27039.000 # 1500
27039.000 # 1500
27039.000 # 1500
27039.000 # 1500
27039.000 # 1500
27039.000 # 1500
27039.000 # 1500
27039.000 # 1500
27039.000 # 1500
27039.000 # 1500
27039.000 # 1500
27039.000 # 1500
27039.000 # 1500
27039.000 # 1500
27039.000 # 1500
27039.000 # 1500
27039.000 # 1500
27039.000 # 1500
27039.000 # 1500
27039.000 # 1500
27039.000 # 1500
27039.000 # 1500
27039.000 # 1500
27039.000 # 1500
27039.000 # 1500
27039.000 # 1500
27039.000 # 1500
27039.000 # 1500
27039.000 # 1500
27039.000 # 1500
27039.000 # 1500
27039.000 # 1500
27039.000 # 1500
27039.000 # 1500
27039.000 # 1500
27039.000 # 1500
27039.000 # 1500
27039.000 # 1500
27039.000 # 1500
27039.000 # 1500
27039.000 # 1500
27039.000 # 1500
27039.000 # 1500
27039.000 # 1500
27039.000 # 1500
27039.000 # 1500
27039.000 # 1500
27039.000 # 1500
27039.000 # 1500
27039.000 # 1500
27039.000 # 1500
27039.000 # 1500
27039.000 # 1500
27039.000 # 1500
27039.000 # 1500
27039.000 # 1500
27039.000 # 1500
27039.000 # 1500
27039.000 # 1500
27039.000 # 1500
27039.000 # 1500
27039.000 # 1500
27039.000 # 1500
27039.000 # 1500
27039.000 # 1500
27039.000 # 1500
27039.000 # 1500
27039.000 # 1500
27039.000 # 1500
27039.000 # 1500
27039.000 # 1500
27039.000 # 1500
27039.000 # 1500
27039.000 # 1500
27039.000 # 1500
27039.000 # 1500
27041.661 - 88 1396.457 1
27041.990 - 88 1396.642 1
27042.036 - 88 1396.654 1
27042.051 - 88 1396.628 1
27042.072 - 88 1396.626 1
27042.081 - 88 1396.522 1
27042.088 - 88 1396.457 1
27042.096 - 88 1396.448 1
27042.103 - 88 1396.435 1
27042.115 - 88 1396.419 1
27042.122 - 88 1396.251 1
27042.128 - 88 1396.135 1
27042.134 - 88 1396.121 1
27042.141 - 88 1396.045 1
27042.147 - 88 1396.034 1
27042.153 - 88 1396.027 1
27042.159 - 88 1395.916 1
27042.167 - 88 1395.788 1
27042.199 - 88 1395.806 1
27042.210 - 88 1395.786 1
27042.216 - 88 1395.745 1
27042.222 - 88 1395.738 1
27042.228 - 88 1395.732 1
27042.234 - 88 1395.727 1
27042.240 - 88 1395.721 1
27042.247 - 88 1395.631 1
27042.253 - 88 1395.620 1
27042.260 - 88 1395.615 1
27042.266 - 88 1395.573 1
27042.272 - 88 1395.566 1
27042.278 - 88 1395.560 1
27042.293 - 88 1395.476 1
27042.299 - 88 1395.456 1
27042.310 - 88 1395.454 1
27042.319 - 88 1395.450 1
27042.324 - 88 1395.443 1
27042.328 - 88 1395.424 1
27042.334 - 88 1395.375 1
27042.339 - 88 1395.365 1
27042.344 - 88 1395.355 1
27042.350 - 88 1395.348 1
27042.355 - 88 1395.309 1
27042.360 - 88 1395.276 1
27042.365 - 88 1395.221 1
27042.370 - 88 1395.116 1
27042.374 - 88 1395.079 1
27042.379 - 88 1394.946 1
27145.114 + 88 1
27145.255 + 88 1
27145.361 + 88 1
28539.000 # 1500
28539.000 # 1500
28539.000 # 1500
28539.000 # 1500
28539.000 # 1500
28539.000 # 1500
28539.000 # 1500
28539.000 # 1500
28539.000 # 1500
28539.000 # 1500
28539.000 # 1500
28539.000 # 1500
28539.000 # 1500
28539.000 # 1500
28539.000 # 1500
28539.000 # 1500
28539.000 # 1500
28539.000 # 1500
28539.000 # 1500
28539.000 # 1500
28539.000 # 1500
28539.000 # 1500
28539.000 # 1500
28539.000 # 1500
28539.000 # 1500
28539.000 # 1500
28539.000 # 1500
28539.000 # 1500
28539.000 # 1500
28539.000 # 1500
28539.000 # 1500
28539.000 # 1500
28539.000 # 1500
28539.000 # 1500
28539.000 # 1500
28539.000 # 1500
28539.000 # 1500
28539.000 # 1500
28539.000 # 1500
28539.000 # 1500
28539.000 # 1500
28539.000 # 1500
28539.000 # 1500
28539.000 # 1500
28539.000 # 1500
28539.000 # 1500
28539.000 # 1500
28539.000 # 1500
28539.000 # 1500
28539.000 # 1500
28539.000 # 1500
28539.000 # 1500
28539.000 # 1500
28539.000 # 1500
28539.000 # 1500
28539.000 # 1500
28539.000 # 1500
28539.000 # 1500
28539.000 # 1500
28539.000 # 1500
28539.000 # 1500
28539.000 # 1500
28539.000 # 1500
28539.000 # 1500
28539.000 # 1500
28539.000 # 1500
28539.000 # 1500
28539.000 # 1500
28539.000 # 1500
28539.000 # 1500
28539.000 # 1500
28539.000 # 1500
28539.000 # 1500
28539.000 # 1500
28539.000 # 1500
28539.000 # 1500
28539.000 # 1500
28539.000 # 1500
28539.000 # 1500
28539.000 # 1500
28539.000 # 1500
28539.000 # 1500
28539.000 # 1500
28539.993 - 88 1394.879 1
28540.077 - 88 1394.822 1
28540.095 - 88 1394.734 1
28641.734 + 88 1
28641.945 + 88 1
28641.993 + 88 1
28642.026 + 88 1
28642.162 + 88 1
28642.177 + 88 1
28642.298 + 88 1
28642.399 + 88 1
28642.443 + 88 1
28642.545 + 88 1
28642.593 + 88 1
28642.655 + 88 1
28642.734 + 88 1
30039.000 # 1500
30039.000 # 1500
30039.000 # 1500
30039.000 # 1500
30039.000 # 1500
30039.000 # 1500
30039.000 # 1500
30039.000 # 1500
30039.000 # 1500
30039.000 # 1500
30039.000 # 1500
30039.000 # 1500
30039.000 # 1500
30039.000 # 1500
30039.000 # 1500
30039.000 # 1500
30039.000 # 1500
30039.000 # 1500
30039.000 # 1500
30039.000 # 1500
30039.000 # 1500
30039.000 # 1500
30039.000 # 1500
30039.000 # 1500
30039.000 # 1500
30039.000 # 1500
30039.000 # 1500
30039.000 # 1500
30039.000 # 1500
30039.000 # 1500
30039.000 # 1500
30039.000 # 1500
30039.000 # 1500
30039.000 # 1500
30039.000 # 1500
30039.000 # 1500
30039.000 # 1500
30039.000 # 1500
30039.000 # 1500
30039.000 # 1500
30039.000 # 1500
30039.000 # 1500
30039.000 # 1500
30039.000 # 1500
30039.000 # 1500
30039.000 # 1500
30039.000 # 1500
30039.000 # 1500
30039.000 # 1500
30039.000 # 1500
30039.000 # 1500
30039.000 # 1500
30039.000 # 1500
30039.000 # 1500
30039.000 # 1500
30039.000 # 1500
30039.000 # 1500
30039.000 # 1500
30039.000 # 1500
30039.000 # 1500
30039.000 # 1500
30039.000 # 1500
30039.000 # 1500
30039.000 # 1500
30039.000 # 1500
30039.000 # 1500
30039.000 # 1500
30039.000 # 1500
30039.000 # 1500
30039.000 # 1500
30039.000 # 1500
30039.000 # 1500
30039.000 # 1500
30039.000 # 1500
30039.000 # 1500
30039.000 # 1500
30039.000 # 1500
30039.000 # 1500
30039.000 # 1500
30039.000 # 1500
30039.000 # 1500
30039.000 # 1500
30039.000 # 1500
30041.179 - 88 1399.445 1
30041.465 - 88 1399.520 1
30041.499 - 88 1399.506 1
30041.512 - 88 1399.486 1
30041.522 - 88 1399.360 1
30041.532 - 88 1399.355 1
30041.541 - 88 1399.243 1
30041.552 - 88 1399.153 1
30041.561 - 88 1399.118 1
30041.570 - 88 1399.025 1
30041.577 - 88 1398.984 1
30041.586 - 88 1398.931 1
30041.593 - 88 1398.859 1
30145.959 + 88 1
30146.151 + 88 1
30146.385 + 88 1
30146.710 + 88 1
31539.000 # 1500
31539.000 # 1500
31539.000 # 1500
31539.000 # 1500
31539.000 # 1500
31539.000 # 1500
31539.000 # 1500
31539.000 # 1500
31539.000 # 1500
31539.000 # 1500
31539.000 # 1500
31539.000 # 1500
31539.000 # 1500
31539.000 # 1500
31539.000 # 1500
31539.000 # 1500
31539.000 # 1500
31539.000 # 1500
31539.000 # 1500
31539.000 # 1500
31539.000 # 1500
31539.000 # 1500
31539.000 # 1500
31539.000 # 1500
31539.000 # 1500
31539.000 # 1500
31539.000 # 1500
31539.000 # 1500
31539.000 # 1500
31539.000 # 1500
31539.000 # 1500
31539.000 # 1500
31539.000 # 1500
31539.000 # 1500
31539.000 # 1500
31539.000 # 1500
31539.000 # 1500
31539.000 # 1500
31539.000 # 1500
31539.000 # 1500
31539.000 # 1500
31539.000 # 1500
31539.000 # 1500
31539.000 # 1500
31539.000 # 1500
31539.000 # 1500
31539.000 # 1500
31539.000 # 1500
31539.000 # 1500
31539.000 # 1500
31539.000 # 1500
31539.000 # 1500
31539.000 # 1500
31539.000 # 1500
31539.000 # 1500
31539.000 # 1500
31539.000 # 1500
31539.000 # 1500
31539.000 # 1500
31539.000 # 1500
31539.000 # 1500
31539.000 # 1500
31539.000 # 1500
31539.000 # 1500
31539.000 # 1500
31539.000 # 1500
31539.000 # 1500
31539.000 # 1500
31539.000 # 1500
31539.000 # 1500
31539.000 # 1500
31539.000 # 1500
31539.000 # 1500
31539.000 # 1500
31539.000 # 1500
31539.000 # 1500
31539.000 # 1500
31539.000 # 1500
31539.000 # 1500
31539.000 # 1500
31539.000 # 1500
31539.000 # 1500
31539.000 # 1500
31542.117 - 88 1396.158 1
31542.285 - 88 1396.134 1
31542.302 - 88 1395.917 1
31542.325 - 88 1395.615 1
31647.200 + 88 1
31647.393 + 88 1
31647.866 + 88 1
33039.000 # 1500
33039.000 # 1500
33039.000 # 1500
33039.000 # 1500
33039.000 # 1500
33039.000 # 1500
33039.000 # 1500
33039.000 # 1500
33039.000 # 1500
33039.000 # 1500
33039.000 # 1500
33039.000 # 1500
33039.000 # 1500
33039.000 # 1500
33039.000 # 1500
33039.000 # 1500
33039.000 # 1500
33039.000 # 1500
33039.000 # 1500
33039.000 # 1500
33039.000 # 1500
33039.000 # 1500
33039.000 # 1500
33039.000 # 1500
33039.000 # 1500
33039.000 # 1500
33039.000 # 1500
33039.000 # 1500
33039.000 # 1500
33039.000 # 1500
33039.000 # 1500
33039.000 # 1500
33039.000 # 1500
33039.000 # 1500
33039.000 # 1500
33039.000 # 1500
33039.000 # 1500
33039.000 # 1500
33039.000 # 1500
33039.000 # 1500
33039.000 # 1500
33039.000 # 1500
33039.000 # 1500
33039.000 # 1500
33039.000 # 1500
33039.000 # 1500
33039.000 # 1500
33039.000 # 1500
33039.000 # 1500
33039.000 # 1500
33039.000 # 1500
33039.000 # 1500
33039.000 # 1500
33039.000 # 1500
33039.000 # 1500
33039.000 # 1500
33039.000 # 1500
33039.000 # 1500
33039.000 # 1500
33039.000 # 1500
33039.000 # 1500
33039.000 # 1500
33039.000 # 1500
33039.000 # 1500
33039.000 # 1500
33039.000 # 1500
33039.000 # 1500
33039.000 # 1500
33039.000 # 1500
33039.000 # 1500
33039.000 # 1500
33039.000 # 1500
33039.000 # 1500
33039.000 # 1500
33039.000 # 1500
33039.000 # 1500
33039.000 # 1500
33039.000 # 1500
33039.000 # 1500
33039.000 # 1500
33039.000 # 1500
33039.000 # 1500
33039.000 # 1500
33040.373 - 88 1393.173 1
33040.724 - 88 1393.331 1
33041.117 - 88 1393.251 1
33141.389 + 88 1
33141.565 + 88 1
33141.871 + 88 1
34539.000 # 1500
34539.000 # 1500
34539.000 # 1500
34539.000 # 1500
34539.000 # 1500
34539.000 # 1500
34539.000 # 1500
34539.000 # 1500
34539.000 # 1500
34539.000 # 1500
34539.000 # 1500
34539.000 # 1500
34539.000 # 1500
34539.000 # 1500
34539.000 # 1500
34539.000 # 1500
34539.000 # 1500
34539.000 # 1500
34539.000 # 1500
34539.000 # 1500
34539.000 # 1500
34539.000 # 1500
34539.000 # 1500
34539.000 # 1500
34539.000 # 1500
34539.000 # 1500
34539.000 # 1500
34539.000 # 1500
34539.000 # 1500
34539.000 # 1500
34539.000 # 1500
34539.000 # 1500
34539.000 # 1500
34539.000 # 1500
34539.000 # 1500
34539.000 # 1500
34539.000 # 1500
34539.000 # 1500
34539.000 # 1500
34539.000 # 1500
34539.000 # 1500
34539.000 # 1500
34539.000 # 1500
34539.000 # 1500
34539.000 # 1500
34539.000 # 1500
34539.000 # 1500
34539.000 # 1500
34539.000 # 1500
34539.000 # 1500
34539.000 # 1500
34539.000 # 1500
34539.000 # 1500
34539.000 # 1500
34539.000 # 1500
34539.000 # 1500
34539.000 # 1500
34539.000 # 1500
34539.000 # 1500
34539.000 # 1500
34539.000 # 1500
34539.000 # 1500
34539.000 # 1500
34539.000 # 1500
34539.000 # 1500
34539.000 # 1500
34539.000 # 1500
34539.000 # 1500
34539.000 # 1500
34539.000 # 1500
34539.000 # 1500
34539.000 # 1500
34539.000 # 1500
34539.000 # 1500
34539.000 # 1500
34539.000 # 1500
34539.000 # 1500
34539.000 # 1500
34539.000 # 1500
34539.000 # 1500
34539.000 # 1500
34539.000 # 1500
34539.000 # 1500
34544.615 - 88 1403.226 1
34544.959 - 88 1403.394 1
34545.002 - 88 1403.131 1
34642.191 + 88 1
34642.339 + 88 1
34642.618 + 88 1
34642.910 + 88 1
34643.040 + 88 1
34643.178 + 88 1
34643.287 + 88 1
34643.444 + 88 1
34643.576 + 88 1
34643.694 + 88 1
34643.919 + 88 1
34644.090 + 88 1
34644.254 + 88 1
36039.000 # 1500
36039.000 # 1500
36039.000 # 1500
36039.000 # 1500
36039.000 # 1500
36039.000 # 1500
36039.000 # 1500
36039.000 # 1500
36039.000 # 1500
36039.000 # 1500
36039.000 # 1500
36039.000 # 1500
36039.000 # 1500
36039.000 # 1500
36039.000 # 1500
36039.000 # 1500
36039.000 # 1500
36039.000 # 1500
36039.000 # 1500
36039.000 # 1500
36039.000 # 1500
36039.000 # 1500
36039.000 # 1500
36039.000 # 1500
36039.000 # 1500
36039.000 # 1500
36039.000 # 1500
36039.000 # 1500
36039.000 # 1500
36039.000 # 1500
36039.000 # 1500
36039.000 # 1500
36039.000 # 1500
36039.000 # 1500
36039.000 # 1500
36039.000 # 1500
36039.000 # 1500
36039.000 # 1500
36039.000 # 1500
36039.000 # 1500
36039.000 # 1500
36039.000 # 1500
36039.000 # 1500
36039.000 # 1500
36039.000 # 1500
36039.000 # 1500
36039.000 # 1500
36039.000 # 1500
36039.000 # 1500
36039.000 # 1500
36039.000 # 1500
36039.000 # 1500
36039.000 # 1500
36039.000 # 1500
36039.000 # 1500
36039.000 # 1500
36039.000 # 1500
36039.000 # 1500
36039.000 # 1500
36039.000 # 1500
36039.000 # 1500
36039.000 # 1500
36039.000 # 1500
36039.000 # 1500
36039.000 # 1500
36039.000 # 1500
36039.000 # 1500
36039.000 # 1500
36039.000 # 1500
36039.000 # 1500
36039.000 # 1500
36039.000 # 1500
36039.000 # 1500
36039.000 # 1500
36039.000 # 1500
36039.000 # 1500
36039.000 # 1500
36039.000 # 1500
36039.000 # 1500
36039.000 # 1500
36039.000 # 1500
36039.000 # 1500
36039.000 # 1500
36041.301 - 88 1399.110 1
36041.569 - 88 1399.230 1
36041.617 - 88 1398.999 1
36041.639 - 88 1398.729 1
36041.655 - 88 1398.615 1
36041.672 - 88 1398.494 1
36041.825 - 88 1398.538 1
36041.851 - 88 1398.407 1
36041.873 - 88 1398.297 1
36041.886 - 88 1398.192 1
36041.898 - 88 1397.979 1
36041.916 - 88 1397.826 1
36041.938 - 88 1397.684 1
36141.338 + 88 1
36141.466 + 88 1
36141.609 + 88 1
36141.670 + 88 1
37539.000 # 1500
37539.000 # 1500
37539.000 # 1500
37539.000 # 1500
37539.000 # 1500
37539.000 # 1500
37539.000 # 1500
37539.000 # 1500
37539.000 # 1500
37539.000 # 1500
37539.000 # 1500
37539.000 # 1500
37539.000 # 1500
37539.000 # 1500
37539.000 # 1500
37539.000 # 1500
37539.000 # 1500
37539.000 # 1500
37539.000 # 1500
37539.000 # 1500
37539.000 # 1500
37539.000 # 1500
37539.000 # 1500
37539.000 # 1500
37539.000 # 1500
37539.000 # 1500
37539.000 # 1500
37539.000 # 1500
37539.000 # 1500
37539.000 # 1500
37539.000 # 1500
37539.000 # 1500
37539.000 # 1500
37539.000 # 1500
37539.000 # 1500
37539.000 # 1500
37539.000 # 1500
37539.000 # 1500
37539.000 # 1500
37539.000 # 1500
37539.000 # 1500
37539.000 # 1500
37539.000 # 1500
37539.000 # 1500
37539.000 # 1500
37539.000 # 1500
37539.000 # 1500
37539.000 # 1500
37539.000 # 1500
37539.000 # 1500
37539.000 # 1500
37539.000 # 1500
37539.000 # 1500
37539.000 # 1500
37539.000 # 1500
37539.000 # 1500
37539.000 # 1500
37539.000 # 1500
37539.000 # 1500
37539.000 # 1500
37539.000 # 1500
37539.000 # 1500
37539.000 # 1500
37539.000 # 1500
37539.000 # 1500
37539.000 # 1500
37539.000 # 1500
37539.000 # 1500
37539.000 # 1500
37539.000 # 1500
37539.000 # 1500
37539.000 # 1500
37539.000 # 1500
37539.000 # 1500
37539.000 # 1500
37539.000 # 1500
37539.000 # 1500
37539.000 # 1500
37539.000 # 1500
37539.000 # 1500
37539.000 # 1500
37539.000 # 1500
37539.000 # 1500
37541.286 - 88 1399.948 1
37541.638 - 88 1400.172 1
37541.700 - 88 1400.091 1
37541.731 - 88 1400.061 1
37644.168 + 88 1
37644.435 + 88 1
37644.531 + 88 1
37644.863 + 88 1
37644.942 + 88 1
37645.000 + 88 1
37645.090 + 88 1
37645.229 + 88 1
37645.272 + 88 1
37645.304 + 88 1
37645.360 + 88 1
37645.428 + 88 1
37645.464 + 88 1
37645.527 + 88 1
37645.574 + 88 1
37645.638 + 88 1
37645.705 + 88 1
37645.819 + 88 1
37645.859 + 88 1
37645.951 + 88 1
37646.023 + 88 1
37646.091 + 88 1
37646.150 + 88 1
39039.000 # 1500
39039.000 # 1500
39039.000 # 1500
39039.000 # 1500
39039.000 # 1500
39039.000 # 1500
39039.000 # 1500
39039.000 # 1500
39039.000 # 1500
39039.000 # 1500
39039.000 # 1500
39039.000 # 1500
39039.000 # 1500
39039.000 # 1500
39039.000 # 1500
39039.000 # 1500
39039.000 # 1500
39039.000 # 1500
39039.000 # 1500
39039.000 # 1500
39039.000 # 1500
39039.000 # 1500
39039.000 # 1500
39039.000 # 1500
39039.000 # 1500
39039.000 # 1500
39039.000 # 1500
39039.000 # 1500
39039.000 # 1500
39039.000 # 1500
39039.000 # 1500
39039.000 # 1500
39039.000 # 1500
39039.000 # 1500
39039.000 # 1500
39039.000 # 1500
39039.000 # 1500
39039.000 # 1500
39039.000 # 1500
39039.000 # 1500
39039.000 # 1500
39039.000 # 1500
39039.000 # 1500
39039.000 # 1500
39039.000 # 1500
39039.000 # 1500
39039.000 # 1500
39039.000 # 1500
39039.000 # 1500
39039.000 # 1500
39039.000 # 1500
39039.000 # 1500
39039.000 # 1500
39039.000 # 1500
39039.000 # 1500
39039.000 # 1500
39039.000 # 1500
39039.000 # 1500
39039.000 # 1500
39039.000 # 1500
39039.000 # 1500
39039.000 # 1500
39039.000 # 1500
39039.000 # 1500
39039.000 # 1500
39039.000 # 1500
39039.000 # 1500
39039.000 # 1500
39039.000 # 1500
39039.000 # 1500
39039.000 # 1500
39039.000 # 1500
39039.000 # 1500
39039.000 # 1500
39039.000 # 1500
39039.000 # 1500
39039.000 # 1500
39039.000 # 1500
39039.000 # 1500
39039.000 # 1500
39039.000 # 1500
39039.000 # 1500
39039.000 # 1500
39044.478 - 88 1400.310 1
39044.693 - 88 1400.258 1
39044.925 - 88 1400.394 1
39044.953 - 88 1400.090 1
39044.977 - 88 1400.035 1
39044.994 - 88 1399.994 1
39045.010 - 88 1399.920 1
39045.027 - 88 1399.798 1
39045.041 - 88 1399.769 1
39045.057 - 88 1399.753 1
39045.072 - 88 1399.712 1
39045.088 - 88 1399.660 1
39045.104 - 88 1399.640 1
39045.120 - 88 1399.593 1
39045.135 - 88 1399.561 1
39045.153 - 88 1399.515 1
39045.167 - 88 1399.462 1
39045.183 - 88 1399.364 1
39045.197 - 88 1399.338 1
39045.212 - 88 1399.261 1
39045.227 - 88 1399.204 1
39045.243 - 88 1399.152 1
39045.259 - 88 1399.109 1
39144.978 + 88 1
39145.119 + 88 1
39145.222 + 88 1
39145.283 + 88 1
39145.383 + 88 1
39145.531 + 88 1
39145.615 + 88 1
39145.659 + 88 1
40539.000 # 1500
40539.000 # 1500
40539.000 # 1500
40539.000 # 1500
40539.000 # 1500
40539.000 # 1500
40539.000 # 1500
40539.000 # 1500
40539.000 # 1500
40539.000 # 1500
40539.000 # 1500
40539.000 # 1500
40539.000 # 1500
40539.000 # 1500
40539.000 # 1500
40539.000 # 1500
40539.000 # 1500
40539.000 # 1500
40539.000 # 1500
40539.000 # 1500
40539.000 # 1500
40539.000 # 1500
40539.000 # 1500
40539.000 # 1500
40539.000 # 1500
40539.000 # 1500
40539.000 # 1500
40539.000 # 1500
40539.000 # 1500
40539.000 # 1500
40539.000 # 1500
40539.000 # 1500
40539.000 # 1500
40539.000 # 1500
40539.000 # 1500
40539.000 # 1500
40539.000 # 1500
40539.000 # 1500
40539.000 # 1500
40539.000 # 1500
40539.000 # 1500
40539.000 # 1500
40539.000 # 1500
40539.000 # 1500
40539.000 # 1500
40539.000 # 1500
40539.000 # 1500
40539.000 # 1500
40539.000 # 1500
40539.000 # 1500
40539.000 # 1500
40539.000 # 1500
40539.000 # 1500
40539.000 # 1500
40539.000 # 1500
40539.000 # 1500
40539.000 # 1500
40539.000 # 1500
40539.000 # 1500
40539.000 # 1500
40539.000 # 1500
40539.000 # 1500
40539.000 # 1500
40539.000 # 1500
40539.000 # 1500
40539.000 # 1500
40539.000 # 1500
40539.000 # 1500
40539.000 # 1500
40539.000 # 1500
40539.000 # 1500
40539.000 # 1500
40539.000 # 1500
40539.000 # 1500
40539.000 # 1500
40539.000 # 1500
40539.000 # 1500
40539.000 # 1500
40539.000 # 1500
40539.000 # 1500
40539.000 # 1500
40539.000 # 1500
40539.000 # 1500
40541.118 - 88 1396.140 1
40541.299 - 88 1396.180 1
40541.344 - 88 1396.122 1
40541.365 - 88 1396.082 1
40541.383 - 88 1396.000 1
40541.399 - 88 1395.868 1
40541.414 - 88 1395.799 1
40541.431 - 88 1395.772 1
40646.016 + 88 1
40646.185 + 88 1
40646.286 + 88 1
40646.416 + 88 1
40646.625 + 88 1
40646.710 + 88 1
40646.989 + 88 1
40647.077 + 88 1
40647.141 + 88 1
40647.249 + 88 1
40647.359 + 88 1
40647.427 + 88 1
40647.545 + 88 1
40647.627 + 88 1
40647.707 + 88 1
40648.023 + 88 1
40648.114 + 88 1
40648.197 + 88 1
40648.273 + 88 1
40648.333 + 88 1
40648.462 + 88 1
40648.614 + 88 1
40648.635 + 88 1
42039.000 # 1500
42039.000 # 1500
42039.000 # 1500
42039.000 # 1500
42039.000 # 1500
42039.000 # 1500
42039.000 # 1500
42039.000 # 1500
42039.000 # 1500
42039.000 # 1500
42039.000 # 1500
42039.000 # 1500
42039.000 # 1500
42039.000 # 1500
42039.000 # 1500
42039.000 # 1500
42039.000 # 1500
42039.000 # 1500
42039.000 # 1500
42039.000 # 1500
42039.000 # 1500
42039.000 # 1500
42039.000 # 1500
42039.000 # 1500
42039.000 # 1500
42039.000 # 1500
42039.000 # 1500
42039.000 # 1500
42039.000 # 1500
42039.000 # 1500
42039.000 # 1500
42039.000 # 1500
42039.000 # 1500
42039.000 # 1500
42039.000 # 1500
42039.000 # 1500
42039.000 # 1500
42039.000 # 1500
42039.000 # 1500
42039.000 # 1500
42039.000 # 1500
42039.000 # 1500
42039.000 # 1500
42039.000 # 1500
42039.000 # 1500
42039.000 # 1500
42039.000 # 1500
42039.000 # 1500
42039.000 # 1500
42039.000 # 1500
42039.000 # 1500
42039.000 # 1500
42039.000 # 1500
42039.000 # 1500
42039.000 # 1500
42039.000 # 1500
42039.000 # 1500
42039.000 # 1500
42039.000 # 1500
42039.000 # 1500
42039.000 # 1500
42039.000 # 1500
42039.000 # 1500
42039.000 # 1500
42039.000 # 1500
42039.000 # 1500
42039.000 # 1500
42039.000 # 1500
42039.000 # 1500
42039.000 # 1500
42039.000 # 1500
42039.000 # 1500
42039.000 # 1500
42039.000 # 1500
42039.000 # 1500
42039.000 # 1500
42039.000 # 1500
42039.000 # 1500
42039.000 # 1500
42039.000 # 1500
42039.000 # 1500
42039.000 # 1500
42039.000 # 1500
42042.214 - 88 1396.198 1
42042.424 - 88 1396.239 1
42042.460 - 88 1396.174 1
42042.477 - 88 1396.061 1
42042.485 - 88 1395.860 1
42042.494 - 88 1395.784 1
42042.504 - 88 1395.515 1
42042.532 - 88 1395.455 1
42042.551 - 88 1395.410 1
42042.560 - 88 1395.311 1
42042.571 - 88 1395.212 1
42042.578 - 88 1395.151 1
42042.584 - 88 1395.039 1
42042.591 - 88 1394.964 1
42042.598 - 88 1394.891 1
42042.604 - 88 1394.581 1
42042.611 - 88 1394.497 1
42042.617 - 88 1394.420 1
42042.624 - 88 1394.351 1
42042.630 - 88 1394.297 1
42042.636 - 88 1394.174 1
42042.643 - 88 1394.029 1
42042.651 - 88 1394.016 1
42144.674 + 88 1
42144.920 + 88 1
42145.027 + 88 1
42145.206 + 88 1
42145.274 + 88 1
42145.343 + 88 1
42145.407 + 88 1
43539.000 # 1500
43539.000 # 1500
43539.000 # 1500
43539.000 # 1500
43539.000 # 1500
43539.000 # 1500
43539.000 # 1500
43539.000 # 1500
43539.000 # 1500
43539.000 # 1500
43539.000 # 1500
43539.000 # 1500
43539.000 # 1500
43539.000 # 1500
43539.000 # 1500
43539.000 # 1500
43539.000 # 1500
43539.000 # 1500
43539.000 # 1500
43539.000 # 1500
43539.000 # 1500
43539.000 # 1500
43539.000 # 1500
43539.000 # 1500
43539.000 # 1500
43539.000 # 1500
43539.000 # 1500
43539.000 # 1500
43539.000 # 1500
43539.000 # 1500
43539.000 # 1500
43539.000 # 1500
43539.000 # 1500
43539.000 # 1500
43539.000 # 1500
43539.000 # 1500
43539.000 # 1500
43539.000 # 1500
43539.000 # 1500
43539.000 # 1500
43539.000 # 1500
43539.000 # 1500
43539.000 # 1500
43539.000 # 1500
43539.000 # 1500
43539.000 # 1500
43539.000 # 1500
43539.000 # 1500
43539.000 # 1500
43539.000 # 1500
43539.000 # 1500
43539.000 # 1500
43539.000 # 1500
43539.000 # 1500
43539.000 # 1500
43539.000 # 1500
43539.000 # 1500
43539.000 # 1500
43539.000 # 1500
43539.000 # 1500
43539.000 # 1500
43539.000 # 1500
43539.000 # 1500
43539.000 # 1500
43539.000 # 1500
43539.000 # 1500
43539.000 # 1500
43539.000 # 1500
43539.000 # 1500
43539.000 # 1500
43539.000 # 1500
43539.000 # 1500
43539.000 # 1500
43539.000 # 1500
43539.000 # 1500
43539.000 # 1500
43539.000 # 1500
43539.000 # 1500
43539.000 # 1500
43539.000 # 1500
43539.000 # 1500
43539.000 # 1500
43539.000 # 1500
43541.428 - 88 1396.754 1
43541.617 - 88 1396.697 1
43541.660 - 88 1396.633 1
43541.683 - 88 1396.477 1
43541.701 - 88 1396.427 1
43541.716 - 88 1396.373 1
43541.732 - 88 1396.325 1
43645.005 + 88 1
43645.129 + 88 1
43645.199 + 88 1
43645.253 + 88 1
43645.404 + 88 1
43645.467 + 88 1
43645.560 + 88 1
43645.930 + 88 1
43646.117 + 88 1
43646.329 + 88 1
43646.466 + 88 1
43646.677 + 88 1
43647.004 + 88 1
43647.124 + 88 1
43647.205 + 88 1
43647.411 + 88 1
45039.000 # 1500
45039.000 # 1500
45039.000 # 1500
45039.000 # 1500
45039.000 # 1500
45039.000 # 1500
45039.000 # 1500
45039.000 # 1500
45039.000 # 1500
45039.000 # 1500
45039.000 # 1500
45039.000 # 1500
45039.000 # 1500
45039.000 # 1500
45039.000 # 1500
45039.000 # 1500
45039.000 # 1500
45039.000 # 1500
45039.000 # 1500
45039.000 # 1500
45039.000 # 1500
45039.000 # 1500
45039.000 # 1500
45039.000 # 1500
45039.000 # 1500
45039.000 # 1500
45039.000 # 1500
45039.000 # 1500
45039.000 # 1500
45039.000 # 1500
45039.000 # 1500
45039.000 # 1500
45039.000 # 1500
45039.000 # 1500
45039.000 # 1500
45039.000 # 1500
45039.000 # 1500
45039.000 # 1500
45039.000 # 1500
45039.000 # 1500
45039.000 # 1500
45039.000 # 1500
45039.000 # 1500
45039.000 # 1500
45039.000 # 1500
45039.000 # 1500
45039.000 # 1500
45039.000 # 1500
45039.000 # 1500
45039.000 # 1500
45039.000 # 1500
45039.000 # 1500
45039.000 # 1500
45039.000 # 1500
45039.000 # 1500
45039.000 # 1500
45039.000 # 1500
45039.000 # 1500
45039.000 # 1500
45039.000 # 1500
45039.000 # 1500
45039.000 # 1500
45039.000 # 1500
45039.000 # 1500
45039.000 # 1500
45039.000 # 1500
45039.000 # 1500
45039.000 # 1500
45039.000 # 1500
45039.000 # 1500
45039.000 # 1500
45039.000 # 1500
45039.000 # 1500
45039.000 # 1500
45039.000 # 1500
45039.000 # 1500
45039.000 # 1500
45039.000 # 1500
45039.000 # 1500
45039.000 # 1500
45039.000 # 1500
45039.000 # 1500
45039.000 # 1500
45041.674 - 88 1396.669 1
45042.037 - 88 1396.908 1
45042.118 - 88 1396.919 1
45042.156 - 88 1396.903 1
45042.176 - 88 1396.772 1
45042.198 - 88 1396.731 1
45042.215 - 88 1396.655 1
45042.231 - 88 1396.301 1
45042.253 - 88 1396.136 1
45042.305 - 88 1395.976 1
45042.334 - 88 1395.868 1
45042.354 - 88 1395.677 1
45042.369 - 88 1395.365 1
45042.388 - 88 1395.264 1
45042.406 - 88 1395.201 1
45042.429 - 88 1395.018 1
45144.219 + 88 1
45144.349 + 88 1
45144.572 + 88 1
45144.813 + 88 1
45145.012 + 88 1
46539.000 # 1500
46539.000 # 1500
46539.000 # 1500
46539.000 # 1500
46539.000 # 1500
46539.000 # 1500
46539.000 # 1500
46539.000 # 1500
46539.000 # 1500
46539.000 # 1500
46539.000 # 1500
46539.000 # 1500
46539.000 # 1500
46539.000 # 1500
46539.000 # 1500
46539.000 # 1500
46539.000 # 1500
46539.000 # 1500
46539.000 # 1500
46539.000 # 1500
46539.000 # 1500
46539.000 # 1500
46539.000 # 1500
46539.000 # 1500
46539.000 # 1500
46539.000 # 1500
46539.000 # 1500
46539.000 # 1500
46539.000 # 1500
46539.000 # 1500
46539.000 # 1500
46539.000 # 1500
46539.000 # 1500
46539.000 # 1500
46539.000 # 1500
46539.000 # 1500
46539.000 # 1500
46539.000 # 1500
46539.000 # 1500
46539.000 # 1500
46539.000 # 1500
46539.000 # 1500
46539.000 # 1500
46539.000 # 1500
46539.000 # 1500
46539.000 # 1500
46539.000 # 1500
46539.000 # 1500
46539.000 # 1500
46539.000 # 1500
46539.000 # 1500
46539.000 # 1500
46539.000 # 1500
46539.000 # 1500
46539.000 # 1500
46539.000 # 1500
46539.000 # 1500
46539.000 # 1500
46539.000 # 1500
46539.000 # 1500
46539.000 # 1500
46539.000 # 1500
46539.000 # 1500
46539.000 # 1500
46539.000 # 1500
46539.000 # 1500
46539.000 # 1500
46539.000 # 1500
46539.000 # 1500
46539.000 # 1500
46539.000 # 1500
46539.000 # 1500
46539.000 # 1500
46539.000 # 1500
46539.000 # 1500
46539.000 # 1500
46539.000 # 1500
46539.000 # 1500
46539.000 # 1500
46539.000 # 1500
46539.000 # 1500
46539.000 # 1500
46539.000 # 1500
46542.405 - 88 1398.186 1
46542.517 - 88 1398.168 1
46542.528 - 88 1397.956 1
46542.534 - 88 1397.721 1
46542.542 - 88 1397.530 1
46643.887 + 88 1
46643.988 + 88 1
46644.018 + 88 1
46644.060 + 88 1
46644.118 + 88 1
46644.161 + 88 1
46644.211 + 88 1
46644.248 + 88 1
46644.357 + 88 1
46644.473 + 88 1
46644.503 + 88 1
46644.522 + 88 1
46644.571 + 88 1
46644.629 + 88 1
46644.720 + 88 1
46644.833 + 88 1
46644.876 + 88 1
46644.904 + 88 1
46644.999 + 88 1
48039.000 # 1500
48039.000 # 1500
48039.000 # 1500
48039.000 # 1500
48039.000 # 1500
48039.000 # 1500
48039.000 # 1500
48039.000 # 1500
48039.000 # 1500
48039.000 # 1500
48039.000 # 1500
48039.000 # 1500
48039.000 # 1500
48039.000 # 1500
48039.000 # 1500
48039.000 # 1500
48039.000 # 1500
48039.000 # 1500
48039.000 # 1500
48039.000 # 1500
48039.000 # 1500
48039.000 # 1500
48039.000 # 1500
48039.000 # 1500
48039.000 # 1500
48039.000 # 1500
48039.000 # 1500
48039.000 # 1500
48039.000 # 1500
48039.000 # 1500
48039.000 # 1500
48039.000 # 1500
48039.000 # 1500
48039.000 # 1500
48039.000 # 1500
48039.000 # 1500
48039.000 # 1500
48039.000 # 1500
48039.000 # 1500
48039.000 # 1500
48039.000 # 1500
48039.000 # 1500
48039.000 # 1500
48039.000 # 1500
48039.000 # 1500
48039.000 # 1500
48039.000 # 1500
48039.000 # 1500
48039.000 # 1500
48039.000 # 1500
48039.000 # 1500
48039.000 # 1500
48039.000 # 1500
48039.000 # 1500
48039.000 # 1500
48039.000 # 1500
48039.000 # 1500
48039.000 # 1500
48039.000 # 1500
48039.000 # 1500
48039.000 # 1500
48039.000 # 1500
48039.000 # 1500
48039.000 # 1500
48039.000 # 1500
48039.000 # 1500
48039.000 # 1500
48039.000 # 1500
48039.000 # 1500
48039.000 # 1500
48039.000 # 1500
48039.000 # 1500
48039.000 # 1500
48039.000 # 1500
48039.000 # 1500
48039.000 # 1500
48039.000 # 1500
48039.000 # 1500
48039.000 # 1500
48039.000 # 1500
48039.000 # 1500
48039.000 # 1500
48039.000 # 1500
48044.179 - 88 1400.292 1
48044.812 - 88 1400.824 1
48045.593 - 88 1401.575 1
48045.635 - 88 1401.575 1
48046.670 - 88 1402.552 1
48046.694 - 88 1402.533 1
48046.700 - 88 1402.489 1
48046.704 - 88 1402.456 1
48046.724 - 88 1402.367 1
48046.764 - 88 1402.291 1
48046.773 - 88 1402.270 1
48046.795 - 88 1402.273 1
48046.799 - 88 1402.228 1
48046.803 - 88 1402.174 1
48046.807 - 88 1402.087 1
48046.810 - 88 1401.977 1
48046.813 - 88 1401.937 1
48046.816 - 88 1401.912 1
48046.818 - 88 1401.819 1
48141.308 + 88 1
48141.492 + 88 1
48141.526 + 88 1
48141.566 + 88 1
48141.669 + 88 1
49539.000 # 1500
49539.000 # 1500
49539.000 # 1500
49539.000 # 1500
49539.000 # 1500
49539.000 # 1500
49539.000 # 1500
49539.000 # 1500
49539.000 # 1500
49539.000 # 1500
49539.000 # 1500
49539.000 # 1500
49539.000 # 1500
49539.000 # 1500
49539.000 # 1500
49539.000 # 1500
49539.000 # 1500
49539.000 # 1500
49539.000 # 1500
49539.000 # 1500
49539.000 # 1500
49539.000 # 1500
49539.000 # 1500
49539.000 # 1500
49539.000 # 1500
49539.000 # 1500
49539.000 # 1500
49539.000 # 1500
49539.000 # 1500
49539.000 # 1500
49539.000 # 1500
49539.000 # 1500
49539.000 # 1500
49539.000 # 1500
49539.000 # 1500
49539.000 # 1500
49539.000 # 1500
49539.000 # 1500
49539.000 # 1500
49539.000 # 1500
49539.000 # 1500
49539.000 # 1500
49539.000 # 1500
49539.000 # 1500
49539.000 # 1500
49539.000 # 1500
49539.000 # 1500
49539.000 # 1500
49539.000 # 1500
49539.000 # 1500
49539.000 # 1500
49539.000 # 1500
49539.000 # 1500
49539.000 # 1500
49539.000 # 1500
49539.000 # 1500
49539.000 # 1500
49539.000 # 1500
49539.000 # 1500
49539.000 # 1500
49539.000 # 1500
49539.000 # 1500
49539.000 # 1500
49539.000 # 1500
49539.000 # 1500
49539.000 # 1500
49539.000 # 1500
49539.000 # 1500
49539.000 # 1500
49539.000 # 1500
49539.000 # 1500
49539.000 # 1500
49539.000 # 1500
49539.000 # 1500
49539.000 # 1500
49539.000 # 1500
49539.000 # 1500
49539.000 # 1500
49539.000 # 1500
49539.000 # 1500
49539.000 # 1500
49539.000 # 1500
49539.000 # 1500
49540.933 - 88 1399.625 1
49541.151 - 88 1399.659 1
49541.256 - 88 1399.730 1
49541.277 - 88 1399.711 1
49541.291 - 88 1399.622 1
49642.290 + 88 1
49642.370 + 88 1
49642.429 + 88 1
49642.545 + 88 1
49642.631 + 88 1
49642.666 + 88 1
49642.933 + 88 1
49643.253 + 88 1
49643.362 + 88 1
49643.427 + 88 1
49643.640 + 88 1
49643.913 + 88 1
49643.996 + 88 1
49644.276 + 88 1
49644.424 + 88 1
49644.488 + 88 1
49644.573 + 88 1
51039.000 # 1500
51039.000 # 1500
51039.000 # 1500
51039.000 # 1500
51039.000 # 1500
51039.000 # 1500
51039.000 # 1500
51039.000 # 1500
51039.000 # 1500
51039.000 # 1500
51039.000 # 1500
51039.000 # 1500
51039.000 # 1500
51039.000 # 1500
51039.000 # 1500
51039.000 # 1500
51039.000 # 1500
51039.000 # 1500
51039.000 # 1500
51039.000 # 1500
51039.000 # 1500
51039.000 # 1500
51039.000 # 1500
51039.000 # 1500
51039.000 # 1500
51039.000 # 1500
51039.000 # 1500
51039.000 # 1500
51039.000 # 1500
51039.000 # 1500
51039.000 # 1500
51039.000 # 1500
51039.000 # 1500
51039.000 # 1500
51039.000 # 1500
51039.000 # 1500
51039.000 # 1500
51039.000 # 1500
51039.000 # 1500
51039.000 # 1500
51039.000 # 1500
51039.000 # 1500
51039.000 # 1500
51039.000 # 1500
51039.000 # 1500
51039.000 # 1500
51039.000 # 1500
51039.000 # 1500
51039.000 # 1500
51039.000 # 1500
51039.000 # 1500
51039.000 # 1500
51039.000 # 1500
51039.000 # 1500
51039.000 # 1500
51039.000 # 1500
51039.000 # 1500
51039.000 # 1500
51039.000 # 1500
51039.000 # 1500
51039.000 # 1500
51039.000 # 1500
51039.000 # 1500
51039.000 # 1500
51039.000 # 1500
51039.000 # 1500
51039.000 # 1500
51039.000 # 1500
51039.000 # 1500
51039.000 # 1500
51039.000 # 1500
51039.000 # 1500
51039.000 # 1500
51039.000 # 1500
51039.000 # 1500
51039.000 # 1500
51039.000 # 1500
51039.000 # 1500
51039.000 # 1500
51039.000 # 1500
51039.000 # 1500
51039.000 # 1500
51039.000 # 1500
51041.038 - 88 1398.748 1
51041.321 - 88 1398.951 1
51041.392 - 88 1398.963 1
51041.433 - 88 1398.888 1
51041.453 - 88 1398.822 1
51041.475 - 88 1398.809 1
51041.488 - 88 1398.555 1
51041.500 - 88 1398.247 1
51041.514 - 88 1398.152 1
51041.526 - 88 1398.099 1
51041.539 - 88 1397.899 1
51041.554 - 88 1397.641 1
51041.568 - 88 1397.572 1
51041.581 - 88 1397.305 1
51041.595 - 88 1397.171 1
51041.611 - 88 1397.123 1
51041.623 - 88 1397.050 1
51142.487 + 88 1
51142.604 + 88 1
51142.654 + 88 1
51142.731 + 88 1
51142.874 + 88 1
51142.972 + 88 1
52539.000 # 1500
52539.000 # 1500
52539.000 # 1500
52539.000 # 1500
52539.000 # 1500
52539.000 # 1500
52539.000 # 1500
52539.000 # 1500
52539.000 # 1500
52539.000 # 1500
52539.000 # 1500
52539.000 # 1500
52539.000 # 1500
52539.000 # 1500
52539.000 # 1500
52539.000 # 1500
52539.000 # 1500
52539.000 # 1500
52539.000 # 1500
52539.000 # 1500
52539.000 # 1500
52539.000 # 1500
52539.000 # 1500
52539.000 # 1500
52539.000 # 1500
52539.000 # 1500
52539.000 # 1500
52539.000 # 1500
52539.000 # 1500
52539.000 # 1500
52539.000 # 1500
52539.000 # 1500
52539.000 # 1500
52539.000 # 1500
52539.000 # 1500
52539.000 # 1500
52539.000 # 1500
52539.000 # 1500
52539.000 # 1500
52539.000 # 1500
52539.000 # 1500
52539.000 # 1500
52539.000 # 1500
52539.000 # 1500
52539.000 # 1500
52539.000 # 1500
52539.000 # 1500
52539.000 # 1500
52539.000 # 1500
52539.000 # 1500
52539.000 # 1500
52539.000 # 1500
52539.000 # 1500
52539.000 # 1500
52539.000 # 1500
52539.000 # 1500
52539.000 # 1500
52539.000 # 1500
52539.000 # 1500
52539.000 # 1500
52539.000 # 1500
52539.000 # 1500
52539.000 # 1500
52539.000 # 1500
52539.000 # 1500
52539.000 # 1500
52539.000 # 1500
52539.000 # 1500
52539.000 # 1500
52539.000 # 1500
52539.000 # 1500
52539.000 # 1500
52539.000 # 1500
52539.000 # 1500
52539.000 # 1500
52539.000 # 1500
52539.000 # 1500
52539.000 # 1500
52539.000 # 1500
52539.000 # 1500
52539.000 # 1500
52539.000 # 1500
52539.000 # 1500
52540.995 - 88 1398.508 1
52541.380 - 88 1398.776 1
52541.441 - 88 1398.787 1
52541.467 - 88 1398.736 1
52541.485 - 88 1398.611 1
52541.501 - 88 1398.529 1
52643.968 + 88 1
52644.347 + 88 1
52644.464 + 88 1
52644.519 + 88 1
52644.615 + 88 1
52644.654 + 88 1
52644.680 + 88 1
52644.771 + 88 1
52644.804 + 88 1
52644.862 + 88 1
52644.911 + 88 1
52644.938 + 88 1
52644.985 + 88 1
52645.015 + 88 1
52645.091 + 88 1
54039.000 # 1500
54039.000 # 1500
54039.000 # 1500
54039.000 # 1500
54039.000 # 1500
54039.000 # 1500
54039.000 # 1500
54039.000 # 1500
54039.000 # 1500
54039.000 # 1500
54039.000 # 1500
54039.000 # 1500
54039.000 # 1500
54039.000 # 1500
54039.000 # 1500
54039.000 # 1500
54039.000 # 1500
54039.000 # 1500
54039.000 # 1500
54039.000 # 1500
54039.000 # 1500
54039.000 # 1500
54039.000 # 1500
54039.000 # 1500
54039.000 # 1500
54039.000 # 1500
54039.000 # 1500
54039.000 # 1500
54039.000 # 1500
54039.000 # 1500
54039.000 # 1500
54039.000 # 1500
54039.000 # 1500
54039.000 # 1500
54039.000 # 1500
54039.000 # 1500
54039.000 # 1500
54039.000 # 1500
54039.000 # 1500
54039.000 # 1500
54039.000 # 1500
54039.000 # 1500
54039.000 # 1500
54039.000 # 1500
54039.000 # 1500
54039.000 # 1500
54039.000 # 1500
54039.000 # 1500
54039.000 # 1500
54039.000 # 1500
54039.000 # 1500
54039.000 # 1500
54039.000 # 1500
54039.000 # 1500
54039.000 # 1500
54039.000 # 1500
54039.000 # 1500
54039.000 # 1500
54039.000 # 1500
54039.000 # 1500
54039.000 # 1500
54039.000 # 1500
54039.000 # 1500
54039.000 # 1500
54039.000 # 1500
54039.000 # 1500
54039.000 # 1500
54039.000 # 1500
54039.000 # 1500
54039.000 # 1500
54039.000 # 1500
54039.000 # 1500
54039.000 # 1500
54039.000 # 1500
54039.000 # 1500
54039.000 # 1500
54039.000 # 1500
54039.000 # 1500
54039.000 # 1500
54039.000 # 1500
54039.000 # 1500
54039.000 # 1500
54039.000 # 1500
54042.397 - 88 1398.429 1
54042.643 - 88 1398.296 1
54042.691 - 88 1398.227 1
54042.713 - 88 1398.194 1
54042.723 - 88 1398.108 1
54042.882 - 88 1398.228 1
54042.963 - 88 1398.283 1
54042.992 - 88 1398.221 1
54043.078 - 88 1398.274 1
54043.095 - 88 1398.233 1
54043.105 - 88 1398.194 1
54043.113 - 88 1398.175 1
54043.119 - 88 1398.134 1
54043.127 - 88 1398.112 1
54043.134 - 88 1398.043 1
54142.821 + 88 1
54142.952 + 88 1
54143.022 + 88 1
54143.066 + 88 1
54143.126 + 88 1
54143.168 + 88 1
54143.212 + 88 1
55539.000 # 1500
55539.000 # 1500
55539.000 # 1500
55539.000 # 1500
55539.000 # 1500
55539.000 # 1500
55539.000 # 1500
55539.000 # 1500
55539.000 # 1500
55539.000 # 1500
55539.000 # 1500
55539.000 # 1500
55539.000 # 1500
55539.000 # 1500
55539.000 # 1500
55539.000 # 1500
55539.000 # 1500
55539.000 # 1500
55539.000 # 1500
55539.000 # 1500
55539.000 # 1500
55539.000 # 1500
55539.000 # 1500
55539.000 # 1500
55539.000 # 1500
55539.000 # 1500
55539.000 # 1500
55539.000 # 1500
55539.000 # 1500
55539.000 # 1500
55539.000 # 1500
55539.000 # 1500
55539.000 # 1500
55539.000 # 1500
55539.000 # 1500
55539.000 # 1500
55539.000 # 1500
55539.000 # 1500
55539.000 # 1500
55539.000 # 1500
55539.000 # 1500
55539.000 # 1500
55539.000 # 1500
55539.000 # 1500
55539.000 # 1500
55539.000 # 1500
55539.000 # 1500
55539.000 # 1500
55539.000 # 1500
55539.000 # 1500
55539.000 # 1500
55539.000 # 1500
55539.000 # 1500
55539.000 # 1500
55539.000 # 1500
55539.000 # 1500
55539.000 # 1500
55539.000 # 1500
55539.000 # 1500
55539.000 # 1500
55539.000 # 1500
55539.000 # 1500
55539.000 # 1500
55539.000 # 1500
55539.000 # 1500
55539.000 # 1500
55539.000 # 1500
55539.000 # 1500
55539.000 # 1500
55539.000 # 1500
55539.000 # 1500
55539.000 # 1500
55539.000 # 1500
55539.000 # 1500
55539.000 # 1500
55539.000 # 1500
55539.000 # 1500
55539.000 # 1500
55539.000 # 1500
55539.000 # 1500
55539.000 # 1500
55539.000 # 1500
55539.000 # 1500
55541.819 - 88 1398.998 1
55542.080 - 88 1399.128 1
55542.127 - 88 1399.105 1
55542.146 - 88 1399.080 1
55542.163 - 88 1399.037 1
55542.232 - 88 1399.064 1
55542.257 - 88 1399.045 1
55641.512 + 88 1
55641.682 + 88 1
55641.947 + 88 1
55642.064 + 88 1
55642.111 + 88 1
55642.158 + 88 1
55642.243 + 88 1
55642.282 + 88 1
55642.304 + 88 1
55642.354 + 88 1
55642.387 + 88 1
55642.430 + 88 1
55642.475 + 88 1
55642.498 + 88 1
55642.586 + 88 1
55642.623 + 88 1
55642.667 + 88 1
57039.000 # 1500
57039.000 # 1500
57039.000 # 1500
57039.000 # 1500
57039.000 # 1500
57039.000 # 1500
57039.000 # 1500
57039.000 # 1500
57039.000 # 1500
57039.000 # 1500
57039.000 # 1500
57039.000 # 1500
57039.000 # 1500
57039.000 # 1500
57039.000 # 1500
57039.000 # 1500
57039.000 # 1500
57039.000 # 1500
57039.000 # 1500
57039.000 # 1500
57039.000 # 1500
57039.000 # 1500
57039.000 # 1500
57039.000 # 1500
57039.000 # 1500
57039.000 # 1500
57039.000 # 1500
57039.000 # 1500
57039.000 # 1500
57039.000 # 1500
57039.000 # 1500
57039.000 # 1500
57039.000 # 1500
57039.000 # 1500
57039.000 # 1500
57039.000 # 1500
57039.000 # 1500
57039.000 # 1500
57039.000 # 1500
57039.000 # 1500
57039.000 # 1500
57039.000 # 1500
57039.000 # 1500
57039.000 # 1500
57039.000 # 1500
57039.000 # 1500
57039.000 # 1500
57039.000 # 1500
57039.000 # 1500
57039.000 # 1500
57039.000 # 1500
57039.000 # 1500
57039.000 # 1500
57039.000 # 1500
57039.000 # 1500
57039.000 # 1500
57039.000 # 1500
57039.000 # 1500
57039.000 # 1500
57039.000 # 1500
57039.000 # 1500
57039.000 # 1500
57039.000 # 1500
57039.000 # 1500
57039.000 # 1500
57039.000 # 1500
57039.000 # 1500
57039.000 # 1500
57039.000 # 1500
57039.000 # 1500
57039.000 # 1500
57039.000 # 1500
57039.000 # 1500
57039.000 # 1500
57039.000 # 1500
57039.000 # 1500
57039.000 # 1500
57039.000 # 1500
57039.000 # 1500
57039.000 # 1500
57039.000 # 1500
57039.000 # 1500
57039.000 # 1500
57041.905 - 88 1400.393 1
57042.186 - 88 1400.504 1
57042.247 - 88 1400.300 1
57042.274 - 88 1400.210 1
57042.295 - 88 1400.184 1
57042.312 - 88 1400.154 1
57042.328 - 88 1400.085 1
57042.345 - 88 1400.063 1
57042.362 - 88 1400.058 1
57042.378 - 88 1400.024 1
57042.395 - 88 1400.008 1
57042.411 - 88 1399.981 1
57042.429 - 88 1399.954 1
57042.445 - 88 1399.947 1
57042.460 - 88 1399.874 1
57042.477 - 88 1399.854 1
57042.493 - 88 1399.826 1
57142.151 + 88 1
57142.231 + 88 1
57142.331 + 88 1
57142.364 + 88 1
57142.486 + 88 1
57142.723 + 88 1
58539.000 # 1500
58539.000 # 1500
58539.000 # 1500
58539.000 # 1500
58539.000 # 1500
58539.000 # 1500
58539.000 # 1500
58539.000 # 1500
58539.000 # 1500
58539.000 # 1500
58539.000 # 1500
58539.000 # 1500
58539.000 # 1500
58539.000 # 1500
58539.000 # 1500
58539.000 # 1500
58539.000 # 1500
58539.000 # 1500
58539.000 # 1500
58539.000 # 1500
58539.000 # 1500
58539.000 # 1500
58539.000 # 1500
58539.000 # 1500
58539.000 # 1500
58539.000 # 1500
58539.000 # 1500
58539.000 # 1500
58539.000 # 1500
58539.000 # 1500
58539.000 # 1500
58539.000 # 1500
58539.000 # 1500
58539.000 # 1500
58539.000 # 1500
58539.000 # 1500
58539.000 # 1500
58539.000 # 1500
58539.000 # 1500
58539.000 # 1500
58539.000 # 1500
58539.000 # 1500
58539.000 # 1500
58539.000 # 1500
58539.000 # 1500
58539.000 # 1500
58539.000 # 1500
58539.000 # 1500
58539.000 # 1500
58539.000 # 1500
58539.000 # 1500
58539.000 # 1500
58539.000 # 1500
58539.000 # 1500
58539.000 # 1500
58539.000 # 1500
58539.000 # 1500
58539.000 # 1500
58539.000 # 1500
58539.000 # 1500
58539.000 # 1500
58539.000 # 1500
58539.000 # 1500
58539.000 # 1500
58539.000 # 1500
58539.000 # 1500
58539.000 # 1500
58539.000 # 1500
58539.000 # 1500
58539.000 # 1500
58539.000 # 1500
58539.000 # 1500
58539.000 # 1500
58539.000 # 1500
58539.000 # 1500
58539.000 # 1500
58539.000 # 1500
58539.000 # 1500
58539.000 # 1500
58539.000 # 1500
58539.000 # 1500
58539.000 # 1500
58539.000 # 1500
58545.577 - 88 1403.426 1
58545.898 - 88 1403.667 1
58545.966 - 88 1403.635 1
58545.989 - 88 1403.625 1
58546.008 - 88 1403.522 1
58546.027 - 88 1403.304 1
58641.251 + 88 1
58641.375 + 88 1
58641.523 + 88 1
58641.658 + 88 1
58641.881 + 88 1
58641.950 + 88 1
58642.070 + 88 1
58642.376 + 88 1
58642.471 + 88 1
58642.568 + 88 1
58642.654 + 88 1
58642.954 + 88 1
58643.051 + 88 1
58643.211 + 88 1
58643.298 + 88 1
58643.561 + 88 1
60039.000 # 1500
60039.000 # 1500
60039.000 # 1500
60039.000 # 1500
60039.000 # 1500
60039.000 # 1500
60039.000 # 1500
60039.000 # 1500
60039.000 # 1500
60039.000 # 1500
60039.000 # 1500
60039.000 # 1500
60039.000 # 1500
60039.000 # 1500
60039.000 # 1500
60039.000 # 1500
60039.000 # 1500
60039.000 # 1500
60039.000 # 1500
60039.000 # 1500
60039.000 # 1500
60039.000 # 1500
60039.000 # 1500
60039.000 # 1500
60039.000 # 1500
60039.000 # 1500
60039.000 # 1500
60039.000 # 1500
60039.000 # 1500
60039.000 # 1500
60039.000 # 1500
60039.000 # 1500
60039.000 # 1500
60039.000 # 1500
60039.000 # 1500
60039.000 # 1500
60039.000 # 1500
60039.000 # 1500
60039.000 # 1500
60039.000 # 1500
60039.000 # 1500
60039.000 # 1500
60039.000 # 1500
60039.000 # 1500
60039.000 # 1500
60039.000 # 1500
60039.000 # 1500
60039.000 # 1500
60039.000 # 1500
60039.000 # 1500
60039.000 # 1500
60039.000 # 1500
60039.000 # 1500
60039.000 # 1500
60039.000 # 1500
60039.000 # 1500
60039.000 # 1500
60039.000 # 1500
60039.000 # 1500
60039.000 # 1500
60039.000 # 1500
60039.000 # 1500
60039.000 # 1500
60039.000 # 1500
60039.000 # 1500
60039.000 # 1500
60039.000 # 1500
60039.000 # 1500
60039.000 # 1500
60039.000 # 1500
60039.000 # 1500
60039.000 # 1500
60039.000 # 1500
60039.000 # 1500
60039.000 # 1500
60039.000 # 1500
60039.000 # 1500
60039.000 # 1500
60039.000 # 1500
60039.000 # 1500
60039.000 # 1500
60039.000 # 1500
60039.000 # 1500
60041.832 - 88 1400.581 1
60042.161 - 88 1400.786 1
60042.293 - 88 1400.770 1
60042.421 - 88 1400.763 1
60042.459 - 88 1400.578 1
60042.479 - 88 1400.529 1
60042.496 - 88 1400.426 1
60042.514 - 88 1400.138 1
60042.532 - 88 1400.061 1
60042.567 - 88 1399.999 1
60042.613 - 88 1399.959 1
60042.636 - 88 1399.682 1
60042.654 - 88 1399.603 1
60042.669 - 88 1399.458 1
60042.688 - 88 1399.390 1
60042.704 - 88 1399.143 1
60144.679 + 88 1
60145.090 + 88 1
60145.277 + 88 1
60145.370 + 88 1
60145.539 + 88 1
60145.658 + 88 1
60145.972 + 88 1
61539.000 # 1500
61539.000 # 1500
61539.000 # 1500
61539.000 # 1500
61539.000 # 1500
61539.000 # 1500
61539.000 # 1500
61539.000 # 1500
61539.000 # 1500
61539.000 # 1500
61539.000 # 1500
61539.000 # 1500
61539.000 # 1500
61539.000 # 1500
61539.000 # 1500
61539.000 # 1500
61539.000 # 1500
61539.000 # 1500
61539.000 # 1500
61539.000 # 1500
61539.000 # 1500
61539.000 # 1500
61539.000 # 1500
61539.000 # 1500
61539.000 # 1500
61539.000 # 1500
61539.000 # 1500
61539.000 # 1500
61539.000 # 1500
61539.000 # 1500
61539.000 # 1500
61539.000 # 1500
61539.000 # 1500
61539.000 # 1500
61539.000 # 1500
61539.000 # 1500
61539.000 # 1500
61539.000 # 1500
61539.000 # 1500
61539.000 # 1500
61539.000 # 1500
61539.000 # 1500
61539.000 # 1500
61539.000 # 1500
61539.000 # 1500
61539.000 # 1500
61539.000 # 1500
61539.000 # 1500
61539.000 # 1500
61539.000 # 1500
61539.000 # 1500
61539.000 # 1500
61539.000 # 1500
61539.000 # 1500
61539.000 # 1500
61539.000 # 1500
61539.000 # 1500
61539.000 # 1500
61539.000 # 1500
61539.000 # 1500
61539.000 # 1500
61539.000 # 1500
61539.000 # 1500
61539.000 # 1500
61539.000 # 1500
61539.000 # 1500
61539.000 # 1500
61539.000 # 1500
61539.000 # 1500
61539.000 # 1500
61539.000 # 1500
61539.000 # 1500
61539.000 # 1500
61539.000 # 1500
61539.000 # 1500
61539.000 # 1500
61539.000 # 1500
61539.000 # 1500
61539.000 # 1500
61539.000 # 1500
61539.000 # 1500
61539.000 # 1500
61539.000 # 1500
61544.062 - 88 1399.383 1
61544.310 - 88 1399.220 1
61544.363 - 88 1399.086 1
61544.384 - 88 1399.014 1
61544.403 - 88 1398.864 1
61544.421 - 88 1398.763 1
61544.440 - 88 1398.468 1
61644.614 + 88 1
61644.986 + 88 1
61645.173 + 88 1
61645.332 + 88 1
61645.572 + 88 1
61645.721 + 88 1
61646.025 + 88 1
61646.188 + 88 1
61646.254 + 88 1
61646.300 + 88 1
61646.390 + 88 1
61646.487 + 88 1
61646.623 + 88 1
61646.858 + 88 1
63039.000 # 1500
63039.000 # 1500
63039.000 # 1500
63039.000 # 1500
63039.000 # 1500
63039.000 # 1500
63039.000 # 1500
63039.000 # 1500
63039.000 # 1500
63039.000 # 1500
63039.000 # 1500
63039.000 # 1500
63039.000 # 1500
63039.000 # 1500
63039.000 # 1500
63039.000 # 1500
63039.000 # 1500
63039.000 # 1500
63039.000 # 1500
63039.000 # 1500
63039.000 # 1500
63039.000 # 1500
63039.000 # 1500
63039.000 # 1500
63039.000 # 1500
63039.000 # 1500
63039.000 # 1500
63039.000 # 1500
63039.000 # 1500
63039.000 # 1500
63039.000 # 1500
63039.000 # 1500
63039.000 # 1500
63039.000 # 1500
63039.000 # 1500
63039.000 # 1500
63039.000 # 1500
63039.000 # 1500
63039.000 # 1500
63039.000 # 1500
63039.000 # 1500
63039.000 # 1500
63039.000 # 1500
63039.000 # 1500
63039.000 # 1500
63039.000 # 1500
63039.000 # 1500
63039.000 # 1500
63039.000 # 1500
63039.000 # 1500
63039.000 # 1500
63039.000 # 1500
63039.000 # 1500
63039.000 # 1500
63039.000 # 1500
63039.000 # 1500
63039.000 # 1500
63039.000 # 1500
63039.000 # 1500
63039.000 # 1500
63039.000 # 1500
63039.000 # 1500
63039.000 # 1500
63039.000 # 1500
63039.000 # 1500
63039.000 # 1500
63039.000 # 1500
63039.000 # 1500
63039.000 # 1500
63039.000 # 1500
63039.000 # 1500
63039.000 # 1500
63039.000 # 1500
63039.000 # 1500
63039.000 # 1500
63039.000 # 1500
63039.000 # 1500
63039.000 # 1500
63039.000 # 1500
63039.000 # 1500
63039.000 # 1500
63039.000 # 1500
63039.000 # 1500
63043.192 - 88 1398.578 1
63043.438 - 88 1398.452 1
63043.492 - 88 1398.319 1
63043.524 - 88 1398.192 1
63043.547 - 88 1397.975 1
63043.566 - 88 1397.845 1
63043.585 - 88 1397.560 1
63043.601 - 88 1397.413 1
63043.622 - 88 1397.368 1
63043.638 - 88 1397.338 1
63043.654 - 88 1397.264 1
63043.670 - 88 1397.183 1
63043.719 - 88 1397.096 1
63043.858 - 88 1397.000 1
63141.661 + 88 1
63141.908 + 88 1
63142.011 + 88 1
63142.166 + 88 1
63142.225 + 88 1
63142.307 + 88 1
63142.569 + 88 1
64539.000 # 1500
64539.000 # 1500
64539.000 # 1500
64539.000 # 1500
64539.000 # 1500
64539.000 # 1500
64539.000 # 1500
64539.000 # 1500
64539.000 # 1500
64539.000 # 1500
64539.000 # 1500
64539.000 # 1500
64539.000 # 1500
64539.000 # 1500
64539.000 # 1500
64539.000 # 1500
64539.000 # 1500
64539.000 # 1500
64539.000 # 1500
64539.000 # 1500
64539.000 # 1500
64539.000 # 1500
64539.000 # 1500
64539.000 # 1500
64539.000 # 1500
64539.000 # 1500
64539.000 # 1500
64539.000 # 1500
64539.000 # 1500
64539.000 # 1500
64539.000 # 1500
64539.000 # 1500
64539.000 # 1500
64539.000 # 1500
64539.000 # 1500
64539.000 # 1500
64539.000 # 1500
64539.000 # 1500
64539.000 # 1500
64539.000 # 1500
64539.000 # 1500
64539.000 # 1500
64539.000 # 1500
64539.000 # 1500
64539.000 # 1500
64539.000 # 1500
64539.000 # 1500
64539.000 # 1500
64539.000 # 1500
64539.000 # 1500
64539.000 # 1500
64539.000 # 1500
64539.000 # 1500
64539.000 # 1500
64539.000 # 1500
64539.000 # 1500
64539.000 # 1500
64539.000 # 1500
64539.000 # 1500
64539.000 # 1500
64539.000 # 1500
64539.000 # 1500
64539.000 # 1500
64539.000 # 1500
64539.000 # 1500
64539.000 # 1500
64539.000 # 1500
64539.000 # 1500
64539.000 # 1500
64539.000 # 1500
64539.000 # 1500
64539.000 # 1500
64539.000 # 1500
64539.000 # 1500
64539.000 # 1500
64539.000 # 1500
64539.000 # 1500
64539.000 # 1500
64539.000 # 1500
64539.000 # 1500
64539.000 # 1500
64539.000 # 1500
64539.000 # 1500
64544.979 - 88 1403.318 1
64545.177 - 88 1403.269 1
64545.230 - 88 1403.219 1
64545.256 - 88 1403.090 1
64545.275 - 88 1403.050 1
64545.292 - 88 1402.985 1
64545.309 - 88 1402.740 1
64647.152 + 88 1
64647.283 + 88 1
64647.368 + 88 1
64647.440 + 88 1
64647.481 + 88 1
64647.547 + 88 1
64647.846 + 88 1
64647.962 + 88 1
64648.056 + 88 1
64648.281 + 88 1
64648.390 + 88 1
64648.585 + 88 1
64648.696 + 88 1
64648.906 + 88 1
64649.204 + 88 1
64649.421 + 88 1
64649.574 + 88 1
66039.000 # 1500
66039.000 # 1500
66039.000 # 1500
66039.000 # 1500
66039.000 # 1500
66039.000 # 1500
66039.000 # 1500
66039.000 # 1500
66039.000 # 1500
66039.000 # 1500
66039.000 # 1500
66039.000 # 1500
66039.000 # 1500
66039.000 # 1500
66039.000 # 1500
66039.000 # 1500
66039.000 # 1500
66039.000 # 1500
66039.000 # 1500
66039.000 # 1500
66039.000 # 1500
66039.000 # 1500
66039.000 # 1500
66039.000 # 1500
66039.000 # 1500
66039.000 # 1500
66039.000 # 1500
66039.000 # 1500
66039.000 # 1500
66039.000 # 1500
66039.000 # 1500
66039.000 # 1500
66039.000 # 1500
66039.000 # 1500
66039.000 # 1500
66039.000 # 1500
66039.000 # 1500
66039.000 # 1500
66039.000 # 1500
66039.000 # 1500
66039.000 # 1500
66039.000 # 1500
66039.000 # 1500
66039.000 # 1500
66039.000 # 1500
66039.000 # 1500
66039.000 # 1500
66039.000 # 1500
66039.000 # 1500
66039.000 # 1500
66039.000 # 1500
66039.000 # 1500
66039.000 # 1500
66039.000 # 1500
66039.000 # 1500
66039.000 # 1500
66039.000 # 1500
66039.000 # 1500
66039.000 # 1500
66039.000 # 1500
66039.000 # 1500
66039.000 # 1500
66039.000 # 1500
66039.000 # 1500
66039.000 # 1500
66039.000 # 1500
66039.000 # 1500
66039.000 # 1500
66039.000 # 1500
66039.000 # 1500
66039.000 # 1500
66039.000 # 1500
66039.000 # 1500
66039.000 # 1500
66039.000 # 1500
66039.000 # 1500
66039.000 # 1500
66039.000 # 1500
66039.000 # 1500
66039.000 # 1500
66039.000 # 1500
66039.000 # 1500
66039.000 # 1500
66041.406 - 88 1394.254 1
66041.647 - 88 1394.364 1
66041.708 - 88 1394.340 1
66041.922 - 88 1394.482 1
66041.976 - 88 1394.495 1
66041.999 - 88 1394.452 1
66042.017 - 88 1394.171 1
66042.033 - 88 1394.071 1
66042.050 - 88 1393.994 1
66042.066 - 88 1393.785 1
66042.082 - 88 1393.692 1
66042.099 - 88 1393.514 1
66042.120 - 88 1393.424 1
66042.137 - 88 1393.231 1
66042.151 - 88 1392.947 1
66042.171 - 88 1392.750 1
66042.186 - 88 1392.612 1
